<?xml version="1.0" encoding="UTF-8"?>
<testsuite xmlns:xsi="http://www.w3.org/2001/XMLSchema-instance" xsi:noNamespaceSchemaLocation="https://maven.apache.org/surefire/maven-surefire-plugin/xsd/surefire-test-report-3.0.xsd" version="3.0" name="com.newscores.setTheory.TestSetUtils" time="0.001" tests="1" errors="0" skipped="0" failures="0">
  <properties>
[...]
</properties>
  <testcase name="testRandomSets" classname="com.newscores.setTheory.TestSetUtils" time="0.001">
    <system-out><![CDATA[Test random pitch class sets using SetUtils.randomSet().
Random pitch class sets of size 0 using SetUtils.randomSet(): [].
Random pitch class sets of size 0 using SetUtils.randomSet(): [].
Random pitch class sets of size 0 using SetUtils.randomSet(): [].
Random pitch class sets of size 0 using SetUtils.randomSet(): [].
Random pitch class sets of size 0 using SetUtils.randomSet(): [].
Random pitch class sets of size 0 using SetUtils.randomSet(): [].
Random pitch class sets of size 0 using SetUtils.randomSet(): [].
Random pitch class sets of size 0 using SetUtils.randomSet(): [].
Random pitch class sets of size 0 using SetUtils.randomSet(): [].
Random pitch class sets of size 0 using SetUtils.randomSet(): [].
Random pitch class sets of size 1 using SetUtils.randomSet(): [1].
Random pitch class sets of size 1 using SetUtils.randomSet(): [2].
Random pitch class sets of size 1 using SetUtils.randomSet(): [4].
Random pitch class sets of size 1 using SetUtils.randomSet(): [7].
Random pitch class sets of size 1 using SetUtils.randomSet(): [0].
Random pitch class sets of size 1 using SetUtils.randomSet(): [A].
Random pitch class sets of size 1 using SetUtils.randomSet(): [3].
Random pitch class sets of size 1 using SetUtils.randomSet(): [3].
Random pitch class sets of size 1 using SetUtils.randomSet(): [1].
Random pitch class sets of size 1 using SetUtils.randomSet(): [8].
Random pitch class sets of size 2 using SetUtils.randomSet(): [14].
Random pitch class sets of size 2 using SetUtils.randomSet(): [AB].
Random pitch class sets of size 2 using SetUtils.randomSet(): [23].
Random pitch class sets of size 2 using SetUtils.randomSet(): [23].
Random pitch class sets of size 2 using SetUtils.randomSet(): [8A].
Random pitch class sets of size 2 using SetUtils.randomSet(): [25].
Random pitch class sets of size 2 using SetUtils.randomSet(): [36].
Random pitch class sets of size 2 using SetUtils.randomSet(): [14].
Random pitch class sets of size 2 using SetUtils.randomSet(): [AB].
Random pitch class sets of size 2 using SetUtils.randomSet(): [12].
Random pitch class sets of size 3 using SetUtils.randomSet(): [245].
Random pitch class sets of size 3 using SetUtils.randomSet(): [123].
Random pitch class sets of size 3 using SetUtils.randomSet(): [267].
Random pitch class sets of size 3 using SetUtils.randomSet(): [7AB].
Random pitch class sets of size 3 using SetUtils.randomSet(): [68B].
Random pitch class sets of size 3 using SetUtils.randomSet(): [39A].
Random pitch class sets of size 3 using SetUtils.randomSet(): [239].
Random pitch class sets of size 3 using SetUtils.randomSet(): [478].
Random pitch class sets of size 3 using SetUtils.randomSet(): [357].
Random pitch class sets of size 3 using SetUtils.randomSet(): [23A].
Random pitch class sets of size 4 using SetUtils.randomSet(): [46AB].
Random pitch class sets of size 4 using SetUtils.randomSet(): [489B].
Random pitch class sets of size 4 using SetUtils.randomSet(): [38AB].
Random pitch class sets of size 4 using SetUtils.randomSet(): [129B].
Random pitch class sets of size 4 using SetUtils.randomSet(): [05AB].
Random pitch class sets of size 4 using SetUtils.randomSet(): [0146].
Random pitch class sets of size 4 using SetUtils.randomSet(): [148A].
Random pitch class sets of size 4 using SetUtils.randomSet(): [16AB].
Random pitch class sets of size 4 using SetUtils.randomSet(): [158A].
Random pitch class sets of size 4 using SetUtils.randomSet(): [1368].
Random pitch class sets of size 5 using SetUtils.randomSet(): [0134B].
Random pitch class sets of size 5 using SetUtils.randomSet(): [567AB].
Random pitch class sets of size 5 using SetUtils.randomSet(): [356AB].
Random pitch class sets of size 5 using SetUtils.randomSet(): [049AB].
Random pitch class sets of size 5 using SetUtils.randomSet(): [0189A].
Random pitch class sets of size 5 using SetUtils.randomSet(): [1378A].
Random pitch class sets of size 5 using SetUtils.randomSet(): [04569].
Random pitch class sets of size 5 using SetUtils.randomSet(): [4569B].
Random pitch class sets of size 5 using SetUtils.randomSet(): [1789B].
Random pitch class sets of size 5 using SetUtils.randomSet(): [4789B].
Random pitch class sets of size 6 using SetUtils.randomSet(): [023468].
Random pitch class sets of size 6 using SetUtils.randomSet(): [012389].
Random pitch class sets of size 6 using SetUtils.randomSet(): [2378AB].
Random pitch class sets of size 6 using SetUtils.randomSet(): [34567B].
Random pitch class sets of size 6 using SetUtils.randomSet(): [013567].
Random pitch class sets of size 6 using SetUtils.randomSet(): [012348].
Random pitch class sets of size 6 using SetUtils.randomSet(): [26789A].
Random pitch class sets of size 6 using SetUtils.randomSet(): [0349AB].
Random pitch class sets of size 6 using SetUtils.randomSet(): [23578B].
Random pitch class sets of size 6 using SetUtils.randomSet(): [012379].
Random pitch class sets of size 7 using SetUtils.randomSet(): [123468A].
Random pitch class sets of size 7 using SetUtils.randomSet(): [12567AB].
Random pitch class sets of size 7 using SetUtils.randomSet(): [2345689].
Random pitch class sets of size 7 using SetUtils.randomSet(): [0236789].
Random pitch class sets of size 7 using SetUtils.randomSet(): [14569AB].
Random pitch class sets of size 7 using SetUtils.randomSet(): [12579AB].
Random pitch class sets of size 7 using SetUtils.randomSet(): [01389AB].
Random pitch class sets of size 7 using SetUtils.randomSet(): [236789A].
Random pitch class sets of size 7 using SetUtils.randomSet(): [123589B].
Random pitch class sets of size 7 using SetUtils.randomSet(): [03469AB].
Random pitch class sets of size 8 using SetUtils.randomSet(): [0145678B].
Random pitch class sets of size 8 using SetUtils.randomSet(): [0235789B].
Random pitch class sets of size 8 using SetUtils.randomSet(): [012345AB].
Random pitch class sets of size 8 using SetUtils.randomSet(): [013459AB].
Random pitch class sets of size 8 using SetUtils.randomSet(): [0134578B].
Random pitch class sets of size 8 using SetUtils.randomSet(): [034589AB].
Random pitch class sets of size 8 using SetUtils.randomSet(): [0345679B].
Random pitch class sets of size 8 using SetUtils.randomSet(): [03456789].
Random pitch class sets of size 8 using SetUtils.randomSet(): [0134679B].
Random pitch class sets of size 8 using SetUtils.randomSet(): [013568AB].
Random pitch class sets of size 9 using SetUtils.randomSet(): [0123568AB].
Random pitch class sets of size 9 using SetUtils.randomSet(): [0256789AB].
Random pitch class sets of size 9 using SetUtils.randomSet(): [01234569A].
Random pitch class sets of size 9 using SetUtils.randomSet(): [0124679AB].
Random pitch class sets of size 9 using SetUtils.randomSet(): [0126789AB].
Random pitch class sets of size 9 using SetUtils.randomSet(): [012456789].
Random pitch class sets of size 9 using SetUtils.randomSet(): [01235689B].
Random pitch class sets of size 9 using SetUtils.randomSet(): [0123467AB].
Random pitch class sets of size 9 using SetUtils.randomSet(): [0234578AB].
Random pitch class sets of size 9 using SetUtils.randomSet(): [01246789B].
Random pitch class sets of size 10 using SetUtils.randomSet(): [12345679AB].
Random pitch class sets of size 10 using SetUtils.randomSet(): [12456789AB].
Random pitch class sets of size 10 using SetUtils.randomSet(): [01234569AB].
Random pitch class sets of size 10 using SetUtils.randomSet(): [01234579AB].
Random pitch class sets of size 10 using SetUtils.randomSet(): [012456789A].
Random pitch class sets of size 10 using SetUtils.randomSet(): [012356789B].
Random pitch class sets of size 10 using SetUtils.randomSet(): [01245678AB].
Random pitch class sets of size 10 using SetUtils.randomSet(): [012356789A].
Random pitch class sets of size 10 using SetUtils.randomSet(): [01235679AB].
Random pitch class sets of size 10 using SetUtils.randomSet(): [12356789AB].
Random pitch class sets of size 11 using SetUtils.randomSet(): [012345789AB].
Random pitch class sets of size 11 using SetUtils.randomSet(): [013456789AB].
Random pitch class sets of size 11 using SetUtils.randomSet(): [013456789AB].
Random pitch class sets of size 11 using SetUtils.randomSet(): [012345678AB].
Random pitch class sets of size 11 using SetUtils.randomSet(): [012345679AB].
Random pitch class sets of size 11 using SetUtils.randomSet(): [013456789AB].
Random pitch class sets of size 11 using SetUtils.randomSet(): [012345789AB].
Random pitch class sets of size 11 using SetUtils.randomSet(): [0123456789B].
Random pitch class sets of size 11 using SetUtils.randomSet(): [012345678AB].
Random pitch class sets of size 11 using SetUtils.randomSet(): [012346789AB].
]]></system-out>
  </testcase>
</testsuite>