<?xml version="1.0" encoding="UTF-8"?>
<testsuite xmlns:xsi="http://www.w3.org/2001/XMLSchema-instance" xsi:noNamespaceSchemaLocation="https://maven.apache.org/surefire/maven-surefire-plugin/xsd/surefire-test-report-3.0.xsd" version="3.0" name="org.paulmarquardt.setTheory.TestSequenceUtils" time="0.028" tests="3" errors="0" skipped="0" failures="0">
  <properties>
[...]
</properties>
  <testcase name="testRandomSequences" classname="org.paulmarquardt.setTheory.TestSequenceUtils" time="0.028">
    <system-out><![CDATA[Test random PitchClassSequences without repeated pcs.
Random unique PitchClassSequence of size 0: 
Random unique PitchClassSequence of size 0: 
Random unique PitchClassSequence of size 0: 
Random unique PitchClassSequence of size 0: 
Random unique PitchClassSequence of size 0: 
Random unique PitchClassSequence of size 0: 
Random unique PitchClassSequence of size 0: 
Random unique PitchClassSequence of size 0: 
Random unique PitchClassSequence of size 0: 
Random unique PitchClassSequence of size 0: 
Random unique PitchClassSequence of size 0: 
Random unique PitchClassSequence of size 0: 
Random unique PitchClassSequence of size 0: 
Random unique PitchClassSequence of size 0: 
Random unique PitchClassSequence of size 0: 
Random unique PitchClassSequence of size 0: 
Random unique PitchClassSequence of size 0: 
Random unique PitchClassSequence of size 0: 
Random unique PitchClassSequence of size 0: 
Random unique PitchClassSequence of size 0: 
Random unique PitchClassSequence of size 0: 
Random unique PitchClassSequence of size 0: 
Random unique PitchClassSequence of size 0: 
Random unique PitchClassSequence of size 0: 
Random unique PitchClassSequence of size 0: 
Random unique PitchClassSequence of size 0: 
Random unique PitchClassSequence of size 0: 
Random unique PitchClassSequence of size 0: 
Random unique PitchClassSequence of size 0: 
Random unique PitchClassSequence of size 0: 
Random unique PitchClassSequence of size 0: 
Random unique PitchClassSequence of size 0: 
Random unique PitchClassSequence of size 0: 
Random unique PitchClassSequence of size 0: 
Random unique PitchClassSequence of size 0: 
Random unique PitchClassSequence of size 0: 
Random unique PitchClassSequence of size 0: 
Random unique PitchClassSequence of size 0: 
Random unique PitchClassSequence of size 0: 
Random unique PitchClassSequence of size 0: 
Random unique PitchClassSequence of size 0: 
Random unique PitchClassSequence of size 0: 
Random unique PitchClassSequence of size 0: 
Random unique PitchClassSequence of size 0: 
Random unique PitchClassSequence of size 0: 
Random unique PitchClassSequence of size 0: 
Random unique PitchClassSequence of size 0: 
Random unique PitchClassSequence of size 0: 
Random unique PitchClassSequence of size 0: 
Random unique PitchClassSequence of size 0: 
Random unique PitchClassSequence of size 0: 
Random unique PitchClassSequence of size 0: 
Random unique PitchClassSequence of size 0: 
Random unique PitchClassSequence of size 0: 
Random unique PitchClassSequence of size 0: 
Random unique PitchClassSequence of size 0: 
Random unique PitchClassSequence of size 0: 
Random unique PitchClassSequence of size 0: 
Random unique PitchClassSequence of size 0: 
Random unique PitchClassSequence of size 0: 
Random unique PitchClassSequence of size 0: 
Random unique PitchClassSequence of size 0: 
Random unique PitchClassSequence of size 0: 
Random unique PitchClassSequence of size 0: 
Random unique PitchClassSequence of size 0: 
Random unique PitchClassSequence of size 0: 
Random unique PitchClassSequence of size 0: 
Random unique PitchClassSequence of size 0: 
Random unique PitchClassSequence of size 0: 
Random unique PitchClassSequence of size 0: 
Random unique PitchClassSequence of size 0: 
Random unique PitchClassSequence of size 0: 
Random unique PitchClassSequence of size 0: 
Random unique PitchClassSequence of size 0: 
Random unique PitchClassSequence of size 0: 
Random unique PitchClassSequence of size 0: 
Random unique PitchClassSequence of size 0: 
Random unique PitchClassSequence of size 0: 
Random unique PitchClassSequence of size 0: 
Random unique PitchClassSequence of size 0: 
Random unique PitchClassSequence of size 0: 
Random unique PitchClassSequence of size 0: 
Random unique PitchClassSequence of size 0: 
Random unique PitchClassSequence of size 0: 
Random unique PitchClassSequence of size 0: 
Random unique PitchClassSequence of size 0: 
Random unique PitchClassSequence of size 0: 
Random unique PitchClassSequence of size 0: 
Random unique PitchClassSequence of size 0: 
Random unique PitchClassSequence of size 0: 
Random unique PitchClassSequence of size 0: 
Random unique PitchClassSequence of size 0: 
Random unique PitchClassSequence of size 0: 
Random unique PitchClassSequence of size 0: 
Random unique PitchClassSequence of size 0: 
Random unique PitchClassSequence of size 0: 
Random unique PitchClassSequence of size 0: 
Random unique PitchClassSequence of size 0: 
Random unique PitchClassSequence of size 0: 
Random unique PitchClassSequence of size 0: 
Random unique PitchClassSequence of size 0: 
Random unique PitchClassSequence of size 1: b
Random unique PitchClassSequence of size 1: 4
Random unique PitchClassSequence of size 1: 0
Random unique PitchClassSequence of size 1: 2
Random unique PitchClassSequence of size 1: 7
Random unique PitchClassSequence of size 1: 0
Random unique PitchClassSequence of size 1: 8
Random unique PitchClassSequence of size 1: 5
Random unique PitchClassSequence of size 1: a
Random unique PitchClassSequence of size 1: 5
Random unique PitchClassSequence of size 1: 8
Random unique PitchClassSequence of size 1: 2
Random unique PitchClassSequence of size 1: a
Random unique PitchClassSequence of size 1: 0
Random unique PitchClassSequence of size 1: 6
Random unique PitchClassSequence of size 1: b
Random unique PitchClassSequence of size 1: 1
Random unique PitchClassSequence of size 1: 5
Random unique PitchClassSequence of size 1: 7
Random unique PitchClassSequence of size 1: 0
Random unique PitchClassSequence of size 1: 0
Random unique PitchClassSequence of size 1: 4
Random unique PitchClassSequence of size 1: 8
Random unique PitchClassSequence of size 1: 0
Random unique PitchClassSequence of size 1: b
Random unique PitchClassSequence of size 1: 3
Random unique PitchClassSequence of size 1: 1
Random unique PitchClassSequence of size 1: 3
Random unique PitchClassSequence of size 1: 5
Random unique PitchClassSequence of size 1: 8
Random unique PitchClassSequence of size 1: 0
Random unique PitchClassSequence of size 1: 5
Random unique PitchClassSequence of size 1: 5
Random unique PitchClassSequence of size 1: 7
Random unique PitchClassSequence of size 1: 5
Random unique PitchClassSequence of size 1: b
Random unique PitchClassSequence of size 1: 3
Random unique PitchClassSequence of size 1: 4
Random unique PitchClassSequence of size 1: 8
Random unique PitchClassSequence of size 1: 7
Random unique PitchClassSequence of size 1: 5
Random unique PitchClassSequence of size 1: 0
Random unique PitchClassSequence of size 1: 7
Random unique PitchClassSequence of size 1: b
Random unique PitchClassSequence of size 1: 3
Random unique PitchClassSequence of size 1: 1
Random unique PitchClassSequence of size 1: 5
Random unique PitchClassSequence of size 1: 3
Random unique PitchClassSequence of size 1: 6
Random unique PitchClassSequence of size 1: 1
Random unique PitchClassSequence of size 1: a
Random unique PitchClassSequence of size 1: 8
Random unique PitchClassSequence of size 1: 9
Random unique PitchClassSequence of size 1: a
Random unique PitchClassSequence of size 1: a
Random unique PitchClassSequence of size 1: 8
Random unique PitchClassSequence of size 1: 7
Random unique PitchClassSequence of size 1: 5
Random unique PitchClassSequence of size 1: 2
Random unique PitchClassSequence of size 1: 0
Random unique PitchClassSequence of size 1: 1
Random unique PitchClassSequence of size 1: 9
Random unique PitchClassSequence of size 1: 1
Random unique PitchClassSequence of size 1: 9
Random unique PitchClassSequence of size 1: 5
Random unique PitchClassSequence of size 1: 2
Random unique PitchClassSequence of size 1: 7
Random unique PitchClassSequence of size 1: 1
Random unique PitchClassSequence of size 1: a
Random unique PitchClassSequence of size 1: 4
Random unique PitchClassSequence of size 1: b
Random unique PitchClassSequence of size 1: 8
Random unique PitchClassSequence of size 1: 2
Random unique PitchClassSequence of size 1: 5
Random unique PitchClassSequence of size 1: 0
Random unique PitchClassSequence of size 1: a
Random unique PitchClassSequence of size 1: 1
Random unique PitchClassSequence of size 1: 4
Random unique PitchClassSequence of size 1: 3
Random unique PitchClassSequence of size 1: 7
Random unique PitchClassSequence of size 1: 8
Random unique PitchClassSequence of size 1: 9
Random unique PitchClassSequence of size 1: a
Random unique PitchClassSequence of size 1: 1
Random unique PitchClassSequence of size 1: 9
Random unique PitchClassSequence of size 1: 7
Random unique PitchClassSequence of size 1: b
Random unique PitchClassSequence of size 1: 4
Random unique PitchClassSequence of size 1: b
Random unique PitchClassSequence of size 1: 3
Random unique PitchClassSequence of size 1: 1
Random unique PitchClassSequence of size 1: 0
Random unique PitchClassSequence of size 1: b
Random unique PitchClassSequence of size 1: 6
Random unique PitchClassSequence of size 1: b
Random unique PitchClassSequence of size 1: 2
Random unique PitchClassSequence of size 1: 2
Random unique PitchClassSequence of size 1: 4
Random unique PitchClassSequence of size 1: b
Random unique PitchClassSequence of size 1: a
Random unique PitchClassSequence of size 1: b
Random unique PitchClassSequence of size 2: 9 8
Random unique PitchClassSequence of size 2: 3 a
Random unique PitchClassSequence of size 2: 0 4
Random unique PitchClassSequence of size 2: 3 0
Random unique PitchClassSequence of size 2: 7 1
Random unique PitchClassSequence of size 2: 0 2
Random unique PitchClassSequence of size 2: 9 1
Random unique PitchClassSequence of size 2: 7 0
Random unique PitchClassSequence of size 2: 1 a
Random unique PitchClassSequence of size 2: b 8
Random unique PitchClassSequence of size 2: 9 3
Random unique PitchClassSequence of size 2: 4 b
Random unique PitchClassSequence of size 2: b 3
Random unique PitchClassSequence of size 2: 8 4
Random unique PitchClassSequence of size 2: 3 2
Random unique PitchClassSequence of size 2: 5 4
Random unique PitchClassSequence of size 2: 2 3
Random unique PitchClassSequence of size 2: 3 6
Random unique PitchClassSequence of size 2: 5 6
Random unique PitchClassSequence of size 2: a 7
Random unique PitchClassSequence of size 2: 3 1
Random unique PitchClassSequence of size 2: 0 6
Random unique PitchClassSequence of size 2: 4 8
Random unique PitchClassSequence of size 2: 5 1
Random unique PitchClassSequence of size 2: 9 b
Random unique PitchClassSequence of size 2: 3 a
Random unique PitchClassSequence of size 2: 3 7
Random unique PitchClassSequence of size 2: b 5
Random unique PitchClassSequence of size 2: a 9
Random unique PitchClassSequence of size 2: b 9
Random unique PitchClassSequence of size 2: 7 0
Random unique PitchClassSequence of size 2: b 1
Random unique PitchClassSequence of size 2: 7 1
Random unique PitchClassSequence of size 2: 8 7
Random unique PitchClassSequence of size 2: b 1
Random unique PitchClassSequence of size 2: b 0
Random unique PitchClassSequence of size 2: 1 5
Random unique PitchClassSequence of size 2: 2 1
Random unique PitchClassSequence of size 2: 8 5
Random unique PitchClassSequence of size 2: 9 6
Random unique PitchClassSequence of size 2: 9 a
Random unique PitchClassSequence of size 2: 8 2
Random unique PitchClassSequence of size 2: 7 3
Random unique PitchClassSequence of size 2: 8 7
Random unique PitchClassSequence of size 2: 1 5
Random unique PitchClassSequence of size 2: 2 7
Random unique PitchClassSequence of size 2: 8 4
Random unique PitchClassSequence of size 2: b 7
Random unique PitchClassSequence of size 2: b a
Random unique PitchClassSequence of size 2: 1 0
Random unique PitchClassSequence of size 2: 1 8
Random unique PitchClassSequence of size 2: b 2
Random unique PitchClassSequence of size 2: 0 b
Random unique PitchClassSequence of size 2: 2 8
Random unique PitchClassSequence of size 2: 2 8
Random unique PitchClassSequence of size 2: 6 1
Random unique PitchClassSequence of size 2: a 8
Random unique PitchClassSequence of size 2: 5 0
Random unique PitchClassSequence of size 2: 4 8
Random unique PitchClassSequence of size 2: 2 a
Random unique PitchClassSequence of size 2: 4 1
Random unique PitchClassSequence of size 2: a 6
Random unique PitchClassSequence of size 2: a 6
Random unique PitchClassSequence of size 2: 8 1
Random unique PitchClassSequence of size 2: b 6
Random unique PitchClassSequence of size 2: 4 7
Random unique PitchClassSequence of size 2: 3 b
Random unique PitchClassSequence of size 2: 1 3
Random unique PitchClassSequence of size 2: 2 4
Random unique PitchClassSequence of size 2: 7 0
Random unique PitchClassSequence of size 2: 6 5
Random unique PitchClassSequence of size 2: b 4
Random unique PitchClassSequence of size 2: 7 b
Random unique PitchClassSequence of size 2: 7 3
Random unique PitchClassSequence of size 2: 3 8
Random unique PitchClassSequence of size 2: 6 2
Random unique PitchClassSequence of size 2: 9 2
Random unique PitchClassSequence of size 2: 8 a
Random unique PitchClassSequence of size 2: 9 3
Random unique PitchClassSequence of size 2: 9 7
Random unique PitchClassSequence of size 2: a 7
Random unique PitchClassSequence of size 2: 7 2
Random unique PitchClassSequence of size 2: 4 0
Random unique PitchClassSequence of size 2: 8 b
Random unique PitchClassSequence of size 2: 4 1
Random unique PitchClassSequence of size 2: 2 6
Random unique PitchClassSequence of size 2: 0 7
Random unique PitchClassSequence of size 2: 9 5
Random unique PitchClassSequence of size 2: 9 0
Random unique PitchClassSequence of size 2: 0 4
Random unique PitchClassSequence of size 2: 4 8
Random unique PitchClassSequence of size 2: 9 a
Random unique PitchClassSequence of size 2: a 5
Random unique PitchClassSequence of size 2: 3 2
Random unique PitchClassSequence of size 2: 9 2
Random unique PitchClassSequence of size 2: 8 1
Random unique PitchClassSequence of size 2: 1 8
Random unique PitchClassSequence of size 2: 7 a
Random unique PitchClassSequence of size 2: 3 6
Random unique PitchClassSequence of size 2: 1 8
Random unique PitchClassSequence of size 2: 3 2
Random unique PitchClassSequence of size 3: 6 0 1
Random unique PitchClassSequence of size 3: 2 7 a
Random unique PitchClassSequence of size 3: 8 9 0
Random unique PitchClassSequence of size 3: 3 a 6
Random unique PitchClassSequence of size 3: 8 4 3
Random unique PitchClassSequence of size 3: a 3 b
Random unique PitchClassSequence of size 3: 7 2 4
Random unique PitchClassSequence of size 3: 1 2 6
Random unique PitchClassSequence of size 3: 1 6 2
Random unique PitchClassSequence of size 3: 0 5 8
Random unique PitchClassSequence of size 3: a 0 8
Random unique PitchClassSequence of size 3: 5 3 b
Random unique PitchClassSequence of size 3: 8 1 4
Random unique PitchClassSequence of size 3: 7 2 3
Random unique PitchClassSequence of size 3: 0 a 6
Random unique PitchClassSequence of size 3: a 7 8
Random unique PitchClassSequence of size 3: 5 2 a
Random unique PitchClassSequence of size 3: a 8 0
Random unique PitchClassSequence of size 3: 6 b a
Random unique PitchClassSequence of size 3: 1 9 8
Random unique PitchClassSequence of size 3: 4 3 1
Random unique PitchClassSequence of size 3: 3 a 2
Random unique PitchClassSequence of size 3: 2 1 7
Random unique PitchClassSequence of size 3: 1 4 2
Random unique PitchClassSequence of size 3: 9 2 5
Random unique PitchClassSequence of size 3: 2 8 5
Random unique PitchClassSequence of size 3: 5 9 4
Random unique PitchClassSequence of size 3: 0 4 1
Random unique PitchClassSequence of size 3: 8 b 4
Random unique PitchClassSequence of size 3: 5 6 8
Random unique PitchClassSequence of size 3: 4 8 3
Random unique PitchClassSequence of size 3: 9 b 0
Random unique PitchClassSequence of size 3: 9 4 3
Random unique PitchClassSequence of size 3: 6 9 1
Random unique PitchClassSequence of size 3: 5 9 a
Random unique PitchClassSequence of size 3: 5 3 8
Random unique PitchClassSequence of size 3: 5 2 8
Random unique PitchClassSequence of size 3: a b 6
Random unique PitchClassSequence of size 3: 6 8 5
Random unique PitchClassSequence of size 3: 4 b a
Random unique PitchClassSequence of size 3: 5 9 8
Random unique PitchClassSequence of size 3: 0 9 8
Random unique PitchClassSequence of size 3: 6 2 7
Random unique PitchClassSequence of size 3: 1 b 5
Random unique PitchClassSequence of size 3: 4 1 3
Random unique PitchClassSequence of size 3: 8 5 3
Random unique PitchClassSequence of size 3: 2 1 a
Random unique PitchClassSequence of size 3: a 3 4
Random unique PitchClassSequence of size 3: 0 6 3
Random unique PitchClassSequence of size 3: 3 9 4
Random unique PitchClassSequence of size 3: 5 1 8
Random unique PitchClassSequence of size 3: b 4 9
Random unique PitchClassSequence of size 3: 9 2 1
Random unique PitchClassSequence of size 3: 2 1 a
Random unique PitchClassSequence of size 3: 0 a 1
Random unique PitchClassSequence of size 3: 7 6 2
Random unique PitchClassSequence of size 3: 1 7 5
Random unique PitchClassSequence of size 3: 4 0 1
Random unique PitchClassSequence of size 3: 0 8 6
Random unique PitchClassSequence of size 3: 4 9 7
Random unique PitchClassSequence of size 3: 4 5 2
Random unique PitchClassSequence of size 3: 9 2 1
Random unique PitchClassSequence of size 3: 7 8 b
Random unique PitchClassSequence of size 3: 0 8 2
Random unique PitchClassSequence of size 3: 4 9 a
Random unique PitchClassSequence of size 3: 9 1 a
Random unique PitchClassSequence of size 3: 5 2 6
Random unique PitchClassSequence of size 3: 4 3 6
Random unique PitchClassSequence of size 3: 4 2 3
Random unique PitchClassSequence of size 3: b 2 9
Random unique PitchClassSequence of size 3: b 7 5
Random unique PitchClassSequence of size 3: 3 7 9
Random unique PitchClassSequence of size 3: 1 9 3
Random unique PitchClassSequence of size 3: 8 9 3
Random unique PitchClassSequence of size 3: 2 0 6
Random unique PitchClassSequence of size 3: 3 6 8
Random unique PitchClassSequence of size 3: a 0 8
Random unique PitchClassSequence of size 3: 9 6 3
Random unique PitchClassSequence of size 3: a 8 1
Random unique PitchClassSequence of size 3: 1 5 4
Random unique PitchClassSequence of size 3: 0 8 b
Random unique PitchClassSequence of size 3: 0 2 6
Random unique PitchClassSequence of size 3: 1 a 9
Random unique PitchClassSequence of size 3: 9 2 b
Random unique PitchClassSequence of size 3: 0 7 5
Random unique PitchClassSequence of size 3: a 0 9
Random unique PitchClassSequence of size 3: 4 a 3
Random unique PitchClassSequence of size 3: 1 0 6
Random unique PitchClassSequence of size 3: 8 9 5
Random unique PitchClassSequence of size 3: 4 3 6
Random unique PitchClassSequence of size 3: 9 7 6
Random unique PitchClassSequence of size 3: 0 b 1
Random unique PitchClassSequence of size 3: b 6 3
Random unique PitchClassSequence of size 3: 8 5 b
Random unique PitchClassSequence of size 3: b 9 a
Random unique PitchClassSequence of size 3: 1 4 0
Random unique PitchClassSequence of size 3: b 3 a
Random unique PitchClassSequence of size 3: 9 0 4
Random unique PitchClassSequence of size 3: 6 0 5
Random unique PitchClassSequence of size 3: 4 7 2
Random unique PitchClassSequence of size 3: a 1 6
Random unique PitchClassSequence of size 4: 5 2 6 7
Random unique PitchClassSequence of size 4: 0 a 7 3
Random unique PitchClassSequence of size 4: a 3 b 1
Random unique PitchClassSequence of size 4: 3 b 4 5
Random unique PitchClassSequence of size 4: 7 3 1 6
Random unique PitchClassSequence of size 4: 3 a 4 b
Random unique PitchClassSequence of size 4: 0 7 5 4
Random unique PitchClassSequence of size 4: 0 9 8 5
Random unique PitchClassSequence of size 4: 0 6 4 5
Random unique PitchClassSequence of size 4: 8 b 1 0
Random unique PitchClassSequence of size 4: a b 6 0
Random unique PitchClassSequence of size 4: 8 6 9 a
Random unique PitchClassSequence of size 4: 8 a 1 5
Random unique PitchClassSequence of size 4: 3 0 1 4
Random unique PitchClassSequence of size 4: 7 2 5 b
Random unique PitchClassSequence of size 4: 4 7 2 6
Random unique PitchClassSequence of size 4: b 7 9 1
Random unique PitchClassSequence of size 4: 9 5 1 a
Random unique PitchClassSequence of size 4: 6 0 1 a
Random unique PitchClassSequence of size 4: 2 a 5 0
Random unique PitchClassSequence of size 4: 6 a b 3
Random unique PitchClassSequence of size 4: 0 4 6 7
Random unique PitchClassSequence of size 4: 3 4 2 5
Random unique PitchClassSequence of size 4: 4 2 6 1
Random unique PitchClassSequence of size 4: 9 3 4 5
Random unique PitchClassSequence of size 4: b 4 3 6
Random unique PitchClassSequence of size 4: a 1 2 8
Random unique PitchClassSequence of size 4: 8 6 3 0
Random unique PitchClassSequence of size 4: 6 4 8 2
Random unique PitchClassSequence of size 4: 2 7 a 0
Random unique PitchClassSequence of size 4: 3 0 b a
Random unique PitchClassSequence of size 4: 6 1 8 a
Random unique PitchClassSequence of size 4: 8 a 2 9
Random unique PitchClassSequence of size 4: a 5 4 8
Random unique PitchClassSequence of size 4: 3 2 1 0
Random unique PitchClassSequence of size 4: 1 0 3 b
Random unique PitchClassSequence of size 4: a 8 6 1
Random unique PitchClassSequence of size 4: 9 5 0 2
Random unique PitchClassSequence of size 4: 0 7 1 4
Random unique PitchClassSequence of size 4: 4 5 6 3
Random unique PitchClassSequence of size 4: 0 6 7 1
Random unique PitchClassSequence of size 4: 4 2 7 8
Random unique PitchClassSequence of size 4: 2 5 1 3
Random unique PitchClassSequence of size 4: 1 8 7 6
Random unique PitchClassSequence of size 4: 7 9 2 6
Random unique PitchClassSequence of size 4: 3 8 5 9
Random unique PitchClassSequence of size 4: 8 3 b 5
Random unique PitchClassSequence of size 4: 7 1 6 8
Random unique PitchClassSequence of size 4: a 3 9 7
Random unique PitchClassSequence of size 4: 3 0 4 9
Random unique PitchClassSequence of size 4: 3 8 b 2
Random unique PitchClassSequence of size 4: 4 9 1 b
Random unique PitchClassSequence of size 4: 5 9 7 a
Random unique PitchClassSequence of size 4: a 7 9 3
Random unique PitchClassSequence of size 4: 4 5 1 9
Random unique PitchClassSequence of size 4: 9 0 a 4
Random unique PitchClassSequence of size 4: 1 6 8 4
Random unique PitchClassSequence of size 4: 1 7 2 6
Random unique PitchClassSequence of size 4: 7 2 5 4
Random unique PitchClassSequence of size 4: b 9 0 a
Random unique PitchClassSequence of size 4: 6 8 4 a
Random unique PitchClassSequence of size 4: 0 2 b a
Random unique PitchClassSequence of size 4: 8 3 b 9
Random unique PitchClassSequence of size 4: 4 3 b 5
Random unique PitchClassSequence of size 4: 4 1 2 7
Random unique PitchClassSequence of size 4: 1 5 8 6
Random unique PitchClassSequence of size 4: 9 1 6 3
Random unique PitchClassSequence of size 4: 3 5 4 a
Random unique PitchClassSequence of size 4: 4 7 3 5
Random unique PitchClassSequence of size 4: 1 0 9 a
Random unique PitchClassSequence of size 4: 9 6 a 1
Random unique PitchClassSequence of size 4: 8 0 3 5
Random unique PitchClassSequence of size 4: 8 3 5 2
Random unique PitchClassSequence of size 4: 9 1 2 8
Random unique PitchClassSequence of size 4: 7 8 3 b
Random unique PitchClassSequence of size 4: 9 5 b 0
Random unique PitchClassSequence of size 4: 6 2 3 8
Random unique PitchClassSequence of size 4: 0 8 7 5
Random unique PitchClassSequence of size 4: 7 4 5 2
Random unique PitchClassSequence of size 4: 5 8 2 9
Random unique PitchClassSequence of size 4: 6 8 b 2
Random unique PitchClassSequence of size 4: 9 8 3 1
Random unique PitchClassSequence of size 4: 4 3 0 a
Random unique PitchClassSequence of size 4: 1 7 9 5
Random unique PitchClassSequence of size 4: 7 4 0 6
Random unique PitchClassSequence of size 4: 9 4 1 6
Random unique PitchClassSequence of size 4: 5 3 7 8
Random unique PitchClassSequence of size 4: 8 6 5 3
Random unique PitchClassSequence of size 4: 5 a 4 8
Random unique PitchClassSequence of size 4: b 6 3 a
Random unique PitchClassSequence of size 4: 0 8 7 5
Random unique PitchClassSequence of size 4: a 0 2 4
Random unique PitchClassSequence of size 4: 1 2 a 7
Random unique PitchClassSequence of size 4: 2 6 a 8
Random unique PitchClassSequence of size 4: 2 b 6 3
Random unique PitchClassSequence of size 4: 9 2 b 1
Random unique PitchClassSequence of size 4: 9 1 b 3
Random unique PitchClassSequence of size 4: 9 6 2 5
Random unique PitchClassSequence of size 4: 8 4 7 b
Random unique PitchClassSequence of size 4: 6 2 5 8
Random unique PitchClassSequence of size 4: a 8 4 b
Random unique PitchClassSequence of size 5: 8 4 a b 3
Random unique PitchClassSequence of size 5: a 8 2 6 5
Random unique PitchClassSequence of size 5: 9 a 0 8 4
Random unique PitchClassSequence of size 5: 1 4 5 9 0
Random unique PitchClassSequence of size 5: 5 a 2 3 9
Random unique PitchClassSequence of size 5: 9 0 6 5 7
Random unique PitchClassSequence of size 5: 9 a 4 6 3
Random unique PitchClassSequence of size 5: 9 6 3 7 2
Random unique PitchClassSequence of size 5: 9 5 a 1 7
Random unique PitchClassSequence of size 5: 6 4 1 a b
Random unique PitchClassSequence of size 5: 0 8 6 3 9
Random unique PitchClassSequence of size 5: a 5 3 1 4
Random unique PitchClassSequence of size 5: 1 b 9 3 0
Random unique PitchClassSequence of size 5: 1 9 b 7 3
Random unique PitchClassSequence of size 5: 5 0 1 8 2
Random unique PitchClassSequence of size 5: 5 a 8 b 6
Random unique PitchClassSequence of size 5: 2 6 7 3 0
Random unique PitchClassSequence of size 5: 0 b 2 5 7
Random unique PitchClassSequence of size 5: a 2 7 9 6
Random unique PitchClassSequence of size 5: 5 a 9 1 6
Random unique PitchClassSequence of size 5: 4 3 2 a 0
Random unique PitchClassSequence of size 5: 5 7 4 0 6
Random unique PitchClassSequence of size 5: b 5 8 4 3
Random unique PitchClassSequence of size 5: 0 b 4 2 7
Random unique PitchClassSequence of size 5: 2 9 4 1 b
Random unique PitchClassSequence of size 5: 0 3 9 4 5
Random unique PitchClassSequence of size 5: 0 a 2 7 9
Random unique PitchClassSequence of size 5: a 2 5 8 6
Random unique PitchClassSequence of size 5: 0 b 8 3 4
Random unique PitchClassSequence of size 5: a 7 8 1 6
Random unique PitchClassSequence of size 5: 9 8 5 1 2
Random unique PitchClassSequence of size 5: 8 0 3 b 1
Random unique PitchClassSequence of size 5: 7 1 5 9 4
Random unique PitchClassSequence of size 5: 0 2 1 7 3
Random unique PitchClassSequence of size 5: 6 1 8 b a
Random unique PitchClassSequence of size 5: 0 a 6 9 b
Random unique PitchClassSequence of size 5: 4 1 3 8 7
Random unique PitchClassSequence of size 5: 9 2 4 3 0
Random unique PitchClassSequence of size 5: a 9 6 1 b
Random unique PitchClassSequence of size 5: 3 a 0 8 9
Random unique PitchClassSequence of size 5: 9 3 0 6 4
Random unique PitchClassSequence of size 5: 9 4 6 2 8
Random unique PitchClassSequence of size 5: b 1 3 9 7
Random unique PitchClassSequence of size 5: 5 3 8 a 1
Random unique PitchClassSequence of size 5: 8 1 4 7 6
Random unique PitchClassSequence of size 5: 4 5 b 2 8
Random unique PitchClassSequence of size 5: a 9 1 b 5
Random unique PitchClassSequence of size 5: 8 0 1 9 6
Random unique PitchClassSequence of size 5: 4 2 0 5 a
Random unique PitchClassSequence of size 5: 2 a 7 4 6
Random unique PitchClassSequence of size 5: 3 0 1 4 5
Random unique PitchClassSequence of size 5: 5 b 9 8 1
Random unique PitchClassSequence of size 5: 3 9 7 4 b
Random unique PitchClassSequence of size 5: 9 8 4 7 2
Random unique PitchClassSequence of size 5: 1 0 5 2 6
Random unique PitchClassSequence of size 5: b 9 6 5 3
Random unique PitchClassSequence of size 5: 8 9 2 7 b
Random unique PitchClassSequence of size 5: 2 9 4 1 3
Random unique PitchClassSequence of size 5: 1 b 4 3 6
Random unique PitchClassSequence of size 5: 9 3 5 4 7
Random unique PitchClassSequence of size 5: b 9 6 7 1
Random unique PitchClassSequence of size 5: 4 0 7 b 2
Random unique PitchClassSequence of size 5: 7 6 3 4 8
Random unique PitchClassSequence of size 5: 0 6 8 3 a
Random unique PitchClassSequence of size 5: 1 2 0 4 b
Random unique PitchClassSequence of size 5: 9 b 8 a 7
Random unique PitchClassSequence of size 5: 0 6 8 3 b
Random unique PitchClassSequence of size 5: 4 2 b a 7
Random unique PitchClassSequence of size 5: a 3 6 2 4
Random unique PitchClassSequence of size 5: 1 0 5 4 2
Random unique PitchClassSequence of size 5: 3 0 1 2 b
Random unique PitchClassSequence of size 5: a 9 5 2 b
Random unique PitchClassSequence of size 5: 3 7 8 a 1
Random unique PitchClassSequence of size 5: 8 3 0 7 9
Random unique PitchClassSequence of size 5: 0 7 5 6 2
Random unique PitchClassSequence of size 5: 7 4 2 9 b
Random unique PitchClassSequence of size 5: 6 5 3 1 2
Random unique PitchClassSequence of size 5: a 9 3 0 2
Random unique PitchClassSequence of size 5: 4 b 8 2 a
Random unique PitchClassSequence of size 5: 7 6 0 1 a
Random unique PitchClassSequence of size 5: 0 3 1 4 7
Random unique PitchClassSequence of size 5: 5 9 6 3 a
Random unique PitchClassSequence of size 5: a 7 b 9 6
Random unique PitchClassSequence of size 5: 7 a 8 b 1
Random unique PitchClassSequence of size 5: 6 2 9 a 1
Random unique PitchClassSequence of size 5: 1 9 7 a 5
Random unique PitchClassSequence of size 5: 7 0 8 9 2
Random unique PitchClassSequence of size 5: 1 9 a 2 6
Random unique PitchClassSequence of size 5: 8 6 2 5 b
Random unique PitchClassSequence of size 5: 2 4 0 6 7
Random unique PitchClassSequence of size 5: 3 a 9 2 1
Random unique PitchClassSequence of size 5: 5 b 1 7 6
Random unique PitchClassSequence of size 5: a 2 9 7 5
Random unique PitchClassSequence of size 5: 6 2 9 5 4
Random unique PitchClassSequence of size 5: 1 b 7 4 3
Random unique PitchClassSequence of size 5: b 7 9 0 3
Random unique PitchClassSequence of size 5: 9 5 8 1 b
Random unique PitchClassSequence of size 5: a b 0 7 3
Random unique PitchClassSequence of size 5: a 4 8 2 0
Random unique PitchClassSequence of size 5: 5 b 4 1 8
Random unique PitchClassSequence of size 5: 0 3 9 7 4
Random unique PitchClassSequence of size 6: 3 2 0 1 4 8
Random unique PitchClassSequence of size 6: 8 1 7 4 2 b
Random unique PitchClassSequence of size 6: 5 7 0 2 b 3
Random unique PitchClassSequence of size 6: b a 5 4 1 0
Random unique PitchClassSequence of size 6: 7 a 6 0 8 4
Random unique PitchClassSequence of size 6: a 2 4 b 9 8
Random unique PitchClassSequence of size 6: 7 4 0 b 6 3
Random unique PitchClassSequence of size 6: 4 2 b 0 9 5
Random unique PitchClassSequence of size 6: 3 7 b 0 8 4
Random unique PitchClassSequence of size 6: b 3 9 1 2 8
Random unique PitchClassSequence of size 6: 2 7 0 1 4 a
Random unique PitchClassSequence of size 6: 3 2 0 9 4 b
Random unique PitchClassSequence of size 6: 0 b 4 1 6 5
Random unique PitchClassSequence of size 6: 5 9 a 8 6 b
Random unique PitchClassSequence of size 6: 6 a 8 9 1 5
Random unique PitchClassSequence of size 6: a 9 1 4 8 7
Random unique PitchClassSequence of size 6: 2 7 0 1 b 5
Random unique PitchClassSequence of size 6: 9 7 2 0 3 8
Random unique PitchClassSequence of size 6: 2 0 9 3 6 8
Random unique PitchClassSequence of size 6: 8 6 0 3 9 7
Random unique PitchClassSequence of size 6: 1 3 7 5 2 4
Random unique PitchClassSequence of size 6: 8 6 0 1 a 9
Random unique PitchClassSequence of size 6: 0 2 5 b 3 6
Random unique PitchClassSequence of size 6: 2 7 a 5 1 0
Random unique PitchClassSequence of size 6: b 2 6 1 4 3
Random unique PitchClassSequence of size 6: 1 9 b 7 0 3
Random unique PitchClassSequence of size 6: 2 a 0 5 4 3
Random unique PitchClassSequence of size 6: 0 b 4 1 3 2
Random unique PitchClassSequence of size 6: 8 2 6 0 1 4
Random unique PitchClassSequence of size 6: a 6 9 0 b 8
Random unique PitchClassSequence of size 6: 1 2 5 a b 3
Random unique PitchClassSequence of size 6: 4 2 0 9 8 3
Random unique PitchClassSequence of size 6: 7 b 4 5 8 a
Random unique PitchClassSequence of size 6: 7 3 1 5 0 9
Random unique PitchClassSequence of size 6: a 7 9 1 b 5
Random unique PitchClassSequence of size 6: 9 5 6 7 a 4
Random unique PitchClassSequence of size 6: 8 3 6 a 9 7
Random unique PitchClassSequence of size 6: 5 2 b 1 3 0
Random unique PitchClassSequence of size 6: 4 b 1 8 0 7
Random unique PitchClassSequence of size 6: 9 6 0 4 2 5
Random unique PitchClassSequence of size 6: 2 a 8 7 1 4
Random unique PitchClassSequence of size 6: 5 2 9 a 1 3
Random unique PitchClassSequence of size 6: 8 1 6 7 a 5
Random unique PitchClassSequence of size 6: a 4 0 8 3 b
Random unique PitchClassSequence of size 6: 7 2 8 6 3 b
Random unique PitchClassSequence of size 6: 3 7 6 5 a 1
Random unique PitchClassSequence of size 6: 1 9 2 b 7 a
Random unique PitchClassSequence of size 6: 2 4 0 9 6 8
Random unique PitchClassSequence of size 6: 1 7 4 9 2 8
Random unique PitchClassSequence of size 6: 4 2 8 3 7 5
Random unique PitchClassSequence of size 6: a 7 6 5 b 0
Random unique PitchClassSequence of size 6: 1 5 9 3 a 8
Random unique PitchClassSequence of size 6: 0 9 8 2 4 5
Random unique PitchClassSequence of size 6: 0 7 3 6 8 2
Random unique PitchClassSequence of size 6: 9 8 a 1 b 3
Random unique PitchClassSequence of size 6: 0 a 7 6 1 9
Random unique PitchClassSequence of size 6: 1 3 4 8 0 5
Random unique PitchClassSequence of size 6: 3 0 2 5 1 a
Random unique PitchClassSequence of size 6: b 7 4 5 6 2
Random unique PitchClassSequence of size 6: 5 9 7 6 8 1
Random unique PitchClassSequence of size 6: 7 b 5 8 0 6
Random unique PitchClassSequence of size 6: 8 4 2 1 3 a
Random unique PitchClassSequence of size 6: 0 6 a 3 7 4
Random unique PitchClassSequence of size 6: 2 0 3 4 9 6
Random unique PitchClassSequence of size 6: 7 3 0 4 1 8
Random unique PitchClassSequence of size 6: 3 7 2 4 5 b
Random unique PitchClassSequence of size 6: 7 2 0 3 9 8
Random unique PitchClassSequence of size 6: 7 6 3 9 8 5
Random unique PitchClassSequence of size 6: 9 b 8 3 5 0
Random unique PitchClassSequence of size 6: 8 2 a 9 7 6
Random unique PitchClassSequence of size 6: a 5 b 1 4 6
Random unique PitchClassSequence of size 6: 0 2 3 b 7 6
Random unique PitchClassSequence of size 6: b a 3 5 7 8
Random unique PitchClassSequence of size 6: 4 9 3 a 1 8
Random unique PitchClassSequence of size 6: b 3 2 8 a 7
Random unique PitchClassSequence of size 6: 1 b 9 8 2 7
Random unique PitchClassSequence of size 6: 8 a 2 7 b 4
Random unique PitchClassSequence of size 6: 2 b 6 1 9 0
Random unique PitchClassSequence of size 6: 3 b 8 1 4 6
Random unique PitchClassSequence of size 6: 9 2 8 a 6 3
Random unique PitchClassSequence of size 6: 0 5 8 6 2 7
Random unique PitchClassSequence of size 6: b 3 0 7 a 4
Random unique PitchClassSequence of size 6: 2 1 6 9 b 3
Random unique PitchClassSequence of size 6: a b 0 7 9 5
Random unique PitchClassSequence of size 6: 0 3 b 9 a 5
Random unique PitchClassSequence of size 6: 0 a 6 b 8 2
Random unique PitchClassSequence of size 6: 2 8 4 5 9 a
Random unique PitchClassSequence of size 6: 1 2 6 9 3 b
Random unique PitchClassSequence of size 6: 9 2 0 3 8 6
Random unique PitchClassSequence of size 6: 0 a 8 b 9 6
Random unique PitchClassSequence of size 6: 0 4 1 a 7 2
Random unique PitchClassSequence of size 6: 3 a 5 7 8 4
Random unique PitchClassSequence of size 6: 8 b 2 a 9 5
Random unique PitchClassSequence of size 6: a 0 b 5 1 9
Random unique PitchClassSequence of size 6: 9 b 1 6 2 0
Random unique PitchClassSequence of size 6: 0 5 9 3 b a
Random unique PitchClassSequence of size 6: 5 1 b 9 6 0
Random unique PitchClassSequence of size 6: 9 4 8 3 1 6
Random unique PitchClassSequence of size 6: 9 7 5 1 3 b
Random unique PitchClassSequence of size 6: 0 5 2 3 8 6
Random unique PitchClassSequence of size 6: b 4 3 0 1 9
Random unique PitchClassSequence of size 7: 0 6 8 5 b a 9
Random unique PitchClassSequence of size 7: 1 7 0 8 4 6 b
Random unique PitchClassSequence of size 7: 2 6 b 8 7 9 a
Random unique PitchClassSequence of size 7: 7 4 1 8 5 3 2
Random unique PitchClassSequence of size 7: 2 5 3 a b 1 9
Random unique PitchClassSequence of size 7: 9 6 5 3 1 a 2
Random unique PitchClassSequence of size 7: 7 3 5 4 1 a 2
Random unique PitchClassSequence of size 7: 6 7 4 2 8 9 b
Random unique PitchClassSequence of size 7: 3 5 2 7 4 b 0
Random unique PitchClassSequence of size 7: 8 2 4 5 a b 3
Random unique PitchClassSequence of size 7: a 8 4 9 7 1 6
Random unique PitchClassSequence of size 7: 5 7 b 3 8 2 9
Random unique PitchClassSequence of size 7: b 2 0 5 4 3 7
Random unique PitchClassSequence of size 7: 0 3 b 9 8 a 4
Random unique PitchClassSequence of size 7: a 8 0 1 9 5 7
Random unique PitchClassSequence of size 7: 5 b 0 4 1 6 a
Random unique PitchClassSequence of size 7: 9 5 b 0 2 8 4
Random unique PitchClassSequence of size 7: 7 8 3 5 1 4 2
Random unique PitchClassSequence of size 7: 1 6 5 a 7 b 4
Random unique PitchClassSequence of size 7: 8 2 6 0 a b 1
Random unique PitchClassSequence of size 7: 0 9 4 5 1 7 3
Random unique PitchClassSequence of size 7: 6 3 7 8 a 2 4
Random unique PitchClassSequence of size 7: 9 1 b 0 8 4 2
Random unique PitchClassSequence of size 7: 0 1 3 6 b 5 8
Random unique PitchClassSequence of size 7: a 3 2 8 9 0 4
Random unique PitchClassSequence of size 7: 3 b 5 4 9 7 a
Random unique PitchClassSequence of size 7: 8 9 2 7 6 1 a
Random unique PitchClassSequence of size 7: 6 5 3 0 a 9 8
Random unique PitchClassSequence of size 7: 2 8 4 7 1 3 5
Random unique PitchClassSequence of size 7: 5 1 b 7 a 0 3
Random unique PitchClassSequence of size 7: 7 0 8 4 5 1 6
Random unique PitchClassSequence of size 7: 7 0 b 4 3 5 1
Random unique PitchClassSequence of size 7: 8 1 b 7 2 0 a
Random unique PitchClassSequence of size 7: 8 a b 6 5 2 1
Random unique PitchClassSequence of size 7: 7 5 1 0 9 b 8
Random unique PitchClassSequence of size 7: 2 7 0 a 6 9 4
Random unique PitchClassSequence of size 7: a b 2 4 1 8 3
Random unique PitchClassSequence of size 7: a 6 5 0 1 9 b
Random unique PitchClassSequence of size 7: 3 6 5 0 8 9 7
Random unique PitchClassSequence of size 7: 5 a b 0 3 9 6
Random unique PitchClassSequence of size 7: 5 8 1 2 7 6 b
Random unique PitchClassSequence of size 7: 2 8 5 9 b a 6
Random unique PitchClassSequence of size 7: 5 9 4 0 1 3 2
Random unique PitchClassSequence of size 7: 2 0 6 9 b 7 a
Random unique PitchClassSequence of size 7: 9 3 a 0 7 4 2
Random unique PitchClassSequence of size 7: 0 3 7 4 5 b 2
Random unique PitchClassSequence of size 7: 2 4 3 5 7 9 b
Random unique PitchClassSequence of size 7: 4 3 6 7 1 0 a
Random unique PitchClassSequence of size 7: 9 8 a 4 0 5 7
Random unique PitchClassSequence of size 7: a 4 8 9 3 b 1
Random unique PitchClassSequence of size 7: 9 8 7 5 4 1 3
Random unique PitchClassSequence of size 7: b 2 8 1 9 5 7
Random unique PitchClassSequence of size 7: 0 a 5 7 8 9 1
Random unique PitchClassSequence of size 7: 7 4 1 3 b 9 8
Random unique PitchClassSequence of size 7: 3 0 1 7 a 6 9
Random unique PitchClassSequence of size 7: 2 7 3 b 4 8 9
Random unique PitchClassSequence of size 7: 6 8 5 0 9 a 4
Random unique PitchClassSequence of size 7: b 7 0 a 8 2 6
Random unique PitchClassSequence of size 7: 8 3 0 2 a 4 b
Random unique PitchClassSequence of size 7: 6 9 4 b a 3 2
Random unique PitchClassSequence of size 7: 1 7 9 b 4 2 5
Random unique PitchClassSequence of size 7: 9 5 b 2 3 1 7
Random unique PitchClassSequence of size 7: 6 1 0 7 2 9 3
Random unique PitchClassSequence of size 7: 1 b 5 a 0 2 9
Random unique PitchClassSequence of size 7: b 5 6 a 2 7 0
Random unique PitchClassSequence of size 7: 8 0 6 a 1 2 4
Random unique PitchClassSequence of size 7: 7 b 6 a 5 4 1
Random unique PitchClassSequence of size 7: 1 a 7 5 3 b 6
Random unique PitchClassSequence of size 7: b 8 1 7 a 4 0
Random unique PitchClassSequence of size 7: 5 8 b 3 2 a 7
Random unique PitchClassSequence of size 7: b a 6 2 1 4 0
Random unique PitchClassSequence of size 7: 3 6 1 a 8 5 7
Random unique PitchClassSequence of size 7: 0 b 9 6 5 3 4
Random unique PitchClassSequence of size 7: 0 a 8 4 6 2 7
Random unique PitchClassSequence of size 7: 0 a 7 b 1 5 8
Random unique PitchClassSequence of size 7: 3 9 b 6 4 a 0
Random unique PitchClassSequence of size 7: 4 b 5 7 0 2 1
Random unique PitchClassSequence of size 7: 5 0 4 2 6 b 7
Random unique PitchClassSequence of size 7: b 9 8 2 3 6 a
Random unique PitchClassSequence of size 7: 0 9 7 5 4 8 a
Random unique PitchClassSequence of size 7: 8 2 4 1 9 6 7
Random unique PitchClassSequence of size 7: a 0 4 6 7 5 8
Random unique PitchClassSequence of size 7: b 6 8 9 4 a 1
Random unique PitchClassSequence of size 7: 4 2 a 8 3 7 b
Random unique PitchClassSequence of size 7: b 1 4 3 6 2 5
Random unique PitchClassSequence of size 7: a 0 3 2 1 7 9
Random unique PitchClassSequence of size 7: 8 5 9 b 4 1 a
Random unique PitchClassSequence of size 7: b 0 5 2 9 3 6
Random unique PitchClassSequence of size 7: 1 0 7 6 a 5 b
Random unique PitchClassSequence of size 7: 7 9 3 6 2 1 4
Random unique PitchClassSequence of size 7: 4 9 a 7 5 2 6
Random unique PitchClassSequence of size 7: 5 2 b 1 4 8 7
Random unique PitchClassSequence of size 7: 2 b 5 4 7 1 a
Random unique PitchClassSequence of size 7: 0 9 b 8 2 1 5
Random unique PitchClassSequence of size 7: b 5 2 1 4 3 8
Random unique PitchClassSequence of size 7: 3 a 6 9 b 1 5
Random unique PitchClassSequence of size 7: a 1 b 0 3 6 5
Random unique PitchClassSequence of size 7: 7 4 0 6 a 3 1
Random unique PitchClassSequence of size 7: 4 2 9 6 5 8 b
Random unique PitchClassSequence of size 7: a 3 2 8 0 1 9
Random unique PitchClassSequence of size 7: 5 a 1 9 3 4 2
Random unique PitchClassSequence of size 8: 3 5 a 9 4 6 7 8
Random unique PitchClassSequence of size 8: 7 a 1 2 0 9 4 8
Random unique PitchClassSequence of size 8: 4 a 3 7 2 5 0 6
Random unique PitchClassSequence of size 8: 1 9 3 a 5 7 0 b
Random unique PitchClassSequence of size 8: 2 0 b 8 6 4 5 a
Random unique PitchClassSequence of size 8: 2 7 6 4 0 5 b a
Random unique PitchClassSequence of size 8: 0 a b 3 8 2 9 1
Random unique PitchClassSequence of size 8: 1 5 7 2 a 9 3 0
Random unique PitchClassSequence of size 8: a 0 6 3 5 9 1 2
Random unique PitchClassSequence of size 8: 8 6 1 a 2 9 5 7
Random unique PitchClassSequence of size 8: b 6 1 2 3 7 0 9
Random unique PitchClassSequence of size 8: a 5 8 2 3 6 b 0
Random unique PitchClassSequence of size 8: 9 7 b 0 3 a 1 6
Random unique PitchClassSequence of size 8: 8 2 1 6 4 b 9 0
Random unique PitchClassSequence of size 8: 8 2 a 4 b 9 0 6
Random unique PitchClassSequence of size 8: 4 2 1 a 5 b 3 6
Random unique PitchClassSequence of size 8: 0 3 4 2 8 5 b 9
Random unique PitchClassSequence of size 8: 7 0 4 a 8 b 1 2
Random unique PitchClassSequence of size 8: a 9 5 0 8 7 3 4
Random unique PitchClassSequence of size 8: a 7 4 b 8 6 1 3
Random unique PitchClassSequence of size 8: 2 a 9 7 3 5 b 8
Random unique PitchClassSequence of size 8: 3 7 4 6 5 a b 0
Random unique PitchClassSequence of size 8: 3 6 5 8 0 4 a 1
Random unique PitchClassSequence of size 8: 1 6 8 0 4 9 b 3
Random unique PitchClassSequence of size 8: 4 a 6 7 8 0 b 9
Random unique PitchClassSequence of size 8: 1 9 7 a 6 2 3 0
Random unique PitchClassSequence of size 8: b 3 0 1 a 5 9 2
Random unique PitchClassSequence of size 8: 4 b 3 a 8 5 6 1
Random unique PitchClassSequence of size 8: 4 0 8 b 3 6 a 1
Random unique PitchClassSequence of size 8: 0 4 a 9 8 6 5 3
Random unique PitchClassSequence of size 8: a 2 5 4 b 3 9 7
Random unique PitchClassSequence of size 8: 3 9 5 b 2 4 0 7
Random unique PitchClassSequence of size 8: 9 b 3 7 6 1 0 2
Random unique PitchClassSequence of size 8: 1 a 3 4 5 b 6 8
Random unique PitchClassSequence of size 8: 4 b 3 9 8 5 1 6
Random unique PitchClassSequence of size 8: b 9 6 4 5 a 3 2
Random unique PitchClassSequence of size 8: 8 7 6 2 3 a 1 4
Random unique PitchClassSequence of size 8: 8 1 b a 2 4 3 9
Random unique PitchClassSequence of size 8: 5 7 3 0 2 6 b 1
Random unique PitchClassSequence of size 8: 9 0 4 1 a 2 8 b
Random unique PitchClassSequence of size 8: 8 0 6 1 9 3 5 b
Random unique PitchClassSequence of size 8: b 1 7 a 6 9 3 5
Random unique PitchClassSequence of size 8: 9 b 5 0 1 4 8 a
Random unique PitchClassSequence of size 8: 3 b 0 8 6 9 a 4
Random unique PitchClassSequence of size 8: 6 2 1 9 0 a 3 b
Random unique PitchClassSequence of size 8: a 2 5 7 b 3 8 4
Random unique PitchClassSequence of size 8: 4 5 2 8 1 0 9 6
Random unique PitchClassSequence of size 8: 3 6 2 1 b 0 9 5
Random unique PitchClassSequence of size 8: 5 b 8 3 0 6 9 2
Random unique PitchClassSequence of size 8: 2 0 4 3 9 b 1 8
Random unique PitchClassSequence of size 8: 1 b 6 7 0 9 3 8
Random unique PitchClassSequence of size 8: 7 2 6 3 4 1 a 8
Random unique PitchClassSequence of size 8: 3 b 2 9 8 1 5 4
Random unique PitchClassSequence of size 8: 1 0 6 9 a 4 2 b
Random unique PitchClassSequence of size 8: 1 4 a 6 2 3 5 8
Random unique PitchClassSequence of size 8: 3 4 7 1 5 2 6 8
Random unique PitchClassSequence of size 8: 0 a 9 4 8 1 3 6
Random unique PitchClassSequence of size 8: 4 7 b 2 a 5 8 3
Random unique PitchClassSequence of size 8: 6 2 1 0 7 5 9 8
Random unique PitchClassSequence of size 8: 0 8 4 2 3 9 6 b
Random unique PitchClassSequence of size 8: 2 b 1 6 3 5 4 8
Random unique PitchClassSequence of size 8: 3 8 b 7 a 4 1 5
Random unique PitchClassSequence of size 8: 5 9 7 1 4 0 2 8
Random unique PitchClassSequence of size 8: b 8 7 5 6 a 0 3
Random unique PitchClassSequence of size 8: a b 0 7 5 8 4 2
Random unique PitchClassSequence of size 8: 6 b 8 a 5 0 7 4
Random unique PitchClassSequence of size 8: 9 5 a 7 6 0 2 3
Random unique PitchClassSequence of size 8: 3 4 a 0 2 5 b 1
Random unique PitchClassSequence of size 8: 2 8 0 6 a 7 b 4
Random unique PitchClassSequence of size 8: 7 3 5 9 2 a 1 0
Random unique PitchClassSequence of size 8: 1 a 2 b 7 3 8 0
Random unique PitchClassSequence of size 8: 4 1 5 6 a 9 8 2
Random unique PitchClassSequence of size 8: 2 a b 9 3 4 7 8
Random unique PitchClassSequence of size 8: 3 6 4 0 9 5 1 7
Random unique PitchClassSequence of size 8: 2 0 9 5 8 a 7 4
Random unique PitchClassSequence of size 8: 7 1 2 5 4 b 3 6
Random unique PitchClassSequence of size 8: 8 a b 3 0 5 6 9
Random unique PitchClassSequence of size 8: 0 6 4 3 2 1 7 b
Random unique PitchClassSequence of size 8: 4 6 5 3 0 a 7 8
Random unique PitchClassSequence of size 8: 7 2 0 8 3 1 4 6
Random unique PitchClassSequence of size 8: 0 3 2 9 a 7 4 1
Random unique PitchClassSequence of size 8: 5 1 b 8 7 4 6 0
Random unique PitchClassSequence of size 8: 4 6 1 7 3 9 0 a
Random unique PitchClassSequence of size 8: 0 6 1 4 3 5 a 7
Random unique PitchClassSequence of size 8: 8 6 9 2 4 5 1 a
Random unique PitchClassSequence of size 8: 7 0 4 1 2 5 9 a
Random unique PitchClassSequence of size 8: 0 4 5 a 1 6 b 9
Random unique PitchClassSequence of size 8: b a 3 8 5 1 0 4
Random unique PitchClassSequence of size 8: 2 6 5 3 4 9 7 a
Random unique PitchClassSequence of size 8: 5 4 8 6 7 2 3 9
Random unique PitchClassSequence of size 8: 3 7 9 6 a 2 4 5
Random unique PitchClassSequence of size 8: 3 1 5 8 6 a 7 2
Random unique PitchClassSequence of size 8: 8 7 a 3 0 6 2 b
Random unique PitchClassSequence of size 8: 4 7 9 0 8 5 a 3
Random unique PitchClassSequence of size 8: 5 2 3 a 8 1 b 9
Random unique PitchClassSequence of size 8: b 1 6 9 a 4 2 0
Random unique PitchClassSequence of size 8: 5 6 8 2 a 9 1 7
Random unique PitchClassSequence of size 8: 9 2 0 7 6 5 b 4
Random unique PitchClassSequence of size 8: 3 9 8 0 b a 1 7
Random unique PitchClassSequence of size 8: 2 6 3 4 7 b 9 0
Random unique PitchClassSequence of size 8: 5 4 9 b a 6 0 3
Random unique PitchClassSequence of size 9: b 3 a 6 7 9 5 4 0
Random unique PitchClassSequence of size 9: 4 a 0 2 9 6 5 b 8
Random unique PitchClassSequence of size 9: 4 1 3 5 9 7 6 0 b
Random unique PitchClassSequence of size 9: 2 5 b 7 1 3 0 4 6
Random unique PitchClassSequence of size 9: 0 b 1 6 5 a 4 8 9
Random unique PitchClassSequence of size 9: 8 0 a 5 4 9 2 1 3
Random unique PitchClassSequence of size 9: 0 2 1 9 6 5 7 a b
Random unique PitchClassSequence of size 9: 9 2 7 3 1 b 0 6 8
Random unique PitchClassSequence of size 9: 3 b 7 4 2 a 5 9 0
Random unique PitchClassSequence of size 9: 1 6 3 4 0 b 9 8 a
Random unique PitchClassSequence of size 9: 4 a 8 1 2 7 6 0 5
Random unique PitchClassSequence of size 9: 4 0 b 2 a 5 8 3 6
Random unique PitchClassSequence of size 9: 3 b 6 0 2 8 5 9 a
Random unique PitchClassSequence of size 9: 5 a 7 1 3 4 2 9 8
Random unique PitchClassSequence of size 9: a 4 2 5 8 3 b 1 0
Random unique PitchClassSequence of size 9: 8 4 a 6 7 2 0 5 b
Random unique PitchClassSequence of size 9: 5 a 8 7 2 4 6 3 b
Random unique PitchClassSequence of size 9: 4 a 7 6 8 0 3 5 9
Random unique PitchClassSequence of size 9: 5 b 8 7 9 6 1 4 0
Random unique PitchClassSequence of size 9: 6 5 b 8 1 7 0 4 9
Random unique PitchClassSequence of size 9: 6 5 3 b 8 2 9 0 1
Random unique PitchClassSequence of size 9: 3 a 7 9 0 1 b 4 5
Random unique PitchClassSequence of size 9: 0 4 b 2 1 6 8 a 3
Random unique PitchClassSequence of size 9: 7 a 9 4 8 6 0 b 2
Random unique PitchClassSequence of size 9: 7 5 2 3 8 0 6 1 9
Random unique PitchClassSequence of size 9: 7 a 0 9 4 6 3 1 5
Random unique PitchClassSequence of size 9: b 5 9 7 3 2 8 4 1
Random unique PitchClassSequence of size 9: 4 9 8 5 0 6 b a 1
Random unique PitchClassSequence of size 9: a b 7 3 4 0 5 8 9
Random unique PitchClassSequence of size 9: 3 2 9 4 8 a 0 6 1
Random unique PitchClassSequence of size 9: 0 a 4 3 8 7 6 5 b
Random unique PitchClassSequence of size 9: 4 0 3 7 2 8 6 1 a
Random unique PitchClassSequence of size 9: 2 3 7 0 b 6 4 5 a
Random unique PitchClassSequence of size 9: b 4 3 5 8 6 0 a 2
Random unique PitchClassSequence of size 9: 6 9 a 0 2 1 5 7 3
Random unique PitchClassSequence of size 9: 1 6 0 2 4 3 9 8 7
Random unique PitchClassSequence of size 9: 9 a 1 5 4 0 6 2 8
Random unique PitchClassSequence of size 9: 7 4 6 3 a 2 9 5 1
Random unique PitchClassSequence of size 9: 8 6 2 1 a 4 7 b 0
Random unique PitchClassSequence of size 9: a 7 b 2 3 8 6 0 5
Random unique PitchClassSequence of size 9: 2 4 a 0 8 9 3 1 b
Random unique PitchClassSequence of size 9: 9 5 0 3 a 6 4 1 7
Random unique PitchClassSequence of size 9: 6 2 4 0 9 8 7 5 1
Random unique PitchClassSequence of size 9: 7 4 3 5 a 9 b 8 1
Random unique PitchClassSequence of size 9: 2 a 4 b 3 9 5 0 6
Random unique PitchClassSequence of size 9: 4 9 8 b a 5 0 7 3
Random unique PitchClassSequence of size 9: 5 6 8 4 a 0 3 b 1
Random unique PitchClassSequence of size 9: 7 0 6 1 5 4 8 a b
Random unique PitchClassSequence of size 9: 3 4 2 b a 9 8 0 6
Random unique PitchClassSequence of size 9: b 6 7 8 1 4 3 9 0
Random unique PitchClassSequence of size 9: 1 3 4 5 6 9 7 a 8
Random unique PitchClassSequence of size 9: 9 1 5 6 7 4 8 3 2
Random unique PitchClassSequence of size 9: 5 8 3 6 7 9 b 2 1
Random unique PitchClassSequence of size 9: 3 b 8 0 7 9 4 2 6
Random unique PitchClassSequence of size 9: 7 9 2 5 3 8 b 6 0
Random unique PitchClassSequence of size 9: 3 0 a 8 9 2 4 7 1
Random unique PitchClassSequence of size 9: 7 4 9 8 5 6 b 3 1
Random unique PitchClassSequence of size 9: 3 b 9 7 a 8 4 5 2
Random unique PitchClassSequence of size 9: 4 b 3 6 9 5 2 1 a
Random unique PitchClassSequence of size 9: 8 1 4 3 6 b 0 2 7
Random unique PitchClassSequence of size 9: 9 4 b 5 6 a 8 2 3
Random unique PitchClassSequence of size 9: a 5 3 4 0 6 b 9 2
Random unique PitchClassSequence of size 9: 7 5 3 b 2 6 a 4 1
Random unique PitchClassSequence of size 9: 0 b 8 7 1 a 5 2 4
Random unique PitchClassSequence of size 9: a 4 3 0 7 2 9 8 1
Random unique PitchClassSequence of size 9: 6 4 0 7 a 2 1 8 5
Random unique PitchClassSequence of size 9: 8 a 7 2 5 3 b 1 6
Random unique PitchClassSequence of size 9: 6 1 0 3 9 5 7 a 2
Random unique PitchClassSequence of size 9: 1 a 2 5 3 6 9 4 8
Random unique PitchClassSequence of size 9: 5 8 b 4 0 3 1 2 9
Random unique PitchClassSequence of size 9: 8 5 6 3 b 4 1 2 a
Random unique PitchClassSequence of size 9: 8 3 9 b 4 7 a 5 1
Random unique PitchClassSequence of size 9: 0 2 5 a 9 1 b 8 3
Random unique PitchClassSequence of size 9: 2 6 7 5 4 3 b a 1
Random unique PitchClassSequence of size 9: 0 7 8 3 6 2 5 1 b
Random unique PitchClassSequence of size 9: 5 8 3 6 1 9 7 0 a
Random unique PitchClassSequence of size 9: 1 2 8 9 5 4 6 3 a
Random unique PitchClassSequence of size 9: 9 2 a 0 8 7 1 b 5
Random unique PitchClassSequence of size 9: 4 2 5 3 6 8 7 1 9
Random unique PitchClassSequence of size 9: 6 2 7 a b 0 8 5 4
Random unique PitchClassSequence of size 9: 1 a 5 8 7 4 0 3 6
Random unique PitchClassSequence of size 9: 9 4 3 a 5 7 6 1 2
Random unique PitchClassSequence of size 9: 7 0 5 3 1 b 9 6 2
Random unique PitchClassSequence of size 9: 2 a 6 8 9 1 3 5 0
Random unique PitchClassSequence of size 9: 7 6 1 a b 8 0 3 5
Random unique PitchClassSequence of size 9: a 5 6 4 1 8 3 b 7
Random unique PitchClassSequence of size 9: 1 5 4 0 2 7 8 a b
Random unique PitchClassSequence of size 9: 7 2 1 9 8 a b 6 0
Random unique PitchClassSequence of size 9: 8 6 7 5 2 3 1 a 0
Random unique PitchClassSequence of size 9: a 6 7 8 0 3 5 9 2
Random unique PitchClassSequence of size 9: 9 a 7 1 0 6 2 8 4
Random unique PitchClassSequence of size 9: 7 2 b 5 3 a 1 4 8
Random unique PitchClassSequence of size 9: 9 8 b 5 0 6 a 7 2
Random unique PitchClassSequence of size 9: 9 0 2 b 4 a 6 5 3
Random unique PitchClassSequence of size 9: 8 0 1 2 9 5 a 3 7
Random unique PitchClassSequence of size 9: 3 9 4 b 6 5 2 7 0
Random unique PitchClassSequence of size 9: 2 0 6 1 4 7 a 8 3
Random unique PitchClassSequence of size 9: 7 2 6 3 8 a 5 b 0
Random unique PitchClassSequence of size 9: 3 6 5 b 2 1 8 0 9
Random unique PitchClassSequence of size 9: a 3 b 9 8 5 6 4 0
Random unique PitchClassSequence of size 9: 1 0 7 5 9 4 3 b 6
Random unique PitchClassSequence of size 10: b 3 5 a 8 2 7 1 0 6
Random unique PitchClassSequence of size 10: b 7 a 9 5 0 4 8 2 1
Random unique PitchClassSequence of size 10: 5 4 a 7 8 9 2 3 b 1
Random unique PitchClassSequence of size 10: 4 2 6 0 5 8 1 9 3 b
Random unique PitchClassSequence of size 10: 1 b 8 2 a 7 0 3 5 6
Random unique PitchClassSequence of size 10: 9 6 a 5 3 2 1 0 8 b
Random unique PitchClassSequence of size 10: 1 6 a 4 0 2 b 8 9 3
Random unique PitchClassSequence of size 10: b 6 4 8 a 3 9 5 1 0
Random unique PitchClassSequence of size 10: a 6 b 4 1 7 2 5 3 0
Random unique PitchClassSequence of size 10: 7 2 8 0 6 b 4 3 a 1
Random unique PitchClassSequence of size 10: 0 7 9 b 6 8 5 a 4 1
Random unique PitchClassSequence of size 10: 4 2 1 b 3 9 6 8 0 7
Random unique PitchClassSequence of size 10: a 5 4 1 9 7 6 3 8 b
Random unique PitchClassSequence of size 10: 7 3 9 5 8 0 2 b 6 4
Random unique PitchClassSequence of size 10: 5 8 7 1 2 0 4 b 3 a
Random unique PitchClassSequence of size 10: 2 8 a 9 1 0 5 b 3 6
Random unique PitchClassSequence of size 10: a 4 0 3 7 1 5 b 2 8
Random unique PitchClassSequence of size 10: 3 b 0 5 6 4 a 2 8 9
Random unique PitchClassSequence of size 10: 1 3 9 a 0 6 4 b 2 8
Random unique PitchClassSequence of size 10: 7 0 5 2 9 1 4 3 6 8
Random unique PitchClassSequence of size 10: a 1 7 6 3 4 5 2 9 b
Random unique PitchClassSequence of size 10: 6 3 5 b 8 a 4 9 0 2
Random unique PitchClassSequence of size 10: 2 1 7 3 0 9 8 a 6 4
Random unique PitchClassSequence of size 10: 8 4 9 3 1 7 5 6 0 a
Random unique PitchClassSequence of size 10: 9 4 2 3 7 1 a b 5 8
Random unique PitchClassSequence of size 10: b a 5 7 6 4 1 8 2 0
Random unique PitchClassSequence of size 10: 4 2 3 6 7 a 1 b 9 5
Random unique PitchClassSequence of size 10: 1 3 7 5 4 8 2 0 6 a
Random unique PitchClassSequence of size 10: 8 0 5 2 6 3 1 a 7 9
Random unique PitchClassSequence of size 10: b 7 4 8 1 5 0 a 2 9
Random unique PitchClassSequence of size 10: 7 9 b 1 0 8 4 3 5 6
Random unique PitchClassSequence of size 10: 1 7 6 8 a 5 4 b 3 9
Random unique PitchClassSequence of size 10: 1 7 5 0 b 2 8 3 6 a
Random unique PitchClassSequence of size 10: 8 7 b 1 0 a 2 6 4 5
Random unique PitchClassSequence of size 10: 8 b a 0 1 3 4 6 5 9
Random unique PitchClassSequence of size 10: 4 a 0 2 7 8 6 3 5 1
Random unique PitchClassSequence of size 10: 8 5 7 4 6 b 0 9 2 1
Random unique PitchClassSequence of size 10: 2 0 3 4 7 6 b 9 1 a
Random unique PitchClassSequence of size 10: 0 b 8 5 3 2 1 6 7 9
Random unique PitchClassSequence of size 10: 4 7 2 6 9 b 8 0 3 5
Random unique PitchClassSequence of size 10: 1 2 a 8 5 9 3 7 b 0
Random unique PitchClassSequence of size 10: 7 6 3 a 9 b 5 0 8 1
Random unique PitchClassSequence of size 10: 7 6 4 b 3 8 1 5 2 9
Random unique PitchClassSequence of size 10: b 9 4 8 a 1 3 2 5 6
Random unique PitchClassSequence of size 10: 4 0 3 b 6 8 9 1 7 2
Random unique PitchClassSequence of size 10: 7 b 0 3 1 a 4 5 2 8
Random unique PitchClassSequence of size 10: 7 b 1 0 a 9 2 4 6 8
Random unique PitchClassSequence of size 10: a 2 1 7 5 4 9 8 3 0
Random unique PitchClassSequence of size 10: b 4 9 a 0 6 2 1 7 5
Random unique PitchClassSequence of size 10: 4 1 2 5 6 3 a 8 7 0
Random unique PitchClassSequence of size 10: 6 5 0 3 4 9 2 8 a b
Random unique PitchClassSequence of size 10: 4 5 1 6 0 a 2 9 3 b
Random unique PitchClassSequence of size 10: 0 7 2 6 1 9 4 8 a b
Random unique PitchClassSequence of size 10: 0 5 8 1 a 9 6 b 2 3
Random unique PitchClassSequence of size 10: 7 5 0 9 8 2 6 1 3 4
Random unique PitchClassSequence of size 10: 8 2 0 a 4 3 7 5 b 6
Random unique PitchClassSequence of size 10: 6 3 8 7 a 9 b 1 5 0
Random unique PitchClassSequence of size 10: 5 0 b 7 1 6 2 9 8 a
Random unique PitchClassSequence of size 10: 1 5 4 0 9 6 8 7 b 3
Random unique PitchClassSequence of size 10: 9 5 1 2 b 6 3 0 8 4
Random unique PitchClassSequence of size 10: 2 0 4 9 b 1 3 a 5 7
Random unique PitchClassSequence of size 10: 9 4 1 7 6 2 a 8 5 b
Random unique PitchClassSequence of size 10: 9 a 0 4 3 8 5 1 2 b
Random unique PitchClassSequence of size 10: a 1 b 3 0 9 5 2 7 8
Random unique PitchClassSequence of size 10: 3 5 8 b 1 6 7 a 9 2
Random unique PitchClassSequence of size 10: 7 b 0 2 8 9 3 4 a 1
Random unique PitchClassSequence of size 10: 9 5 2 4 b 1 6 3 8 0
Random unique PitchClassSequence of size 10: 6 4 b 1 9 a 8 5 3 2
Random unique PitchClassSequence of size 10: 4 5 b 8 1 9 2 6 3 0
Random unique PitchClassSequence of size 10: 1 b 6 2 8 3 7 0 9 4
Random unique PitchClassSequence of size 10: b 2 4 5 a 3 7 9 6 1
Random unique PitchClassSequence of size 10: 6 b 0 2 4 a 7 9 5 1
Random unique PitchClassSequence of size 10: 4 a 3 5 2 1 0 b 9 8
Random unique PitchClassSequence of size 10: 2 3 a 7 6 5 9 8 0 b
Random unique PitchClassSequence of size 10: 4 3 a 7 6 b 5 0 8 1
Random unique PitchClassSequence of size 10: 0 3 2 7 6 a 5 8 b 9
Random unique PitchClassSequence of size 10: 4 3 6 7 1 a 0 8 2 5
Random unique PitchClassSequence of size 10: 5 2 0 1 3 9 7 8 b a
Random unique PitchClassSequence of size 10: b a 8 3 2 5 6 4 9 1
Random unique PitchClassSequence of size 10: 9 8 5 3 4 b 0 2 1 a
Random unique PitchClassSequence of size 10: 0 8 4 5 7 2 9 6 a b
Random unique PitchClassSequence of size 10: 4 3 6 2 a 1 9 b 8 5
Random unique PitchClassSequence of size 10: 3 1 5 2 6 9 0 7 b 8
Random unique PitchClassSequence of size 10: 3 9 b 7 0 8 1 5 6 a
Random unique PitchClassSequence of size 10: 7 a b 5 2 9 8 1 0 4
Random unique PitchClassSequence of size 10: 7 3 1 6 4 9 a 2 b 0
Random unique PitchClassSequence of size 10: 1 7 8 9 a 3 6 b 4 2
Random unique PitchClassSequence of size 10: 0 9 5 6 a 1 4 2 b 7
Random unique PitchClassSequence of size 10: 2 3 0 b 7 a 6 5 9 4
Random unique PitchClassSequence of size 10: 7 b 4 a 5 1 3 6 9 8
Random unique PitchClassSequence of size 10: b 6 3 4 a 0 2 1 8 5
Random unique PitchClassSequence of size 10: a 0 1 6 9 7 2 5 3 8
Random unique PitchClassSequence of size 10: 3 2 6 0 4 a 1 b 7 8
Random unique PitchClassSequence of size 10: 4 0 b 6 5 8 7 3 1 a
Random unique PitchClassSequence of size 10: 3 1 2 a 9 7 4 6 b 8
Random unique PitchClassSequence of size 10: 3 6 1 8 4 2 5 0 7 9
Random unique PitchClassSequence of size 10: 7 b 6 2 0 8 a 5 3 4
Random unique PitchClassSequence of size 10: a 4 9 b 8 2 6 7 0 5
Random unique PitchClassSequence of size 10: 9 0 a 1 3 4 6 7 b 8
Random unique PitchClassSequence of size 10: b 5 0 1 4 9 6 8 2 7
Random unique PitchClassSequence of size 10: 3 8 9 a 0 b 6 1 2 7
Random unique PitchClassSequence of size 11: 6 2 8 5 9 3 4 1 7 0 a
Random unique PitchClassSequence of size 11: 4 9 2 1 8 5 7 b 0 6 a
Random unique PitchClassSequence of size 11: a 3 2 8 5 7 4 9 1 b 6
Random unique PitchClassSequence of size 11: a 6 b 5 9 8 3 1 7 2 0
Random unique PitchClassSequence of size 11: a b 0 5 1 2 4 8 3 9 6
Random unique PitchClassSequence of size 11: 9 5 a 4 8 1 7 0 b 3 6
Random unique PitchClassSequence of size 11: 8 2 a 9 4 0 7 1 3 5 6
Random unique PitchClassSequence of size 11: 9 a 6 0 1 7 8 b 5 4 3
Random unique PitchClassSequence of size 11: 9 4 3 0 6 1 a b 7 5 8
Random unique PitchClassSequence of size 11: 2 1 b 0 3 a 7 8 9 6 5
Random unique PitchClassSequence of size 11: 8 3 b 2 6 0 1 4 7 5 a
Random unique PitchClassSequence of size 11: 0 a 4 5 6 9 8 b 7 2 3
Random unique PitchClassSequence of size 11: 8 a 6 5 9 2 4 0 b 1 3
Random unique PitchClassSequence of size 11: 5 4 7 a 6 8 2 1 0 b 3
Random unique PitchClassSequence of size 11: 0 2 a 5 9 7 3 6 b 8 1
Random unique PitchClassSequence of size 11: 8 3 5 6 b 2 7 9 a 1 4
Random unique PitchClassSequence of size 11: 9 a 3 2 1 8 4 5 0 b 6
Random unique PitchClassSequence of size 11: 5 9 a 7 4 3 6 2 1 b 8
Random unique PitchClassSequence of size 11: 9 a 8 4 2 1 b 0 5 7 6
Random unique PitchClassSequence of size 11: 7 9 3 2 5 a 6 0 1 4 8
Random unique PitchClassSequence of size 11: a 5 7 6 b 4 3 1 8 9 2
Random unique PitchClassSequence of size 11: 3 2 7 1 8 b 4 5 6 a 0
Random unique PitchClassSequence of size 11: 6 5 a 7 2 b 1 3 9 0 8
Random unique PitchClassSequence of size 11: 7 a 5 6 8 9 2 3 b 4 1
Random unique PitchClassSequence of size 11: 4 5 0 6 9 2 7 b 1 a 3
Random unique PitchClassSequence of size 11: a 9 8 1 2 b 3 0 6 5 4
Random unique PitchClassSequence of size 11: b 3 7 4 a 0 2 5 9 6 1
Random unique PitchClassSequence of size 11: 3 0 a 9 7 6 4 2 5 1 8
Random unique PitchClassSequence of size 11: 8 3 9 4 a 0 b 7 2 1 5
Random unique PitchClassSequence of size 11: b 6 7 9 2 a 8 0 1 4 3
Random unique PitchClassSequence of size 11: 8 1 0 2 3 4 6 a b 5 9
Random unique PitchClassSequence of size 11: 5 4 6 0 b 8 1 3 a 7 2
Random unique PitchClassSequence of size 11: b 4 2 8 3 6 0 1 9 a 7
Random unique PitchClassSequence of size 11: a 7 4 9 3 6 8 5 0 2 b
Random unique PitchClassSequence of size 11: 9 5 7 4 b 0 2 3 a 1 8
Random unique PitchClassSequence of size 11: 3 0 2 1 b 6 5 7 a 4 8
Random unique PitchClassSequence of size 11: 4 9 8 b 5 2 6 0 3 1 a
Random unique PitchClassSequence of size 11: 2 3 6 8 4 5 7 a 1 b 0
Random unique PitchClassSequence of size 11: 9 8 7 5 1 6 0 b 2 4 a
Random unique PitchClassSequence of size 11: a 9 b 2 0 4 3 7 8 5 1
Random unique PitchClassSequence of size 11: 0 6 2 8 9 7 1 4 b 3 a
Random unique PitchClassSequence of size 11: 9 7 4 3 a 5 8 1 0 b 6
Random unique PitchClassSequence of size 11: b 0 2 1 3 7 5 6 9 a 4
Random unique PitchClassSequence of size 11: 0 9 2 3 7 5 8 b a 1 6
Random unique PitchClassSequence of size 11: 3 5 2 7 9 b 8 0 6 4 1
Random unique PitchClassSequence of size 11: a 1 8 7 0 5 9 2 3 6 b
Random unique PitchClassSequence of size 11: 9 2 5 4 a 8 6 3 1 b 0
Random unique PitchClassSequence of size 11: 1 4 2 5 8 6 3 9 0 a b
Random unique PitchClassSequence of size 11: 9 4 6 a 3 5 b 7 2 8 0
Random unique PitchClassSequence of size 11: 2 8 3 a 4 9 1 6 b 0 5
Random unique PitchClassSequence of size 11: 9 3 0 8 6 1 b 4 5 a 7
Random unique PitchClassSequence of size 11: 1 3 7 b 8 4 6 a 5 9 0
Random unique PitchClassSequence of size 11: 3 7 a 5 8 1 2 6 0 b 9
Random unique PitchClassSequence of size 11: 2 5 3 4 1 a 7 9 6 8 b
Random unique PitchClassSequence of size 11: 4 3 9 0 6 2 1 a 8 5 b
Random unique PitchClassSequence of size 11: 6 5 0 8 3 a 1 9 7 2 4
Random unique PitchClassSequence of size 11: 4 b 5 0 3 2 9 8 7 1 a
Random unique PitchClassSequence of size 11: 9 8 4 5 7 0 1 b a 2 6
Random unique PitchClassSequence of size 11: 9 8 6 3 1 a 2 4 7 5 0
Random unique PitchClassSequence of size 11: b 5 4 7 a 9 8 6 2 0 3
Random unique PitchClassSequence of size 11: 7 9 3 1 2 6 b 8 0 a 5
Random unique PitchClassSequence of size 11: 7 b 0 1 a 2 5 3 8 4 9
Random unique PitchClassSequence of size 11: b 6 2 0 3 9 a 5 4 1 7
Random unique PitchClassSequence of size 11: a 6 9 5 1 3 0 2 7 4 8
Random unique PitchClassSequence of size 11: 8 9 5 4 7 6 0 a 3 2 b
Random unique PitchClassSequence of size 11: 2 4 b 7 a 5 6 0 9 3 1
Random unique PitchClassSequence of size 11: 6 7 2 3 b 4 1 a 9 0 8
Random unique PitchClassSequence of size 11: 5 0 7 b 3 6 4 8 9 1 a
Random unique PitchClassSequence of size 11: b 2 7 6 a 5 9 4 0 3 8
Random unique PitchClassSequence of size 11: a 3 1 6 9 2 4 0 8 7 5
Random unique PitchClassSequence of size 11: a 4 0 2 6 8 3 9 1 5 b
Random unique PitchClassSequence of size 11: 3 9 1 5 8 2 0 4 7 a 6
Random unique PitchClassSequence of size 11: a 0 6 7 b 9 1 4 8 3 2
Random unique PitchClassSequence of size 11: 0 6 a 2 9 4 b 5 8 7 3
Random unique PitchClassSequence of size 11: b 9 1 6 4 0 7 5 3 8 2
Random unique PitchClassSequence of size 11: 5 6 0 2 b 7 4 a 3 8 1
Random unique PitchClassSequence of size 11: 3 b 2 6 5 0 4 7 9 1 8
Random unique PitchClassSequence of size 11: 6 0 4 a 7 1 b 5 2 8 3
Random unique PitchClassSequence of size 11: b 0 8 7 4 5 3 6 1 2 9
Random unique PitchClassSequence of size 11: 7 0 4 5 6 2 8 9 a b 3
Random unique PitchClassSequence of size 11: 3 a 6 7 5 1 4 9 0 8 b
Random unique PitchClassSequence of size 11: 8 7 5 9 4 2 1 b 3 0 6
Random unique PitchClassSequence of size 11: 2 7 0 6 4 5 9 a 8 3 1
Random unique PitchClassSequence of size 11: 1 8 0 a 4 5 2 b 7 6 9
Random unique PitchClassSequence of size 11: 3 5 7 9 8 0 2 1 4 a 6
Random unique PitchClassSequence of size 11: b 3 4 6 a 0 2 5 7 8 1
Random unique PitchClassSequence of size 11: a 0 4 6 8 2 9 1 3 5 b
Random unique PitchClassSequence of size 11: a 0 3 6 1 8 9 5 b 4 7
Random unique PitchClassSequence of size 11: 5 1 7 3 a 9 2 8 0 4 6
Random unique PitchClassSequence of size 11: 2 9 b 8 a 0 1 7 4 5 6
Random unique PitchClassSequence of size 11: 5 8 4 1 2 9 6 a 0 7 3
Random unique PitchClassSequence of size 11: 0 8 3 6 7 2 1 b 5 4 a
Random unique PitchClassSequence of size 11: 7 a 6 8 9 4 5 3 0 2 b
Random unique PitchClassSequence of size 11: a 1 7 8 6 0 9 4 b 2 5
Random unique PitchClassSequence of size 11: 5 0 2 8 1 6 3 9 a 4 7
Random unique PitchClassSequence of size 11: 7 2 3 b 0 a 8 5 6 9 1
Random unique PitchClassSequence of size 11: 3 1 0 2 5 a b 9 6 7 4
Random unique PitchClassSequence of size 11: 9 3 7 5 a b 1 2 0 4 8
Random unique PitchClassSequence of size 11: 5 3 1 a 0 7 4 9 6 b 2
Random unique PitchClassSequence of size 11: 0 4 a 6 8 1 3 b 9 5 7
Random unique PitchClassSequence of size 11: 6 3 0 9 4 5 a 8 b 7 2
Random unique PitchClassSequence of size 12: b 5 9 8 1 4 6 7 a 3 0 2
Random unique PitchClassSequence of size 12: 6 4 a 8 2 3 5 b 0 9 1 7
Random unique PitchClassSequence of size 12: 3 6 b 1 2 0 4 7 9 8 a 5
Random unique PitchClassSequence of size 12: b 3 4 1 2 9 8 0 7 5 6 a
Random unique PitchClassSequence of size 12: 5 0 3 a 7 8 9 6 4 2 b 1
Random unique PitchClassSequence of size 12: 4 5 9 7 0 1 6 3 a 2 8 b
Random unique PitchClassSequence of size 12: 8 4 b 2 6 5 3 1 0 7 a 9
Random unique PitchClassSequence of size 12: 7 1 5 8 0 3 9 6 b a 4 2
Random unique PitchClassSequence of size 12: 7 3 b 2 5 8 9 4 a 6 0 1
Random unique PitchClassSequence of size 12: 5 6 4 9 1 3 a b 0 8 2 7
Random unique PitchClassSequence of size 12: 5 a 8 9 0 3 2 1 7 b 6 4
Random unique PitchClassSequence of size 12: 2 b 5 1 0 3 6 4 a 9 7 8
Random unique PitchClassSequence of size 12: 3 7 4 a 5 0 b 1 6 8 2 9
Random unique PitchClassSequence of size 12: 8 0 9 4 a 3 6 b 1 2 5 7
Random unique PitchClassSequence of size 12: 1 b 8 7 0 5 4 6 2 9 3 a
Random unique PitchClassSequence of size 12: 7 0 8 4 9 b 6 1 5 2 3 a
Random unique PitchClassSequence of size 12: b a 0 8 4 7 9 1 2 6 5 3
Random unique PitchClassSequence of size 12: 5 7 8 a 9 4 3 2 1 b 0 6
Random unique PitchClassSequence of size 12: 4 3 8 1 9 2 b 6 5 a 0 7
Random unique PitchClassSequence of size 12: 0 2 1 6 8 7 9 b 4 5 a 3
Random unique PitchClassSequence of size 12: 0 7 2 4 1 b 8 5 3 9 a 6
Random unique PitchClassSequence of size 12: 3 0 1 5 4 7 2 8 b 6 a 9
Random unique PitchClassSequence of size 12: 9 3 4 0 2 5 7 8 6 b a 1
Random unique PitchClassSequence of size 12: 0 a 8 1 6 9 5 7 3 2 b 4
Random unique PitchClassSequence of size 12: 6 8 1 b 4 2 3 7 9 0 a 5
Random unique PitchClassSequence of size 12: 4 0 1 5 3 9 b a 7 2 8 6
Random unique PitchClassSequence of size 12: a 7 0 6 5 2 b 3 4 9 1 8
Random unique PitchClassSequence of size 12: a 6 7 8 5 1 9 2 0 b 3 4
Random unique PitchClassSequence of size 12: 0 9 1 a b 4 8 6 7 2 3 5
Random unique PitchClassSequence of size 12: 4 6 8 3 2 9 a 7 5 b 1 0
Random unique PitchClassSequence of size 12: 7 0 6 9 a 3 4 8 b 1 5 2
Random unique PitchClassSequence of size 12: 4 0 b a 8 3 6 7 2 5 1 9
Random unique PitchClassSequence of size 12: 9 8 1 3 a 0 2 5 6 7 4 b
Random unique PitchClassSequence of size 12: 0 9 5 a 2 1 6 4 8 3 b 7
Random unique PitchClassSequence of size 12: 5 0 8 9 6 2 4 b 3 a 7 1
Random unique PitchClassSequence of size 12: 5 6 b 8 3 1 a 4 7 9 2 0
Random unique PitchClassSequence of size 12: 8 a 9 7 4 3 b 5 0 1 6 2
Random unique PitchClassSequence of size 12: 3 4 7 b a 5 6 0 1 8 2 9
Random unique PitchClassSequence of size 12: 0 5 7 a 6 9 1 4 2 b 3 8
Random unique PitchClassSequence of size 12: b a 1 4 9 5 7 3 6 8 0 2
Random unique PitchClassSequence of size 12: 5 0 a 3 4 2 9 b 1 6 8 7
Random unique PitchClassSequence of size 12: 5 1 0 7 6 b a 4 3 2 9 8
Random unique PitchClassSequence of size 12: 4 b 3 5 7 2 8 1 0 9 6 a
Random unique PitchClassSequence of size 12: b 2 0 7 8 1 4 3 9 5 6 a
Random unique PitchClassSequence of size 12: 6 4 9 8 b 2 5 7 3 1 a 0
Random unique PitchClassSequence of size 12: 8 7 a 3 0 4 2 9 b 5 1 6
Random unique PitchClassSequence of size 12: 4 0 9 7 3 b 8 2 1 a 5 6
Random unique PitchClassSequence of size 12: 7 3 9 6 b 5 2 1 8 0 a 4
Random unique PitchClassSequence of size 12: 7 1 8 2 b 0 a 9 4 6 5 3
Random unique PitchClassSequence of size 12: 8 3 1 7 5 b 9 2 4 0 a 6
Random unique PitchClassSequence of size 12: 9 7 1 4 5 0 6 2 a 3 b 8
Random unique PitchClassSequence of size 12: 9 1 5 0 a 3 b 7 4 2 8 6
Random unique PitchClassSequence of size 12: 2 b 3 a 0 7 9 1 6 5 4 8
Random unique PitchClassSequence of size 12: 4 1 7 3 b 2 0 8 6 a 5 9
Random unique PitchClassSequence of size 12: 0 7 8 b 1 a 5 3 4 6 9 2
Random unique PitchClassSequence of size 12: 8 9 a 2 6 5 3 4 b 7 0 1
Random unique PitchClassSequence of size 12: 5 1 a 3 2 8 0 9 6 b 4 7
Random unique PitchClassSequence of size 12: 3 9 5 2 4 6 a 8 1 0 7 b
Random unique PitchClassSequence of size 12: 3 1 7 0 a 6 4 2 9 b 8 5
Random unique PitchClassSequence of size 12: a 7 1 6 3 4 5 b 0 9 8 2
Random unique PitchClassSequence of size 12: 4 8 2 6 b 7 a 0 1 9 5 3
Random unique PitchClassSequence of size 12: 7 9 1 3 a 4 2 6 0 b 5 8
Random unique PitchClassSequence of size 12: 3 b 4 5 0 7 6 a 8 1 9 2
Random unique PitchClassSequence of size 12: 6 8 3 b 4 5 1 9 7 a 2 0
Random unique PitchClassSequence of size 12: a 7 5 0 3 6 1 4 9 b 2 8
Random unique PitchClassSequence of size 12: a 6 2 4 1 5 0 3 8 7 9 b
Random unique PitchClassSequence of size 12: 1 a 4 b 9 0 7 5 2 3 8 6
Random unique PitchClassSequence of size 12: 0 7 a 6 8 2 4 1 9 b 5 3
Random unique PitchClassSequence of size 12: 9 5 2 a b 7 8 1 3 4 6 0
Random unique PitchClassSequence of size 12: b 4 2 9 5 8 7 3 1 a 0 6
Random unique PitchClassSequence of size 12: b 8 4 0 5 3 9 6 2 1 7 a
Random unique PitchClassSequence of size 12: 1 5 0 a 4 2 3 8 7 6 9 b
Random unique PitchClassSequence of size 12: b 5 9 3 7 1 a 0 2 8 6 4
Random unique PitchClassSequence of size 12: 3 1 4 0 6 b a 2 8 9 5 7
Random unique PitchClassSequence of size 12: 4 9 2 3 7 5 b 8 0 1 a 6
Random unique PitchClassSequence of size 12: 0 4 b 2 a 8 9 3 6 1 5 7
Random unique PitchClassSequence of size 12: 9 1 6 5 0 7 3 2 8 4 a b
Random unique PitchClassSequence of size 12: 6 9 b 2 1 8 0 a 4 7 5 3
Random unique PitchClassSequence of size 12: 2 7 b 5 3 8 a 6 9 4 1 0
Random unique PitchClassSequence of size 12: b 4 a 0 6 2 3 8 9 1 7 5
Random unique PitchClassSequence of size 12: 0 4 8 6 b 2 a 3 5 7 1 9
Random unique PitchClassSequence of size 12: 0 3 2 6 b a 9 4 5 8 7 1
Random unique PitchClassSequence of size 12: 3 5 6 8 7 2 0 a b 1 9 4
Random unique PitchClassSequence of size 12: b 6 5 3 8 2 1 7 0 a 9 4
Random unique PitchClassSequence of size 12: 3 6 b 2 1 8 4 0 a 7 5 9
Random unique PitchClassSequence of size 12: 4 6 b 8 3 2 5 7 9 1 0 a
Random unique PitchClassSequence of size 12: 1 3 2 b 6 9 a 0 4 8 5 7
Random unique PitchClassSequence of size 12: 2 b 0 a 8 5 3 4 7 6 9 1
Random unique PitchClassSequence of size 12: 5 a 1 0 3 b 2 7 6 8 4 9
Random unique PitchClassSequence of size 12: 6 1 2 4 9 0 a 8 3 b 7 5
Random unique PitchClassSequence of size 12: 8 b 7 4 2 9 0 1 6 3 a 5
Random unique PitchClassSequence of size 12: 5 3 9 b 0 2 1 8 4 a 7 6
Random unique PitchClassSequence of size 12: a 7 1 8 3 9 4 5 0 2 6 b
Random unique PitchClassSequence of size 12: b 1 a 4 9 0 3 7 6 2 8 5
Random unique PitchClassSequence of size 12: 0 4 9 1 6 a 5 3 7 b 8 2
Random unique PitchClassSequence of size 12: 9 5 a 4 6 b 0 8 1 2 3 7
Random unique PitchClassSequence of size 12: 6 0 7 5 9 2 4 a 3 8 b 1
Random unique PitchClassSequence of size 12: 8 3 9 2 5 6 1 7 b a 4 0
Random unique PitchClassSequence of size 12: 6 4 9 7 8 1 3 a 2 b 5 0
Random unique PitchClassSequence of size 12: a 8 3 2 5 7 4 0 6 9 1 b
Random unique PitchClassSequence of size 12: 8 1 a 5 9 6 b 2 7 4 0 3
Test random PitchSequences which can contain repeated pcs.
Random unique PitchSequence of size 0 in the range 11 to 28: <>
Random unique PitchSequence of size 0 in the range 2 to 2: <>
Random unique PitchSequence of size 0 in the range 9 to 26: <>
Random unique PitchSequence of size 0 in the range 8 to 23: <>
Random unique PitchSequence of size 0 in the range 16 to 92: <>
Random unique PitchSequence of size 0 in the range 0 to 17: <>
Random unique PitchSequence of size 0 in the range 2 to 31: <>
Random unique PitchSequence of size 0 in the range 7 to 13: <>
Random unique PitchSequence of size 0 in the range 5 to 41: <>
Random unique PitchSequence of size 0 in the range 20 to 93: <>
Random unique PitchSequence of size 0 in the range 3 to 42: <>
Random unique PitchSequence of size 0 in the range 21 to 51: <>
Random unique PitchSequence of size 0 in the range 2 to 66: <>
Random unique PitchSequence of size 0 in the range 9 to 76: <>
Random unique PitchSequence of size 0 in the range 20 to 56: <>
Random unique PitchSequence of size 0 in the range 17 to 26: <>
Random unique PitchSequence of size 0 in the range 12 to 15: <>
Random unique PitchSequence of size 0 in the range 19 to 79: <>
Random unique PitchSequence of size 0 in the range 14 to 57: <>
Random unique PitchSequence of size 0 in the range 21 to 66: <>
Random unique PitchSequence of size 0 in the range 1 to 56: <>
Random unique PitchSequence of size 0 in the range 3 to 20: <>
Random unique PitchSequence of size 0 in the range 21 to 58: <>
Random unique PitchSequence of size 0 in the range 5 to 71: <>
Random unique PitchSequence of size 0 in the range 11 to 16: <>
Random unique PitchSequence of size 0 in the range 7 to 74: <>
Random unique PitchSequence of size 0 in the range 5 to 51: <>
Random unique PitchSequence of size 0 in the range 14 to 15: <>
Random unique PitchSequence of size 0 in the range 18 to 92: <>
Random unique PitchSequence of size 0 in the range 20 to 41: <>
Random unique PitchSequence of size 0 in the range 6 to 56: <>
Random unique PitchSequence of size 0 in the range 9 to 31: <>
Random unique PitchSequence of size 0 in the range 12 to 80: <>
Random unique PitchSequence of size 0 in the range 22 to 50: <>
Random unique PitchSequence of size 0 in the range 17 to 33: <>
Random unique PitchSequence of size 0 in the range 15 to 30: <>
Random unique PitchSequence of size 0 in the range 7 to 26: <>
Random unique PitchSequence of size 0 in the range 20 to 66: <>
Random unique PitchSequence of size 0 in the range 2 to 12: <>
Random unique PitchSequence of size 0 in the range 19 to 46: <>
Random unique PitchSequence of size 0 in the range 18 to 90: <>
Random unique PitchSequence of size 0 in the range 14 to 65: <>
Random unique PitchSequence of size 0 in the range 14 to 16: <>
Random unique PitchSequence of size 0 in the range 13 to 41: <>
Random unique PitchSequence of size 0 in the range 17 to 41: <>
Random unique PitchSequence of size 0 in the range 8 to 79: <>
Random unique PitchSequence of size 0 in the range 12 to 42: <>
Random unique PitchSequence of size 0 in the range 12 to 32: <>
Random unique PitchSequence of size 0 in the range 8 to 81: <>
Random unique PitchSequence of size 0 in the range 23 to 28: <>
Random unique PitchSequence of size 0 in the range 6 to 27: <>
Random unique PitchSequence of size 0 in the range 8 to 19: <>
Random unique PitchSequence of size 0 in the range 5 to 23: <>
Random unique PitchSequence of size 0 in the range 16 to 28: <>
Random unique PitchSequence of size 0 in the range 6 to 70: <>
Random unique PitchSequence of size 0 in the range 7 to 46: <>
Random unique PitchSequence of size 0 in the range 15 to 94: <>
Random unique PitchSequence of size 0 in the range 21 to 67: <>
Random unique PitchSequence of size 0 in the range 3 to 60: <>
Random unique PitchSequence of size 0 in the range 22 to 71: <>
Random unique PitchSequence of size 0 in the range 3 to 46: <>
Random unique PitchSequence of size 0 in the range 17 to 45: <>
Random unique PitchSequence of size 0 in the range 3 to 65: <>
Random unique PitchSequence of size 0 in the range 13 to 67: <>
Random unique PitchSequence of size 0 in the range 3 to 7: <>
Random unique PitchSequence of size 0 in the range 9 to 35: <>
Random unique PitchSequence of size 0 in the range 8 to 54: <>
Random unique PitchSequence of size 0 in the range 6 to 41: <>
Random unique PitchSequence of size 0 in the range 15 to 58: <>
Random unique PitchSequence of size 0 in the range 10 to 27: <>
Random unique PitchSequence of size 0 in the range 13 to 39: <>
Random unique PitchSequence of size 0 in the range 12 to 52: <>
Random unique PitchSequence of size 0 in the range 22 to 54: <>
Random unique PitchSequence of size 0 in the range 0 to 23: <>
Random unique PitchSequence of size 0 in the range 16 to 53: <>
Random unique PitchSequence of size 0 in the range 6 to 12: <>
Random unique PitchSequence of size 0 in the range 3 to 44: <>
Random unique PitchSequence of size 0 in the range 3 to 75: <>
Random unique PitchSequence of size 0 in the range 23 to 59: <>
Random unique PitchSequence of size 0 in the range 19 to 67: <>
Random unique PitchSequence of size 0 in the range 10 to 69: <>
Random unique PitchSequence of size 0 in the range 16 to 80: <>
Random unique PitchSequence of size 0 in the range 5 to 84: <>
Random unique PitchSequence of size 0 in the range 20 to 49: <>
Random unique PitchSequence of size 0 in the range 17 to 80: <>
[...]
Random unique PitchSequence of size 23 in the range 1 to 52: <18 50 7 33 24 28 31 9 52 12 8 51 5 17 45 24 15 23 50 25 46 38 42>
Random unique PitchSequence of size 23 in the range 21 to 89: <58 80 57 68 25 38 85 52 85 52 23 77 72 48 38 70 39 60 38 53 52 42 26>
Random unique PitchSequence of size 23 in the range 7 to 42: <21 13 16 10 12 7 34 40 32 10 33 8 17 29 40 10 14 27 24 15 13 41 42>
Random unique PitchSequence of size 23 in the range 22 to 47: <24 26 31 24 46 35 36 45 33 29 35 23 45 32 36 45 22 26 30 44 45 46 41>
Random unique PitchSequence of size 23 in the range 0 to 76: <19 5 0 75 52 73 24 19 54 41 47 62 69 17 48 38 58 32 2 50 45 12 29>
Random unique PitchSequence of size 23 in the range 21 to 89: <43 51 78 41 60 85 53 31 69 40 86 41 59 73 41 37 78 37 74 36 86 58 80>
Random unique PitchSequence of size 23 in the range 12 to 31: <18 23 21 20 31 13 21 17 25 18 26 15 26 16 31 23 20 23 30 21 12 31 20>
Random unique PitchSequence of size 23 in the range 19 to 88: <52 65 48 46 85 83 53 40 77 66 37 79 59 81 73 25 21 54 64 70 21 64 70>
Random unique PitchSequence of size 23 in the range 21 to 36: <26 27 34 21 21 24 33 26 35 30 30 28 34 23 36 28 28 26 28 36 32 36 23>
Random unique PitchSequence of size 23 in the range 10 to 71: <31 60 43 17 25 71 52 49 10 20 38 71 10 11 30 28 44 43 22 19 52 23 17>
Random unique PitchSequence of size 23 in the range 14 to 14: <14 14 14 14 14 14 14 14 14 14 14 14 14 14 14 14 14 14 14 14 14 14 14>
Random unique PitchSequence of size 23 in the range 20 to 69: <33 31 28 38 52 58 55 47 68 45 66 51 57 42 61 43 42 35 38 24 21 57 69>
Random unique PitchSequence of size 23 in the range 17 to 46: <43 39 25 42 44 37 31 41 43 42 24 38 22 38 40 25 18 25 33 29 23 34 26>
Random unique PitchSequence of size 23 in the range 18 to 43: <27 22 39 20 27 30 41 35 34 26 25 25 31 37 26 31 31 33 27 38 19 40 37>
Random unique PitchSequence of size 23 in the range 3 to 40: <5 32 23 38 37 29 12 7 24 19 35 38 16 27 6 15 12 29 30 19 22 22 25>
Random unique PitchSequence of size 23 in the range 4 to 27: <6 9 8 22 11 4 13 17 12 10 26 6 7 20 18 20 23 7 5 26 21 6 15>
Random unique PitchSequence of size 23 in the range 21 to 44: <38 31 25 33 23 23 36 44 32 29 25 26 35 23 24 44 39 36 40 43 29 42 37>
Random unique PitchSequence of size 23 in the range 5 to 26: <11 25 11 21 21 6 17 22 12 23 20 14 16 25 5 19 15 9 8 22 23 10 26>
Random unique PitchSequence of size 23 in the range 10 to 23: <14 19 14 22 20 13 11 21 20 21 22 17 20 12 12 10 10 12 23 22 15 12 15>
Random unique PitchSequence of size 23 in the range 23 to 63: <43 47 26 50 32 41 33 23 28 28 23 62 47 53 38 50 46 36 46 30 34 26 41>
Random unique PitchSequence of size 23 in the range 0 to 67: <21 46 20 6 31 0 3 3 34 24 33 33 32 43 65 11 40 18 9 17 66 27 46>
Random unique PitchSequence of size 23 in the range 10 to 75: <32 62 34 42 68 16 60 70 21 35 71 36 26 11 22 53 12 38 70 15 18 52 68>
Random unique PitchSequence of size 23 in the range 5 to 11: <5 8 6 10 10 6 10 11 9 6 10 9 6 6 10 8 7 6 6 5 11 6 5>
Random unique PitchSequence of size 23 in the range 4 to 54: <12 8 38 39 32 51 11 30 5 24 52 10 25 40 14 44 6 45 21 49 15 27 5>
Random unique PitchSequence of size 23 in the range 8 to 79: <68 73 50 57 70 69 53 54 75 46 61 36 75 31 11 16 74 77 20 53 42 35 68>
Random unique PitchSequence of size 23 in the range 14 to 28: <23 19 23 15 26 23 26 20 14 28 16 14 20 28 21 28 15 18 23 18 15 26 16>
Random unique PitchSequence of size 23 in the range 8 to 22: <21 16 8 13 11 13 12 10 17 18 12 17 9 22 22 15 12 18 9 9 21 19 12>
Random unique PitchSequence of size 23 in the range 11 to 67: <25 56 32 28 50 63 67 17 30 20 64 46 42 20 13 32 33 36 19 23 64 36 20>
Random unique PitchSequence of size 23 in the range 13 to 41: <23 31 26 19 23 37 35 23 31 31 15 27 40 36 35 18 16 39 39 34 16 30 32>
Random unique PitchSequence of size 23 in the range 22 to 99: <29 62 73 93 32 64 36 99 28 74 51 48 62 48 67 38 52 66 45 81 47 85 25>
Random unique PitchSequence of size 23 in the range 9 to 34: <11 15 31 25 11 13 30 21 30 28 20 33 23 19 32 15 23 19 27 9 12 22 33>
Random unique PitchSequence of size 23 in the range 15 to 29: <27 16 26 28 22 25 19 22 28 28 19 19 29 20 20 15 23 24 19 18 29 24 22>
Random unique PitchSequence of size 23 in the range 11 to 54: <50 36 31 40 18 48 19 25 44 53 26 19 34 49 26 18 37 48 19 43 12 40 33>
Random unique PitchSequence of size 23 in the range 17 to 23: <17 19 18 17 22 20 19 17 17 21 22 17 19 19 21 18 19 20 17 20 23 18 22>
Random unique PitchSequence of size 23 in the range 16 to 88: <75 64 45 22 21 55 18 71 41 47 18 55 22 31 20 60 28 42 68 42 62 56 73>
Random unique PitchSequence of size 23 in the range 3 to 61: <23 45 25 58 14 12 12 32 37 48 41 24 55 21 55 34 16 32 43 9 23 40 8>
Random unique PitchSequence of size 23 in the range 14 to 49: <35 36 27 34 28 31 39 44 23 35 29 20 20 15 44 24 39 15 31 36 23 43 18>
Random unique PitchSequence of size 23 in the range 17 to 79: <76 72 44 30 41 77 35 75 68 77 43 24 44 36 70 35 76 54 32 33 32 33 35>
Random unique PitchSequence of size 23 in the range 14 to 32: <31 26 29 14 31 25 29 19 22 22 15 14 15 15 24 18 23 31 14 16 17 29 31>
Random unique PitchSequence of size 23 in the range 6 to 26: <21 8 9 13 7 13 11 24 20 12 6 19 11 19 13 22 23 12 8 12 18 7 16>
Random unique PitchSequence of size 23 in the range 5 to 69: <26 16 49 44 20 27 9 65 33 59 26 65 69 8 7 24 35 26 39 10 41 69 29>
Random unique PitchSequence of size 23 in the range 8 to 39: <25 36 23 13 24 36 30 29 31 32 38 9 9 34 21 34 26 29 36 35 31 34 30>
Random unique PitchSequence of size 23 in the range 7 to 37: <31 14 30 36 7 14 32 37 34 16 11 24 23 17 9 17 12 12 26 8 33 28 29>
Random unique PitchSequence of size 24 in the range 0 to 38: <22 13 11 1 10 7 37 34 25 11 7 33 1 33 2 29 7 13 19 18 32 19 3 21>
Random unique PitchSequence of size 24 in the range 9 to 62: <30 50 45 12 29 40 39 32 28 37 25 23 17 39 13 55 47 40 50 28 46 54 46 37>
Random unique PitchSequence of size 24 in the range 5 to 57: <31 40 19 24 24 23 50 39 33 47 26 18 15 29 36 49 21 30 55 53 51 33 36 23>
Random unique PitchSequence of size 24 in the range 2 to 73: <11 16 21 45 33 4 7 29 21 66 48 25 17 35 58 32 64 42 19 48 39 73 58 6>
Random unique PitchSequence of size 24 in the range 4 to 31: <14 27 5 6 8 27 30 15 6 4 14 27 27 5 14 15 28 21 8 19 15 13 20 11>
Random unique PitchSequence of size 24 in the range 20 to 39: <33 35 38 21 24 25 36 38 27 34 27 22 30 23 29 22 22 38 21 24 29 26 28 32>
Random unique PitchSequence of size 24 in the range 22 to 31: <29 31 31 23 26 27 30 22 25 30 30 24 23 27 25 27 28 27 29 29 25 27 31 22>
Random unique PitchSequence of size 24 in the range 5 to 44: <25 24 33 5 15 7 21 20 39 20 6 22 19 39 37 29 38 37 34 20 29 44 20 37>
Random unique PitchSequence of size 24 in the range 22 to 41: <33 28 34 41 29 28 28 25 38 38 38 41 36 38 24 35 28 39 36 41 39 36 23 36>
Random unique PitchSequence of size 24 in the range 21 to 84: <50 23 39 69 45 23 22 52 45 40 73 79 50 66 60 69 70 70 63 46 29 82 49 68>
Random unique PitchSequence of size 24 in the range 21 to 68: <52 62 42 66 42 26 37 54 48 35 23 30 44 28 42 23 30 39 49 58 25 56 62 40>
Random unique PitchSequence of size 24 in the range 11 to 22: <14 22 20 14 21 21 18 15 19 15 20 18 12 17 13 17 22 16 15 22 18 12 20 21>
Random unique PitchSequence of size 24 in the range 4 to 82: <29 71 4 23 6 74 82 55 46 51 77 33 56 16 24 15 69 66 40 17 4 50 29 10>
Random unique PitchSequence of size 24 in the range 8 to 55: <25 54 37 30 44 23 36 55 8 32 37 26 38 16 32 35 14 17 13 53 25 14 19 34>
Random unique PitchSequence of size 24 in the range 22 to 59: <35 52 41 51 32 46 39 54 22 58 24 57 33 46 49 24 59 48 32 45 48 27 51 36>
Random unique PitchSequence of size 24 in the range 0 to 21: <9 17 7 1 11 7 16 20 10 17 9 14 3 10 17 15 10 8 3 19 17 9 2 18>
Random unique PitchSequence of size 24 in the range 7 to 67: <39 59 39 34 41 36 54 32 52 33 31 38 34 63 57 38 31 17 64 45 35 66 65 10>
Random unique PitchSequence of size 24 in the range 16 to 93: <48 38 45 69 26 74 53 68 28 30 62 57 25 87 80 57 62 29 59 93 87 37 65 58>
Random unique PitchSequence of size 24 in the range 20 to 67: <21 65 32 66 33 66 58 62 26 47 29 23 65 48 66 33 47 53 62 59 55 47 20 38>
Random unique PitchSequence of size 24 in the range 8 to 12: <11 10 10 12 9 9 11 9 10 11 9 9 9 8 10 11 12 8 11 10 9 12 11 8>
Random unique PitchSequence of size 24 in the range 8 to 27: <8 8 23 8 25 23 17 11 22 27 12 27 22 24 20 16 9 9 23 19 16 22 26 9>
Random unique PitchSequence of size 24 in the range 7 to 9: <9 7 7 7 9 9 8 8 8 8 8 8 8 7 9 9 8 7 8 8 7 8 7 9>
Random unique PitchSequence of size 24 in the range 17 to 84: <32 26 83 71 68 19 20 31 68 70 81 25 33 47 39 50 30 62 46 50 64 81 21 42>
Random unique PitchSequence of size 24 in the range 21 to 98: <66 73 84 92 66 45 22 62 86 24 80 41 68 78 49 74 84 94 34 94 43 87 44 97>
Random unique PitchSequence of size 24 in the range 5 to 29: <23 21 28 7 26 25 14 16 19 21 6 14 5 19 19 23 26 7 5 27 7 23 29 29>
Random unique PitchSequence of size 24 in the range 2 to 45: <6 19 40 17 38 15 32 28 31 29 39 29 42 29 15 30 20 25 43 42 42 6 44 17>
Random unique PitchSequence of size 24 in the range 12 to 51: <43 22 47 23 33 45 46 30 24 29 34 19 28 15 15 44 42 15 23 19 38 16 49 41>
Random unique PitchSequence of size 24 in the range 8 to 45: <35 44 27 44 11 36 12 24 28 37 31 19 26 37 9 32 32 28 28 38 38 15 12 45>
Random unique PitchSequence of size 24 in the range 11 to 31: <17 15 11 18 18 22 29 14 14 24 17 23 15 31 12 30 11 19 14 13 31 14 17 11>
Random unique PitchSequence of size 24 in the range 15 to 39: <19 30 26 29 34 30 32 29 38 39 37 18 28 35 33 17 22 16 25 30 24 35 28 18>
Random unique PitchSequence of size 24 in the range 10 to 46: <45 27 15 38 20 29 24 15 16 45 30 19 15 15 46 44 29 43 30 24 18 19 26 18>
Random unique PitchSequence of size 24 in the range 5 to 26: <20 16 6 18 16 18 24 14 7 11 18 18 25 7 10 22 14 7 22 5 16 5 5 25>
Random unique PitchSequence of size 24 in the range 11 to 11: <11 11 11 11 11 11 11 11 11 11 11 11 11 11 11 11 11 11 11 11 11 11 11 11>
Random unique PitchSequence of size 24 in the range 23 to 30: <28 24 26 30 25 26 26 25 30 23 26 26 23 23 29 26 25 29 26 23 28 25 27 30>
Random unique PitchSequence of size 24 in the range 15 to 36: <34 26 18 23 25 17 24 22 15 19 29 32 35 34 18 28 16 31 20 25 34 24 24 26>
Random unique PitchSequence of size 24 in the range 1 to 37: <20 26 3 23 19 33 1 31 18 22 1 7 13 27 15 23 27 37 35 16 7 30 19 8>
Random unique PitchSequence of size 24 in the range 7 to 16: <7 10 14 13 11 7 12 14 7 16 14 13 15 16 15 9 15 16 13 13 10 12 9 15>
Random unique PitchSequence of size 24 in the range 22 to 35: <27 27 35 32 26 35 35 27 28 23 35 29 27 27 33 22 34 33 32 33 29 30 30 22>
Random unique PitchSequence of size 24 in the range 4 to 44: <12 28 38 10 31 40 43 8 24 37 12 32 4 30 44 14 8 18 5 7 29 9 7 11>
Random unique PitchSequence of size 24 in the range 13 to 45: <23 23 38 22 35 27 24 45 27 41 40 35 27 16 44 33 13 16 38 18 27 19 13 26>
Random unique PitchSequence of size 24 in the range 3 to 31: <25 8 7 6 24 13 6 8 14 12 22 22 29 18 23 16 28 10 21 14 30 22 15 29>
Random unique PitchSequence of size 24 in the range 0 to 13: <6 9 1 0 7 6 9 0 5 7 6 2 10 7 9 10 12 5 8 13 7 11 8 0>
Random unique PitchSequence of size 24 in the range 16 to 27: <24 18 16 18 26 22 24 21 19 18 16 18 20 24 20 25 20 23 23 16 23 17 25 21>
Random unique PitchSequence of size 24 in the range 2 to 71: <54 21 2 20 23 18 53 15 31 70 58 21 56 44 63 69 35 68 2 10 25 34 14 18>
Random unique PitchSequence of size 24 in the range 14 to 72: <67 38 72 72 26 55 40 56 15 69 24 21 24 66 39 32 38 34 64 72 22 49 67 56>
Random unique PitchSequence of size 24 in the range 4 to 66: <17 27 37 14 62 60 65 36 64 55 18 25 66 42 38 47 19 27 34 45 42 41 12 46>
Random unique PitchSequence of size 24 in the range 1 to 16: <10 16 3 16 9 6 6 11 13 13 14 11 12 3 13 3 6 16 13 5 5 2 4 7>
Random unique PitchSequence of size 24 in the range 11 to 62: <41 42 53 47 17 16 29 48 54 21 38 60 24 30 16 14 21 35 54 11 38 56 48 54>
Random unique PitchSequence of size 24 in the range 16 to 37: <25 25 17 21 35 29 32 31 25 30 37 35 27 24 34 36 20 33 26 33 22 21 37 17>
Random unique PitchSequence of size 24 in the range 18 to 58: <36 44 29 46 22 23 47 46 38 18 37 47 25 48 28 46 35 56 45 40 48 43 30 19>
Random unique PitchSequence of size 24 in the range 2 to 59: <24 40 20 4 41 22 47 37 41 51 31 9 55 3 24 19 20 37 18 26 20 42 18 40>
Random unique PitchSequence of size 24 in the range 8 to 68: <60 40 16 15 63 41 28 44 26 68 47 8 15 12 49 22 67 44 18 61 32 15 15 20>
Random unique PitchSequence of size 24 in the range 4 to 53: <52 47 42 44 6 17 10 35 37 10 40 12 29 35 48 50 38 11 37 33 7 46 22 6>
Random unique PitchSequence of size 24 in the range 6 to 45: <18 38 29 38 31 40 45 13 41 27 44 15 41 7 39 16 19 6 19 26 22 33 41 43>
Random unique PitchSequence of size 24 in the range 20 to 47: <39 21 38 26 44 35 46 41 38 47 30 34 33 24 37 31 21 28 26 44 45 31 22 47>
Random unique PitchSequence of size 24 in the range 7 to 73: <24 21 19 46 40 31 49 21 21 15 59 50 49 66 62 19 14 68 34 30 30 65 49 11>
Random unique PitchSequence of size 24 in the range 5 to 8: <7 8 8 8 8 7 7 7 8 8 8 5 6 5 8 8 5 5 6 6 7 5 5 8>
Random unique PitchSequence of size 24 in the range 12 to 34: <21 18 23 12 24 26 19 15 20 12 20 25 24 29 34 32 19 23 22 13 19 29 21 21>
Random unique PitchSequence of size 24 in the range 7 to 70: <36 34 61 9 34 25 61 31 43 57 35 42 33 50 37 51 7 45 51 18 68 69 27 64>
Random unique PitchSequence of size 24 in the range 11 to 72: <59 37 43 55 48 14 71 56 21 65 53 72 63 55 66 35 66 56 23 44 38 39 66 17>
Random unique PitchSequence of size 24 in the range 2 to 39: <32 13 7 5 16 5 38 17 33 8 35 39 34 27 19 6 39 26 4 2 19 21 36 10>
Random unique PitchSequence of size 24 in the range 19 to 24: <20 24 20 23 23 19 20 24 22 24 24 24 24 21 20 23 21 23 23 20 22 22 24 21>
Random unique PitchSequence of size 24 in the range 23 to 99: <70 75 32 96 33 57 98 71 50 37 88 24 90 81 56 53 62 84 72 58 36 98 99 52>
Random unique PitchSequence of size 24 in the range 7 to 58: <17 32 55 20 28 19 9 50 27 37 55 26 33 31 28 17 52 12 38 52 45 13 18 19>
Random unique PitchSequence of size 24 in the range 11 to 90: <71 83 40 69 39 15 28 61 46 38 59 57 29 26 79 62 90 74 84 82 67 45 75 31>
Random unique PitchSequence of size 24 in the range 5 to 25: <18 10 24 18 15 18 8 10 17 11 16 23 21 16 23 24 12 5 17 5 7 10 13 15>
Random unique PitchSequence of size 24 in the range 17 to 31: <26 24 30 27 29 26 30 27 31 30 19 30 26 25 26 29 27 26 21 25 27 27 24 24>
Random unique PitchSequence of size 24 in the range 9 to 55: <45 53 49 18 25 13 28 40 30 44 9 42 49 49 15 48 49 33 53 36 24 42 11 18>
Random unique PitchSequence of size 24 in the range 3 to 82: <18 60 14 66 23 29 21 73 49 22 69 28 31 31 76 41 29 62 30 39 45 45 7 52>
Random unique PitchSequence of size 24 in the range 18 to 23: <22 22 20 19 22 19 20 21 20 21 18 20 23 22 22 21 22 20 19 20 19 20 18 22>
Random unique PitchSequence of size 24 in the range 5 to 55: <52 33 44 43 38 35 13 52 14 17 7 18 27 53 19 35 21 54 38 15 15 28 50 55>
Random unique PitchSequence of size 24 in the range 1 to 26: <11 12 14 18 18 22 19 19 6 5 18 16 10 3 20 18 25 24 17 13 2 19 18 3>
Random unique PitchSequence of size 24 in the range 14 to 80: <31 52 63 80 24 74 27 25 16 61 49 43 29 26 44 28 71 68 30 15 52 46 52 35>
Random unique PitchSequence of size 24 in the range 18 to 95: <61 44 45 52 80 37 81 26 89 50 52 32 79 23 85 82 67 38 68 23 39 41 58 49>
Random unique PitchSequence of size 24 in the range 19 to 73: <48 37 33 27 30 36 29 55 43 44 38 61 25 33 71 47 43 47 37 62 40 53 46 54>
Random unique PitchSequence of size 24 in the range 1 to 19: <11 13 9 15 1 4 2 17 11 15 16 9 2 11 17 13 1 13 18 3 17 15 19 10>
Random unique PitchSequence of size 24 in the range 10 to 82: <18 76 63 54 34 37 45 75 52 43 26 22 52 29 32 73 81 67 46 69 65 44 29 80>
Random unique PitchSequence of size 24 in the range 2 to 4: <4 4 4 2 3 2 4 4 2 3 3 3 3 3 2 4 2 4 3 4 3 4 3 3>
Random unique PitchSequence of size 24 in the range 16 to 61: <35 28 20 18 30 44 52 35 43 23 52 17 33 59 24 58 56 25 16 21 17 31 51 25>
Random unique PitchSequence of size 24 in the range 20 to 77: <25 61 25 25 27 24 46 58 38 29 62 52 31 28 47 71 33 36 22 45 59 37 50 69>
Random unique PitchSequence of size 24 in the range 23 to 26: <25 25 25 26 23 25 26 25 26 23 24 24 26 23 25 24 25 26 25 23 24 24 26 23>
Random unique PitchSequence of size 24 in the range 11 to 89: <51 60 84 77 62 28 77 57 51 86 48 69 62 31 70 14 55 66 70 27 25 11 30 57>
Random unique PitchSequence of size 24 in the range 8 to 81: <64 35 51 67 65 50 68 10 49 21 8 15 19 10 65 52 25 9 75 52 77 17 9 42>
Random unique PitchSequence of size 24 in the range 16 to 31: <17 24 31 26 30 24 28 18 21 24 26 16 17 21 26 31 21 17 18 18 17 18 28 20>
Random unique PitchSequence of size 24 in the range 17 to 56: <28 29 21 38 41 53 30 21 47 27 26 22 24 22 37 56 35 18 35 23 43 50 19 30>
Random unique PitchSequence of size 24 in the range 16 to 74: <70 51 65 35 63 26 58 54 23 60 21 16 48 56 42 52 22 35 68 65 74 16 41 60>
Random unique PitchSequence of size 24 in the range 11 to 74: <24 48 19 52 29 15 69 25 17 70 39 63 37 46 32 58 28 19 61 55 65 23 69 69>
Random unique PitchSequence of size 24 in the range 14 to 54: <46 38 15 25 37 50 34 20 39 19 49 30 50 52 32 34 33 42 47 14 41 36 47 40>
Random unique PitchSequence of size 24 in the range 18 to 93: <83 81 78 28 68 43 43 79 48 36 79 20 86 24 44 82 76 87 65 51 76 65 56 74>
Random unique PitchSequence of size 24 in the range 5 to 24: <10 13 10 16 5 8 19 19 18 14 11 21 5 21 22 20 9 5 10 20 18 14 23 9>
Random unique PitchSequence of size 24 in the range 1 to 71: <12 60 7 20 30 41 11 7 26 70 16 51 60 44 49 63 16 29 27 4 61 25 19 62>
Random unique PitchSequence of size 24 in the range 15 to 72: <66 41 66 55 53 33 47 63 28 67 72 23 20 47 41 40 25 50 59 22 42 55 30 16>
Random unique PitchSequence of size 24 in the range 10 to 49: <10 24 36 22 25 36 44 36 12 21 23 18 41 42 31 35 32 48 39 16 24 17 13 41>
Random unique PitchSequence of size 24 in the range 19 to 60: <26 51 21 30 58 41 33 22 52 60 38 20 48 28 44 39 53 43 50 42 43 47 24 23>
Random unique PitchSequence of size 24 in the range 16 to 23: <18 19 21 19 19 20 20 23 17 22 18 18 18 21 21 17 22 18 18 23 16 23 18 18>
Random unique PitchSequence of size 24 in the range 14 to 87: <43 66 51 77 56 72 36 41 78 28 63 43 72 85 74 52 72 54 29 35 82 71 65 83>
Random unique PitchSequence of size 24 in the range 17 to 37: <18 36 19 36 20 19 30 30 33 35 17 31 21 27 19 24 27 25 32 34 19 24 17 28>
Random unique PitchSequence of size 24 in the range 16 to 90: <42 68 21 47 74 47 64 25 30 61 23 62 37 67 21 72 55 16 31 38 38 61 74 21>
Random unique PitchSequence of size 24 in the range 18 to 32: <23 30 24 22 21 32 24 30 21 20 25 32 27 30 29 24 31 30 32 30 27 22 20 20>
Random unique PitchSequence of size 24 in the range 2 to 38: <20 2 24 24 12 25 34 20 15 10 32 16 14 38 11 19 13 29 9 35 33 14 20 26>
Random unique PitchSequence of size 24 in the range 1 to 79: <35 19 28 26 21 29 57 41 3 60 11 43 14 10 10 17 12 73 34 28 72 46 37 36>
]]></system-out>
  </testcase>
  <testcase name="testShuffle" classname="org.paulmarquardt.setTheory.TestSequenceUtils" time="0.0"/>
  <testcase name="testEmbeddedSequences" classname="org.paulmarquardt.setTheory.TestSequenceUtils" time="0.0">
    <system-err><![CDATA[Jun 26, 2026 11:00:38 AM org.paulmarquardt.setTheory.TestSequenceUtils testEmbeddedSequences
INFO: {"@type":"pitch_class_sequence","members":[0,1,2,3],"name":"A random PitchSequence"}
Jun 26, 2026 11:00:38 AM org.paulmarquardt.setTheory.TestSequenceUtils testEmbeddedSequences
INFO: 0 1 2 3
Jun 26, 2026 11:00:38 AM org.paulmarquardt.setTheory.TestSequenceUtils testEmbeddedSequences
INFO: 1 4 0 7 2 a 8 a 3 9 a 0 1 6 1 0 a 9 2 1 3 5 4 9
Jun 26, 2026 11:00:38 AM org.paulmarquardt.setTheory.utils.SequenceUtils getEmbeddedSubsequences
INFO: Testing AT you sukc at: org.paulmarquardt.setTheory.utils.SequenceUtils
]]></system-err>
  </testcase>
</testsuite>