<?xml version="1.0" encoding="UTF-8"?>
<testsuite xmlns:xsi="http://www.w3.org/2001/XMLSchema-instance" xsi:noNamespaceSchemaLocation="https://maven.apache.org/surefire/maven-surefire-plugin/xsd/surefire-test-report-3.0.xsd" version="3.0" name="com.newscores.setTheory.TestSequenceUtils" time="0.026" tests="3" errors="0" skipped="0" failures="0">
  <properties>
[...]
</properties>
  <testcase name="testRandomSequences" classname="com.newscores.setTheory.TestSequenceUtils" time="0.025">
    <system-out><![CDATA[Test random PitchClassSequences without repeated pcs.
Random unique PitchClassSequence of size 0: 
Random unique PitchClassSequence of size 0: 
Random unique PitchClassSequence of size 0: 
Random unique PitchClassSequence of size 0: 
Random unique PitchClassSequence of size 0: 
Random unique PitchClassSequence of size 0: 
Random unique PitchClassSequence of size 0: 
Random unique PitchClassSequence of size 0: 
Random unique PitchClassSequence of size 0: 
Random unique PitchClassSequence of size 0: 
Random unique PitchClassSequence of size 0: 
Random unique PitchClassSequence of size 0: 
Random unique PitchClassSequence of size 0: 
Random unique PitchClassSequence of size 0: 
Random unique PitchClassSequence of size 0: 
Random unique PitchClassSequence of size 0: 
Random unique PitchClassSequence of size 0: 
Random unique PitchClassSequence of size 0: 
Random unique PitchClassSequence of size 0: 
Random unique PitchClassSequence of size 0: 
Random unique PitchClassSequence of size 0: 
Random unique PitchClassSequence of size 0: 
Random unique PitchClassSequence of size 0: 
Random unique PitchClassSequence of size 0: 
Random unique PitchClassSequence of size 0: 
Random unique PitchClassSequence of size 0: 
Random unique PitchClassSequence of size 0: 
Random unique PitchClassSequence of size 0: 
Random unique PitchClassSequence of size 0: 
Random unique PitchClassSequence of size 0: 
Random unique PitchClassSequence of size 0: 
Random unique PitchClassSequence of size 0: 
Random unique PitchClassSequence of size 0: 
Random unique PitchClassSequence of size 0: 
Random unique PitchClassSequence of size 0: 
Random unique PitchClassSequence of size 0: 
Random unique PitchClassSequence of size 0: 
Random unique PitchClassSequence of size 0: 
Random unique PitchClassSequence of size 0: 
Random unique PitchClassSequence of size 0: 
Random unique PitchClassSequence of size 0: 
Random unique PitchClassSequence of size 0: 
Random unique PitchClassSequence of size 0: 
Random unique PitchClassSequence of size 0: 
Random unique PitchClassSequence of size 0: 
Random unique PitchClassSequence of size 0: 
Random unique PitchClassSequence of size 0: 
Random unique PitchClassSequence of size 0: 
Random unique PitchClassSequence of size 0: 
Random unique PitchClassSequence of size 0: 
Random unique PitchClassSequence of size 0: 
Random unique PitchClassSequence of size 0: 
Random unique PitchClassSequence of size 0: 
Random unique PitchClassSequence of size 0: 
Random unique PitchClassSequence of size 0: 
Random unique PitchClassSequence of size 0: 
Random unique PitchClassSequence of size 0: 
Random unique PitchClassSequence of size 0: 
Random unique PitchClassSequence of size 0: 
Random unique PitchClassSequence of size 0: 
Random unique PitchClassSequence of size 0: 
Random unique PitchClassSequence of size 0: 
Random unique PitchClassSequence of size 0: 
Random unique PitchClassSequence of size 0: 
Random unique PitchClassSequence of size 0: 
Random unique PitchClassSequence of size 0: 
Random unique PitchClassSequence of size 0: 
Random unique PitchClassSequence of size 0: 
Random unique PitchClassSequence of size 0: 
Random unique PitchClassSequence of size 0: 
Random unique PitchClassSequence of size 0: 
Random unique PitchClassSequence of size 0: 
Random unique PitchClassSequence of size 0: 
Random unique PitchClassSequence of size 0: 
Random unique PitchClassSequence of size 0: 
Random unique PitchClassSequence of size 0: 
Random unique PitchClassSequence of size 0: 
Random unique PitchClassSequence of size 0: 
Random unique PitchClassSequence of size 0: 
Random unique PitchClassSequence of size 0: 
Random unique PitchClassSequence of size 0: 
Random unique PitchClassSequence of size 0: 
Random unique PitchClassSequence of size 0: 
Random unique PitchClassSequence of size 0: 
Random unique PitchClassSequence of size 0: 
Random unique PitchClassSequence of size 0: 
Random unique PitchClassSequence of size 0: 
Random unique PitchClassSequence of size 0: 
Random unique PitchClassSequence of size 0: 
Random unique PitchClassSequence of size 0: 
Random unique PitchClassSequence of size 0: 
Random unique PitchClassSequence of size 0: 
Random unique PitchClassSequence of size 0: 
Random unique PitchClassSequence of size 0: 
Random unique PitchClassSequence of size 0: 
Random unique PitchClassSequence of size 0: 
Random unique PitchClassSequence of size 0: 
Random unique PitchClassSequence of size 0: 
Random unique PitchClassSequence of size 0: 
Random unique PitchClassSequence of size 0: 
Random unique PitchClassSequence of size 0: 
Random unique PitchClassSequence of size 1: 1
Random unique PitchClassSequence of size 1: 6
Random unique PitchClassSequence of size 1: 7
Random unique PitchClassSequence of size 1: 6
Random unique PitchClassSequence of size 1: 1
Random unique PitchClassSequence of size 1: 3
Random unique PitchClassSequence of size 1: 1
Random unique PitchClassSequence of size 1: b
Random unique PitchClassSequence of size 1: 2
Random unique PitchClassSequence of size 1: 8
Random unique PitchClassSequence of size 1: 6
Random unique PitchClassSequence of size 1: a
Random unique PitchClassSequence of size 1: 2
Random unique PitchClassSequence of size 1: 5
Random unique PitchClassSequence of size 1: 0
Random unique PitchClassSequence of size 1: 4
Random unique PitchClassSequence of size 1: 4
Random unique PitchClassSequence of size 1: 2
Random unique PitchClassSequence of size 1: a
Random unique PitchClassSequence of size 1: 7
Random unique PitchClassSequence of size 1: 8
Random unique PitchClassSequence of size 1: b
Random unique PitchClassSequence of size 1: 6
Random unique PitchClassSequence of size 1: 2
Random unique PitchClassSequence of size 1: 1
Random unique PitchClassSequence of size 1: 2
Random unique PitchClassSequence of size 1: 2
Random unique PitchClassSequence of size 1: 1
Random unique PitchClassSequence of size 1: 6
Random unique PitchClassSequence of size 1: 3
Random unique PitchClassSequence of size 1: 6
Random unique PitchClassSequence of size 1: 7
Random unique PitchClassSequence of size 1: 2
Random unique PitchClassSequence of size 1: 0
Random unique PitchClassSequence of size 1: a
Random unique PitchClassSequence of size 1: 2
Random unique PitchClassSequence of size 1: 8
Random unique PitchClassSequence of size 1: b
Random unique PitchClassSequence of size 1: 1
Random unique PitchClassSequence of size 1: 8
Random unique PitchClassSequence of size 1: 1
Random unique PitchClassSequence of size 1: 1
Random unique PitchClassSequence of size 1: 4
Random unique PitchClassSequence of size 1: a
Random unique PitchClassSequence of size 1: 5
Random unique PitchClassSequence of size 1: 6
Random unique PitchClassSequence of size 1: a
Random unique PitchClassSequence of size 1: 5
Random unique PitchClassSequence of size 1: 1
Random unique PitchClassSequence of size 1: a
Random unique PitchClassSequence of size 1: 0
Random unique PitchClassSequence of size 1: b
Random unique PitchClassSequence of size 1: 4
Random unique PitchClassSequence of size 1: 8
Random unique PitchClassSequence of size 1: 9
Random unique PitchClassSequence of size 1: 2
Random unique PitchClassSequence of size 1: 2
Random unique PitchClassSequence of size 1: 2
Random unique PitchClassSequence of size 1: 6
Random unique PitchClassSequence of size 1: 1
Random unique PitchClassSequence of size 1: 5
Random unique PitchClassSequence of size 1: 6
Random unique PitchClassSequence of size 1: 8
Random unique PitchClassSequence of size 1: 4
Random unique PitchClassSequence of size 1: 8
Random unique PitchClassSequence of size 1: a
Random unique PitchClassSequence of size 1: 5
Random unique PitchClassSequence of size 1: 0
Random unique PitchClassSequence of size 1: 3
Random unique PitchClassSequence of size 1: 9
Random unique PitchClassSequence of size 1: 2
Random unique PitchClassSequence of size 1: 8
Random unique PitchClassSequence of size 1: 5
Random unique PitchClassSequence of size 1: b
Random unique PitchClassSequence of size 1: 1
Random unique PitchClassSequence of size 1: 0
Random unique PitchClassSequence of size 1: 8
Random unique PitchClassSequence of size 1: b
Random unique PitchClassSequence of size 1: 3
Random unique PitchClassSequence of size 1: 9
Random unique PitchClassSequence of size 1: b
Random unique PitchClassSequence of size 1: 8
Random unique PitchClassSequence of size 1: 8
Random unique PitchClassSequence of size 1: 1
Random unique PitchClassSequence of size 1: 2
Random unique PitchClassSequence of size 1: a
Random unique PitchClassSequence of size 1: 8
Random unique PitchClassSequence of size 1: 7
Random unique PitchClassSequence of size 1: 7
Random unique PitchClassSequence of size 1: 1
Random unique PitchClassSequence of size 1: 1
Random unique PitchClassSequence of size 1: 8
Random unique PitchClassSequence of size 1: 0
Random unique PitchClassSequence of size 1: 4
Random unique PitchClassSequence of size 1: 7
Random unique PitchClassSequence of size 1: a
Random unique PitchClassSequence of size 1: b
Random unique PitchClassSequence of size 1: a
Random unique PitchClassSequence of size 1: 2
Random unique PitchClassSequence of size 1: 9
Random unique PitchClassSequence of size 1: 2
Random unique PitchClassSequence of size 2: 2 4
Random unique PitchClassSequence of size 2: 6 4
Random unique PitchClassSequence of size 2: 1 a
Random unique PitchClassSequence of size 2: 2 7
Random unique PitchClassSequence of size 2: a 5
Random unique PitchClassSequence of size 2: 7 6
Random unique PitchClassSequence of size 2: 3 4
Random unique PitchClassSequence of size 2: 4 b
Random unique PitchClassSequence of size 2: 0 6
Random unique PitchClassSequence of size 2: b 7
Random unique PitchClassSequence of size 2: a b
Random unique PitchClassSequence of size 2: 1 0
Random unique PitchClassSequence of size 2: 8 0
Random unique PitchClassSequence of size 2: 1 7
Random unique PitchClassSequence of size 2: 9 2
Random unique PitchClassSequence of size 2: 7 2
Random unique PitchClassSequence of size 2: 7 6
Random unique PitchClassSequence of size 2: b 3
Random unique PitchClassSequence of size 2: 0 1
Random unique PitchClassSequence of size 2: 0 3
Random unique PitchClassSequence of size 2: 2 b
Random unique PitchClassSequence of size 2: 4 1
Random unique PitchClassSequence of size 2: a 5
Random unique PitchClassSequence of size 2: 7 8
Random unique PitchClassSequence of size 2: 8 2
Random unique PitchClassSequence of size 2: 7 1
Random unique PitchClassSequence of size 2: 8 0
Random unique PitchClassSequence of size 2: 2 1
Random unique PitchClassSequence of size 2: 8 2
Random unique PitchClassSequence of size 2: 1 4
Random unique PitchClassSequence of size 2: 2 4
Random unique PitchClassSequence of size 2: 5 a
Random unique PitchClassSequence of size 2: 0 1
Random unique PitchClassSequence of size 2: a 0
Random unique PitchClassSequence of size 2: 4 9
Random unique PitchClassSequence of size 2: 5 6
Random unique PitchClassSequence of size 2: 7 9
Random unique PitchClassSequence of size 2: 5 8
Random unique PitchClassSequence of size 2: a 7
Random unique PitchClassSequence of size 2: 3 7
Random unique PitchClassSequence of size 2: 9 a
Random unique PitchClassSequence of size 2: 4 0
Random unique PitchClassSequence of size 2: 8 a
Random unique PitchClassSequence of size 2: 0 7
Random unique PitchClassSequence of size 2: 9 3
Random unique PitchClassSequence of size 2: b 9
Random unique PitchClassSequence of size 2: 6 9
Random unique PitchClassSequence of size 2: 9 6
Random unique PitchClassSequence of size 2: 8 a
Random unique PitchClassSequence of size 2: 0 3
Random unique PitchClassSequence of size 2: 3 0
Random unique PitchClassSequence of size 2: 3 7
Random unique PitchClassSequence of size 2: 7 4
Random unique PitchClassSequence of size 2: 6 a
Random unique PitchClassSequence of size 2: 6 3
Random unique PitchClassSequence of size 2: 1 3
Random unique PitchClassSequence of size 2: 8 2
Random unique PitchClassSequence of size 2: 7 1
Random unique PitchClassSequence of size 2: 1 9
Random unique PitchClassSequence of size 2: 7 1
Random unique PitchClassSequence of size 2: b 3
Random unique PitchClassSequence of size 2: 7 6
Random unique PitchClassSequence of size 2: 5 b
Random unique PitchClassSequence of size 2: 3 8
Random unique PitchClassSequence of size 2: 2 7
Random unique PitchClassSequence of size 2: 8 9
Random unique PitchClassSequence of size 2: 6 5
Random unique PitchClassSequence of size 2: 1 a
Random unique PitchClassSequence of size 2: 8 0
Random unique PitchClassSequence of size 2: 2 9
Random unique PitchClassSequence of size 2: 0 b
Random unique PitchClassSequence of size 2: a 3
Random unique PitchClassSequence of size 2: 1 6
Random unique PitchClassSequence of size 2: 9 5
Random unique PitchClassSequence of size 2: 0 b
Random unique PitchClassSequence of size 2: 2 b
Random unique PitchClassSequence of size 2: a b
Random unique PitchClassSequence of size 2: 0 3
Random unique PitchClassSequence of size 2: 2 8
Random unique PitchClassSequence of size 2: 6 9
Random unique PitchClassSequence of size 2: 5 9
Random unique PitchClassSequence of size 2: 9 b
Random unique PitchClassSequence of size 2: 2 9
Random unique PitchClassSequence of size 2: a 8
Random unique PitchClassSequence of size 2: 9 6
Random unique PitchClassSequence of size 2: 9 0
Random unique PitchClassSequence of size 2: 1 4
Random unique PitchClassSequence of size 2: 1 3
Random unique PitchClassSequence of size 2: 6 9
Random unique PitchClassSequence of size 2: 8 4
Random unique PitchClassSequence of size 2: 5 3
Random unique PitchClassSequence of size 2: 6 9
Random unique PitchClassSequence of size 2: 3 8
Random unique PitchClassSequence of size 2: 9 1
Random unique PitchClassSequence of size 2: 2 5
Random unique PitchClassSequence of size 2: 6 2
Random unique PitchClassSequence of size 2: 2 5
Random unique PitchClassSequence of size 2: 2 4
Random unique PitchClassSequence of size 2: 1 4
Random unique PitchClassSequence of size 2: 4 2
Random unique PitchClassSequence of size 2: 5 3
Random unique PitchClassSequence of size 3: 7 6 3
Random unique PitchClassSequence of size 3: 0 6 7
Random unique PitchClassSequence of size 3: 3 7 2
Random unique PitchClassSequence of size 3: 1 8 a
Random unique PitchClassSequence of size 3: 2 9 7
Random unique PitchClassSequence of size 3: b 3 5
Random unique PitchClassSequence of size 3: 0 5 6
Random unique PitchClassSequence of size 3: 3 8 2
Random unique PitchClassSequence of size 3: 9 5 1
Random unique PitchClassSequence of size 3: 3 4 9
Random unique PitchClassSequence of size 3: 6 a b
Random unique PitchClassSequence of size 3: 0 9 b
Random unique PitchClassSequence of size 3: 5 7 0
Random unique PitchClassSequence of size 3: 1 6 9
Random unique PitchClassSequence of size 3: 7 a 6
Random unique PitchClassSequence of size 3: 5 0 4
Random unique PitchClassSequence of size 3: 4 1 6
Random unique PitchClassSequence of size 3: 5 b 0
Random unique PitchClassSequence of size 3: 1 a 9
Random unique PitchClassSequence of size 3: 4 3 8
Random unique PitchClassSequence of size 3: 8 9 2
Random unique PitchClassSequence of size 3: 4 8 1
Random unique PitchClassSequence of size 3: 0 3 a
Random unique PitchClassSequence of size 3: 5 2 7
Random unique PitchClassSequence of size 3: 5 8 0
Random unique PitchClassSequence of size 3: a 5 1
Random unique PitchClassSequence of size 3: 0 7 1
Random unique PitchClassSequence of size 3: 3 0 5
Random unique PitchClassSequence of size 3: 5 4 a
Random unique PitchClassSequence of size 3: 9 4 1
Random unique PitchClassSequence of size 3: 5 2 b
Random unique PitchClassSequence of size 3: 3 7 8
Random unique PitchClassSequence of size 3: b 5 8
Random unique PitchClassSequence of size 3: 0 6 b
Random unique PitchClassSequence of size 3: 0 2 9
Random unique PitchClassSequence of size 3: 3 5 4
Random unique PitchClassSequence of size 3: 2 0 6
Random unique PitchClassSequence of size 3: b 9 0
Random unique PitchClassSequence of size 3: 2 7 4
Random unique PitchClassSequence of size 3: a 8 5
Random unique PitchClassSequence of size 3: 0 5 8
Random unique PitchClassSequence of size 3: 2 a 6
Random unique PitchClassSequence of size 3: 0 8 a
Random unique PitchClassSequence of size 3: a 4 5
Random unique PitchClassSequence of size 3: 5 7 0
Random unique PitchClassSequence of size 3: 4 a 9
Random unique PitchClassSequence of size 3: a 0 7
Random unique PitchClassSequence of size 3: 4 a 3
Random unique PitchClassSequence of size 3: 2 8 4
Random unique PitchClassSequence of size 3: 3 1 0
Random unique PitchClassSequence of size 3: 4 3 b
Random unique PitchClassSequence of size 3: 5 6 a
Random unique PitchClassSequence of size 3: 8 5 b
Random unique PitchClassSequence of size 3: 3 7 a
Random unique PitchClassSequence of size 3: 6 0 8
Random unique PitchClassSequence of size 3: 7 3 1
Random unique PitchClassSequence of size 3: 8 6 2
Random unique PitchClassSequence of size 3: 2 7 3
Random unique PitchClassSequence of size 3: 5 9 b
Random unique PitchClassSequence of size 3: 4 2 8
Random unique PitchClassSequence of size 3: 9 5 3
Random unique PitchClassSequence of size 3: 0 7 8
Random unique PitchClassSequence of size 3: 1 7 0
Random unique PitchClassSequence of size 3: 6 4 5
Random unique PitchClassSequence of size 3: 8 4 9
Random unique PitchClassSequence of size 3: 7 b 2
Random unique PitchClassSequence of size 3: 4 0 5
Random unique PitchClassSequence of size 3: 7 9 1
Random unique PitchClassSequence of size 3: 9 1 3
Random unique PitchClassSequence of size 3: b 7 a
Random unique PitchClassSequence of size 3: 5 3 2
Random unique PitchClassSequence of size 3: 5 3 0
Random unique PitchClassSequence of size 3: 7 3 6
Random unique PitchClassSequence of size 3: 9 5 4
Random unique PitchClassSequence of size 3: b 1 6
Random unique PitchClassSequence of size 3: a 2 b
Random unique PitchClassSequence of size 3: 3 6 9
Random unique PitchClassSequence of size 3: 6 8 4
Random unique PitchClassSequence of size 3: a 2 4
Random unique PitchClassSequence of size 3: 2 1 9
Random unique PitchClassSequence of size 3: 9 6 4
Random unique PitchClassSequence of size 3: 3 0 4
Random unique PitchClassSequence of size 3: 2 8 a
Random unique PitchClassSequence of size 3: 6 4 9
Random unique PitchClassSequence of size 3: a 7 9
Random unique PitchClassSequence of size 3: b 9 3
Random unique PitchClassSequence of size 3: 8 a 1
Random unique PitchClassSequence of size 3: 1 4 b
Random unique PitchClassSequence of size 3: 1 9 7
Random unique PitchClassSequence of size 3: 1 0 5
Random unique PitchClassSequence of size 3: 6 b 9
Random unique PitchClassSequence of size 3: 8 4 3
Random unique PitchClassSequence of size 3: b 1 0
Random unique PitchClassSequence of size 3: b 8 5
Random unique PitchClassSequence of size 3: 8 2 1
Random unique PitchClassSequence of size 3: b 1 6
Random unique PitchClassSequence of size 3: 7 2 9
Random unique PitchClassSequence of size 3: 0 8 9
Random unique PitchClassSequence of size 3: 3 8 a
Random unique PitchClassSequence of size 3: 2 8 9
Random unique PitchClassSequence of size 3: 1 7 4
Random unique PitchClassSequence of size 4: 7 9 4 a
Random unique PitchClassSequence of size 4: 4 8 7 9
Random unique PitchClassSequence of size 4: 2 6 9 8
Random unique PitchClassSequence of size 4: 1 0 a 8
Random unique PitchClassSequence of size 4: 0 6 5 b
Random unique PitchClassSequence of size 4: a 9 b 4
Random unique PitchClassSequence of size 4: 5 3 9 6
Random unique PitchClassSequence of size 4: 0 6 3 9
Random unique PitchClassSequence of size 4: a 2 8 9
Random unique PitchClassSequence of size 4: 3 0 8 a
Random unique PitchClassSequence of size 4: 9 3 b 8
Random unique PitchClassSequence of size 4: 0 1 3 2
Random unique PitchClassSequence of size 4: 8 5 b 9
Random unique PitchClassSequence of size 4: b 2 a 3
Random unique PitchClassSequence of size 4: 2 7 4 8
Random unique PitchClassSequence of size 4: 3 8 9 0
Random unique PitchClassSequence of size 4: 8 7 4 9
Random unique PitchClassSequence of size 4: 5 6 7 3
Random unique PitchClassSequence of size 4: 4 3 0 5
Random unique PitchClassSequence of size 4: 3 8 4 b
Random unique PitchClassSequence of size 4: 5 9 a 6
Random unique PitchClassSequence of size 4: a 2 4 8
Random unique PitchClassSequence of size 4: 4 a 3 6
Random unique PitchClassSequence of size 4: 1 8 7 6
Random unique PitchClassSequence of size 4: 4 2 9 b
Random unique PitchClassSequence of size 4: 3 b 0 7
Random unique PitchClassSequence of size 4: 0 5 3 4
Random unique PitchClassSequence of size 4: 1 0 3 2
Random unique PitchClassSequence of size 4: 4 8 3 7
Random unique PitchClassSequence of size 4: 2 0 3 a
Random unique PitchClassSequence of size 4: 3 1 a 5
Random unique PitchClassSequence of size 4: 2 a b 8
Random unique PitchClassSequence of size 4: 9 1 0 4
Random unique PitchClassSequence of size 4: 0 2 7 1
Random unique PitchClassSequence of size 4: 8 b 5 9
Random unique PitchClassSequence of size 4: 6 9 4 2
Random unique PitchClassSequence of size 4: 9 4 0 6
Random unique PitchClassSequence of size 4: 9 8 1 3
Random unique PitchClassSequence of size 4: 9 3 4 7
Random unique PitchClassSequence of size 4: 6 4 9 3
Random unique PitchClassSequence of size 4: 8 2 7 a
Random unique PitchClassSequence of size 4: 5 4 8 a
Random unique PitchClassSequence of size 4: 9 7 b 8
Random unique PitchClassSequence of size 4: 2 a 9 7
Random unique PitchClassSequence of size 4: 5 8 2 a
Random unique PitchClassSequence of size 4: 1 6 4 8
Random unique PitchClassSequence of size 4: 2 5 b a
Random unique PitchClassSequence of size 4: 8 7 6 2
Random unique PitchClassSequence of size 4: a b 5 2
Random unique PitchClassSequence of size 4: 4 a 1 3
Random unique PitchClassSequence of size 4: 6 3 2 a
Random unique PitchClassSequence of size 4: 7 6 5 9
Random unique PitchClassSequence of size 4: 0 5 7 a
Random unique PitchClassSequence of size 4: 7 5 0 6
Random unique PitchClassSequence of size 4: 8 1 3 6
Random unique PitchClassSequence of size 4: 3 1 5 0
Random unique PitchClassSequence of size 4: 4 3 6 b
Random unique PitchClassSequence of size 4: 6 4 a 2
Random unique PitchClassSequence of size 4: b 8 6 9
Random unique PitchClassSequence of size 4: 3 b 0 a
Random unique PitchClassSequence of size 4: 5 4 8 9
Random unique PitchClassSequence of size 4: 1 5 2 b
Random unique PitchClassSequence of size 4: 5 7 a 0
Random unique PitchClassSequence of size 4: 7 8 9 3
Random unique PitchClassSequence of size 4: 0 4 5 2
Random unique PitchClassSequence of size 4: 0 1 5 6
Random unique PitchClassSequence of size 4: 2 3 4 8
Random unique PitchClassSequence of size 4: 4 0 a 2
Random unique PitchClassSequence of size 4: b 7 5 6
Random unique PitchClassSequence of size 4: 5 4 0 8
Random unique PitchClassSequence of size 4: 3 7 2 8
Random unique PitchClassSequence of size 4: 5 6 9 1
Random unique PitchClassSequence of size 4: 4 5 9 0
Random unique PitchClassSequence of size 4: 8 9 2 6
Random unique PitchClassSequence of size 4: 5 3 1 7
Random unique PitchClassSequence of size 4: 7 3 b 4
Random unique PitchClassSequence of size 4: 8 b 5 6
Random unique PitchClassSequence of size 4: 4 7 6 2
Random unique PitchClassSequence of size 4: 4 8 6 7
Random unique PitchClassSequence of size 4: 7 2 5 8
Random unique PitchClassSequence of size 4: 4 b 0 3
Random unique PitchClassSequence of size 4: 1 a 9 3
Random unique PitchClassSequence of size 4: 5 b 8 6
Random unique PitchClassSequence of size 4: 5 b 7 4
Random unique PitchClassSequence of size 4: 0 a 3 5
Random unique PitchClassSequence of size 4: 0 1 4 8
Random unique PitchClassSequence of size 4: 5 3 4 1
Random unique PitchClassSequence of size 4: 2 6 a 9
Random unique PitchClassSequence of size 4: a 7 8 9
Random unique PitchClassSequence of size 4: 0 2 b 6
Random unique PitchClassSequence of size 4: 2 4 9 a
Random unique PitchClassSequence of size 4: 9 0 5 a
Random unique PitchClassSequence of size 4: 7 a 8 3
Random unique PitchClassSequence of size 4: 1 2 7 b
Random unique PitchClassSequence of size 4: 1 9 7 2
Random unique PitchClassSequence of size 4: 7 5 8 b
Random unique PitchClassSequence of size 4: b 9 2 a
Random unique PitchClassSequence of size 4: 8 5 b 2
Random unique PitchClassSequence of size 4: 9 3 7 4
Random unique PitchClassSequence of size 4: b 0 6 2
Random unique PitchClassSequence of size 4: 2 3 a 4
Random unique PitchClassSequence of size 5: 3 1 9 2 6
Random unique PitchClassSequence of size 5: b 7 3 4 1
Random unique PitchClassSequence of size 5: 4 3 9 6 1
Random unique PitchClassSequence of size 5: 5 8 6 a b
Random unique PitchClassSequence of size 5: 6 5 8 9 1
Random unique PitchClassSequence of size 5: 9 7 b 6 8
Random unique PitchClassSequence of size 5: 8 7 6 4 9
Random unique PitchClassSequence of size 5: b 3 7 a 2
Random unique PitchClassSequence of size 5: 7 4 5 6 8
Random unique PitchClassSequence of size 5: 1 4 9 2 b
Random unique PitchClassSequence of size 5: b 2 4 8 1
Random unique PitchClassSequence of size 5: 3 1 4 5 b
Random unique PitchClassSequence of size 5: 5 2 8 3 1
Random unique PitchClassSequence of size 5: 1 4 7 a 6
Random unique PitchClassSequence of size 5: 9 4 a 5 6
Random unique PitchClassSequence of size 5: 7 5 3 9 a
Random unique PitchClassSequence of size 5: a 0 5 2 1
Random unique PitchClassSequence of size 5: 3 8 2 9 a
Random unique PitchClassSequence of size 5: 3 7 a 0 2
Random unique PitchClassSequence of size 5: 5 9 0 a 2
Random unique PitchClassSequence of size 5: 8 4 3 a 2
Random unique PitchClassSequence of size 5: 4 8 3 7 0
Random unique PitchClassSequence of size 5: 1 8 7 0 5
Random unique PitchClassSequence of size 5: 7 6 9 a 3
Random unique PitchClassSequence of size 5: 9 1 a 4 8
Random unique PitchClassSequence of size 5: 2 8 1 6 9
Random unique PitchClassSequence of size 5: b 8 a 4 6
Random unique PitchClassSequence of size 5: 1 4 9 8 a
Random unique PitchClassSequence of size 5: 6 5 4 2 b
Random unique PitchClassSequence of size 5: 2 4 b 5 a
Random unique PitchClassSequence of size 5: 0 6 3 5 7
Random unique PitchClassSequence of size 5: 0 8 3 9 2
Random unique PitchClassSequence of size 5: 1 7 b 5 9
Random unique PitchClassSequence of size 5: 8 0 a 4 1
Random unique PitchClassSequence of size 5: 6 4 a 0 9
Random unique PitchClassSequence of size 5: 3 a 0 8 2
Random unique PitchClassSequence of size 5: b 1 7 9 2
Random unique PitchClassSequence of size 5: 3 5 6 a b
Random unique PitchClassSequence of size 5: 9 8 1 a 7
Random unique PitchClassSequence of size 5: 0 5 2 a b
Random unique PitchClassSequence of size 5: 5 8 4 a 0
Random unique PitchClassSequence of size 5: 1 5 8 6 3
Random unique PitchClassSequence of size 5: 7 a 3 1 6
Random unique PitchClassSequence of size 5: 6 b 5 1 a
Random unique PitchClassSequence of size 5: 8 1 6 7 b
Random unique PitchClassSequence of size 5: b 0 9 5 2
Random unique PitchClassSequence of size 5: 2 5 4 a 7
Random unique PitchClassSequence of size 5: 9 4 b 8 1
Random unique PitchClassSequence of size 5: 9 8 0 4 3
Random unique PitchClassSequence of size 5: 6 9 3 7 8
Random unique PitchClassSequence of size 5: 3 5 a 9 0
Random unique PitchClassSequence of size 5: 5 7 1 8 a
Random unique PitchClassSequence of size 5: b 3 2 4 a
Random unique PitchClassSequence of size 5: 8 1 0 5 b
Random unique PitchClassSequence of size 5: 0 2 5 1 a
Random unique PitchClassSequence of size 5: 5 2 1 0 8
Random unique PitchClassSequence of size 5: 5 2 4 8 0
Random unique PitchClassSequence of size 5: 6 3 2 b 4
Random unique PitchClassSequence of size 5: 2 9 5 6 8
Random unique PitchClassSequence of size 5: 0 1 2 5 4
Random unique PitchClassSequence of size 5: a 2 4 1 0
Random unique PitchClassSequence of size 5: 9 a 4 8 2
Random unique PitchClassSequence of size 5: 2 3 8 4 7
Random unique PitchClassSequence of size 5: 1 3 2 5 0
Random unique PitchClassSequence of size 5: 2 3 b 4 7
Random unique PitchClassSequence of size 5: 6 2 9 0 1
Random unique PitchClassSequence of size 5: 2 b 8 1 5
Random unique PitchClassSequence of size 5: 0 b 4 3 6
Random unique PitchClassSequence of size 5: 4 1 9 3 5
Random unique PitchClassSequence of size 5: 0 3 5 7 6
Random unique PitchClassSequence of size 5: 4 b 6 9 3
Random unique PitchClassSequence of size 5: 2 3 9 4 1
Random unique PitchClassSequence of size 5: 1 7 8 0 4
Random unique PitchClassSequence of size 5: 3 b a 2 0
Random unique PitchClassSequence of size 5: 6 1 a 7 0
Random unique PitchClassSequence of size 5: 9 2 4 0 8
Random unique PitchClassSequence of size 5: 7 5 3 6 1
Random unique PitchClassSequence of size 5: 4 5 9 6 a
Random unique PitchClassSequence of size 5: 7 5 4 9 a
Random unique PitchClassSequence of size 5: 6 b 0 1 4
Random unique PitchClassSequence of size 5: 1 7 0 5 6
Random unique PitchClassSequence of size 5: 5 1 0 2 6
Random unique PitchClassSequence of size 5: 1 6 5 2 9
Random unique PitchClassSequence of size 5: 3 7 6 2 8
Random unique PitchClassSequence of size 5: a 5 b 4 0
Random unique PitchClassSequence of size 5: 9 7 8 6 0
Random unique PitchClassSequence of size 5: 4 0 9 1 b
Random unique PitchClassSequence of size 5: 7 6 a 4 8
Random unique PitchClassSequence of size 5: 5 3 1 b 9
Random unique PitchClassSequence of size 5: 2 9 5 b 6
Random unique PitchClassSequence of size 5: 9 3 5 0 6
Random unique PitchClassSequence of size 5: 1 b 8 6 a
Random unique PitchClassSequence of size 5: 6 8 2 7 4
Random unique PitchClassSequence of size 5: 5 4 1 a 0
Random unique PitchClassSequence of size 5: a 4 1 0 b
Random unique PitchClassSequence of size 5: 6 7 0 3 5
Random unique PitchClassSequence of size 5: 1 2 7 9 0
Random unique PitchClassSequence of size 5: b 9 3 1 2
Random unique PitchClassSequence of size 5: b 2 0 1 7
Random unique PitchClassSequence of size 5: 6 8 4 1 9
Random unique PitchClassSequence of size 5: 0 6 9 1 4
Random unique PitchClassSequence of size 6: 0 6 3 a 9 1
Random unique PitchClassSequence of size 6: 0 9 6 5 8 b
Random unique PitchClassSequence of size 6: 5 4 8 9 b 1
Random unique PitchClassSequence of size 6: 8 3 b 1 6 a
Random unique PitchClassSequence of size 6: a 8 9 5 6 3
Random unique PitchClassSequence of size 6: 2 4 3 0 8 9
Random unique PitchClassSequence of size 6: b 6 9 4 0 7
Random unique PitchClassSequence of size 6: 1 0 6 3 a 7
Random unique PitchClassSequence of size 6: 2 0 4 7 8 3
Random unique PitchClassSequence of size 6: 0 3 4 a 2 9
Random unique PitchClassSequence of size 6: 9 5 4 b a 8
Random unique PitchClassSequence of size 6: 4 3 9 5 a 7
Random unique PitchClassSequence of size 6: a 9 3 b 7 2
Random unique PitchClassSequence of size 6: 5 1 8 a 0 4
Random unique PitchClassSequence of size 6: 9 0 7 1 2 8
Random unique PitchClassSequence of size 6: b 9 3 0 8 4
Random unique PitchClassSequence of size 6: 6 a 5 4 8 2
Random unique PitchClassSequence of size 6: 3 a 1 2 5 7
Random unique PitchClassSequence of size 6: a b 2 5 7 4
Random unique PitchClassSequence of size 6: 7 1 9 0 a 2
Random unique PitchClassSequence of size 6: 5 7 b 0 6 2
Random unique PitchClassSequence of size 6: 4 a 6 3 5 0
Random unique PitchClassSequence of size 6: 3 b 2 5 9 0
Random unique PitchClassSequence of size 6: 3 1 2 6 7 4
Random unique PitchClassSequence of size 6: 7 2 9 8 6 5
Random unique PitchClassSequence of size 6: 0 3 9 4 b a
Random unique PitchClassSequence of size 6: 0 5 8 a 9 2
Random unique PitchClassSequence of size 6: 7 3 1 4 0 9
Random unique PitchClassSequence of size 6: 2 6 4 0 3 9
Random unique PitchClassSequence of size 6: 4 8 3 6 2 9
Random unique PitchClassSequence of size 6: a 0 1 b 2 8
Random unique PitchClassSequence of size 6: 9 8 1 6 a 5
Random unique PitchClassSequence of size 6: 7 5 4 9 b 8
Random unique PitchClassSequence of size 6: 9 1 2 8 b 5
Random unique PitchClassSequence of size 6: 8 1 a b 5 2
Random unique PitchClassSequence of size 6: 5 9 2 0 a 6
Random unique PitchClassSequence of size 6: 9 a 2 3 1 8
Random unique PitchClassSequence of size 6: 5 8 a b 3 0
Random unique PitchClassSequence of size 6: 6 7 a 4 b 5
Random unique PitchClassSequence of size 6: 5 0 2 a 1 8
Random unique PitchClassSequence of size 6: a b 8 7 0 1
Random unique PitchClassSequence of size 6: 9 4 8 5 0 3
Random unique PitchClassSequence of size 6: 3 a 7 1 4 2
Random unique PitchClassSequence of size 6: 4 b 6 a 9 7
Random unique PitchClassSequence of size 6: 3 9 1 8 a 0
Random unique PitchClassSequence of size 6: 7 2 8 3 9 1
Random unique PitchClassSequence of size 6: 2 6 8 a b 5
Random unique PitchClassSequence of size 6: 0 7 b 9 8 5
Random unique PitchClassSequence of size 6: b 7 9 5 1 6
Random unique PitchClassSequence of size 6: b 7 a 6 1 0
Random unique PitchClassSequence of size 6: 6 b 9 8 7 1
Random unique PitchClassSequence of size 6: 5 a 4 3 8 6
Random unique PitchClassSequence of size 6: b 8 7 1 a 3
Random unique PitchClassSequence of size 6: 8 a 9 7 6 3
Random unique PitchClassSequence of size 6: b 6 7 1 3 4
Random unique PitchClassSequence of size 6: a 7 3 6 1 8
Random unique PitchClassSequence of size 6: a 4 8 1 b 5
Random unique PitchClassSequence of size 6: 3 8 7 0 6 b
Random unique PitchClassSequence of size 6: a 6 0 5 9 7
Random unique PitchClassSequence of size 6: a 1 2 6 8 9
Random unique PitchClassSequence of size 6: 8 5 3 2 b a
Random unique PitchClassSequence of size 6: 1 8 6 a 9 3
Random unique PitchClassSequence of size 6: 9 5 6 1 3 4
Random unique PitchClassSequence of size 6: 4 9 3 b 1 2
Random unique PitchClassSequence of size 6: 6 1 9 8 b 2
Random unique PitchClassSequence of size 6: 8 2 7 9 a 0
Random unique PitchClassSequence of size 6: 0 8 7 a 3 6
Random unique PitchClassSequence of size 6: 8 b 7 4 9 3
Random unique PitchClassSequence of size 6: 0 a 7 1 b 8
Random unique PitchClassSequence of size 6: 7 a 9 4 2 3
Random unique PitchClassSequence of size 6: 9 8 a 3 6 5
Random unique PitchClassSequence of size 6: b 8 2 7 a 6
Random unique PitchClassSequence of size 6: 7 0 b 1 3 a
Random unique PitchClassSequence of size 6: 4 a 0 3 8 7
Random unique PitchClassSequence of size 6: 4 a 8 3 2 7
Random unique PitchClassSequence of size 6: a 9 4 2 8 3
Random unique PitchClassSequence of size 6: b 1 3 2 4 5
Random unique PitchClassSequence of size 6: 0 4 5 a 2 6
Random unique PitchClassSequence of size 6: 4 1 a 0 5 8
Random unique PitchClassSequence of size 6: b 2 3 9 6 4
Random unique PitchClassSequence of size 6: 1 7 9 4 0 b
Random unique PitchClassSequence of size 6: 5 0 3 1 6 b
Random unique PitchClassSequence of size 6: 8 0 b 3 4 1
Random unique PitchClassSequence of size 6: a 3 7 1 b 8
Random unique PitchClassSequence of size 6: 6 1 4 5 a b
Random unique PitchClassSequence of size 6: 4 8 6 b 9 7
Random unique PitchClassSequence of size 6: a b 7 8 5 9
Random unique PitchClassSequence of size 6: a 8 3 4 b 6
Random unique PitchClassSequence of size 6: 4 8 a b 6 3
Random unique PitchClassSequence of size 6: 5 1 b 8 a 4
Random unique PitchClassSequence of size 6: b a 4 7 3 8
Random unique PitchClassSequence of size 6: 1 9 b 5 8 7
Random unique PitchClassSequence of size 6: 1 2 4 b 0 6
Random unique PitchClassSequence of size 6: 4 6 5 b a 9
Random unique PitchClassSequence of size 6: 7 3 5 2 6 8
Random unique PitchClassSequence of size 6: b 4 1 3 7 9
Random unique PitchClassSequence of size 6: 4 0 8 3 5 9
Random unique PitchClassSequence of size 6: 0 3 a 8 2 b
Random unique PitchClassSequence of size 6: b 2 3 8 a 0
Random unique PitchClassSequence of size 6: 7 a 1 4 9 6
Random unique PitchClassSequence of size 6: 3 9 2 5 0 4
Random unique PitchClassSequence of size 7: 9 1 7 8 3 2 4
Random unique PitchClassSequence of size 7: 2 4 9 b 8 3 7
Random unique PitchClassSequence of size 7: 1 a 3 4 8 2 b
Random unique PitchClassSequence of size 7: 2 9 3 0 4 6 a
Random unique PitchClassSequence of size 7: 5 9 1 b 7 0 3
Random unique PitchClassSequence of size 7: a b 8 4 1 5 3
Random unique PitchClassSequence of size 7: 9 2 b 8 1 a 3
Random unique PitchClassSequence of size 7: 1 6 3 7 b 5 4
Random unique PitchClassSequence of size 7: 7 0 5 a b 2 8
Random unique PitchClassSequence of size 7: 8 0 4 1 a 2 3
Random unique PitchClassSequence of size 7: 7 9 1 0 8 5 2
Random unique PitchClassSequence of size 7: 9 7 6 a b 0 5
Random unique PitchClassSequence of size 7: a 5 b 9 6 0 2
Random unique PitchClassSequence of size 7: 2 5 1 b 6 3 9
Random unique PitchClassSequence of size 7: 5 2 1 6 3 b 8
Random unique PitchClassSequence of size 7: 4 2 8 6 3 0 5
Random unique PitchClassSequence of size 7: 5 b 9 1 2 7 a
Random unique PitchClassSequence of size 7: 7 b 4 0 6 5 2
Random unique PitchClassSequence of size 7: 0 7 1 2 a 4 8
Random unique PitchClassSequence of size 7: b 7 a 4 6 5 3
Random unique PitchClassSequence of size 7: a b 6 1 2 9 7
Random unique PitchClassSequence of size 7: a 8 5 1 7 0 3
Random unique PitchClassSequence of size 7: b 8 3 0 5 1 7
Random unique PitchClassSequence of size 7: 9 b 2 3 8 6 7
Random unique PitchClassSequence of size 7: 6 1 9 b 5 8 a
Random unique PitchClassSequence of size 7: 9 4 3 a 0 1 6
Random unique PitchClassSequence of size 7: a 0 4 5 2 6 7
Random unique PitchClassSequence of size 7: 5 8 6 b 7 2 9
Random unique PitchClassSequence of size 7: a b 7 9 5 1 3
Random unique PitchClassSequence of size 7: 6 2 0 5 8 9 a
Random unique PitchClassSequence of size 7: 8 3 a 6 4 2 5
Random unique PitchClassSequence of size 7: 1 5 7 8 b 0 9
Random unique PitchClassSequence of size 7: a 5 0 4 6 1 2
Random unique PitchClassSequence of size 7: b 7 3 6 a 8 9
Random unique PitchClassSequence of size 7: 1 5 6 a 3 4 8
Random unique PitchClassSequence of size 7: 9 4 1 a 7 2 6
Random unique PitchClassSequence of size 7: 9 2 1 0 7 3 5
Random unique PitchClassSequence of size 7: 9 a 1 6 4 3 7
Random unique PitchClassSequence of size 7: b 0 1 9 a 2 4
Random unique PitchClassSequence of size 7: 2 8 b 3 1 6 5
Random unique PitchClassSequence of size 7: 8 1 b 4 3 7 a
Random unique PitchClassSequence of size 7: 0 7 a 3 4 6 8
Random unique PitchClassSequence of size 7: 9 1 b 6 5 a 8
Random unique PitchClassSequence of size 7: 6 4 b 2 3 1 8
Random unique PitchClassSequence of size 7: 6 b 4 2 5 0 a
Random unique PitchClassSequence of size 7: b 4 8 3 7 6 a
Random unique PitchClassSequence of size 7: 0 3 9 5 1 4 7
Random unique PitchClassSequence of size 7: 8 1 9 2 3 6 7
Random unique PitchClassSequence of size 7: b 3 6 1 0 8 2
Random unique PitchClassSequence of size 7: 6 0 a 9 1 7 b
Random unique PitchClassSequence of size 7: 1 a 2 6 0 3 b
Random unique PitchClassSequence of size 7: a 2 7 8 5 9 b
Random unique PitchClassSequence of size 7: 3 5 0 a 6 2 b
Random unique PitchClassSequence of size 7: 9 0 7 6 3 2 a
Random unique PitchClassSequence of size 7: 2 4 3 6 5 9 1
Random unique PitchClassSequence of size 7: 6 a 8 2 7 5 9
Random unique PitchClassSequence of size 7: 5 2 9 8 0 7 a
Random unique PitchClassSequence of size 7: 7 a 1 4 5 9 6
Random unique PitchClassSequence of size 7: 1 2 3 b 4 8 a
Random unique PitchClassSequence of size 7: 0 4 6 5 2 a b
Random unique PitchClassSequence of size 7: 5 1 a 6 8 7 9
Random unique PitchClassSequence of size 7: 9 8 7 6 a 5 b
Random unique PitchClassSequence of size 7: a 8 b 3 0 5 7
Random unique PitchClassSequence of size 7: b 6 7 1 8 0 5
Random unique PitchClassSequence of size 7: 1 9 4 a 0 b 6
Random unique PitchClassSequence of size 7: 7 1 9 2 b a 4
Random unique PitchClassSequence of size 7: 5 6 3 1 8 7 b
Random unique PitchClassSequence of size 7: b 2 1 5 0 9 7
Random unique PitchClassSequence of size 7: 3 6 0 5 a 8 9
Random unique PitchClassSequence of size 7: 7 6 4 9 1 8 a
Random unique PitchClassSequence of size 7: 3 b 7 1 5 4 a
Random unique PitchClassSequence of size 7: 5 7 a b 4 3 1
Random unique PitchClassSequence of size 7: 4 6 8 a 1 b 0
Random unique PitchClassSequence of size 7: 7 5 2 b 0 4 a
Random unique PitchClassSequence of size 7: 4 5 1 9 b a 7
Random unique PitchClassSequence of size 7: 4 6 0 1 2 b 3
Random unique PitchClassSequence of size 7: 8 5 b 2 6 1 7
Random unique PitchClassSequence of size 7: 2 4 7 0 1 5 6
Random unique PitchClassSequence of size 7: 6 b 0 9 2 a 1
Random unique PitchClassSequence of size 7: 5 0 6 7 1 8 3
Random unique PitchClassSequence of size 7: 7 4 5 2 1 8 b
Random unique PitchClassSequence of size 7: 4 b 9 2 a 8 0
Random unique PitchClassSequence of size 7: 8 a 1 7 6 3 5
Random unique PitchClassSequence of size 7: 9 7 b 8 3 0 1
Random unique PitchClassSequence of size 7: a 9 0 5 3 2 7
Random unique PitchClassSequence of size 7: a 6 3 1 4 2 b
Random unique PitchClassSequence of size 7: 8 0 9 5 a b 4
Random unique PitchClassSequence of size 7: 7 6 2 5 4 1 a
Random unique PitchClassSequence of size 7: 6 0 7 5 a 9 2
Random unique PitchClassSequence of size 7: a 9 3 8 7 1 b
Random unique PitchClassSequence of size 7: a 2 7 4 6 8 0
Random unique PitchClassSequence of size 7: 5 a 0 2 1 b 9
Random unique PitchClassSequence of size 7: 0 1 7 8 3 5 6
Random unique PitchClassSequence of size 7: 4 2 5 a 8 b 3
Random unique PitchClassSequence of size 7: 4 a 2 7 b 8 3
Random unique PitchClassSequence of size 7: 4 5 b 6 a 9 0
Random unique PitchClassSequence of size 7: 9 6 0 3 2 4 5
Random unique PitchClassSequence of size 7: a 5 4 9 6 1 3
Random unique PitchClassSequence of size 7: 5 8 4 9 2 7 b
Random unique PitchClassSequence of size 7: 3 7 a b 0 2 5
Random unique PitchClassSequence of size 7: 4 b 5 2 1 7 6
Random unique PitchClassSequence of size 8: 7 a 6 1 2 5 9 8
Random unique PitchClassSequence of size 8: 4 0 6 7 a 3 b 2
Random unique PitchClassSequence of size 8: 2 0 b 7 4 9 1 5
Random unique PitchClassSequence of size 8: 9 7 a 8 b 0 4 2
Random unique PitchClassSequence of size 8: 9 b a 5 1 6 4 2
Random unique PitchClassSequence of size 8: 2 0 1 6 b 7 a 9
Random unique PitchClassSequence of size 8: 7 3 5 b 1 2 a 8
Random unique PitchClassSequence of size 8: 6 4 a 8 b 7 3 5
Random unique PitchClassSequence of size 8: b 4 9 7 1 5 3 2
Random unique PitchClassSequence of size 8: a 2 9 8 3 7 6 1
Random unique PitchClassSequence of size 8: 2 3 7 1 a 8 6 4
Random unique PitchClassSequence of size 8: 0 b a 6 5 1 3 8
Random unique PitchClassSequence of size 8: 1 b 4 9 5 3 0 6
Random unique PitchClassSequence of size 8: 7 0 4 3 2 b 8 5
Random unique PitchClassSequence of size 8: 9 6 b 0 5 a 1 2
Random unique PitchClassSequence of size 8: a 8 2 5 9 0 1 3
Random unique PitchClassSequence of size 8: 1 3 a 9 5 4 7 0
Random unique PitchClassSequence of size 8: 0 7 a 1 2 6 4 b
Random unique PitchClassSequence of size 8: b 4 1 7 3 9 6 8
Random unique PitchClassSequence of size 8: 0 8 a 6 1 9 2 b
Random unique PitchClassSequence of size 8: b 1 9 3 2 8 7 6
Random unique PitchClassSequence of size 8: 4 9 6 2 3 b 0 7
Random unique PitchClassSequence of size 8: 8 2 0 5 6 1 3 a
Random unique PitchClassSequence of size 8: 1 7 b 9 4 6 5 3
Random unique PitchClassSequence of size 8: 1 6 0 2 8 b 4 a
Random unique PitchClassSequence of size 8: 9 5 b 6 0 3 a 1
Random unique PitchClassSequence of size 8: 1 5 7 3 9 4 a 2
Random unique PitchClassSequence of size 8: 1 a 8 6 9 0 4 b
Random unique PitchClassSequence of size 8: 0 8 5 9 2 6 a b
Random unique PitchClassSequence of size 8: 9 3 2 6 0 b 8 1
Random unique PitchClassSequence of size 8: 6 1 2 8 a 0 b 7
Random unique PitchClassSequence of size 8: 2 6 5 b 8 3 1 0
Random unique PitchClassSequence of size 8: 9 6 0 b 5 8 2 3
Random unique PitchClassSequence of size 8: 0 9 6 b 4 5 a 8
Random unique PitchClassSequence of size 8: 1 5 8 4 2 a 0 9
Random unique PitchClassSequence of size 8: 1 4 2 7 8 6 5 a
Random unique PitchClassSequence of size 8: 5 6 1 a 8 0 2 b
Random unique PitchClassSequence of size 8: 5 6 8 3 0 4 9 b
Random unique PitchClassSequence of size 8: 3 0 7 a 2 1 9 8
Random unique PitchClassSequence of size 8: 4 1 6 8 0 9 7 a
Random unique PitchClassSequence of size 8: 9 5 3 7 1 0 b 6
Random unique PitchClassSequence of size 8: 6 0 7 5 b 3 1 a
Random unique PitchClassSequence of size 8: 1 5 0 9 7 b 8 6
Random unique PitchClassSequence of size 8: 8 1 0 4 a 7 b 6
Random unique PitchClassSequence of size 8: 7 6 4 5 3 9 1 2
Random unique PitchClassSequence of size 8: 0 4 2 1 6 8 3 a
Random unique PitchClassSequence of size 8: 7 4 5 8 a 0 3 9
Random unique PitchClassSequence of size 8: 1 4 0 2 b 9 6 7
Random unique PitchClassSequence of size 8: 3 b a 2 0 8 5 6
Random unique PitchClassSequence of size 8: 3 9 1 2 a 7 b 0
Random unique PitchClassSequence of size 8: 9 5 2 1 7 b 8 3
Random unique PitchClassSequence of size 8: 1 8 a 2 3 7 6 0
Random unique PitchClassSequence of size 8: 5 0 6 8 a 3 9 4
Random unique PitchClassSequence of size 8: 2 3 4 9 a 1 5 0
Random unique PitchClassSequence of size 8: 0 9 5 4 3 2 7 b
Random unique PitchClassSequence of size 8: 2 b 3 9 6 5 7 1
Random unique PitchClassSequence of size 8: 4 1 8 2 9 5 3 7
Random unique PitchClassSequence of size 8: a 6 2 b 5 0 7 3
Random unique PitchClassSequence of size 8: 7 6 3 b 1 2 8 5
Random unique PitchClassSequence of size 8: 2 7 5 b a 4 3 9
Random unique PitchClassSequence of size 8: 0 4 8 7 2 3 6 a
Random unique PitchClassSequence of size 8: 8 1 3 6 0 2 4 b
Random unique PitchClassSequence of size 8: a 2 8 4 7 1 0 6
Random unique PitchClassSequence of size 8: a 6 2 5 7 4 1 8
Random unique PitchClassSequence of size 8: 1 5 9 3 8 6 a 7
Random unique PitchClassSequence of size 8: a 2 1 7 4 3 0 b
Random unique PitchClassSequence of size 8: a 3 7 8 6 0 b 5
Random unique PitchClassSequence of size 8: b 1 5 3 0 6 8 9
Random unique PitchClassSequence of size 8: 0 b 2 1 6 8 5 7
Random unique PitchClassSequence of size 8: 4 8 9 1 a 7 6 2
Random unique PitchClassSequence of size 8: 0 2 8 3 9 1 5 a
Random unique PitchClassSequence of size 8: 7 8 a 0 9 b 2 5
Random unique PitchClassSequence of size 8: a 9 8 7 0 1 4 3
Random unique PitchClassSequence of size 8: 2 3 0 a 9 4 5 6
Random unique PitchClassSequence of size 8: 8 0 1 5 a 7 6 b
Random unique PitchClassSequence of size 8: a 1 7 9 2 b 8 3
Random unique PitchClassSequence of size 8: 1 7 a 0 2 5 8 6
Random unique PitchClassSequence of size 8: 4 8 6 2 3 b 9 5
Random unique PitchClassSequence of size 8: 3 5 a 0 9 1 8 6
Random unique PitchClassSequence of size 8: 8 5 0 3 4 7 9 b
Random unique PitchClassSequence of size 8: 5 6 7 0 9 a 2 8
Random unique PitchClassSequence of size 8: 4 a 2 b 9 7 8 3
Random unique PitchClassSequence of size 8: 7 2 0 9 b 5 a 1
Random unique PitchClassSequence of size 8: b 1 9 2 0 4 8 6
Random unique PitchClassSequence of size 8: 6 8 9 3 b 5 4 a
Random unique PitchClassSequence of size 8: 8 5 4 b 0 1 6 2
Random unique PitchClassSequence of size 8: 2 3 b 6 0 8 9 1
Random unique PitchClassSequence of size 8: 6 8 2 4 5 a 3 9
Random unique PitchClassSequence of size 8: a 3 9 5 7 2 8 4
Random unique PitchClassSequence of size 8: 1 b a 0 8 7 9 6
Random unique PitchClassSequence of size 8: 5 1 a 8 b 2 4 9
Random unique PitchClassSequence of size 8: 8 0 9 5 6 2 1 a
Random unique PitchClassSequence of size 8: b 3 8 6 1 7 9 5
Random unique PitchClassSequence of size 8: 2 3 a 4 6 0 b 5
Random unique PitchClassSequence of size 8: 6 a 2 9 4 3 5 0
Random unique PitchClassSequence of size 8: 1 3 7 b 0 5 4 2
Random unique PitchClassSequence of size 8: b 2 9 8 3 4 7 a
Random unique PitchClassSequence of size 8: 1 9 5 3 2 b 6 0
Random unique PitchClassSequence of size 8: 5 8 7 b 6 0 9 a
Random unique PitchClassSequence of size 8: a 1 9 4 6 0 b 7
Random unique PitchClassSequence of size 8: 2 3 0 8 7 4 b 6
Random unique PitchClassSequence of size 9: a 1 8 5 9 b 6 7 2
Random unique PitchClassSequence of size 9: 3 2 6 7 a b 5 8 4
Random unique PitchClassSequence of size 9: 5 9 4 2 1 a 8 0 7
Random unique PitchClassSequence of size 9: 4 6 8 2 7 0 a 3 1
Random unique PitchClassSequence of size 9: 1 9 6 4 3 7 a 0 5
Random unique PitchClassSequence of size 9: 0 1 a 4 8 b 5 2 7
Random unique PitchClassSequence of size 9: 5 8 a 4 0 7 6 b 3
Random unique PitchClassSequence of size 9: 7 5 b 0 2 3 a 1 4
Random unique PitchClassSequence of size 9: 7 b 1 5 3 a 2 9 6
Random unique PitchClassSequence of size 9: 6 1 9 b 4 8 0 7 3
Random unique PitchClassSequence of size 9: 1 2 8 3 5 a 4 6 7
Random unique PitchClassSequence of size 9: 3 5 6 8 1 a 9 b 2
Random unique PitchClassSequence of size 9: 2 8 1 4 7 6 b 3 a
Random unique PitchClassSequence of size 9: 6 2 4 0 5 1 7 8 b
Random unique PitchClassSequence of size 9: 7 8 2 4 3 a 5 6 b
Random unique PitchClassSequence of size 9: 6 8 4 3 9 b 7 1 a
Random unique PitchClassSequence of size 9: 7 2 8 3 9 a b 6 4
Random unique PitchClassSequence of size 9: 0 7 a 5 2 6 1 4 3
Random unique PitchClassSequence of size 9: 9 2 a 0 1 7 5 b 6
Random unique PitchClassSequence of size 9: 8 3 1 4 2 5 6 0 a
Random unique PitchClassSequence of size 9: b 4 5 8 6 7 a 2 9
Random unique PitchClassSequence of size 9: 1 a b 2 6 3 4 8 5
Random unique PitchClassSequence of size 9: 6 7 1 2 b 4 8 0 3
Random unique PitchClassSequence of size 9: 3 5 7 b 1 6 4 9 2
Random unique PitchClassSequence of size 9: 2 8 0 9 1 6 4 a b
Random unique PitchClassSequence of size 9: 4 b 0 1 7 a 2 9 8
Random unique PitchClassSequence of size 9: a 8 5 1 2 0 7 3 6
Random unique PitchClassSequence of size 9: 9 5 2 7 3 0 a 6 4
Random unique PitchClassSequence of size 9: 0 3 7 5 2 6 b a 9
Random unique PitchClassSequence of size 9: a 8 9 4 1 b 3 2 7
Random unique PitchClassSequence of size 9: 6 0 8 2 4 b 1 9 7
Random unique PitchClassSequence of size 9: a 7 2 4 9 1 0 3 b
Random unique PitchClassSequence of size 9: 6 8 2 a 0 9 5 4 7
Random unique PitchClassSequence of size 9: 2 1 7 9 3 0 a 8 5
Random unique PitchClassSequence of size 9: 5 4 1 6 9 3 b 7 2
Random unique PitchClassSequence of size 9: b 8 1 9 5 6 7 0 a
Random unique PitchClassSequence of size 9: 8 0 b 3 2 4 1 7 6
Random unique PitchClassSequence of size 9: 9 3 4 6 5 b 0 7 a
Random unique PitchClassSequence of size 9: 2 1 9 0 4 a 8 6 5
Random unique PitchClassSequence of size 9: 6 7 b 5 9 8 1 3 2
Random unique PitchClassSequence of size 9: 7 0 8 9 a 2 b 6 4
Random unique PitchClassSequence of size 9: 1 5 4 7 b a 3 6 0
Random unique PitchClassSequence of size 9: 9 0 1 2 8 a 5 3 6
Random unique PitchClassSequence of size 9: 5 4 0 9 7 a 2 8 3
Random unique PitchClassSequence of size 9: 1 0 7 a 5 9 6 3 4
Random unique PitchClassSequence of size 9: 5 a 2 b 1 9 4 6 7
Random unique PitchClassSequence of size 9: 1 4 5 7 0 b 3 6 8
Random unique PitchClassSequence of size 9: 1 5 9 6 7 a 0 4 b
Random unique PitchClassSequence of size 9: 5 0 7 6 8 1 3 9 b
Random unique PitchClassSequence of size 9: 3 5 2 9 a 1 6 8 7
Random unique PitchClassSequence of size 9: 5 7 6 b 8 1 a 9 3
Random unique PitchClassSequence of size 9: b 0 6 8 1 4 7 3 9
Random unique PitchClassSequence of size 9: 4 0 8 6 b 7 2 1 a
Random unique PitchClassSequence of size 9: 0 5 6 1 4 2 b 9 8
Random unique PitchClassSequence of size 9: 4 8 7 6 1 5 2 b 3
Random unique PitchClassSequence of size 9: 1 8 2 6 7 4 0 3 5
Random unique PitchClassSequence of size 9: 3 0 6 5 8 9 2 1 b
Random unique PitchClassSequence of size 9: 4 8 6 0 5 1 7 b 3
Random unique PitchClassSequence of size 9: 2 7 4 8 1 a b 0 3
Random unique PitchClassSequence of size 9: 1 0 5 9 7 b a 3 2
Random unique PitchClassSequence of size 9: 1 2 9 6 7 5 3 8 0
Random unique PitchClassSequence of size 9: 9 2 6 b 1 4 8 5 a
Random unique PitchClassSequence of size 9: b 9 2 7 1 0 3 4 5
Random unique PitchClassSequence of size 9: 6 1 3 9 7 0 8 b a
Random unique PitchClassSequence of size 9: 9 0 3 1 8 5 a 4 6
Random unique PitchClassSequence of size 9: b 9 2 6 8 1 0 a 4
Random unique PitchClassSequence of size 9: 0 a b 1 5 3 7 4 2
Random unique PitchClassSequence of size 9: 9 0 8 6 4 7 b a 1
Random unique PitchClassSequence of size 9: 3 9 6 0 1 4 8 2 5
Random unique PitchClassSequence of size 9: 0 4 a 8 5 2 6 9 1
Random unique PitchClassSequence of size 9: 2 6 a 9 b 1 4 5 3
Random unique PitchClassSequence of size 9: b 6 0 9 2 1 4 3 7
Random unique PitchClassSequence of size 9: b 2 1 a 7 3 0 9 6
Random unique PitchClassSequence of size 9: 4 3 a 6 5 2 0 b 9
Random unique PitchClassSequence of size 9: 3 a 4 b 5 9 6 7 8
Random unique PitchClassSequence of size 9: 6 8 2 4 0 b 3 5 a
Random unique PitchClassSequence of size 9: 8 a 3 b 7 2 1 6 4
Random unique PitchClassSequence of size 9: 0 5 7 b 4 6 8 a 3
Random unique PitchClassSequence of size 9: b 9 8 4 5 6 7 3 2
Random unique PitchClassSequence of size 9: 0 1 9 5 4 7 a 2 b
Random unique PitchClassSequence of size 9: a b 9 0 6 3 2 7 4
Random unique PitchClassSequence of size 9: 5 1 b 7 3 8 a 0 4
Random unique PitchClassSequence of size 9: 9 a 4 8 2 5 7 1 b
Random unique PitchClassSequence of size 9: 0 4 b 5 9 6 a 1 7
Random unique PitchClassSequence of size 9: 1 a 9 0 8 b 7 6 5
Random unique PitchClassSequence of size 9: 2 5 0 9 1 a 7 b 6
Random unique PitchClassSequence of size 9: 0 7 6 5 2 8 b 4 9
Random unique PitchClassSequence of size 9: 8 a 9 b 5 6 7 2 4
Random unique PitchClassSequence of size 9: 9 4 7 1 a 6 3 2 8
Random unique PitchClassSequence of size 9: 5 0 7 a 1 2 8 6 3
Random unique PitchClassSequence of size 9: 5 9 b 8 7 1 6 4 2
Random unique PitchClassSequence of size 9: 2 6 1 0 b 9 5 4 a
Random unique PitchClassSequence of size 9: b 6 7 0 9 5 a 3 4
Random unique PitchClassSequence of size 9: b 3 8 5 4 6 1 0 7
Random unique PitchClassSequence of size 9: 5 6 2 9 7 a b 0 4
Random unique PitchClassSequence of size 9: 2 6 b 1 0 7 3 5 4
Random unique PitchClassSequence of size 9: 9 5 0 8 6 b 2 7 a
Random unique PitchClassSequence of size 9: a 0 2 9 4 3 1 6 b
Random unique PitchClassSequence of size 9: 8 1 5 3 4 b 2 a 7
Random unique PitchClassSequence of size 9: 9 b 0 6 4 8 7 1 3
Random unique PitchClassSequence of size 9: 2 3 1 6 0 b 7 9 5
Random unique PitchClassSequence of size 10: 4 7 a 6 9 3 8 5 0 b
Random unique PitchClassSequence of size 10: 6 0 5 a 9 8 3 b 1 4
Random unique PitchClassSequence of size 10: 6 3 4 8 2 9 a 7 1 0
Random unique PitchClassSequence of size 10: 8 0 9 3 4 1 5 7 a 6
Random unique PitchClassSequence of size 10: 8 2 4 6 1 9 0 b 5 3
Random unique PitchClassSequence of size 10: 2 5 6 8 3 b 7 0 a 1
Random unique PitchClassSequence of size 10: 0 8 a 5 3 7 b 2 4 1
Random unique PitchClassSequence of size 10: a 5 2 3 0 7 9 1 4 b
Random unique PitchClassSequence of size 10: 0 5 a b 8 9 4 3 6 1
Random unique PitchClassSequence of size 10: 6 5 2 a 4 9 b 3 1 0
Random unique PitchClassSequence of size 10: 4 6 5 a 8 9 7 0 2 3
Random unique PitchClassSequence of size 10: 7 9 8 3 2 0 6 a b 4
Random unique PitchClassSequence of size 10: 6 5 3 8 a 1 2 9 0 4
Random unique PitchClassSequence of size 10: 4 8 0 2 a 7 9 3 5 6
Random unique PitchClassSequence of size 10: 4 9 a 8 b 2 0 1 3 5
Random unique PitchClassSequence of size 10: 5 a 4 3 8 2 9 b 6 7
Random unique PitchClassSequence of size 10: 7 3 2 9 1 6 4 5 b a
Random unique PitchClassSequence of size 10: 4 1 3 0 6 a b 9 5 8
Random unique PitchClassSequence of size 10: 0 5 9 6 4 b 3 7 8 1
Random unique PitchClassSequence of size 10: 1 6 0 a 5 9 7 2 3 4
Random unique PitchClassSequence of size 10: 1 5 9 4 6 0 3 7 b 8
Random unique PitchClassSequence of size 10: a 5 1 3 6 4 2 7 0 8
Random unique PitchClassSequence of size 10: 0 1 2 3 7 8 9 b 4 5
Random unique PitchClassSequence of size 10: 7 2 8 0 1 a b 9 4 6
Random unique PitchClassSequence of size 10: 9 0 2 7 8 6 1 4 5 3
Random unique PitchClassSequence of size 10: 6 a 2 4 3 0 5 9 7 b
Random unique PitchClassSequence of size 10: 4 3 2 0 1 7 b 5 a 6
Random unique PitchClassSequence of size 10: 0 2 8 1 4 b 7 5 a 3
Random unique PitchClassSequence of size 10: 9 6 a b 2 0 1 5 4 8
Random unique PitchClassSequence of size 10: 5 4 b 7 a 8 0 2 9 1
Random unique PitchClassSequence of size 10: 3 8 6 2 0 a 7 1 9 4
Random unique PitchClassSequence of size 10: 2 7 0 1 3 a 5 8 4 b
Random unique PitchClassSequence of size 10: 3 0 8 9 5 1 6 2 a 4
Random unique PitchClassSequence of size 10: 8 9 3 a 7 4 6 0 1 5
Random unique PitchClassSequence of size 10: 0 8 2 9 7 3 b 5 6 4
Random unique PitchClassSequence of size 10: 9 7 4 1 5 0 b 3 8 6
Random unique PitchClassSequence of size 10: 3 4 9 7 6 a 5 8 b 0
Random unique PitchClassSequence of size 10: 6 3 1 a b 0 8 9 7 5
Random unique PitchClassSequence of size 10: a 9 7 6 1 0 2 5 8 4
Random unique PitchClassSequence of size 10: a 2 3 8 6 0 4 9 b 7
Random unique PitchClassSequence of size 10: 7 b 2 3 4 8 1 a 0 5
Random unique PitchClassSequence of size 10: 1 7 6 b a 3 9 5 0 2
Random unique PitchClassSequence of size 10: 9 0 3 5 b a 2 4 8 6
Random unique PitchClassSequence of size 10: 9 4 8 b a 6 7 2 1 5
Random unique PitchClassSequence of size 10: 1 8 a 0 3 4 5 7 b 6
Random unique PitchClassSequence of size 10: b 0 8 9 3 a 7 4 1 2
Random unique PitchClassSequence of size 10: 3 0 b 6 a 9 1 8 2 7
Random unique PitchClassSequence of size 10: 2 a b 5 6 7 9 1 0 3
Random unique PitchClassSequence of size 10: 6 b 2 8 7 0 5 a 9 1
Random unique PitchClassSequence of size 10: 0 9 b 5 8 1 4 3 2 7
Random unique PitchClassSequence of size 10: 9 0 1 6 5 a 8 3 4 b
Random unique PitchClassSequence of size 10: a 6 4 7 0 2 9 3 8 5
Random unique PitchClassSequence of size 10: 0 b 5 6 7 8 4 9 a 3
Random unique PitchClassSequence of size 10: 7 8 0 6 b a 4 3 5 2
Random unique PitchClassSequence of size 10: 2 4 3 7 8 6 a 5 1 9
Random unique PitchClassSequence of size 10: 4 7 1 2 9 0 8 6 5 b
Random unique PitchClassSequence of size 10: b 5 7 9 0 8 4 6 a 1
Random unique PitchClassSequence of size 10: 2 5 3 7 6 a 8 1 0 4
Random unique PitchClassSequence of size 10: 6 7 b 1 a 3 9 4 2 0
Random unique PitchClassSequence of size 10: a b 9 1 2 8 0 4 5 3
Random unique PitchClassSequence of size 10: 1 5 8 a 2 6 9 3 7 0
Random unique PitchClassSequence of size 10: 1 8 3 9 2 0 a b 4 6
Random unique PitchClassSequence of size 10: 1 2 6 b 9 4 a 3 7 0
Random unique PitchClassSequence of size 10: 3 1 5 4 0 a b 9 8 6
Random unique PitchClassSequence of size 10: a 6 0 1 8 5 2 3 b 4
Random unique PitchClassSequence of size 10: 1 5 7 b 3 0 4 6 8 a
Random unique PitchClassSequence of size 10: 3 b 5 1 2 4 6 0 8 9
Random unique PitchClassSequence of size 10: 6 9 7 8 3 2 5 1 4 0
Random unique PitchClassSequence of size 10: 7 0 a 6 4 2 8 3 5 9
Random unique PitchClassSequence of size 10: b 0 4 1 8 9 2 a 7 5
Random unique PitchClassSequence of size 10: 4 7 1 9 0 6 a 3 2 8
Random unique PitchClassSequence of size 10: 2 3 b 1 9 5 a 0 6 8
Random unique PitchClassSequence of size 10: 4 1 0 b 9 2 a 8 3 5
Random unique PitchClassSequence of size 10: 8 1 6 0 5 7 a 2 4 9
Random unique PitchClassSequence of size 10: 2 7 b 9 6 0 5 8 a 3
Random unique PitchClassSequence of size 10: 6 2 8 4 a 5 7 b 0 3
Random unique PitchClassSequence of size 10: 7 8 b 5 2 9 0 4 a 3
Random unique PitchClassSequence of size 10: 7 6 4 0 a 3 5 b 9 1
Random unique PitchClassSequence of size 10: 3 1 4 5 2 0 6 a 7 b
Random unique PitchClassSequence of size 10: 4 6 7 a 0 2 5 1 b 8
Random unique PitchClassSequence of size 10: 4 5 0 7 2 3 9 6 1 b
Random unique PitchClassSequence of size 10: 6 9 2 7 a 0 5 8 3 1
Random unique PitchClassSequence of size 10: 2 9 1 a 8 7 3 4 6 0
Random unique PitchClassSequence of size 10: 3 8 9 a b 7 2 0 1 4
Random unique PitchClassSequence of size 10: a 4 2 1 0 9 6 7 8 5
Random unique PitchClassSequence of size 10: 6 b 0 2 1 7 4 8 3 a
Random unique PitchClassSequence of size 10: a 2 5 6 7 9 4 0 1 b
Random unique PitchClassSequence of size 10: 9 3 1 5 6 4 a b 2 7
Random unique PitchClassSequence of size 10: 7 3 8 2 4 a 9 5 0 6
Random unique PitchClassSequence of size 10: 7 6 2 0 3 8 5 9 b 4
Random unique PitchClassSequence of size 10: 4 8 7 9 3 b a 0 5 6
Random unique PitchClassSequence of size 10: 9 0 a 6 3 5 8 4 b 7
Random unique PitchClassSequence of size 10: 6 3 a 2 5 7 8 9 b 4
Random unique PitchClassSequence of size 10: 1 5 8 7 0 2 6 b 4 a
Random unique PitchClassSequence of size 10: 3 a 1 2 4 8 6 5 b 9
Random unique PitchClassSequence of size 10: 7 0 1 5 b 9 2 8 3 a
Random unique PitchClassSequence of size 10: 4 0 5 9 7 a b 8 3 6
Random unique PitchClassSequence of size 10: 3 2 4 a 9 5 1 8 b 7
Random unique PitchClassSequence of size 10: 3 6 b a 1 5 7 8 0 9
Random unique PitchClassSequence of size 10: 9 8 a 0 4 1 6 2 3 5
Random unique PitchClassSequence of size 10: 6 0 a 5 3 4 1 9 2 8
Random unique PitchClassSequence of size 11: 8 4 a 1 0 b 9 5 3 6 2
Random unique PitchClassSequence of size 11: 8 0 6 a 7 4 9 b 2 3 1
Random unique PitchClassSequence of size 11: 9 7 2 4 3 b 8 6 1 0 a
Random unique PitchClassSequence of size 11: 4 5 1 8 6 0 a 9 b 3 7
Random unique PitchClassSequence of size 11: a 3 7 6 8 2 4 b 1 5 9
Random unique PitchClassSequence of size 11: 9 6 0 8 a b 1 5 7 4 3
Random unique PitchClassSequence of size 11: 3 4 5 8 0 2 6 9 b 7 a
Random unique PitchClassSequence of size 11: 6 5 1 a b 0 2 4 3 8 7
Random unique PitchClassSequence of size 11: 2 6 4 b 5 1 7 9 a 3 8
Random unique PitchClassSequence of size 11: 1 6 5 2 3 a 0 7 4 b 9
Random unique PitchClassSequence of size 11: 1 5 8 a 6 2 0 3 4 7 9
Random unique PitchClassSequence of size 11: 7 a 4 2 1 3 9 0 8 5 6
Random unique PitchClassSequence of size 11: 9 5 7 0 3 8 b 6 a 4 1
Random unique PitchClassSequence of size 11: 2 7 1 3 0 5 4 6 8 9 b
Random unique PitchClassSequence of size 11: 0 1 9 7 b a 3 5 6 8 4
Random unique PitchClassSequence of size 11: 3 b 6 5 9 0 7 2 1 8 4
Random unique PitchClassSequence of size 11: b 7 4 8 9 6 5 1 2 0 3
Random unique PitchClassSequence of size 11: 9 4 0 7 6 2 a 3 5 1 8
Random unique PitchClassSequence of size 11: 1 8 0 2 9 5 6 7 b 3 4
Random unique PitchClassSequence of size 11: b 5 1 6 4 3 a 2 9 8 0
Random unique PitchClassSequence of size 11: 2 9 a 4 1 5 0 7 3 8 6
Random unique PitchClassSequence of size 11: 3 b 2 6 8 7 a 5 4 1 9
Random unique PitchClassSequence of size 11: 1 a 5 8 7 3 4 b 6 2 0
Random unique PitchClassSequence of size 11: 7 a 6 1 8 5 3 4 0 b 2
Random unique PitchClassSequence of size 11: 6 b 9 5 3 2 8 7 a 4 0
Random unique PitchClassSequence of size 11: 1 a 4 b 2 9 0 5 3 7 6
Random unique PitchClassSequence of size 11: 3 9 0 5 7 2 1 b 6 a 4
Random unique PitchClassSequence of size 11: 0 6 9 5 a b 1 2 8 4 7
Random unique PitchClassSequence of size 11: 3 a 0 5 8 b 6 1 2 4 7
Random unique PitchClassSequence of size 11: 8 7 1 4 a b 2 3 5 0 9
Random unique PitchClassSequence of size 11: 7 a 5 b 3 9 8 2 4 0 6
Random unique PitchClassSequence of size 11: 0 7 3 a 5 1 4 2 6 b 8
Random unique PitchClassSequence of size 11: 9 8 6 7 0 3 a 2 1 4 5
Random unique PitchClassSequence of size 11: 6 5 9 7 3 a 4 0 2 1 8
Random unique PitchClassSequence of size 11: 2 0 1 9 7 5 6 4 a 3 b
Random unique PitchClassSequence of size 11: 3 6 9 7 4 8 1 b a 5 2
Random unique PitchClassSequence of size 11: 0 b 2 6 a 3 8 9 1 5 7
Random unique PitchClassSequence of size 11: b 9 8 1 2 4 a 0 5 7 6
Random unique PitchClassSequence of size 11: 2 7 b 0 3 1 9 5 4 8 6
Random unique PitchClassSequence of size 11: 4 6 8 a 7 b 2 5 1 0 9
Random unique PitchClassSequence of size 11: 1 b 5 0 8 3 4 9 7 2 6
Random unique PitchClassSequence of size 11: 1 3 9 7 5 6 8 b a 4 2
Random unique PitchClassSequence of size 11: b 4 8 1 a 6 0 5 7 2 3
Random unique PitchClassSequence of size 11: 0 a 6 2 7 5 4 b 1 8 9
Random unique PitchClassSequence of size 11: 9 7 6 0 3 4 a b 1 8 2
Random unique PitchClassSequence of size 11: 2 6 4 7 3 b 9 8 1 0 5
Random unique PitchClassSequence of size 11: b 8 0 3 6 a 2 1 4 9 7
Random unique PitchClassSequence of size 11: 6 b 1 9 3 0 8 a 4 7 5
Random unique PitchClassSequence of size 11: 0 3 9 2 1 a b 6 4 5 7
Random unique PitchClassSequence of size 11: 9 4 b 3 1 8 2 0 7 5 6
Random unique PitchClassSequence of size 11: 0 a 7 2 5 b 3 6 8 1 9
Random unique PitchClassSequence of size 11: 0 5 a 1 3 9 2 6 4 7 8
Random unique PitchClassSequence of size 11: 6 b a 2 7 4 3 0 5 1 9
Random unique PitchClassSequence of size 11: 5 2 b 3 1 8 9 4 a 0 6
Random unique PitchClassSequence of size 11: a 2 6 9 3 8 4 0 7 5 1
Random unique PitchClassSequence of size 11: 7 1 2 3 0 8 b 4 9 5 6
Random unique PitchClassSequence of size 11: 0 4 6 3 7 b a 2 9 1 5
Random unique PitchClassSequence of size 11: 3 8 9 5 b 4 7 a 6 2 1
Random unique PitchClassSequence of size 11: 9 7 5 8 b 0 3 2 a 4 6
Random unique PitchClassSequence of size 11: 4 a 5 7 0 1 9 2 3 8 6
Random unique PitchClassSequence of size 11: 0 7 3 8 1 4 5 9 b 6 2
Random unique PitchClassSequence of size 11: b 1 6 0 9 2 a 7 3 5 8
Random unique PitchClassSequence of size 11: 0 4 b 8 2 3 7 a 1 6 9
Random unique PitchClassSequence of size 11: 8 0 1 4 6 3 9 b 5 a 7
Random unique PitchClassSequence of size 11: 9 7 b 8 2 6 1 0 4 5 3
Random unique PitchClassSequence of size 11: 1 a 8 b 2 6 5 0 7 9 4
Random unique PitchClassSequence of size 11: 3 7 0 1 5 a b 4 2 9 6
Random unique PitchClassSequence of size 11: 2 7 4 a 5 8 3 b 1 9 0
Random unique PitchClassSequence of size 11: 7 9 6 0 5 2 8 3 1 4 b
Random unique PitchClassSequence of size 11: 6 8 0 4 3 2 7 b 9 1 a
Random unique PitchClassSequence of size 11: 3 8 6 9 7 2 b 1 0 5 a
Random unique PitchClassSequence of size 11: 1 9 8 7 a 5 2 6 0 4 b
Random unique PitchClassSequence of size 11: b 1 0 3 7 6 9 a 5 4 8
Random unique PitchClassSequence of size 11: 6 2 8 b 9 1 7 3 4 5 0
Random unique PitchClassSequence of size 11: 6 b 9 8 2 1 5 a 3 7 4
Random unique PitchClassSequence of size 11: 1 0 4 9 8 7 6 5 b a 3
Random unique PitchClassSequence of size 11: 8 4 1 a 6 2 9 0 b 5 7
Random unique PitchClassSequence of size 11: b 3 4 a 8 2 7 1 6 9 0
Random unique PitchClassSequence of size 11: 6 9 7 4 0 a 1 b 2 3 8
Random unique PitchClassSequence of size 11: 8 a 6 9 0 4 7 5 1 2 3
Random unique PitchClassSequence of size 11: 4 5 b 6 2 0 9 1 3 8 7
Random unique PitchClassSequence of size 11: 1 3 4 8 7 a 0 6 2 5 9
Random unique PitchClassSequence of size 11: 9 b 1 3 0 5 a 4 6 7 8
Random unique PitchClassSequence of size 11: 1 5 3 4 a 0 b 8 9 7 2
Random unique PitchClassSequence of size 11: 3 1 6 8 4 7 a 0 b 5 9
Random unique PitchClassSequence of size 11: 5 0 8 9 a 1 b 4 2 3 6
Random unique PitchClassSequence of size 11: 4 7 8 5 a 6 b 1 9 3 2
Random unique PitchClassSequence of size 11: 4 8 a 5 6 b 1 3 2 9 0
Random unique PitchClassSequence of size 11: 2 9 4 1 0 a 8 b 6 5 7
Random unique PitchClassSequence of size 11: 4 a 3 0 7 9 6 2 1 5 b
Random unique PitchClassSequence of size 11: 4 0 6 5 3 a 8 b 9 2 7
Random unique PitchClassSequence of size 11: 1 2 b 6 7 0 5 4 8 3 a
Random unique PitchClassSequence of size 11: 1 4 a 5 7 0 9 b 8 6 3
Random unique PitchClassSequence of size 11: 1 2 8 5 b 6 4 a 0 3 9
Random unique PitchClassSequence of size 11: 4 a b 0 3 9 2 1 5 6 7
Random unique PitchClassSequence of size 11: 5 a 9 8 2 4 6 3 0 7 1
Random unique PitchClassSequence of size 11: 3 0 4 9 5 7 6 b 2 a 1
Random unique PitchClassSequence of size 11: b 2 8 6 9 5 7 0 4 1 a
Random unique PitchClassSequence of size 11: 8 a b 9 4 1 3 7 0 2 5
Random unique PitchClassSequence of size 11: b 0 4 8 2 a 5 3 6 9 7
Random unique PitchClassSequence of size 11: 7 9 8 3 0 5 1 a 6 2 4
Random unique PitchClassSequence of size 12: 5 1 9 2 a 7 3 6 8 0 4 b
Random unique PitchClassSequence of size 12: 0 b 2 6 a 9 7 8 4 5 1 3
Random unique PitchClassSequence of size 12: 6 b 0 a 5 4 9 7 8 3 2 1
Random unique PitchClassSequence of size 12: b 9 6 2 5 1 7 a 8 3 0 4
Random unique PitchClassSequence of size 12: 7 1 3 b 6 0 4 5 9 a 8 2
Random unique PitchClassSequence of size 12: 1 a 2 b 7 5 3 0 6 9 4 8
Random unique PitchClassSequence of size 12: 1 6 b 8 0 9 2 3 7 a 4 5
Random unique PitchClassSequence of size 12: 0 2 8 6 a 3 5 7 b 4 1 9
Random unique PitchClassSequence of size 12: 2 6 7 a 8 5 3 1 4 0 9 b
Random unique PitchClassSequence of size 12: 2 5 8 a 0 4 7 1 b 3 6 9
Random unique PitchClassSequence of size 12: 1 2 b 0 7 9 4 8 5 6 3 a
Random unique PitchClassSequence of size 12: 9 4 7 1 2 3 0 6 8 5 b a
Random unique PitchClassSequence of size 12: a 0 9 5 4 8 b 3 2 7 6 1
Random unique PitchClassSequence of size 12: 9 0 6 a 2 b 5 4 8 7 1 3
Random unique PitchClassSequence of size 12: 5 b 6 a 8 4 3 9 0 1 2 7
Random unique PitchClassSequence of size 12: 7 8 1 a 6 2 9 3 b 4 5 0
Random unique PitchClassSequence of size 12: a b 3 1 8 0 6 9 4 5 7 2
Random unique PitchClassSequence of size 12: 6 2 5 1 7 a 0 9 8 b 3 4
Random unique PitchClassSequence of size 12: 9 7 4 8 b 5 6 2 0 a 3 1
Random unique PitchClassSequence of size 12: b 5 1 4 6 a 8 0 7 2 9 3
Random unique PitchClassSequence of size 12: 8 b 1 7 2 a 6 3 5 9 4 0
Random unique PitchClassSequence of size 12: 4 1 0 3 b 2 a 5 9 7 6 8
Random unique PitchClassSequence of size 12: 7 3 a b 9 0 5 1 6 4 2 8
Random unique PitchClassSequence of size 12: 0 4 7 1 8 b 6 2 9 3 5 a
Random unique PitchClassSequence of size 12: 0 5 9 a 8 4 6 3 1 2 7 b
Random unique PitchClassSequence of size 12: 3 4 6 9 a 2 1 0 b 7 5 8
Random unique PitchClassSequence of size 12: 7 6 a 8 5 4 3 9 b 0 1 2
Random unique PitchClassSequence of size 12: b 5 8 4 a 3 1 2 6 7 9 0
Random unique PitchClassSequence of size 12: 2 4 b 5 1 3 6 9 0 8 7 a
Random unique PitchClassSequence of size 12: 8 1 7 3 b 0 a 4 5 2 6 9
Random unique PitchClassSequence of size 12: 3 6 9 2 7 1 5 a b 4 0 8
Random unique PitchClassSequence of size 12: 3 2 9 1 8 4 b 7 5 0 a 6
Random unique PitchClassSequence of size 12: 8 0 4 7 6 5 1 9 b 2 3 a
Random unique PitchClassSequence of size 12: b 5 a 2 3 4 9 8 6 1 0 7
Random unique PitchClassSequence of size 12: b 3 0 9 2 a 7 6 1 4 8 5
Random unique PitchClassSequence of size 12: 9 6 5 2 8 7 3 a 1 b 0 4
Random unique PitchClassSequence of size 12: 9 4 b 7 1 8 3 0 6 2 a 5
Random unique PitchClassSequence of size 12: 8 a 4 b 3 9 7 2 5 1 6 0
Random unique PitchClassSequence of size 12: b 7 a 8 6 3 9 1 4 5 2 0
Random unique PitchClassSequence of size 12: 3 2 1 7 0 6 b 8 a 5 4 9
Random unique PitchClassSequence of size 12: 4 7 0 5 b 6 2 1 3 8 a 9
Random unique PitchClassSequence of size 12: 2 8 3 7 4 6 0 a 5 9 b 1
Random unique PitchClassSequence of size 12: b 8 4 2 6 7 0 3 a 1 5 9
Random unique PitchClassSequence of size 12: 0 9 3 8 4 6 5 1 a 2 7 b
Random unique PitchClassSequence of size 12: 0 3 6 8 2 a 5 9 7 1 b 4
Random unique PitchClassSequence of size 12: 5 2 9 0 7 a 4 6 b 3 1 8
Random unique PitchClassSequence of size 12: 7 8 5 1 0 9 b a 2 6 3 4
Random unique PitchClassSequence of size 12: 2 4 6 0 7 a 1 8 3 9 5 b
Random unique PitchClassSequence of size 12: 4 a 0 5 1 2 3 9 7 b 6 8
Random unique PitchClassSequence of size 12: b 5 2 a 3 0 1 6 9 7 4 8
Random unique PitchClassSequence of size 12: 7 5 3 4 0 9 1 a 8 6 2 b
Random unique PitchClassSequence of size 12: 9 b 7 3 1 5 4 0 8 6 2 a
Random unique PitchClassSequence of size 12: 1 9 2 4 a 7 5 0 6 8 3 b
Random unique PitchClassSequence of size 12: a b 1 6 2 8 7 5 4 3 0 9
Random unique PitchClassSequence of size 12: 8 4 b 9 5 7 3 2 6 0 a 1
Random unique PitchClassSequence of size 12: b 0 6 3 9 4 a 8 2 1 7 5
Random unique PitchClassSequence of size 12: 6 3 0 1 a 4 9 b 5 8 7 2
Random unique PitchClassSequence of size 12: 4 b 7 9 8 6 a 1 5 2 0 3
Random unique PitchClassSequence of size 12: 2 a 0 6 7 b 3 8 4 1 9 5
Random unique PitchClassSequence of size 12: 8 0 2 1 3 b 5 9 6 a 7 4
Random unique PitchClassSequence of size 12: 5 2 6 0 9 8 3 b a 1 7 4
Random unique PitchClassSequence of size 12: b 1 a 3 4 2 8 7 9 0 5 6
Random unique PitchClassSequence of size 12: 7 2 b 6 8 0 9 a 3 4 1 5
Random unique PitchClassSequence of size 12: 4 b 1 8 2 0 9 7 6 a 5 3
Random unique PitchClassSequence of size 12: 0 7 6 4 3 1 9 2 8 b 5 a
Random unique PitchClassSequence of size 12: 6 0 b a 3 8 2 5 1 4 7 9
Random unique PitchClassSequence of size 12: 5 a 3 8 b 9 1 6 2 4 0 7
Random unique PitchClassSequence of size 12: b 3 1 2 9 8 a 4 7 0 6 5
Random unique PitchClassSequence of size 12: a 3 7 8 b 4 1 6 5 0 2 9
Random unique PitchClassSequence of size 12: 6 8 b 9 7 0 5 2 a 3 4 1
Random unique PitchClassSequence of size 12: 9 4 a 0 5 3 1 8 7 6 b 2
Random unique PitchClassSequence of size 12: 4 b 9 0 6 1 7 2 5 8 3 a
Random unique PitchClassSequence of size 12: 2 9 4 3 a 8 6 5 7 0 1 b
Random unique PitchClassSequence of size 12: b 3 2 8 5 a 6 0 4 1 7 9
Random unique PitchClassSequence of size 12: 6 9 1 5 0 3 7 2 4 8 a b
Random unique PitchClassSequence of size 12: 6 b 9 5 a 0 2 7 3 1 8 4
Random unique PitchClassSequence of size 12: 0 6 9 8 b 2 3 5 4 1 a 7
Random unique PitchClassSequence of size 12: b 2 8 9 1 3 7 6 a 4 5 0
Random unique PitchClassSequence of size 12: 4 8 b 1 2 9 5 a 7 0 6 3
Random unique PitchClassSequence of size 12: 9 4 3 b 7 0 2 a 5 1 8 6
Random unique PitchClassSequence of size 12: 1 b a 9 3 2 5 7 4 8 6 0
Random unique PitchClassSequence of size 12: 6 4 7 9 0 b 5 1 8 3 2 a
Random unique PitchClassSequence of size 12: 9 6 a 0 b 2 7 8 3 4 1 5
Random unique PitchClassSequence of size 12: 5 6 a b 2 7 8 9 4 0 3 1
Random unique PitchClassSequence of size 12: 0 8 9 a 7 2 6 4 5 1 3 b
Random unique PitchClassSequence of size 12: a 9 4 2 b 1 5 7 3 6 8 0
Random unique PitchClassSequence of size 12: b 9 8 a 6 7 0 5 1 2 3 4
Random unique PitchClassSequence of size 12: 4 a 6 7 b 8 1 3 2 5 9 0
Random unique PitchClassSequence of size 12: 7 8 0 9 3 6 5 4 b 2 a 1
Random unique PitchClassSequence of size 12: 5 0 8 3 7 a 1 6 2 9 4 b
Random unique PitchClassSequence of size 12: 4 7 6 9 a 2 0 5 8 b 1 3
Random unique PitchClassSequence of size 12: b 9 1 8 5 2 a 7 4 3 0 6
Random unique PitchClassSequence of size 12: 8 3 b 1 5 2 7 6 9 a 0 4
Random unique PitchClassSequence of size 12: 1 6 7 a 8 0 2 3 5 b 4 9
Random unique PitchClassSequence of size 12: 9 5 7 a b 3 0 8 4 6 1 2
Random unique PitchClassSequence of size 12: 1 0 9 6 8 5 4 2 7 3 a b
Random unique PitchClassSequence of size 12: 6 a 5 3 0 4 8 b 9 1 7 2
Random unique PitchClassSequence of size 12: 9 1 6 7 4 2 3 b 5 8 a 0
Random unique PitchClassSequence of size 12: a 3 2 9 5 6 b 8 7 4 1 0
Random unique PitchClassSequence of size 12: 5 4 7 2 a 3 1 8 0 b 6 9
Random unique PitchClassSequence of size 12: 0 9 5 2 b 3 1 a 7 8 6 4
Test random PitchSequences which can contain repeated pcs.
Random unique PitchSequence of size 0 in the range 23 to 27: <>
Random unique PitchSequence of size 0 in the range 23 to 37: <>
Random unique PitchSequence of size 0 in the range 11 to 52: <>
Random unique PitchSequence of size 0 in the range 11 to 71: <>
Random unique PitchSequence of size 0 in the range 15 to 24: <>
Random unique PitchSequence of size 0 in the range 5 to 76: <>
Random unique PitchSequence of size 0 in the range 18 to 78: <>
Random unique PitchSequence of size 0 in the range 16 to 22: <>
Random unique PitchSequence of size 0 in the range 15 to 51: <>
Random unique PitchSequence of size 0 in the range 4 to 62: <>
Random unique PitchSequence of size 0 in the range 2 to 49: <>
Random unique PitchSequence of size 0 in the range 17 to 72: <>
Random unique PitchSequence of size 0 in the range 17 to 22: <>
Random unique PitchSequence of size 0 in the range 4 to 71: <>
Random unique PitchSequence of size 0 in the range 2 to 67: <>
Random unique PitchSequence of size 0 in the range 21 to 92: <>
Random unique PitchSequence of size 0 in the range 22 to 35: <>
Random unique PitchSequence of size 0 in the range 3 to 53: <>
Random unique PitchSequence of size 0 in the range 2 to 39: <>
Random unique PitchSequence of size 0 in the range 21 to 66: <>
Random unique PitchSequence of size 0 in the range 14 to 92: <>
Random unique PitchSequence of size 0 in the range 22 to 79: <>
Random unique PitchSequence of size 0 in the range 13 to 45: <>
Random unique PitchSequence of size 0 in the range 19 to 56: <>
Random unique PitchSequence of size 0 in the range 23 to 52: <>
Random unique PitchSequence of size 0 in the range 4 to 31: <>
Random unique PitchSequence of size 0 in the range 14 to 68: <>
Random unique PitchSequence of size 0 in the range 4 to 30: <>
Random unique PitchSequence of size 0 in the range 11 to 46: <>
Random unique PitchSequence of size 0 in the range 7 to 37: <>
Random unique PitchSequence of size 0 in the range 20 to 83: <>
Random unique PitchSequence of size 0 in the range 16 to 43: <>
Random unique PitchSequence of size 0 in the range 21 to 28: <>
Random unique PitchSequence of size 0 in the range 12 to 85: <>
Random unique PitchSequence of size 0 in the range 15 to 70: <>
Random unique PitchSequence of size 0 in the range 6 to 63: <>
Random unique PitchSequence of size 0 in the range 1 to 54: <>
Random unique PitchSequence of size 0 in the range 16 to 54: <>
Random unique PitchSequence of size 0 in the range 10 to 19: <>
Random unique PitchSequence of size 0 in the range 10 to 65: <>
Random unique PitchSequence of size 0 in the range 1 to 42: <>
Random unique PitchSequence of size 0 in the range 10 to 59: <>
Random unique PitchSequence of size 0 in the range 9 to 29: <>
Random unique PitchSequence of size 0 in the range 9 to 50: <>
Random unique PitchSequence of size 0 in the range 12 to 16: <>
Random unique PitchSequence of size 0 in the range 22 to 76: <>
Random unique PitchSequence of size 0 in the range 18 to 88: <>
Random unique PitchSequence of size 0 in the range 9 to 62: <>
Random unique PitchSequence of size 0 in the range 14 to 84: <>
Random unique PitchSequence of size 0 in the range 22 to 60: <>
Random unique PitchSequence of size 0 in the range 21 to 24: <>
Random unique PitchSequence of size 0 in the range 19 to 87: <>
Random unique PitchSequence of size 0 in the range 20 to 53: <>
Random unique PitchSequence of size 0 in the range 8 to 10: <>
Random unique PitchSequence of size 0 in the range 14 to 60: <>
Random unique PitchSequence of size 0 in the range 3 to 68: <>
Random unique PitchSequence of size 0 in the range 23 to 99: <>
Random unique PitchSequence of size 0 in the range 4 to 34: <>
Random unique PitchSequence of size 0 in the range 15 to 76: <>
Random unique PitchSequence of size 0 in the range 4 to 44: <>
Random unique PitchSequence of size 0 in the range 14 to 27: <>
Random unique PitchSequence of size 0 in the range 13 to 28: <>
Random unique PitchSequence of size 0 in the range 8 to 65: <>
Random unique PitchSequence of size 0 in the range 21 to 77: <>
Random unique PitchSequence of size 0 in the range 22 to 51: <>
Random unique PitchSequence of size 0 in the range 21 to 50: <>
Random unique PitchSequence of size 0 in the range 17 to 44: <>
Random unique PitchSequence of size 0 in the range 8 to 41: <>
Random unique PitchSequence of size 0 in the range 3 to 43: <>
Random unique PitchSequence of size 0 in the range 3 to 52: <>
Random unique PitchSequence of size 0 in the range 4 to 36: <>
Random unique PitchSequence of size 0 in the range 16 to 70: <>
Random unique PitchSequence of size 0 in the range 21 to 31: <>
Random unique PitchSequence of size 0 in the range 6 to 45: <>
Random unique PitchSequence of size 0 in the range 21 to 43: <>
Random unique PitchSequence of size 0 in the range 8 to 68: <>
Random unique PitchSequence of size 0 in the range 14 to 32: <>
Random unique PitchSequence of size 0 in the range 0 to 45: <>
Random unique PitchSequence of size 0 in the range 3 to 79: <>
Random unique PitchSequence of size 0 in the range 0 to 72: <>
Random unique PitchSequence of size 0 in the range 0 to 66: <>
Random unique PitchSequence of size 0 in the range 13 to 15: <>
Random unique PitchSequence of size 0 in the range 22 to 91: <>
Random unique PitchSequence of size 0 in the range 1 to 22: <>
Random unique PitchSequence of size 0 in the range 18 to 62: <>
[...]
Random unique PitchSequence of size 23 in the range 21 to 38: <34 37 28 30 24 32 26 36 22 21 27 35 29 36 36 31 23 37 24 24 38 36 27>
Random unique PitchSequence of size 23 in the range 10 to 70: <31 16 57 23 38 12 24 66 42 36 20 15 16 64 67 17 48 32 15 68 29 24 44>
Random unique PitchSequence of size 23 in the range 8 to 64: <11 28 41 63 55 30 46 47 28 53 54 26 33 57 40 31 40 59 44 36 62 38 32>
Random unique PitchSequence of size 23 in the range 17 to 42: <20 41 23 18 42 18 39 27 33 31 27 36 41 18 29 19 21 23 34 30 39 36 17>
Random unique PitchSequence of size 23 in the range 8 to 62: <35 18 56 40 59 29 60 59 23 46 37 23 57 40 41 34 11 34 60 54 60 62 15>
Random unique PitchSequence of size 23 in the range 4 to 37: <16 7 26 34 31 32 4 35 31 28 18 24 15 16 12 4 29 7 19 5 28 7 17>
Random unique PitchSequence of size 23 in the range 12 to 12: <12 12 12 12 12 12 12 12 12 12 12 12 12 12 12 12 12 12 12 12 12 12 12>
Random unique PitchSequence of size 23 in the range 19 to 93: <51 30 78 20 59 73 75 70 87 44 46 83 43 83 64 93 83 92 69 24 65 36 55>
Random unique PitchSequence of size 23 in the range 15 to 37: <34 23 30 18 25 27 15 30 29 22 16 37 29 23 20 30 36 32 32 16 21 36 33>
Random unique PitchSequence of size 23 in the range 6 to 59: <6 45 38 7 40 18 41 27 58 56 24 33 21 30 39 15 16 33 53 15 14 59 47>
Random unique PitchSequence of size 23 in the range 2 to 78: <19 59 71 3 57 60 3 8 32 71 62 22 71 6 74 10 8 33 31 19 6 50 10>
Random unique PitchSequence of size 23 in the range 10 to 76: <11 61 46 62 72 60 30 35 30 29 61 18 68 66 50 19 17 22 50 18 72 33 42>
Random unique PitchSequence of size 23 in the range 14 to 69: <35 41 36 21 62 39 44 65 44 43 38 17 59 27 23 26 39 28 58 31 46 49 41>
Random unique PitchSequence of size 23 in the range 5 to 72: <35 13 16 54 70 5 44 63 48 27 44 33 5 42 35 49 24 72 15 61 26 37 58>
Random unique PitchSequence of size 23 in the range 20 to 55: <53 33 54 42 37 42 41 49 41 44 44 20 49 29 40 42 21 52 22 33 30 22 32>
Random unique PitchSequence of size 23 in the range 22 to 95: <81 59 83 50 84 64 58 87 67 92 29 56 22 40 87 86 38 83 73 47 79 47 64>
Random unique PitchSequence of size 23 in the range 19 to 83: <45 27 54 81 71 23 44 59 36 65 48 54 73 50 62 56 43 77 59 78 29 42 59>
Random unique PitchSequence of size 23 in the range 22 to 32: <30 24 30 22 27 28 25 26 25 30 28 25 30 22 31 30 25 23 31 27 22 31 24>
Random unique PitchSequence of size 23 in the range 20 to 98: <54 59 48 21 68 89 82 96 38 35 60 50 43 36 73 37 77 75 94 48 29 73 43>
Random unique PitchSequence of size 23 in the range 13 to 82: <48 54 72 75 33 71 25 40 30 44 76 48 21 66 50 43 49 14 16 43 39 58 68>
Random unique PitchSequence of size 23 in the range 13 to 58: <23 16 14 25 23 47 44 35 50 37 14 42 35 34 50 52 47 46 19 38 15 31 46>
Random unique PitchSequence of size 23 in the range 19 to 95: <69 52 55 55 59 48 81 46 29 64 49 75 41 37 40 88 55 64 79 33 54 82 87>
Random unique PitchSequence of size 23 in the range 9 to 16: <16 15 12 16 15 15 16 13 15 14 9 13 16 11 10 15 10 12 15 11 12 14 12>
Random unique PitchSequence of size 23 in the range 12 to 43: <25 19 28 16 22 33 42 23 38 24 34 12 14 31 41 41 43 28 27 34 41 26 40>
Random unique PitchSequence of size 23 in the range 9 to 18: <11 10 15 15 14 16 18 16 13 12 9 9 16 14 18 15 16 10 18 17 15 16 18>
Random unique PitchSequence of size 23 in the range 15 to 57: <42 25 52 35 41 44 29 26 21 56 51 26 20 27 42 28 37 56 52 45 20 21 16>
Random unique PitchSequence of size 23 in the range 9 to 53: <29 53 12 34 26 35 29 52 48 50 40 27 37 24 34 29 32 27 17 29 43 19 17>
Random unique PitchSequence of size 23 in the range 3 to 7: <3 6 7 6 6 7 3 3 3 3 3 5 5 4 6 7 3 7 7 6 3 5 6>
Random unique PitchSequence of size 23 in the range 9 to 43: <35 18 9 29 16 33 14 16 15 9 36 25 40 30 33 11 26 26 26 20 42 19 40>
Random unique PitchSequence of size 23 in the range 23 to 47: <29 29 40 37 40 26 41 41 26 43 28 47 34 23 43 23 34 43 25 25 43 33 45>
Random unique PitchSequence of size 23 in the range 22 to 98: <33 48 79 74 48 66 57 47 83 24 70 60 25 34 70 38 70 27 49 50 84 75 45>
Random unique PitchSequence of size 23 in the range 12 to 13: <13 13 13 13 12 12 13 12 13 13 12 13 13 13 13 13 12 13 13 13 13 12 13>
Random unique PitchSequence of size 23 in the range 21 to 30: <21 26 29 22 24 25 23 29 29 26 23 21 28 29 22 25 30 22 24 26 25 30 24>
Random unique PitchSequence of size 23 in the range 8 to 23: <16 18 15 14 18 16 17 14 11 20 11 14 12 10 9 8 14 11 13 9 11 17 15>
Random unique PitchSequence of size 23 in the range 11 to 67: <26 28 59 63 35 14 26 61 59 57 29 31 67 23 49 29 58 22 65 53 49 43 67>
Random unique PitchSequence of size 23 in the range 2 to 24: <8 24 3 19 21 24 8 14 4 3 17 12 17 19 19 3 3 13 16 7 23 11 19>
Random unique PitchSequence of size 23 in the range 4 to 34: <26 24 23 25 19 15 24 10 11 28 23 29 8 9 27 5 5 14 28 15 13 17 12>
Random unique PitchSequence of size 23 in the range 14 to 67: <28 55 54 66 24 19 33 57 44 43 53 57 37 30 56 46 37 55 34 16 40 46 14>
Random unique PitchSequence of size 23 in the range 14 to 17: <15 15 17 15 14 15 16 14 15 15 16 16 14 14 16 16 16 16 17 14 16 16 14>
Random unique PitchSequence of size 23 in the range 12 to 80: <36 38 56 50 61 66 79 58 80 13 57 17 44 65 28 67 37 71 34 45 68 67 16>
Random unique PitchSequence of size 23 in the range 17 to 56: <37 33 31 22 40 51 56 48 49 41 38 38 35 45 50 19 17 20 48 21 19 20 47>
Random unique PitchSequence of size 23 in the range 9 to 79: <75 76 79 69 74 20 79 48 74 25 65 12 9 78 44 63 13 49 75 21 58 54 78>
Random unique PitchSequence of size 24 in the range 13 to 79: <66 44 42 75 33 31 30 38 38 77 43 16 18 66 43 46 59 31 14 79 50 42 26 19>
Random unique PitchSequence of size 24 in the range 17 to 63: <41 36 54 20 33 35 37 21 57 59 19 38 38 53 18 18 34 38 21 55 54 31 41 47>
Random unique PitchSequence of size 24 in the range 8 to 33: <31 20 21 27 11 33 15 30 25 13 30 33 23 21 13 31 13 8 30 32 31 24 15 30>
Random unique PitchSequence of size 24 in the range 14 to 60: <56 22 16 39 54 55 42 36 24 31 22 21 32 49 26 40 23 58 30 54 54 24 17 58>
Random unique PitchSequence of size 24 in the range 3 to 16: <12 14 5 7 13 8 12 15 6 9 6 11 15 4 7 10 5 10 11 16 13 5 15 6>
Random unique PitchSequence of size 24 in the range 18 to 29: <29 21 24 26 23 29 28 23 20 28 28 20 28 29 18 21 27 23 27 20 23 29 27 26>
Random unique PitchSequence of size 24 in the range 15 to 92: <74 59 48 30 64 69 48 38 47 46 28 40 74 65 20 48 45 54 45 88 60 22 60 16>
Random unique PitchSequence of size 24 in the range 22 to 50: <38 32 37 34 44 27 48 33 24 23 33 30 48 40 27 50 47 31 42 42 22 48 47 47>
Random unique PitchSequence of size 24 in the range 9 to 20: <12 9 20 9 9 17 18 19 19 11 13 14 15 14 20 10 11 18 14 17 9 13 12 9>
Random unique PitchSequence of size 24 in the range 21 to 71: <47 56 61 40 40 21 39 65 69 35 57 54 58 63 62 24 67 62 25 38 64 58 31 34>
Random unique PitchSequence of size 24 in the range 8 to 84: <68 11 66 54 40 36 25 53 69 30 71 72 82 83 58 56 60 11 14 15 58 74 60 80>
Random unique PitchSequence of size 24 in the range 0 to 1: <0 1 1 1 1 1 0 0 1 0 1 1 1 1 0 1 0 1 0 1 0 0 0 0>
Random unique PitchSequence of size 24 in the range 7 to 80: <35 23 32 68 54 18 9 38 31 57 25 14 15 11 52 69 58 75 59 27 68 43 77 57>
Random unique PitchSequence of size 24 in the range 22 to 49: <26 28 35 26 27 31 28 31 46 39 33 23 39 24 38 29 35 38 47 32 35 27 37 28>
Random unique PitchSequence of size 24 in the range 11 to 14: <13 14 12 14 11 12 14 13 12 12 14 12 13 11 12 13 13 12 14 12 12 11 12 14>
Random unique PitchSequence of size 24 in the range 23 to 53: <30 35 47 39 35 49 27 23 29 52 27 31 41 41 43 27 49 33 32 26 37 41 45 52>
Random unique PitchSequence of size 24 in the range 10 to 29: <15 22 25 19 18 14 19 21 14 19 18 27 13 18 10 29 29 23 10 18 13 10 24 18>
Random unique PitchSequence of size 24 in the range 5 to 25: <23 5 8 18 23 15 11 19 20 16 14 24 24 19 11 15 17 21 25 14 15 15 25 25>
Random unique PitchSequence of size 24 in the range 22 to 22: <22 22 22 22 22 22 22 22 22 22 22 22 22 22 22 22 22 22 22 22 22 22 22 22>
Random unique PitchSequence of size 24 in the range 16 to 41: <25 23 18 30 33 25 18 20 30 26 32 22 20 26 41 23 27 29 33 34 29 16 41 27>
Random unique PitchSequence of size 24 in the range 21 to 94: <71 44 55 76 44 86 52 23 77 43 57 69 88 58 79 24 82 57 71 72 30 25 77 65>
Random unique PitchSequence of size 24 in the range 20 to 62: <47 40 45 54 20 43 29 40 42 52 26 51 40 23 46 41 61 30 49 56 45 58 30 62>
Random unique PitchSequence of size 24 in the range 22 to 40: <35 32 29 28 26 23 22 26 27 32 22 40 26 36 38 30 29 35 33 28 29 27 33 28>
Random unique PitchSequence of size 24 in the range 10 to 66: <54 41 36 37 59 38 58 57 41 22 24 21 48 13 22 49 65 20 49 48 55 20 31 43>
Random unique PitchSequence of size 24 in the range 10 to 37: <15 12 15 32 10 23 17 30 16 12 27 15 19 27 23 14 16 34 19 28 37 34 37 12>
Random unique PitchSequence of size 24 in the range 0 to 75: <43 70 66 28 46 55 26 61 9 4 40 63 12 69 53 6 18 52 63 55 4 24 44 4>
Random unique PitchSequence of size 24 in the range 5 to 49: <5 35 39 31 46 47 25 26 21 47 45 40 42 33 37 42 44 42 18 47 37 32 19 17>
Random unique PitchSequence of size 24 in the range 13 to 64: <54 38 31 55 34 36 63 63 61 61 55 23 43 62 34 49 54 13 56 62 27 51 37 54>
Random unique PitchSequence of size 24 in the range 16 to 45: <26 17 42 43 43 26 20 31 33 24 43 24 45 26 33 26 41 31 30 20 31 19 20 36>
Random unique PitchSequence of size 24 in the range 13 to 39: <13 20 24 27 33 25 37 14 29 39 14 29 39 34 18 25 19 25 36 39 17 15 28 14>
Random unique PitchSequence of size 24 in the range 12 to 77: <69 71 38 41 15 53 67 52 77 70 32 49 55 20 76 19 24 21 30 22 15 29 67 14>
Random unique PitchSequence of size 24 in the range 21 to 75: <31 69 64 58 62 59 50 30 54 63 63 40 51 63 55 49 71 33 31 39 62 48 62 68>
Random unique PitchSequence of size 24 in the range 12 to 47: <20 28 35 37 29 46 37 47 33 22 21 17 36 18 23 43 19 25 23 29 42 44 47 47>
Random unique PitchSequence of size 24 in the range 4 to 78: <55 75 76 75 32 9 77 77 31 16 34 42 52 50 11 52 50 29 74 26 15 47 74 75>
Random unique PitchSequence of size 24 in the range 7 to 48: <44 31 20 29 19 18 23 23 32 26 36 39 24 16 12 33 36 32 26 48 14 31 36 36>
Random unique PitchSequence of size 24 in the range 7 to 51: <35 42 45 11 10 45 35 48 36 11 20 13 31 28 51 32 31 49 23 33 24 40 33 35>
Random unique PitchSequence of size 24 in the range 1 to 6: <5 1 6 2 1 3 2 2 6 6 3 5 1 4 2 1 6 4 5 3 4 4 1 6>
Random unique PitchSequence of size 24 in the range 15 to 64: <64 17 43 15 16 25 24 49 50 15 52 23 46 46 46 27 25 18 64 55 15 64 60 62>
Random unique PitchSequence of size 24 in the range 6 to 65: <15 8 29 7 7 60 34 59 54 32 54 30 41 21 12 16 11 51 35 34 27 59 41 21>
Random unique PitchSequence of size 24 in the range 16 to 85: <43 16 49 26 47 19 22 79 43 54 52 42 66 38 62 67 22 38 84 43 55 67 29 35>
Random unique PitchSequence of size 24 in the range 18 to 30: <22 25 30 18 26 20 23 22 23 29 27 30 20 25 23 28 29 27 26 21 29 24 27 18>
Random unique PitchSequence of size 24 in the range 17 to 72: <36 42 66 24 41 25 29 23 21 72 64 34 56 72 28 68 33 44 20 21 22 25 69 63>
Random unique PitchSequence of size 24 in the range 16 to 32: <26 24 22 18 30 24 21 29 20 22 23 23 32 31 17 17 21 19 29 24 21 16 16 31>
Random unique PitchSequence of size 24 in the range 19 to 51: <21 51 23 36 21 31 44 30 23 27 51 49 26 40 33 29 32 48 30 21 37 34 29 51>
Random unique PitchSequence of size 24 in the range 20 to 55: <20 24 52 44 35 30 28 24 40 31 33 36 38 23 53 51 51 33 50 39 48 39 38 49>
Random unique PitchSequence of size 24 in the range 15 to 67: <30 46 32 42 42 64 66 34 54 17 36 34 41 20 51 26 21 56 45 36 53 16 35 58>
Random unique PitchSequence of size 24 in the range 15 to 85: <29 48 32 26 77 82 22 70 28 48 18 65 79 50 72 79 27 78 23 31 32 19 60 21>
Random unique PitchSequence of size 24 in the range 9 to 26: <18 21 16 13 24 17 21 22 16 20 20 14 18 21 18 13 16 19 25 20 10 23 15 13>
Random unique PitchSequence of size 24 in the range 7 to 45: <13 13 21 36 39 40 18 40 24 45 42 29 44 19 16 15 9 35 40 34 41 19 9 37>
Random unique PitchSequence of size 24 in the range 19 to 23: <22 20 23 20 22 20 22 21 22 21 23 20 20 22 23 20 23 21 22 21 19 22 22 20>
Random unique PitchSequence of size 24 in the range 0 to 74: <40 45 57 54 67 24 22 32 31 15 25 72 55 14 29 1 48 7 1 44 30 30 23 21>
Random unique PitchSequence of size 24 in the range 15 to 43: <27 24 40 38 42 34 15 37 41 42 27 19 37 41 26 25 39 22 28 39 24 20 33 39>
Random unique PitchSequence of size 24 in the range 3 to 72: <56 14 28 25 13 53 35 12 48 4 66 64 7 36 10 65 15 26 68 5 41 26 52 52>
Random unique PitchSequence of size 24 in the range 5 to 43: <41 41 32 19 22 22 31 6 33 19 5 17 11 26 28 27 15 7 16 38 33 38 18 9>
Random unique PitchSequence of size 24 in the range 10 to 86: <73 31 50 15 67 22 27 20 22 36 40 70 65 26 78 36 23 31 56 13 10 31 20 49>
Random unique PitchSequence of size 24 in the range 21 to 60: <21 34 39 42 29 28 47 57 54 31 45 47 58 38 41 22 30 60 24 34 21 52 37 51>
Random unique PitchSequence of size 24 in the range 13 to 79: <60 13 60 51 33 70 50 64 60 53 58 70 13 38 15 15 21 37 74 25 59 17 14 67>
Random unique PitchSequence of size 24 in the range 10 to 82: <21 63 73 25 49 10 59 39 70 55 80 65 39 28 18 52 46 11 82 72 57 69 75 73>
Random unique PitchSequence of size 24 in the range 4 to 18: <18 4 16 17 5 6 10 15 6 8 9 6 12 5 8 7 7 9 11 4 17 6 8 12>
Random unique PitchSequence of size 24 in the range 12 to 87: <53 80 72 23 77 85 63 19 39 29 39 52 87 41 73 49 41 31 25 20 49 87 75 73>
Random unique PitchSequence of size 24 in the range 1 to 47: <28 2 13 22 22 9 44 44 26 29 38 19 12 12 39 11 19 41 11 21 22 12 27 20>
Random unique PitchSequence of size 24 in the range 7 to 51: <51 40 8 34 8 11 9 30 35 26 18 40 33 47 17 14 22 16 42 28 45 30 37 51>
Random unique PitchSequence of size 24 in the range 8 to 45: <41 29 12 35 8 43 20 9 8 8 9 36 24 45 12 25 17 39 45 21 8 28 12 27>
Random unique PitchSequence of size 24 in the range 13 to 64: <23 31 25 43 44 63 55 55 33 39 18 49 29 23 34 41 41 61 36 26 49 18 46 30>
Random unique PitchSequence of size 24 in the range 15 to 31: <26 26 27 23 20 15 31 18 30 30 17 22 27 24 22 28 31 25 30 18 23 24 27 27>
Random unique PitchSequence of size 24 in the range 21 to 27: <27 21 22 25 26 26 23 25 24 24 25 21 26 25 27 24 24 23 26 25 27 24 21 25>
Random unique PitchSequence of size 24 in the range 12 to 18: <14 18 18 12 16 17 15 15 17 16 17 16 13 12 13 17 14 18 15 18 16 14 16 15>
Random unique PitchSequence of size 24 in the range 6 to 66: <63 42 42 49 55 53 66 14 24 44 52 6 34 18 66 66 29 9 14 33 20 49 37 47>
Random unique PitchSequence of size 24 in the range 16 to 93: <43 88 61 76 24 84 38 43 81 24 60 17 86 24 91 70 16 83 66 23 59 93 56 75>
Random unique PitchSequence of size 24 in the range 4 to 80: <31 67 22 15 14 58 9 24 66 56 75 22 51 17 36 25 9 34 73 74 42 63 8 59>
Random unique PitchSequence of size 24 in the range 22 to 48: <22 24 41 37 36 34 28 42 33 44 29 25 28 22 31 25 47 23 37 42 23 29 22 39>
Random unique PitchSequence of size 24 in the range 5 to 56: <12 14 41 43 56 27 27 18 26 13 21 7 6 23 23 29 45 11 30 47 40 46 17 8>
Random unique PitchSequence of size 24 in the range 15 to 79: <63 42 22 74 33 57 67 79 68 41 37 53 57 36 49 18 40 34 73 79 40 42 63 42>
Random unique PitchSequence of size 24 in the range 17 to 37: <36 31 22 27 34 20 35 30 28 21 29 30 18 30 29 26 28 20 17 28 33 23 30 17>
Random unique PitchSequence of size 24 in the range 13 to 39: <30 13 20 26 15 17 33 34 21 34 19 16 20 14 39 25 38 30 29 35 13 13 26 26>
Random unique PitchSequence of size 24 in the range 12 to 37: <28 26 18 31 22 34 26 26 20 37 12 24 26 18 31 16 32 12 18 12 14 17 12 25>
Random unique PitchSequence of size 24 in the range 10 to 13: <10 12 12 10 12 13 13 13 12 12 11 10 11 10 11 11 10 12 10 11 13 10 10 13>
Random unique PitchSequence of size 24 in the range 18 to 26: <25 18 24 24 19 20 26 22 25 20 18 19 24 22 22 22 21 22 22 19 23 23 24 20>
Random unique PitchSequence of size 24 in the range 4 to 54: <54 31 20 34 16 23 33 13 51 47 48 28 19 24 33 13 34 40 35 16 9 18 32 10>
Random unique PitchSequence of size 24 in the range 13 to 47: <16 21 47 43 41 13 34 31 36 25 44 16 18 23 18 22 45 19 37 19 21 32 30 22>
Random unique PitchSequence of size 24 in the range 15 to 83: <75 52 33 33 71 63 65 34 36 43 79 51 71 37 17 56 27 43 64 75 65 70 58 51>
Random unique PitchSequence of size 24 in the range 22 to 75: <33 49 61 47 62 50 68 43 57 66 30 24 55 28 54 50 54 71 61 68 33 58 28 41>
Random unique PitchSequence of size 24 in the range 16 to 17: <16 17 17 17 16 16 17 17 16 17 17 16 17 17 16 17 16 16 16 16 16 17 16 17>
Random unique PitchSequence of size 24 in the range 22 to 54: <38 53 44 38 51 22 49 47 53 51 28 53 51 43 45 24 39 36 36 43 40 36 31 49>
Random unique PitchSequence of size 24 in the range 2 to 35: <16 16 6 19 18 35 20 25 19 22 34 30 12 35 8 11 20 11 14 13 35 29 12 3>
Random unique PitchSequence of size 24 in the range 15 to 54: <34 43 23 24 50 18 42 44 50 22 39 41 42 37 49 16 43 32 29 23 36 15 31 42>
Random unique PitchSequence of size 24 in the range 23 to 78: <57 72 74 41 43 41 33 45 28 57 53 48 66 23 33 74 28 78 26 67 37 47 67 77>
Random unique PitchSequence of size 24 in the range 20 to 96: <66 44 52 61 48 77 21 52 79 55 75 41 81 44 65 91 66 55 83 40 90 79 45 84>
Random unique PitchSequence of size 24 in the range 11 to 70: <37 68 12 46 57 13 61 31 28 35 56 51 39 38 17 41 45 29 36 19 37 54 31 63>
Random unique PitchSequence of size 24 in the range 1 to 78: <43 38 62 33 68 39 36 8 13 39 45 78 69 62 23 20 10 16 27 77 75 49 77 20>
Random unique PitchSequence of size 24 in the range 16 to 70: <16 27 18 60 64 33 18 48 40 53 57 27 29 16 56 57 69 62 62 16 34 64 21 69>
Random unique PitchSequence of size 24 in the range 9 to 87: <81 28 74 22 63 36 66 47 69 11 86 24 13 76 20 47 68 71 57 74 46 32 34 84>
Random unique PitchSequence of size 24 in the range 2 to 40: <2 10 14 5 35 39 15 6 19 23 5 36 21 31 13 14 33 36 14 15 23 20 15 29>
Random unique PitchSequence of size 24 in the range 10 to 37: <20 36 21 29 34 29 29 20 33 35 25 33 15 15 19 18 26 14 13 29 14 10 29 12>
Random unique PitchSequence of size 24 in the range 7 to 73: <40 36 40 56 25 49 60 67 49 18 43 46 66 24 33 27 56 38 54 14 7 15 53 46>
Random unique PitchSequence of size 24 in the range 23 to 54: <24 48 40 35 30 44 35 36 44 25 43 40 50 48 42 35 37 40 53 32 51 23 24 34>
Random unique PitchSequence of size 24 in the range 21 to 28: <23 22 25 23 22 25 27 22 25 25 22 23 22 24 23 27 28 26 23 27 21 26 26 21>
Random unique PitchSequence of size 24 in the range 2 to 21: <17 18 15 13 21 7 8 2 3 4 7 14 4 17 9 17 21 3 5 17 9 2 4 5>
Random unique PitchSequence of size 24 in the range 23 to 87: <33 74 30 49 31 80 57 30 80 78 26 38 66 58 83 32 70 27 34 49 69 58 58 63>
Random unique PitchSequence of size 24 in the range 11 to 89: <17 30 19 37 29 55 28 67 88 29 48 46 13 81 71 49 42 35 20 60 13 13 82 82>
Random unique PitchSequence of size 24 in the range 13 to 65: <39 29 51 52 54 52 37 42 59 28 28 21 43 34 36 39 47 23 33 18 16 41 52 52>
]]></system-out>
  </testcase>
  <testcase name="testShuffle" classname="com.newscores.setTheory.TestSequenceUtils" time="0.0"/>
  <testcase name="testEmbeddedSequences" classname="com.newscores.setTheory.TestSequenceUtils" time="0.0">
    <system-err><![CDATA[Jun 24, 2026 6:47:14 AM com.newscores.setTheory.TestSequenceUtils testEmbeddedSequences
INFO: {"@type":"pitch_class_sequence","members":[0,1,2,3],"name":"A random PitchSequence"}
Jun 24, 2026 6:47:14 AM com.newscores.setTheory.TestSequenceUtils testEmbeddedSequences
INFO: 0 1 2 3
Jun 24, 2026 6:47:14 AM com.newscores.setTheory.TestSequenceUtils testEmbeddedSequences
INFO: 1 4 0 7 2 a 8 a 3 9 a 0 1 6 1 0 a 9 2 1 3 5 4 9
Jun 24, 2026 6:47:14 AM com.newscores.setTheory.utils.SequenceUtils getEmbeddedSubsequences
INFO: Testing AT you sukc at: com.newscores.setTheory.utils.SequenceUtils
]]></system-err>
  </testcase>
</testsuite>