<?xml version="1.0" encoding="UTF-8"?>
<testsuite xmlns:xsi="http://www.w3.org/2001/XMLSchema-instance" xsi:noNamespaceSchemaLocation="https://maven.apache.org/surefire/maven-surefire-plugin/xsd/surefire-test-report.xsd" version="3.0.2" name="org.paulmarquardt.setTheory.TestPitchSequenceTransformation" time="0.016" tests="3" errors="0" skipped="0" failures="0" flakes="0">
  <properties>
[...]
</properties>
  <testcase name="testPitchSequenceTransformation" classname="org.paulmarquardt.setTheory.TestPitchSequenceTransformation" time="0.0"/>
  <testcase name="testPitchSequenceFromTransformationString" classname="org.paulmarquardt.setTheory.TestPitchSequenceTransformation" time="0.001"/>
  <testcase name="testPitchSequenceFromTransformation" classname="org.paulmarquardt.setTheory.TestPitchSequenceTransformation" time="0.014">
    <system-out><![CDATA[Original Seq :: T[0] : <0 4 6 3 2 5 8>
Sequence transformed by T[0] :: T[0] : <0 4 6 3 2 5 8>
Original Seq :: RT[0] : <8 5 2 3 6 4 0>
Sequence transformed by RT[0] :: RT[0] : <8 5 2 3 6 4 0>
Original Seq :: T[0]I : <0 8 6 9 A 7 4>
Sequence transformed by T[0]I :: T[0]I : <0 8 6 9 A 7 4>
Original Seq :: RT[0]I : <4 7 A 9 6 8 0>
Sequence transformed by RT[0]I :: RT[0]I : <4 7 A 9 6 8 0>
Original Seq :: T[0]M[5] : <0 8 6 3 A 1 4>
Sequence transformed by T[0]M[5] :: T[0]M[5] : <0 8 6 3 A 1 4>
Original Seq :: RT[0]M[5] : <4 1 A 3 6 8 0>
Sequence transformed by RT[0]M[5] :: RT[0]M[5] : <4 1 A 3 6 8 0>
Original Seq :: T[0]M[7] : <0 4 6 9 2 B 8>
Sequence transformed by T[0]M[7] :: T[0]M[7] : <0 4 6 9 2 B 8>
Original Seq :: RT[0]M[7] : <8 B 2 9 6 4 0>
Sequence transformed by RT[0]M[7] :: RT[0]M[7] : <8 B 2 9 6 4 0>
Original Seq :: T[1] : <1 5 7 4 3 6 9>
Sequence transformed by T[1] :: T[1] : <1 5 7 4 3 6 9>
Original Seq :: RT[1] : <9 6 3 4 7 5 1>
Sequence transformed by RT[1] :: RT[1] : <9 6 3 4 7 5 1>
Original Seq :: T[1]I : <1 9 7 A B 8 5>
Sequence transformed by T[1]I :: T[1]I : <1 9 7 A B 8 5>
Original Seq :: RT[1]I : <5 8 B A 7 9 1>
Sequence transformed by RT[1]I :: RT[1]I : <5 8 B A 7 9 1>
Original Seq :: T[1]M[5] : <1 9 7 4 B 2 5>
Sequence transformed by T[1]M[5] :: T[1]M[5] : <1 9 7 4 B 2 5>
Original Seq :: RT[1]M[5] : <5 2 B 4 7 9 1>
Sequence transformed by RT[1]M[5] :: RT[1]M[5] : <5 2 B 4 7 9 1>
Original Seq :: T[1]M[7] : <1 5 7 A 3 0 9>
Sequence transformed by T[1]M[7] :: T[1]M[7] : <1 5 7 A 3 0 9>
Original Seq :: RT[1]M[7] : <9 0 3 A 7 5 1>
Sequence transformed by RT[1]M[7] :: RT[1]M[7] : <9 0 3 A 7 5 1>
Original Seq :: T[2] : <2 6 8 5 4 7 A>
Sequence transformed by T[2] :: T[2] : <2 6 8 5 4 7 A>
Original Seq :: RT[2] : <A 7 4 5 8 6 2>
Sequence transformed by RT[2] :: RT[2] : <A 7 4 5 8 6 2>
Original Seq :: T[2]I : <2 A 8 B 0 9 6>
Sequence transformed by T[2]I :: T[2]I : <2 A 8 B 0 9 6>
Original Seq :: RT[2]I : <6 9 0 B 8 A 2>
Sequence transformed by RT[2]I :: RT[2]I : <6 9 0 B 8 A 2>
Original Seq :: T[2]M[5] : <2 A 8 5 0 3 6>
Sequence transformed by T[2]M[5] :: T[2]M[5] : <2 A 8 5 0 3 6>
Original Seq :: RT[2]M[5] : <6 3 0 5 8 A 2>
Sequence transformed by RT[2]M[5] :: RT[2]M[5] : <6 3 0 5 8 A 2>
Original Seq :: T[2]M[7] : <2 6 8 B 4 1 A>
Sequence transformed by T[2]M[7] :: T[2]M[7] : <2 6 8 B 4 1 A>
Original Seq :: RT[2]M[7] : <A 1 4 B 8 6 2>
Sequence transformed by RT[2]M[7] :: RT[2]M[7] : <A 1 4 B 8 6 2>
Original Seq :: T[3] : <3 7 9 6 5 8 B>
Sequence transformed by T[3] :: T[3] : <3 7 9 6 5 8 B>
Original Seq :: RT[3] : <B 8 5 6 9 7 3>
Sequence transformed by RT[3] :: RT[3] : <B 8 5 6 9 7 3>
Original Seq :: T[3]I : <3 B 9 0 1 A 7>
Sequence transformed by T[3]I :: T[3]I : <3 B 9 0 1 A 7>
Original Seq :: RT[3]I : <7 A 1 0 9 B 3>
Sequence transformed by RT[3]I :: RT[3]I : <7 A 1 0 9 B 3>
Original Seq :: T[3]M[5] : <3 B 9 6 1 4 7>
Sequence transformed by T[3]M[5] :: T[3]M[5] : <3 B 9 6 1 4 7>
Original Seq :: RT[3]M[5] : <7 4 1 6 9 B 3>
Sequence transformed by RT[3]M[5] :: RT[3]M[5] : <7 4 1 6 9 B 3>
Original Seq :: T[3]M[7] : <3 7 9 0 5 2 B>
Sequence transformed by T[3]M[7] :: T[3]M[7] : <3 7 9 0 5 2 B>
Original Seq :: RT[3]M[7] : <B 2 5 0 9 7 3>
Sequence transformed by RT[3]M[7] :: RT[3]M[7] : <B 2 5 0 9 7 3>
Original Seq :: T[4] : <4 8 A 7 6 9 0>
Sequence transformed by T[4] :: T[4] : <4 8 A 7 6 9 0>
Original Seq :: RT[4] : <0 9 6 7 A 8 4>
Sequence transformed by RT[4] :: RT[4] : <0 9 6 7 A 8 4>
Original Seq :: T[4]I : <4 0 A 1 2 B 8>
Sequence transformed by T[4]I :: T[4]I : <4 0 A 1 2 B 8>
Original Seq :: RT[4]I : <8 B 2 1 A 0 4>
Sequence transformed by RT[4]I :: RT[4]I : <8 B 2 1 A 0 4>
Original Seq :: T[4]M[5] : <4 0 A 7 2 5 8>
Sequence transformed by T[4]M[5] :: T[4]M[5] : <4 0 A 7 2 5 8>
Original Seq :: RT[4]M[5] : <8 5 2 7 A 0 4>
Sequence transformed by RT[4]M[5] :: RT[4]M[5] : <8 5 2 7 A 0 4>
Original Seq :: T[4]M[7] : <4 8 A 1 6 3 0>
Sequence transformed by T[4]M[7] :: T[4]M[7] : <4 8 A 1 6 3 0>
Original Seq :: RT[4]M[7] : <0 3 6 1 A 8 4>
Sequence transformed by RT[4]M[7] :: RT[4]M[7] : <0 3 6 1 A 8 4>
Original Seq :: T[5] : <5 9 B 8 7 A 1>
Sequence transformed by T[5] :: T[5] : <5 9 B 8 7 A 1>
Original Seq :: RT[5] : <1 A 7 8 B 9 5>
Sequence transformed by RT[5] :: RT[5] : <1 A 7 8 B 9 5>
Original Seq :: T[5]I : <5 1 B 2 3 0 9>
Sequence transformed by T[5]I :: T[5]I : <5 1 B 2 3 0 9>
Original Seq :: RT[5]I : <9 0 3 2 B 1 5>
Sequence transformed by RT[5]I :: RT[5]I : <9 0 3 2 B 1 5>
Original Seq :: T[5]M[5] : <5 1 B 8 3 6 9>
Sequence transformed by T[5]M[5] :: T[5]M[5] : <5 1 B 8 3 6 9>
Original Seq :: RT[5]M[5] : <9 6 3 8 B 1 5>
Sequence transformed by RT[5]M[5] :: RT[5]M[5] : <9 6 3 8 B 1 5>
Original Seq :: T[5]M[7] : <5 9 B 2 7 4 1>
Sequence transformed by T[5]M[7] :: T[5]M[7] : <5 9 B 2 7 4 1>
Original Seq :: RT[5]M[7] : <1 4 7 2 B 9 5>
Sequence transformed by RT[5]M[7] :: RT[5]M[7] : <1 4 7 2 B 9 5>
Original Seq :: T[6] : <6 A 0 9 8 B 2>
Sequence transformed by T[6] :: T[6] : <6 A 0 9 8 B 2>
Original Seq :: RT[6] : <2 B 8 9 0 A 6>
Sequence transformed by RT[6] :: RT[6] : <2 B 8 9 0 A 6>
Original Seq :: T[6]I : <6 2 0 3 4 1 A>
Sequence transformed by T[6]I :: T[6]I : <6 2 0 3 4 1 A>
Original Seq :: RT[6]I : <A 1 4 3 0 2 6>
Sequence transformed by RT[6]I :: RT[6]I : <A 1 4 3 0 2 6>
Original Seq :: T[6]M[5] : <6 2 0 9 4 7 A>
Sequence transformed by T[6]M[5] :: T[6]M[5] : <6 2 0 9 4 7 A>
Original Seq :: RT[6]M[5] : <A 7 4 9 0 2 6>
Sequence transformed by RT[6]M[5] :: RT[6]M[5] : <A 7 4 9 0 2 6>
Original Seq :: T[6]M[7] : <6 A 0 3 8 5 2>
Sequence transformed by T[6]M[7] :: T[6]M[7] : <6 A 0 3 8 5 2>
Original Seq :: RT[6]M[7] : <2 5 8 3 0 A 6>
Sequence transformed by RT[6]M[7] :: RT[6]M[7] : <2 5 8 3 0 A 6>
Original Seq :: T[7] : <7 B 1 A 9 0 3>
Sequence transformed by T[7] :: T[7] : <7 B 1 A 9 0 3>
Original Seq :: RT[7] : <3 0 9 A 1 B 7>
Sequence transformed by RT[7] :: RT[7] : <3 0 9 A 1 B 7>
Original Seq :: T[7]I : <7 3 1 4 5 2 B>
Sequence transformed by T[7]I :: T[7]I : <7 3 1 4 5 2 B>
Original Seq :: RT[7]I : <B 2 5 4 1 3 7>
Sequence transformed by RT[7]I :: RT[7]I : <B 2 5 4 1 3 7>
Original Seq :: T[7]M[5] : <7 3 1 A 5 8 B>
Sequence transformed by T[7]M[5] :: T[7]M[5] : <7 3 1 A 5 8 B>
Original Seq :: RT[7]M[5] : <B 8 5 A 1 3 7>
Sequence transformed by RT[7]M[5] :: RT[7]M[5] : <B 8 5 A 1 3 7>
Original Seq :: T[7]M[7] : <7 B 1 4 9 6 3>
Sequence transformed by T[7]M[7] :: T[7]M[7] : <7 B 1 4 9 6 3>
Original Seq :: RT[7]M[7] : <3 6 9 4 1 B 7>
Sequence transformed by RT[7]M[7] :: RT[7]M[7] : <3 6 9 4 1 B 7>
Original Seq :: T[8] : <8 0 2 B A 1 4>
Sequence transformed by T[8] :: T[8] : <8 0 2 B A 1 4>
Original Seq :: RT[8] : <4 1 A B 2 0 8>
Sequence transformed by RT[8] :: RT[8] : <4 1 A B 2 0 8>
Original Seq :: T[8]I : <8 4 2 5 6 3 0>
Sequence transformed by T[8]I :: T[8]I : <8 4 2 5 6 3 0>
Original Seq :: RT[8]I : <0 3 6 5 2 4 8>
Sequence transformed by RT[8]I :: RT[8]I : <0 3 6 5 2 4 8>
Original Seq :: T[8]M[5] : <8 4 2 B 6 9 0>
Sequence transformed by T[8]M[5] :: T[8]M[5] : <8 4 2 B 6 9 0>
Original Seq :: RT[8]M[5] : <0 9 6 B 2 4 8>
Sequence transformed by RT[8]M[5] :: RT[8]M[5] : <0 9 6 B 2 4 8>
Original Seq :: T[8]M[7] : <8 0 2 5 A 7 4>
Sequence transformed by T[8]M[7] :: T[8]M[7] : <8 0 2 5 A 7 4>
Original Seq :: RT[8]M[7] : <4 7 A 5 2 0 8>
Sequence transformed by RT[8]M[7] :: RT[8]M[7] : <4 7 A 5 2 0 8>
Original Seq :: T[9] : <9 1 3 0 B 2 5>
Sequence transformed by T[9] :: T[9] : <9 1 3 0 B 2 5>
Original Seq :: RT[9] : <5 2 B 0 3 1 9>
Sequence transformed by RT[9] :: RT[9] : <5 2 B 0 3 1 9>
Original Seq :: T[9]I : <9 5 3 6 7 4 1>
Sequence transformed by T[9]I :: T[9]I : <9 5 3 6 7 4 1>
Original Seq :: RT[9]I : <1 4 7 6 3 5 9>
Sequence transformed by RT[9]I :: RT[9]I : <1 4 7 6 3 5 9>
Original Seq :: T[9]M[5] : <9 5 3 0 7 A 1>
Sequence transformed by T[9]M[5] :: T[9]M[5] : <9 5 3 0 7 A 1>
Original Seq :: RT[9]M[5] : <1 A 7 0 3 5 9>
Sequence transformed by RT[9]M[5] :: RT[9]M[5] : <1 A 7 0 3 5 9>
Original Seq :: T[9]M[7] : <9 1 3 6 B 8 5>
Sequence transformed by T[9]M[7] :: T[9]M[7] : <9 1 3 6 B 8 5>
Original Seq :: RT[9]M[7] : <5 8 B 6 3 1 9>
Sequence transformed by RT[9]M[7] :: RT[9]M[7] : <5 8 B 6 3 1 9>
Original Seq :: T[10] : <A 2 4 1 0 3 6>
Sequence transformed by T[10] :: T[A] : <A 2 4 1 0 3 6>
Original Seq :: RT[10] : <6 3 0 1 4 2 A>
Sequence transformed by RT[10] :: RT[A] : <6 3 0 1 4 2 A>
Original Seq :: T[10]I : <A 6 4 7 8 5 2>
Sequence transformed by T[10]I :: T[A]I : <A 6 4 7 8 5 2>
Original Seq :: RT[10]I : <2 5 8 7 4 6 A>
Sequence transformed by RT[10]I :: RT[A]I : <2 5 8 7 4 6 A>
Original Seq :: T[10]M[5] : <A 6 4 1 8 B 2>
Sequence transformed by T[10]M[5] :: T[A]M[5] : <A 6 4 1 8 B 2>
Original Seq :: RT[10]M[5] : <2 B 8 1 4 6 A>
Sequence transformed by RT[10]M[5] :: RT[A]M[5] : <2 B 8 1 4 6 A>
Original Seq :: T[10]M[7] : <A 2 4 7 0 9 6>
Sequence transformed by T[10]M[7] :: T[A]M[7] : <A 2 4 7 0 9 6>
Original Seq :: RT[10]M[7] : <6 9 0 7 4 2 A>
Sequence transformed by RT[10]M[7] :: RT[A]M[7] : <6 9 0 7 4 2 A>
Original Seq :: T[11] : <B 3 5 2 1 4 7>
Sequence transformed by T[11] :: T[B] : <B 3 5 2 1 4 7>
Original Seq :: RT[11] : <7 4 1 2 5 3 B>
Sequence transformed by RT[11] :: RT[B] : <7 4 1 2 5 3 B>
Original Seq :: T[11]I : <B 7 5 8 9 6 3>
Sequence transformed by T[11]I :: T[B]I : <B 7 5 8 9 6 3>
Original Seq :: RT[11]I : <3 6 9 8 5 7 B>
Sequence transformed by RT[11]I :: RT[B]I : <3 6 9 8 5 7 B>
Original Seq :: T[11]M[5] : <B 7 5 2 9 0 3>
Sequence transformed by T[11]M[5] :: T[B]M[5] : <B 7 5 2 9 0 3>
Original Seq :: RT[11]M[5] : <3 0 9 2 5 7 B>
Sequence transformed by RT[11]M[5] :: RT[B]M[5] : <3 0 9 2 5 7 B>
Original Seq :: T[11]M[7] : <B 3 5 8 1 A 7>
Sequence transformed by T[11]M[7] :: T[B]M[7] : <B 3 5 8 1 A 7>
Original Seq :: RT[11]M[7] : <7 A 1 8 5 3 B>
Sequence transformed by RT[11]M[7] :: RT[B]M[7] : <7 A 1 8 5 3 B>
]]></system-out>
  </testcase>
</testsuite>