<?xml version="1.0" encoding="UTF-8"?>
<testsuite xmlns:xsi="http://www.w3.org/2001/XMLSchema-instance" xsi:noNamespaceSchemaLocation="https://maven.apache.org/surefire/maven-surefire-plugin/xsd/surefire-test-report.xsd" version="3.0.2" name="org.paulmarquardt.setTheory.TestCompositionMatrix" time="0.194" tests="9" errors="0" skipped="0" failures="0" flakes="0">
  <properties>
[...]
</properties>
  <testcase name="testCompositionMatrixTransformationIterator" classname="org.paulmarquardt.setTheory.TestCompositionMatrix" time="0.016">
    <system-out><![CDATA[<5 4 0 9 7 2>|<8 1 3 6 A B>
<A B 3 6 8 1>|<7 2 0 9 5 4>

Printing CompositionMatrix transformations from transformationIterator...
T[0]:
<5 4 0 9 7 2>|<8 1 3 6 A B>
<A B 3 6 8 1>|<7 2 0 9 5 4>

RT[0]:
<B A 6 3 1 8>|<2 7 9 0 4 5>
<4 5 9 0 2 7>|<1 8 6 3 B A>

T[0]I:
<7 8 0 3 5 A>|<4 B 9 6 2 1>
<2 1 9 6 4 B>|<5 A 0 3 7 8>

RT[0]I:
<1 2 6 9 B 4>|<A 5 3 0 8 7>
<8 7 3 0 A 5>|<B 4 6 9 1 2>

T[0]M[5]:
<1 8 0 9 B A>|<4 5 3 6 2 7>
<2 7 3 6 4 5>|<B A 0 9 1 8>

RT[0]M[5]:
<7 2 6 3 5 4>|<A B 9 0 8 1>
<8 1 9 0 A B>|<5 4 6 3 7 2>

T[0]M[7]:
<B 4 0 3 1 2>|<8 7 9 6 A 5>
<A 5 9 6 8 7>|<1 2 0 3 B 4>

RT[0]M[7]:
<5 A 6 9 7 8>|<2 1 3 0 4 B>
<4 B 3 0 2 1>|<7 8 6 9 5 A>

T[1]:
<6 5 1 A 8 3>|<9 2 4 7 B 0>
<B 0 4 7 9 2>|<8 3 1 A 6 5>

RT[1]:
<0 B 7 4 2 9>|<3 8 A 1 5 6>
<5 6 A 1 3 8>|<2 9 7 4 0 B>

T[1]I:
<8 9 1 4 6 B>|<5 0 A 7 3 2>
<3 2 A 7 5 0>|<6 B 1 4 8 9>

RT[1]I:
<2 3 7 A 0 5>|<B 6 4 1 9 8>
<9 8 4 1 B 6>|<0 5 7 A 2 3>

T[1]M[5]:
<2 9 1 A 0 B>|<5 6 4 7 3 8>
<3 8 4 7 5 6>|<0 B 1 A 2 9>

RT[1]M[5]:
<8 3 7 4 6 5>|<B 0 A 1 9 2>
<9 2 A 1 B 0>|<6 5 7 4 8 3>

T[1]M[7]:
<0 5 1 4 2 3>|<9 8 A 7 B 6>
<B 6 A 7 9 8>|<2 3 1 4 0 5>

RT[1]M[7]:
<6 B 7 A 8 9>|<3 2 4 1 5 0>
<5 0 4 1 3 2>|<8 9 7 A 6 B>

T[2]:
<7 6 2 B 9 4>|<A 3 5 8 0 1>
<0 1 5 8 A 3>|<9 4 2 B 7 6>

RT[2]:
<1 0 8 5 3 A>|<4 9 B 2 6 7>
<6 7 B 2 4 9>|<3 A 8 5 1 0>

T[2]I:
<9 A 2 5 7 0>|<6 1 B 8 4 3>
<4 3 B 8 6 1>|<7 0 2 5 9 A>

RT[2]I:
<3 4 8 B 1 6>|<0 7 5 2 A 9>
<A 9 5 2 0 7>|<1 6 8 B 3 4>

T[2]M[5]:
<3 A 2 B 1 0>|<6 7 5 8 4 9>
<4 9 5 8 6 7>|<1 0 2 B 3 A>

RT[2]M[5]:
<9 4 8 5 7 6>|<0 1 B 2 A 3>
<A 3 B 2 0 1>|<7 6 8 5 9 4>

T[2]M[7]:
<1 6 2 5 3 4>|<A 9 B 8 0 7>
<0 7 B 8 A 9>|<3 4 2 5 1 6>

RT[2]M[7]:
<7 0 8 B 9 A>|<4 3 5 2 6 1>
<6 1 5 2 4 3>|<9 A 8 B 7 0>

T[3]:
<8 7 3 0 A 5>|<B 4 6 9 1 2>
<1 2 6 9 B 4>|<A 5 3 0 8 7>

RT[3]:
<2 1 9 6 4 B>|<5 A 0 3 7 8>
<7 8 0 3 5 A>|<4 B 9 6 2 1>

T[3]I:
<A B 3 6 8 1>|<7 2 0 9 5 4>
<5 4 0 9 7 2>|<8 1 3 6 A B>

RT[3]I:
<4 5 9 0 2 7>|<1 8 6 3 B A>
<B A 6 3 1 8>|<2 7 9 0 4 5>

T[3]M[5]:
<4 B 3 0 2 1>|<7 8 6 9 5 A>
<5 A 6 9 7 8>|<2 1 3 0 4 B>

RT[3]M[5]:
<A 5 9 6 8 7>|<1 2 0 3 B 4>
<B 4 0 3 1 2>|<8 7 9 6 A 5>

T[3]M[7]:
<2 7 3 6 4 5>|<B A 0 9 1 8>
<1 8 0 9 B A>|<4 5 3 6 2 7>

RT[3]M[7]:
<8 1 9 0 A B>|<5 4 6 3 7 2>
<7 2 6 3 5 4>|<A B 9 0 8 1>

T[4]:
<9 8 4 1 B 6>|<0 5 7 A 2 3>
<2 3 7 A 0 5>|<B 6 4 1 9 8>

RT[4]:
<3 2 A 7 5 0>|<6 B 1 4 8 9>
<8 9 1 4 6 B>|<5 0 A 7 3 2>

T[4]I:
<B 0 4 7 9 2>|<8 3 1 A 6 5>
<6 5 1 A 8 3>|<9 2 4 7 B 0>

RT[4]I:
<5 6 A 1 3 8>|<2 9 7 4 0 B>
<0 B 7 4 2 9>|<3 8 A 1 5 6>

T[4]M[5]:
<5 0 4 1 3 2>|<8 9 7 A 6 B>
<6 B 7 A 8 9>|<3 2 4 1 5 0>

RT[4]M[5]:
<B 6 A 7 9 8>|<2 3 1 4 0 5>
<0 5 1 4 2 3>|<9 8 A 7 B 6>

T[4]M[7]:
<3 8 4 7 5 6>|<0 B 1 A 2 9>
<2 9 1 A 0 B>|<5 6 4 7 3 8>

RT[4]M[7]:
<9 2 A 1 B 0>|<6 5 7 4 8 3>
<8 3 7 4 6 5>|<B 0 A 1 9 2>

T[5]:
<A 9 5 2 0 7>|<1 6 8 B 3 4>
<3 4 8 B 1 6>|<0 7 5 2 A 9>

RT[5]:
<4 3 B 8 6 1>|<7 0 2 5 9 A>
<9 A 2 5 7 0>|<6 1 B 8 4 3>

T[5]I:
<0 1 5 8 A 3>|<9 4 2 B 7 6>
<7 6 2 B 9 4>|<A 3 5 8 0 1>

RT[5]I:
<6 7 B 2 4 9>|<3 A 8 5 1 0>
<1 0 8 5 3 A>|<4 9 B 2 6 7>

T[5]M[5]:
<6 1 5 2 4 3>|<9 A 8 B 7 0>
<7 0 8 B 9 A>|<4 3 5 2 6 1>

RT[5]M[5]:
<0 7 B 8 A 9>|<3 4 2 5 1 6>
<1 6 2 5 3 4>|<A 9 B 8 0 7>

T[5]M[7]:
<4 9 5 8 6 7>|<1 0 2 B 3 A>
<3 A 2 B 1 0>|<6 7 5 8 4 9>

RT[5]M[7]:
<A 3 B 2 0 1>|<7 6 8 5 9 4>
<9 4 8 5 7 6>|<0 1 B 2 A 3>

T[6]:
<B A 6 3 1 8>|<2 7 9 0 4 5>
<4 5 9 0 2 7>|<1 8 6 3 B A>

RT[6]:
<5 4 0 9 7 2>|<8 1 3 6 A B>
<A B 3 6 8 1>|<7 2 0 9 5 4>

T[6]I:
<1 2 6 9 B 4>|<A 5 3 0 8 7>
<8 7 3 0 A 5>|<B 4 6 9 1 2>

RT[6]I:
<7 8 0 3 5 A>|<4 B 9 6 2 1>
<2 1 9 6 4 B>|<5 A 0 3 7 8>

T[6]M[5]:
<7 2 6 3 5 4>|<A B 9 0 8 1>
<8 1 9 0 A B>|<5 4 6 3 7 2>

RT[6]M[5]:
<1 8 0 9 B A>|<4 5 3 6 2 7>
<2 7 3 6 4 5>|<B A 0 9 1 8>

T[6]M[7]:
<5 A 6 9 7 8>|<2 1 3 0 4 B>
<4 B 3 0 2 1>|<7 8 6 9 5 A>

RT[6]M[7]:
<B 4 0 3 1 2>|<8 7 9 6 A 5>
<A 5 9 6 8 7>|<1 2 0 3 B 4>

T[7]:
<0 B 7 4 2 9>|<3 8 A 1 5 6>
<5 6 A 1 3 8>|<2 9 7 4 0 B>

RT[7]:
<6 5 1 A 8 3>|<9 2 4 7 B 0>
<B 0 4 7 9 2>|<8 3 1 A 6 5>

T[7]I:
<2 3 7 A 0 5>|<B 6 4 1 9 8>
<9 8 4 1 B 6>|<0 5 7 A 2 3>

RT[7]I:
<8 9 1 4 6 B>|<5 0 A 7 3 2>
<3 2 A 7 5 0>|<6 B 1 4 8 9>

T[7]M[5]:
<8 3 7 4 6 5>|<B 0 A 1 9 2>
<9 2 A 1 B 0>|<6 5 7 4 8 3>

RT[7]M[5]:
<2 9 1 A 0 B>|<5 6 4 7 3 8>
<3 8 4 7 5 6>|<0 B 1 A 2 9>

T[7]M[7]:
<6 B 7 A 8 9>|<3 2 4 1 5 0>
<5 0 4 1 3 2>|<8 9 7 A 6 B>

RT[7]M[7]:
<0 5 1 4 2 3>|<9 8 A 7 B 6>
<B 6 A 7 9 8>|<2 3 1 4 0 5>

T[8]:
<1 0 8 5 3 A>|<4 9 B 2 6 7>
<6 7 B 2 4 9>|<3 A 8 5 1 0>

RT[8]:
<7 6 2 B 9 4>|<A 3 5 8 0 1>
<0 1 5 8 A 3>|<9 4 2 B 7 6>

T[8]I:
<3 4 8 B 1 6>|<0 7 5 2 A 9>
<A 9 5 2 0 7>|<1 6 8 B 3 4>

RT[8]I:
<9 A 2 5 7 0>|<6 1 B 8 4 3>
<4 3 B 8 6 1>|<7 0 2 5 9 A>

T[8]M[5]:
<9 4 8 5 7 6>|<0 1 B 2 A 3>
<A 3 B 2 0 1>|<7 6 8 5 9 4>

RT[8]M[5]:
<3 A 2 B 1 0>|<6 7 5 8 4 9>
<4 9 5 8 6 7>|<1 0 2 B 3 A>

T[8]M[7]:
<7 0 8 B 9 A>|<4 3 5 2 6 1>
<6 1 5 2 4 3>|<9 A 8 B 7 0>

RT[8]M[7]:
<1 6 2 5 3 4>|<A 9 B 8 0 7>
<0 7 B 8 A 9>|<3 4 2 5 1 6>

T[9]:
<2 1 9 6 4 B>|<5 A 0 3 7 8>
<7 8 0 3 5 A>|<4 B 9 6 2 1>

RT[9]:
<8 7 3 0 A 5>|<B 4 6 9 1 2>
<1 2 6 9 B 4>|<A 5 3 0 8 7>

T[9]I:
<4 5 9 0 2 7>|<1 8 6 3 B A>
<B A 6 3 1 8>|<2 7 9 0 4 5>

RT[9]I:
<A B 3 6 8 1>|<7 2 0 9 5 4>
<5 4 0 9 7 2>|<8 1 3 6 A B>

T[9]M[5]:
<A 5 9 6 8 7>|<1 2 0 3 B 4>
<B 4 0 3 1 2>|<8 7 9 6 A 5>

RT[9]M[5]:
<4 B 3 0 2 1>|<7 8 6 9 5 A>
<5 A 6 9 7 8>|<2 1 3 0 4 B>

T[9]M[7]:
<8 1 9 0 A B>|<5 4 6 3 7 2>
<7 2 6 3 5 4>|<A B 9 0 8 1>

RT[9]M[7]:
<2 7 3 6 4 5>|<B A 0 9 1 8>
<1 8 0 9 B A>|<4 5 3 6 2 7>

T[10]:
<3 2 A 7 5 0>|<6 B 1 4 8 9>
<8 9 1 4 6 B>|<5 0 A 7 3 2>

RT[10]:
<9 8 4 1 B 6>|<0 5 7 A 2 3>
<2 3 7 A 0 5>|<B 6 4 1 9 8>

T[10]I:
<5 6 A 1 3 8>|<2 9 7 4 0 B>
<0 B 7 4 2 9>|<3 8 A 1 5 6>

RT[10]I:
<B 0 4 7 9 2>|<8 3 1 A 6 5>
<6 5 1 A 8 3>|<9 2 4 7 B 0>

T[10]M[5]:
<B 6 A 7 9 8>|<2 3 1 4 0 5>
<0 5 1 4 2 3>|<9 8 A 7 B 6>

RT[10]M[5]:
<5 0 4 1 3 2>|<8 9 7 A 6 B>
<6 B 7 A 8 9>|<3 2 4 1 5 0>

T[10]M[7]:
<9 2 A 1 B 0>|<6 5 7 4 8 3>
<8 3 7 4 6 5>|<B 0 A 1 9 2>

RT[10]M[7]:
<3 8 4 7 5 6>|<0 B 1 A 2 9>
<2 9 1 A 0 B>|<5 6 4 7 3 8>

T[11]:
<4 3 B 8 6 1>|<7 0 2 5 9 A>
<9 A 2 5 7 0>|<6 1 B 8 4 3>

RT[11]:
<A 9 5 2 0 7>|<1 6 8 B 3 4>
<3 4 8 B 1 6>|<0 7 5 2 A 9>

T[11]I:
<6 7 B 2 4 9>|<3 A 8 5 1 0>
<1 0 8 5 3 A>|<4 9 B 2 6 7>

RT[11]I:
<0 1 5 8 A 3>|<9 4 2 B 7 6>
<7 6 2 B 9 4>|<A 3 5 8 0 1>

T[11]M[5]:
<0 7 B 8 A 9>|<3 4 2 5 1 6>
<1 6 2 5 3 4>|<A 9 B 8 0 7>

RT[11]M[5]:
<6 1 5 2 4 3>|<9 A 8 B 7 0>
<7 0 8 B 9 A>|<4 3 5 2 6 1>

T[11]M[7]:
<A 3 B 2 0 1>|<7 6 8 5 9 4>
<9 4 8 5 7 6>|<0 1 B 2 A 3>

RT[11]M[7]:
<4 9 5 8 6 7>|<1 0 2 B 3 A>
<3 A 2 B 1 0>|<6 7 5 8 4 9>

]]></system-out>
  </testcase>
  <testcase name="testCompositionMatrixNewSimplePitchSequence" classname="org.paulmarquardt.setTheory.TestCompositionMatrix" time="0.001">
    <system-out><![CDATA[<0 1 2 3 4 5>|<6 7 8 9 10 11>

]]></system-out>
  </testcase>
  <testcase name="testCompositionMatrixTransformations" classname="org.paulmarquardt.setTheory.TestCompositionMatrix" time="0.005">
    <system-out><![CDATA[<5 4 0 9 7 2>|<8 1 3 6 A B>
<A B 3 6 8 1>|<7 2 0 9 5 4>

Printing CompositionMatrix transformations...
CompositionMatrix transposition 0:
<5 4 0 9 7 2>|<8 1 3 6 A B>
<A B 3 6 8 1>|<7 2 0 9 5 4>

CompositionMatrix transposition 1:
<6 5 1 A 8 3>|<9 2 4 7 B 0>
<B 0 4 7 9 2>|<8 3 1 A 6 5>

CompositionMatrix transposition 2:
<7 6 2 B 9 4>|<A 3 5 8 0 1>
<0 1 5 8 A 3>|<9 4 2 B 7 6>

CompositionMatrix transposition 3:
<8 7 3 0 A 5>|<B 4 6 9 1 2>
<1 2 6 9 B 4>|<A 5 3 0 8 7>

CompositionMatrix transposition 4:
<9 8 4 1 B 6>|<0 5 7 A 2 3>
<2 3 7 A 0 5>|<B 6 4 1 9 8>

CompositionMatrix transposition 5:
<A 9 5 2 0 7>|<1 6 8 B 3 4>
<3 4 8 B 1 6>|<0 7 5 2 A 9>

CompositionMatrix transposition 6:
<B A 6 3 1 8>|<2 7 9 0 4 5>
<4 5 9 0 2 7>|<1 8 6 3 B A>

CompositionMatrix transposition 7:
<0 B 7 4 2 9>|<3 8 A 1 5 6>
<5 6 A 1 3 8>|<2 9 7 4 0 B>

CompositionMatrix transposition 8:
<1 0 8 5 3 A>|<4 9 B 2 6 7>
<6 7 B 2 4 9>|<3 A 8 5 1 0>

CompositionMatrix transposition 9:
<2 1 9 6 4 B>|<5 A 0 3 7 8>
<7 8 0 3 5 A>|<4 B 9 6 2 1>

CompositionMatrix transposition 10:
<3 2 A 7 5 0>|<6 B 1 4 8 9>
<8 9 1 4 6 B>|<5 0 A 7 3 2>

CompositionMatrix transposition 11:
<4 3 B 8 6 1>|<7 0 2 5 9 A>
<9 A 2 5 7 0>|<6 1 B 8 4 3>

===========================
<5 4 0 9 7 2>|<8 1 3 6 A B>
<A B 3 6 8 1>|<7 2 0 9 5 4>

CompositionMatrix retrograde transposition 0:
<B A 6 3 1 8>|<2 7 9 0 4 5>
<4 5 9 0 2 7>|<1 8 6 3 B A>

CompositionMatrix retrograde transposition 1:
<0 B 7 4 2 9>|<3 8 A 1 5 6>
<5 6 A 1 3 8>|<2 9 7 4 0 B>

CompositionMatrix retrograde transposition 2:
<1 0 8 5 3 A>|<4 9 B 2 6 7>
<6 7 B 2 4 9>|<3 A 8 5 1 0>

CompositionMatrix retrograde transposition 3:
<2 1 9 6 4 B>|<5 A 0 3 7 8>
<7 8 0 3 5 A>|<4 B 9 6 2 1>

CompositionMatrix retrograde transposition 4:
<3 2 A 7 5 0>|<6 B 1 4 8 9>
<8 9 1 4 6 B>|<5 0 A 7 3 2>

CompositionMatrix retrograde transposition 5:
<4 3 B 8 6 1>|<7 0 2 5 9 A>
<9 A 2 5 7 0>|<6 1 B 8 4 3>

CompositionMatrix retrograde transposition 6:
<5 4 0 9 7 2>|<8 1 3 6 A B>
<A B 3 6 8 1>|<7 2 0 9 5 4>

CompositionMatrix retrograde transposition 7:
<6 5 1 A 8 3>|<9 2 4 7 B 0>
<B 0 4 7 9 2>|<8 3 1 A 6 5>

CompositionMatrix retrograde transposition 8:
<7 6 2 B 9 4>|<A 3 5 8 0 1>
<0 1 5 8 A 3>|<9 4 2 B 7 6>

CompositionMatrix retrograde transposition 9:
<8 7 3 0 A 5>|<B 4 6 9 1 2>
<1 2 6 9 B 4>|<A 5 3 0 8 7>

CompositionMatrix retrograde transposition 10:
<9 8 4 1 B 6>|<0 5 7 A 2 3>
<2 3 7 A 0 5>|<B 6 4 1 9 8>

CompositionMatrix retrograde transposition 11:
<A 9 5 2 0 7>|<1 6 8 B 3 4>
<3 4 8 B 1 6>|<0 7 5 2 A 9>

]]></system-out>
  </testcase>
  <testcase name="testCompositionMatrixNewSimplePitchClassSequence" classname="org.paulmarquardt.setTheory.TestCompositionMatrix" time="0.001">
    <system-out><![CDATA[<0 1 2 3 4 5>|<6 7 8 9 A B>

]]></system-out>
  </testcase>
  <testcase name="testCompositionMatrixIsCanonical" classname="org.paulmarquardt.setTheory.TestCompositionMatrix" time="0.001">
    <system-out><![CDATA[<0 1 2 3 4 5>|<6 7 8 9 A B>
<6 7 8 9 A B>|<0 1 2 3 4 5>

Testing known canonical CM...
<6 1 2 3 4 5>|<6 7 8 9 A B>
<0 1 2 3 4 5>|<0 7 8 9 A B>

Testing known non-canonical CM...
]]></system-out>
  </testcase>
  <testcase name="testCompositionMatrix3x3PitchClassSequence" classname="org.paulmarquardt.setTheory.TestCompositionMatrix" time="0.163">
    <system-out><![CDATA[<0 1 2>    |<3 4 5 6>  |<7 8 9 A B>
<3 4 5 6>  |<7 8 9 A B>|<0 1 2>    
<7 8 9 A B>|<0 1 2>    |<3 4 5 6>  

<0 1 2>    |<3 4 5 6>  |<7 8 9 A B>
<3 4 5 6>  |<7 8 9 A B>|<0 1 2>    
<7 8 9 A B>|<0 1 2>    |<3 4 5 6>  

Printing CompositionMatrix transformations toJsopnString()...
CompositionMatrix transposition 0 toJsonString():
{"descriptor":"","name":"","segments":[{"name":null,"columnIndex":0,"rowIndex":0,"descriptor":"P","pitchSequence":{"@type":"pitch_class_sequence","name":null,"members":[0,1,2],"transformation":{"transposition":0,"inversion":false,"retrograde":false,"multiplication":1},"descriptor":"P"}},{"name":null,"columnIndex":1,"rowIndex":0,"descriptor":"P","pitchSequence":{"@type":"pitch_class_sequence","name":null,"members":[3,4,5,6],"transformation":{"transposition":0,"inversion":false,"retrograde":false,"multiplication":1},"descriptor":"P"}},{"name":null,"columnIndex":2,"rowIndex":0,"descriptor":"P","pitchSequence":{"@type":"pitch_class_sequence","name":null,"members":[7,8,9,10,11],"transformation":{"transposition":0,"inversion":false,"retrograde":false,"multiplication":1},"descriptor":"P"}},{"name":null,"columnIndex":0,"rowIndex":1,"descriptor":"P","pitchSequence":{"@type":"pitch_class_sequence","name":null,"members":[3,4,5,6],"transformation":{"transposition":0,"inversion":false,"retrograde":false,"multiplication":1},"descriptor":"P"}},{"name":null,"columnIndex":1,"rowIndex":1,"descriptor":"P","pitchSequence":{"@type":"pitch_class_sequence","name":null,"members":[7,8,9,10,11],"transformation":{"transposition":0,"inversion":false,"retrograde":false,"multiplication":1},"descriptor":"P"}},{"name":null,"columnIndex":2,"rowIndex":1,"descriptor":"P","pitchSequence":{"@type":"pitch_class_sequence","name":null,"members":[0,1,2],"transformation":{"transposition":0,"inversion":false,"retrograde":false,"multiplication":1},"descriptor":"P"}},{"name":null,"columnIndex":0,"rowIndex":2,"descriptor":"P","pitchSequence":{"@type":"pitch_class_sequence","name":null,"members":[7,8,9,10,11],"transformation":{"transposition":0,"inversion":false,"retrograde":false,"multiplication":1},"descriptor":"P"}},{"name":null,"columnIndex":1,"rowIndex":2,"descriptor":"P","pitchSequence":{"@type":"pitch_class_sequence","name":null,"members":[0,1,2],"transformation":{"transposition":0,"inversion":false,"retrograde":false,"multiplication":1},"descriptor":"P"}},{"name":null,"columnIndex":2,"rowIndex":2,"descriptor":"P","pitchSequence":{"@type":"pitch_class_sequence","name":null,"members":[3,4,5,6],"transformation":{"transposition":0,"inversion":false,"retrograde":false,"multiplication":1},"descriptor":"P"}}]}
CompositionMatrix transposition 1 toJsonString():
{"descriptor":"","name":"","segments":[{"name":null,"columnIndex":0,"rowIndex":0,"descriptor":"P","pitchSequence":{"@type":"pitch_class_sequence","name":null,"members":[1,2,3],"transformation":{"transposition":0,"inversion":false,"retrograde":false,"multiplication":1},"descriptor":"P"}},{"name":null,"columnIndex":1,"rowIndex":0,"descriptor":"P","pitchSequence":{"@type":"pitch_class_sequence","name":null,"members":[4,5,6,7],"transformation":{"transposition":0,"inversion":false,"retrograde":false,"multiplication":1},"descriptor":"P"}},{"name":null,"columnIndex":2,"rowIndex":0,"descriptor":"P","pitchSequence":{"@type":"pitch_class_sequence","name":null,"members":[8,9,10,11,0],"transformation":{"transposition":0,"inversion":false,"retrograde":false,"multiplication":1},"descriptor":"P"}},{"name":null,"columnIndex":0,"rowIndex":1,"descriptor":"P","pitchSequence":{"@type":"pitch_class_sequence","name":null,"members":[4,5,6,7],"transformation":{"transposition":0,"inversion":false,"retrograde":false,"multiplication":1},"descriptor":"P"}},{"name":null,"columnIndex":1,"rowIndex":1,"descriptor":"P","pitchSequence":{"@type":"pitch_class_sequence","name":null,"members":[8,9,10,11,0],"transformation":{"transposition":0,"inversion":false,"retrograde":false,"multiplication":1},"descriptor":"P"}},{"name":null,"columnIndex":2,"rowIndex":1,"descriptor":"P","pitchSequence":{"@type":"pitch_class_sequence","name":null,"members":[1,2,3],"transformation":{"transposition":0,"inversion":false,"retrograde":false,"multiplication":1},"descriptor":"P"}},{"name":null,"columnIndex":0,"rowIndex":2,"descriptor":"P","pitchSequence":{"@type":"pitch_class_sequence","name":null,"members":[8,9,10,11,0],"transformation":{"transposition":0,"inversion":false,"retrograde":false,"multiplication":1},"descriptor":"P"}},{"name":null,"columnIndex":1,"rowIndex":2,"descriptor":"P","pitchSequence":{"@type":"pitch_class_sequence","name":null,"members":[1,2,3],"transformation":{"transposition":0,"inversion":false,"retrograde":false,"multiplication":1},"descriptor":"P"}},{"name":null,"columnIndex":2,"rowIndex":2,"descriptor":"P","pitchSequence":{"@type":"pitch_class_sequence","name":null,"members":[4,5,6,7],"transformation":{"transposition":0,"inversion":false,"retrograde":false,"multiplication":1},"descriptor":"P"}}]}
CompositionMatrix transposition 2 toJsonString():
{"descriptor":"","name":"","segments":[{"name":null,"columnIndex":0,"rowIndex":0,"descriptor":"P","pitchSequence":{"@type":"pitch_class_sequence","name":null,"members":[2,3,4],"transformation":{"transposition":0,"inversion":false,"retrograde":false,"multiplication":1},"descriptor":"P"}},{"name":null,"columnIndex":1,"rowIndex":0,"descriptor":"P","pitchSequence":{"@type":"pitch_class_sequence","name":null,"members":[5,6,7,8],"transformation":{"transposition":0,"inversion":false,"retrograde":false,"multiplication":1},"descriptor":"P"}},{"name":null,"columnIndex":2,"rowIndex":0,"descriptor":"P","pitchSequence":{"@type":"pitch_class_sequence","name":null,"members":[9,10,11,0,1],"transformation":{"transposition":0,"inversion":false,"retrograde":false,"multiplication":1},"descriptor":"P"}},{"name":null,"columnIndex":0,"rowIndex":1,"descriptor":"P","pitchSequence":{"@type":"pitch_class_sequence","name":null,"members":[5,6,7,8],"transformation":{"transposition":0,"inversion":false,"retrograde":false,"multiplication":1},"descriptor":"P"}},{"name":null,"columnIndex":1,"rowIndex":1,"descriptor":"P","pitchSequence":{"@type":"pitch_class_sequence","name":null,"members":[9,10,11,0,1],"transformation":{"transposition":0,"inversion":false,"retrograde":false,"multiplication":1},"descriptor":"P"}},{"name":null,"columnIndex":2,"rowIndex":1,"descriptor":"P","pitchSequence":{"@type":"pitch_class_sequence","name":null,"members":[2,3,4],"transformation":{"transposition":0,"inversion":false,"retrograde":false,"multiplication":1},"descriptor":"P"}},{"name":null,"columnIndex":0,"rowIndex":2,"descriptor":"P","pitchSequence":{"@type":"pitch_class_sequence","name":null,"members":[9,10,11,0,1],"transformation":{"transposition":0,"inversion":false,"retrograde":false,"multiplication":1},"descriptor":"P"}},{"name":null,"columnIndex":1,"rowIndex":2,"descriptor":"P","pitchSequence":{"@type":"pitch_class_sequence","name":null,"members":[2,3,4],"transformation":{"transposition":0,"inversion":false,"retrograde":false,"multiplication":1},"descriptor":"P"}},{"name":null,"columnIndex":2,"rowIndex":2,"descriptor":"P","pitchSequence":{"@type":"pitch_class_sequence","name":null,"members":[5,6,7,8],"transformation":{"transposition":0,"inversion":false,"retrograde":false,"multiplication":1},"descriptor":"P"}}]}
CompositionMatrix transposition 3 toJsonString():
{"descriptor":"","name":"","segments":[{"name":null,"columnIndex":0,"rowIndex":0,"descriptor":"P","pitchSequence":{"@type":"pitch_class_sequence","name":null,"members":[3,4,5],"transformation":{"transposition":0,"inversion":false,"retrograde":false,"multiplication":1},"descriptor":"P"}},{"name":null,"columnIndex":1,"rowIndex":0,"descriptor":"P","pitchSequence":{"@type":"pitch_class_sequence","name":null,"members":[6,7,8,9],"transformation":{"transposition":0,"inversion":false,"retrograde":false,"multiplication":1},"descriptor":"P"}},{"name":null,"columnIndex":2,"rowIndex":0,"descriptor":"P","pitchSequence":{"@type":"pitch_class_sequence","name":null,"members":[10,11,0,1,2],"transformation":{"transposition":0,"inversion":false,"retrograde":false,"multiplication":1},"descriptor":"P"}},{"name":null,"columnIndex":0,"rowIndex":1,"descriptor":"P","pitchSequence":{"@type":"pitch_class_sequence","name":null,"members":[6,7,8,9],"transformation":{"transposition":0,"inversion":false,"retrograde":false,"multiplication":1},"descriptor":"P"}},{"name":null,"columnIndex":1,"rowIndex":1,"descriptor":"P","pitchSequence":{"@type":"pitch_class_sequence","name":null,"members":[10,11,0,1,2],"transformation":{"transposition":0,"inversion":false,"retrograde":false,"multiplication":1},"descriptor":"P"}},{"name":null,"columnIndex":2,"rowIndex":1,"descriptor":"P","pitchSequence":{"@type":"pitch_class_sequence","name":null,"members":[3,4,5],"transformation":{"transposition":0,"inversion":false,"retrograde":false,"multiplication":1},"descriptor":"P"}},{"name":null,"columnIndex":0,"rowIndex":2,"descriptor":"P","pitchSequence":{"@type":"pitch_class_sequence","name":null,"members":[10,11,0,1,2],"transformation":{"transposition":0,"inversion":false,"retrograde":false,"multiplication":1},"descriptor":"P"}},{"name":null,"columnIndex":1,"rowIndex":2,"descriptor":"P","pitchSequence":{"@type":"pitch_class_sequence","name":null,"members":[3,4,5],"transformation":{"transposition":0,"inversion":false,"retrograde":false,"multiplication":1},"descriptor":"P"}},{"name":null,"columnIndex":2,"rowIndex":2,"descriptor":"P","pitchSequence":{"@type":"pitch_class_sequence","name":null,"members":[6,7,8,9],"transformation":{"transposition":0,"inversion":false,"retrograde":false,"multiplication":1},"descriptor":"P"}}]}
CompositionMatrix transposition 4 toJsonString():
{"descriptor":"","name":"","segments":[{"name":null,"columnIndex":0,"rowIndex":0,"descriptor":"P","pitchSequence":{"@type":"pitch_class_sequence","name":null,"members":[4,5,6],"transformation":{"transposition":0,"inversion":false,"retrograde":false,"multiplication":1},"descriptor":"P"}},{"name":null,"columnIndex":1,"rowIndex":0,"descriptor":"P","pitchSequence":{"@type":"pitch_class_sequence","name":null,"members":[7,8,9,10],"transformation":{"transposition":0,"inversion":false,"retrograde":false,"multiplication":1},"descriptor":"P"}},{"name":null,"columnIndex":2,"rowIndex":0,"descriptor":"P","pitchSequence":{"@type":"pitch_class_sequence","name":null,"members":[11,0,1,2,3],"transformation":{"transposition":0,"inversion":false,"retrograde":false,"multiplication":1},"descriptor":"P"}},{"name":null,"columnIndex":0,"rowIndex":1,"descriptor":"P","pitchSequence":{"@type":"pitch_class_sequence","name":null,"members":[7,8,9,10],"transformation":{"transposition":0,"inversion":false,"retrograde":false,"multiplication":1},"descriptor":"P"}},{"name":null,"columnIndex":1,"rowIndex":1,"descriptor":"P","pitchSequence":{"@type":"pitch_class_sequence","name":null,"members":[11,0,1,2,3],"transformation":{"transposition":0,"inversion":false,"retrograde":false,"multiplication":1},"descriptor":"P"}},{"name":null,"columnIndex":2,"rowIndex":1,"descriptor":"P","pitchSequence":{"@type":"pitch_class_sequence","name":null,"members":[4,5,6],"transformation":{"transposition":0,"inversion":false,"retrograde":false,"multiplication":1},"descriptor":"P"}},{"name":null,"columnIndex":0,"rowIndex":2,"descriptor":"P","pitchSequence":{"@type":"pitch_class_sequence","name":null,"members":[11,0,1,2,3],"transformation":{"transposition":0,"inversion":false,"retrograde":false,"multiplication":1},"descriptor":"P"}},{"name":null,"columnIndex":1,"rowIndex":2,"descriptor":"P","pitchSequence":{"@type":"pitch_class_sequence","name":null,"members":[4,5,6],"transformation":{"transposition":0,"inversion":false,"retrograde":false,"multiplication":1},"descriptor":"P"}},{"name":null,"columnIndex":2,"rowIndex":2,"descriptor":"P","pitchSequence":{"@type":"pitch_class_sequence","name":null,"members":[7,8,9,10],"transformation":{"transposition":0,"inversion":false,"retrograde":false,"multiplication":1},"descriptor":"P"}}]}
CompositionMatrix transposition 5 toJsonString():
{"descriptor":"","name":"","segments":[{"name":null,"columnIndex":0,"rowIndex":0,"descriptor":"P","pitchSequence":{"@type":"pitch_class_sequence","name":null,"members":[5,6,7],"transformation":{"transposition":0,"inversion":false,"retrograde":false,"multiplication":1},"descriptor":"P"}},{"name":null,"columnIndex":1,"rowIndex":0,"descriptor":"P","pitchSequence":{"@type":"pitch_class_sequence","name":null,"members":[8,9,10,11],"transformation":{"transposition":0,"inversion":false,"retrograde":false,"multiplication":1},"descriptor":"P"}},{"name":null,"columnIndex":2,"rowIndex":0,"descriptor":"P","pitchSequence":{"@type":"pitch_class_sequence","name":null,"members":[0,1,2,3,4],"transformation":{"transposition":0,"inversion":false,"retrograde":false,"multiplication":1},"descriptor":"P"}},{"name":null,"columnIndex":0,"rowIndex":1,"descriptor":"P","pitchSequence":{"@type":"pitch_class_sequence","name":null,"members":[8,9,10,11],"transformation":{"transposition":0,"inversion":false,"retrograde":false,"multiplication":1},"descriptor":"P"}},{"name":null,"columnIndex":1,"rowIndex":1,"descriptor":"P","pitchSequence":{"@type":"pitch_class_sequence","name":null,"members":[0,1,2,3,4],"transformation":{"transposition":0,"inversion":false,"retrograde":false,"multiplication":1},"descriptor":"P"}},{"name":null,"columnIndex":2,"rowIndex":1,"descriptor":"P","pitchSequence":{"@type":"pitch_class_sequence","name":null,"members":[5,6,7],"transformation":{"transposition":0,"inversion":false,"retrograde":false,"multiplication":1},"descriptor":"P"}},{"name":null,"columnIndex":0,"rowIndex":2,"descriptor":"P","pitchSequence":{"@type":"pitch_class_sequence","name":null,"members":[0,1,2,3,4],"transformation":{"transposition":0,"inversion":false,"retrograde":false,"multiplication":1},"descriptor":"P"}},{"name":null,"columnIndex":1,"rowIndex":2,"descriptor":"P","pitchSequence":{"@type":"pitch_class_sequence","name":null,"members":[5,6,7],"transformation":{"transposition":0,"inversion":false,"retrograde":false,"multiplication":1},"descriptor":"P"}},{"name":null,"columnIndex":2,"rowIndex":2,"descriptor":"P","pitchSequence":{"@type":"pitch_class_sequence","name":null,"members":[8,9,10,11],"transformation":{"transposition":0,"inversion":false,"retrograde":false,"multiplication":1},"descriptor":"P"}}]}
CompositionMatrix transposition 6 toJsonString():
{"descriptor":"","name":"","segments":[{"name":null,"columnIndex":0,"rowIndex":0,"descriptor":"P","pitchSequence":{"@type":"pitch_class_sequence","name":null,"members":[6,7,8],"transformation":{"transposition":0,"inversion":false,"retrograde":false,"multiplication":1},"descriptor":"P"}},{"name":null,"columnIndex":1,"rowIndex":0,"descriptor":"P","pitchSequence":{"@type":"pitch_class_sequence","name":null,"members":[9,10,11,0],"transformation":{"transposition":0,"inversion":false,"retrograde":false,"multiplication":1},"descriptor":"P"}},{"name":null,"columnIndex":2,"rowIndex":0,"descriptor":"P","pitchSequence":{"@type":"pitch_class_sequence","name":null,"members":[1,2,3,4,5],"transformation":{"transposition":0,"inversion":false,"retrograde":false,"multiplication":1},"descriptor":"P"}},{"name":null,"columnIndex":0,"rowIndex":1,"descriptor":"P","pitchSequence":{"@type":"pitch_class_sequence","name":null,"members":[9,10,11,0],"transformation":{"transposition":0,"inversion":false,"retrograde":false,"multiplication":1},"descriptor":"P"}},{"name":null,"columnIndex":1,"rowIndex":1,"descriptor":"P","pitchSequence":{"@type":"pitch_class_sequence","name":null,"members":[1,2,3,4,5],"transformation":{"transposition":0,"inversion":false,"retrograde":false,"multiplication":1},"descriptor":"P"}},{"name":null,"columnIndex":2,"rowIndex":1,"descriptor":"P","pitchSequence":{"@type":"pitch_class_sequence","name":null,"members":[6,7,8],"transformation":{"transposition":0,"inversion":false,"retrograde":false,"multiplication":1},"descriptor":"P"}},{"name":null,"columnIndex":0,"rowIndex":2,"descriptor":"P","pitchSequence":{"@type":"pitch_class_sequence","name":null,"members":[1,2,3,4,5],"transformation":{"transposition":0,"inversion":false,"retrograde":false,"multiplication":1},"descriptor":"P"}},{"name":null,"columnIndex":1,"rowIndex":2,"descriptor":"P","pitchSequence":{"@type":"pitch_class_sequence","name":null,"members":[6,7,8],"transformation":{"transposition":0,"inversion":false,"retrograde":false,"multiplication":1},"descriptor":"P"}},{"name":null,"columnIndex":2,"rowIndex":2,"descriptor":"P","pitchSequence":{"@type":"pitch_class_sequence","name":null,"members":[9,10,11,0],"transformation":{"transposition":0,"inversion":false,"retrograde":false,"multiplication":1},"descriptor":"P"}}]}
CompositionMatrix transposition 7 toJsonString():
{"descriptor":"","name":"","segments":[{"name":null,"columnIndex":0,"rowIndex":0,"descriptor":"P","pitchSequence":{"@type":"pitch_class_sequence","name":null,"members":[7,8,9],"transformation":{"transposition":0,"inversion":false,"retrograde":false,"multiplication":1},"descriptor":"P"}},{"name":null,"columnIndex":1,"rowIndex":0,"descriptor":"P","pitchSequence":{"@type":"pitch_class_sequence","name":null,"members":[10,11,0,1],"transformation":{"transposition":0,"inversion":false,"retrograde":false,"multiplication":1},"descriptor":"P"}},{"name":null,"columnIndex":2,"rowIndex":0,"descriptor":"P","pitchSequence":{"@type":"pitch_class_sequence","name":null,"members":[2,3,4,5,6],"transformation":{"transposition":0,"inversion":false,"retrograde":false,"multiplication":1},"descriptor":"P"}},{"name":null,"columnIndex":0,"rowIndex":1,"descriptor":"P","pitchSequence":{"@type":"pitch_class_sequence","name":null,"members":[10,11,0,1],"transformation":{"transposition":0,"inversion":false,"retrograde":false,"multiplication":1},"descriptor":"P"}},{"name":null,"columnIndex":1,"rowIndex":1,"descriptor":"P","pitchSequence":{"@type":"pitch_class_sequence","name":null,"members":[2,3,4,5,6],"transformation":{"transposition":0,"inversion":false,"retrograde":false,"multiplication":1},"descriptor":"P"}},{"name":null,"columnIndex":2,"rowIndex":1,"descriptor":"P","pitchSequence":{"@type":"pitch_class_sequence","name":null,"members":[7,8,9],"transformation":{"transposition":0,"inversion":false,"retrograde":false,"multiplication":1},"descriptor":"P"}},{"name":null,"columnIndex":0,"rowIndex":2,"descriptor":"P","pitchSequence":{"@type":"pitch_class_sequence","name":null,"members":[2,3,4,5,6],"transformation":{"transposition":0,"inversion":false,"retrograde":false,"multiplication":1},"descriptor":"P"}},{"name":null,"columnIndex":1,"rowIndex":2,"descriptor":"P","pitchSequence":{"@type":"pitch_class_sequence","name":null,"members":[7,8,9],"transformation":{"transposition":0,"inversion":false,"retrograde":false,"multiplication":1},"descriptor":"P"}},{"name":null,"columnIndex":2,"rowIndex":2,"descriptor":"P","pitchSequence":{"@type":"pitch_class_sequence","name":null,"members":[10,11,0,1],"transformation":{"transposition":0,"inversion":false,"retrograde":false,"multiplication":1},"descriptor":"P"}}]}
CompositionMatrix transposition 8 toJsonString():
{"descriptor":"","name":"","segments":[{"name":null,"columnIndex":0,"rowIndex":0,"descriptor":"P","pitchSequence":{"@type":"pitch_class_sequence","name":null,"members":[8,9,10],"transformation":{"transposition":0,"inversion":false,"retrograde":false,"multiplication":1},"descriptor":"P"}},{"name":null,"columnIndex":1,"rowIndex":0,"descriptor":"P","pitchSequence":{"@type":"pitch_class_sequence","name":null,"members":[11,0,1,2],"transformation":{"transposition":0,"inversion":false,"retrograde":false,"multiplication":1},"descriptor":"P"}},{"name":null,"columnIndex":2,"rowIndex":0,"descriptor":"P","pitchSequence":{"@type":"pitch_class_sequence","name":null,"members":[3,4,5,6,7],"transformation":{"transposition":0,"inversion":false,"retrograde":false,"multiplication":1},"descriptor":"P"}},{"name":null,"columnIndex":0,"rowIndex":1,"descriptor":"P","pitchSequence":{"@type":"pitch_class_sequence","name":null,"members":[11,0,1,2],"transformation":{"transposition":0,"inversion":false,"retrograde":false,"multiplication":1},"descriptor":"P"}},{"name":null,"columnIndex":1,"rowIndex":1,"descriptor":"P","pitchSequence":{"@type":"pitch_class_sequence","name":null,"members":[3,4,5,6,7],"transformation":{"transposition":0,"inversion":false,"retrograde":false,"multiplication":1},"descriptor":"P"}},{"name":null,"columnIndex":2,"rowIndex":1,"descriptor":"P","pitchSequence":{"@type":"pitch_class_sequence","name":null,"members":[8,9,10],"transformation":{"transposition":0,"inversion":false,"retrograde":false,"multiplication":1},"descriptor":"P"}},{"name":null,"columnIndex":0,"rowIndex":2,"descriptor":"P","pitchSequence":{"@type":"pitch_class_sequence","name":null,"members":[3,4,5,6,7],"transformation":{"transposition":0,"inversion":false,"retrograde":false,"multiplication":1},"descriptor":"P"}},{"name":null,"columnIndex":1,"rowIndex":2,"descriptor":"P","pitchSequence":{"@type":"pitch_class_sequence","name":null,"members":[8,9,10],"transformation":{"transposition":0,"inversion":false,"retrograde":false,"multiplication":1},"descriptor":"P"}},{"name":null,"columnIndex":2,"rowIndex":2,"descriptor":"P","pitchSequence":{"@type":"pitch_class_sequence","name":null,"members":[11,0,1,2],"transformation":{"transposition":0,"inversion":false,"retrograde":false,"multiplication":1},"descriptor":"P"}}]}
CompositionMatrix transposition 9 toJsonString():
{"descriptor":"","name":"","segments":[{"name":null,"columnIndex":0,"rowIndex":0,"descriptor":"P","pitchSequence":{"@type":"pitch_class_sequence","name":null,"members":[9,10,11],"transformation":{"transposition":0,"inversion":false,"retrograde":false,"multiplication":1},"descriptor":"P"}},{"name":null,"columnIndex":1,"rowIndex":0,"descriptor":"P","pitchSequence":{"@type":"pitch_class_sequence","name":null,"members":[0,1,2,3],"transformation":{"transposition":0,"inversion":false,"retrograde":false,"multiplication":1},"descriptor":"P"}},{"name":null,"columnIndex":2,"rowIndex":0,"descriptor":"P","pitchSequence":{"@type":"pitch_class_sequence","name":null,"members":[4,5,6,7,8],"transformation":{"transposition":0,"inversion":false,"retrograde":false,"multiplication":1},"descriptor":"P"}},{"name":null,"columnIndex":0,"rowIndex":1,"descriptor":"P","pitchSequence":{"@type":"pitch_class_sequence","name":null,"members":[0,1,2,3],"transformation":{"transposition":0,"inversion":false,"retrograde":false,"multiplication":1},"descriptor":"P"}},{"name":null,"columnIndex":1,"rowIndex":1,"descriptor":"P","pitchSequence":{"@type":"pitch_class_sequence","name":null,"members":[4,5,6,7,8],"transformation":{"transposition":0,"inversion":false,"retrograde":false,"multiplication":1},"descriptor":"P"}},{"name":null,"columnIndex":2,"rowIndex":1,"descriptor":"P","pitchSequence":{"@type":"pitch_class_sequence","name":null,"members":[9,10,11],"transformation":{"transposition":0,"inversion":false,"retrograde":false,"multiplication":1},"descriptor":"P"}},{"name":null,"columnIndex":0,"rowIndex":2,"descriptor":"P","pitchSequence":{"@type":"pitch_class_sequence","name":null,"members":[4,5,6,7,8],"transformation":{"transposition":0,"inversion":false,"retrograde":false,"multiplication":1},"descriptor":"P"}},{"name":null,"columnIndex":1,"rowIndex":2,"descriptor":"P","pitchSequence":{"@type":"pitch_class_sequence","name":null,"members":[9,10,11],"transformation":{"transposition":0,"inversion":false,"retrograde":false,"multiplication":1},"descriptor":"P"}},{"name":null,"columnIndex":2,"rowIndex":2,"descriptor":"P","pitchSequence":{"@type":"pitch_class_sequence","name":null,"members":[0,1,2,3],"transformation":{"transposition":0,"inversion":false,"retrograde":false,"multiplication":1},"descriptor":"P"}}]}
CompositionMatrix transposition 10 toJsonString():
{"descriptor":"","name":"","segments":[{"name":null,"columnIndex":0,"rowIndex":0,"descriptor":"P","pitchSequence":{"@type":"pitch_class_sequence","name":null,"members":[10,11,0],"transformation":{"transposition":0,"inversion":false,"retrograde":false,"multiplication":1},"descriptor":"P"}},{"name":null,"columnIndex":1,"rowIndex":0,"descriptor":"P","pitchSequence":{"@type":"pitch_class_sequence","name":null,"members":[1,2,3,4],"transformation":{"transposition":0,"inversion":false,"retrograde":false,"multiplication":1},"descriptor":"P"}},{"name":null,"columnIndex":2,"rowIndex":0,"descriptor":"P","pitchSequence":{"@type":"pitch_class_sequence","name":null,"members":[5,6,7,8,9],"transformation":{"transposition":0,"inversion":false,"retrograde":false,"multiplication":1},"descriptor":"P"}},{"name":null,"columnIndex":0,"rowIndex":1,"descriptor":"P","pitchSequence":{"@type":"pitch_class_sequence","name":null,"members":[1,2,3,4],"transformation":{"transposition":0,"inversion":false,"retrograde":false,"multiplication":1},"descriptor":"P"}},{"name":null,"columnIndex":1,"rowIndex":1,"descriptor":"P","pitchSequence":{"@type":"pitch_class_sequence","name":null,"members":[5,6,7,8,9],"transformation":{"transposition":0,"inversion":false,"retrograde":false,"multiplication":1},"descriptor":"P"}},{"name":null,"columnIndex":2,"rowIndex":1,"descriptor":"P","pitchSequence":{"@type":"pitch_class_sequence","name":null,"members":[10,11,0],"transformation":{"transposition":0,"inversion":false,"retrograde":false,"multiplication":1},"descriptor":"P"}},{"name":null,"columnIndex":0,"rowIndex":2,"descriptor":"P","pitchSequence":{"@type":"pitch_class_sequence","name":null,"members":[5,6,7,8,9],"transformation":{"transposition":0,"inversion":false,"retrograde":false,"multiplication":1},"descriptor":"P"}},{"name":null,"columnIndex":1,"rowIndex":2,"descriptor":"P","pitchSequence":{"@type":"pitch_class_sequence","name":null,"members":[10,11,0],"transformation":{"transposition":0,"inversion":false,"retrograde":false,"multiplication":1},"descriptor":"P"}},{"name":null,"columnIndex":2,"rowIndex":2,"descriptor":"P","pitchSequence":{"@type":"pitch_class_sequence","name":null,"members":[1,2,3,4],"transformation":{"transposition":0,"inversion":false,"retrograde":false,"multiplication":1},"descriptor":"P"}}]}
CompositionMatrix transposition 11 toJsonString():
{"descriptor":"","name":"","segments":[{"name":null,"columnIndex":0,"rowIndex":0,"descriptor":"P","pitchSequence":{"@type":"pitch_class_sequence","name":null,"members":[11,0,1],"transformation":{"transposition":0,"inversion":false,"retrograde":false,"multiplication":1},"descriptor":"P"}},{"name":null,"columnIndex":1,"rowIndex":0,"descriptor":"P","pitchSequence":{"@type":"pitch_class_sequence","name":null,"members":[2,3,4,5],"transformation":{"transposition":0,"inversion":false,"retrograde":false,"multiplication":1},"descriptor":"P"}},{"name":null,"columnIndex":2,"rowIndex":0,"descriptor":"P","pitchSequence":{"@type":"pitch_class_sequence","name":null,"members":[6,7,8,9,10],"transformation":{"transposition":0,"inversion":false,"retrograde":false,"multiplication":1},"descriptor":"P"}},{"name":null,"columnIndex":0,"rowIndex":1,"descriptor":"P","pitchSequence":{"@type":"pitch_class_sequence","name":null,"members":[2,3,4,5],"transformation":{"transposition":0,"inversion":false,"retrograde":false,"multiplication":1},"descriptor":"P"}},{"name":null,"columnIndex":1,"rowIndex":1,"descriptor":"P","pitchSequence":{"@type":"pitch_class_sequence","name":null,"members":[6,7,8,9,10],"transformation":{"transposition":0,"inversion":false,"retrograde":false,"multiplication":1},"descriptor":"P"}},{"name":null,"columnIndex":2,"rowIndex":1,"descriptor":"P","pitchSequence":{"@type":"pitch_class_sequence","name":null,"members":[11,0,1],"transformation":{"transposition":0,"inversion":false,"retrograde":false,"multiplication":1},"descriptor":"P"}},{"name":null,"columnIndex":0,"rowIndex":2,"descriptor":"P","pitchSequence":{"@type":"pitch_class_sequence","name":null,"members":[6,7,8,9,10],"transformation":{"transposition":0,"inversion":false,"retrograde":false,"multiplication":1},"descriptor":"P"}},{"name":null,"columnIndex":1,"rowIndex":2,"descriptor":"P","pitchSequence":{"@type":"pitch_class_sequence","name":null,"members":[11,0,1],"transformation":{"transposition":0,"inversion":false,"retrograde":false,"multiplication":1},"descriptor":"P"}},{"name":null,"columnIndex":2,"rowIndex":2,"descriptor":"P","pitchSequence":{"@type":"pitch_class_sequence","name":null,"members":[2,3,4,5],"transformation":{"transposition":0,"inversion":false,"retrograde":false,"multiplication":1},"descriptor":"P"}}]}
===========================
<0 1 2>    |<3 4 5 6>  |<7 8 9 A B>
<3 4 5 6>  |<7 8 9 A B>|<0 1 2>    
<7 8 9 A B>|<0 1 2>    |<3 4 5 6>  

CompositionMatrix retrograde transposition 0 toJsonString():
{"descriptor":"","name":"","segments":[{"name":null,"columnIndex":2,"rowIndex":0,"descriptor":"P","pitchSequence":{"@type":"pitch_class_sequence","name":null,"members":[2,1,0],"transformation":{"transposition":0,"inversion":false,"retrograde":false,"multiplication":1},"descriptor":"P"}},{"name":null,"columnIndex":1,"rowIndex":0,"descriptor":"P","pitchSequence":{"@type":"pitch_class_sequence","name":null,"members":[6,5,4,3],"transformation":{"transposition":0,"inversion":false,"retrograde":false,"multiplication":1},"descriptor":"P"}},{"name":null,"columnIndex":0,"rowIndex":0,"descriptor":"P","pitchSequence":{"@type":"pitch_class_sequence","name":null,"members":[11,10,9,8,7],"transformation":{"transposition":0,"inversion":false,"retrograde":false,"multiplication":1},"descriptor":"P"}},{"name":null,"columnIndex":2,"rowIndex":1,"descriptor":"P","pitchSequence":{"@type":"pitch_class_sequence","name":null,"members":[6,5,4,3],"transformation":{"transposition":0,"inversion":false,"retrograde":false,"multiplication":1},"descriptor":"P"}},{"name":null,"columnIndex":1,"rowIndex":1,"descriptor":"P","pitchSequence":{"@type":"pitch_class_sequence","name":null,"members":[11,10,9,8,7],"transformation":{"transposition":0,"inversion":false,"retrograde":false,"multiplication":1},"descriptor":"P"}},{"name":null,"columnIndex":0,"rowIndex":1,"descriptor":"P","pitchSequence":{"@type":"pitch_class_sequence","name":null,"members":[2,1,0],"transformation":{"transposition":0,"inversion":false,"retrograde":false,"multiplication":1},"descriptor":"P"}},{"name":null,"columnIndex":2,"rowIndex":2,"descriptor":"P","pitchSequence":{"@type":"pitch_class_sequence","name":null,"members":[11,10,9,8,7],"transformation":{"transposition":0,"inversion":false,"retrograde":false,"multiplication":1},"descriptor":"P"}},{"name":null,"columnIndex":1,"rowIndex":2,"descriptor":"P","pitchSequence":{"@type":"pitch_class_sequence","name":null,"members":[2,1,0],"transformation":{"transposition":0,"inversion":false,"retrograde":false,"multiplication":1},"descriptor":"P"}},{"name":null,"columnIndex":0,"rowIndex":2,"descriptor":"P","pitchSequence":{"@type":"pitch_class_sequence","name":null,"members":[6,5,4,3],"transformation":{"transposition":0,"inversion":false,"retrograde":false,"multiplication":1},"descriptor":"P"}}]}
CompositionMatrix retrograde transposition 1 toJsonString():
{"descriptor":"","name":"","segments":[{"name":null,"columnIndex":2,"rowIndex":0,"descriptor":"P","pitchSequence":{"@type":"pitch_class_sequence","name":null,"members":[3,2,1],"transformation":{"transposition":0,"inversion":false,"retrograde":false,"multiplication":1},"descriptor":"P"}},{"name":null,"columnIndex":1,"rowIndex":0,"descriptor":"P","pitchSequence":{"@type":"pitch_class_sequence","name":null,"members":[7,6,5,4],"transformation":{"transposition":0,"inversion":false,"retrograde":false,"multiplication":1},"descriptor":"P"}},{"name":null,"columnIndex":0,"rowIndex":0,"descriptor":"P","pitchSequence":{"@type":"pitch_class_sequence","name":null,"members":[0,11,10,9,8],"transformation":{"transposition":0,"inversion":false,"retrograde":false,"multiplication":1},"descriptor":"P"}},{"name":null,"columnIndex":2,"rowIndex":1,"descriptor":"P","pitchSequence":{"@type":"pitch_class_sequence","name":null,"members":[7,6,5,4],"transformation":{"transposition":0,"inversion":false,"retrograde":false,"multiplication":1},"descriptor":"P"}},{"name":null,"columnIndex":1,"rowIndex":1,"descriptor":"P","pitchSequence":{"@type":"pitch_class_sequence","name":null,"members":[0,11,10,9,8],"transformation":{"transposition":0,"inversion":false,"retrograde":false,"multiplication":1},"descriptor":"P"}},{"name":null,"columnIndex":0,"rowIndex":1,"descriptor":"P","pitchSequence":{"@type":"pitch_class_sequence","name":null,"members":[3,2,1],"transformation":{"transposition":0,"inversion":false,"retrograde":false,"multiplication":1},"descriptor":"P"}},{"name":null,"columnIndex":2,"rowIndex":2,"descriptor":"P","pitchSequence":{"@type":"pitch_class_sequence","name":null,"members":[0,11,10,9,8],"transformation":{"transposition":0,"inversion":false,"retrograde":false,"multiplication":1},"descriptor":"P"}},{"name":null,"columnIndex":1,"rowIndex":2,"descriptor":"P","pitchSequence":{"@type":"pitch_class_sequence","name":null,"members":[3,2,1],"transformation":{"transposition":0,"inversion":false,"retrograde":false,"multiplication":1},"descriptor":"P"}},{"name":null,"columnIndex":0,"rowIndex":2,"descriptor":"P","pitchSequence":{"@type":"pitch_class_sequence","name":null,"members":[7,6,5,4],"transformation":{"transposition":0,"inversion":false,"retrograde":false,"multiplication":1},"descriptor":"P"}}]}
CompositionMatrix retrograde transposition 2 toJsonString():
{"descriptor":"","name":"","segments":[{"name":null,"columnIndex":2,"rowIndex":0,"descriptor":"P","pitchSequence":{"@type":"pitch_class_sequence","name":null,"members":[4,3,2],"transformation":{"transposition":0,"inversion":false,"retrograde":false,"multiplication":1},"descriptor":"P"}},{"name":null,"columnIndex":1,"rowIndex":0,"descriptor":"P","pitchSequence":{"@type":"pitch_class_sequence","name":null,"members":[8,7,6,5],"transformation":{"transposition":0,"inversion":false,"retrograde":false,"multiplication":1},"descriptor":"P"}},{"name":null,"columnIndex":0,"rowIndex":0,"descriptor":"P","pitchSequence":{"@type":"pitch_class_sequence","name":null,"members":[1,0,11,10,9],"transformation":{"transposition":0,"inversion":false,"retrograde":false,"multiplication":1},"descriptor":"P"}},{"name":null,"columnIndex":2,"rowIndex":1,"descriptor":"P","pitchSequence":{"@type":"pitch_class_sequence","name":null,"members":[8,7,6,5],"transformation":{"transposition":0,"inversion":false,"retrograde":false,"multiplication":1},"descriptor":"P"}},{"name":null,"columnIndex":1,"rowIndex":1,"descriptor":"P","pitchSequence":{"@type":"pitch_class_sequence","name":null,"members":[1,0,11,10,9],"transformation":{"transposition":0,"inversion":false,"retrograde":false,"multiplication":1},"descriptor":"P"}},{"name":null,"columnIndex":0,"rowIndex":1,"descriptor":"P","pitchSequence":{"@type":"pitch_class_sequence","name":null,"members":[4,3,2],"transformation":{"transposition":0,"inversion":false,"retrograde":false,"multiplication":1},"descriptor":"P"}},{"name":null,"columnIndex":2,"rowIndex":2,"descriptor":"P","pitchSequence":{"@type":"pitch_class_sequence","name":null,"members":[1,0,11,10,9],"transformation":{"transposition":0,"inversion":false,"retrograde":false,"multiplication":1},"descriptor":"P"}},{"name":null,"columnIndex":1,"rowIndex":2,"descriptor":"P","pitchSequence":{"@type":"pitch_class_sequence","name":null,"members":[4,3,2],"transformation":{"transposition":0,"inversion":false,"retrograde":false,"multiplication":1},"descriptor":"P"}},{"name":null,"columnIndex":0,"rowIndex":2,"descriptor":"P","pitchSequence":{"@type":"pitch_class_sequence","name":null,"members":[8,7,6,5],"transformation":{"transposition":0,"inversion":false,"retrograde":false,"multiplication":1},"descriptor":"P"}}]}
CompositionMatrix retrograde transposition 3 toJsonString():
{"descriptor":"","name":"","segments":[{"name":null,"columnIndex":2,"rowIndex":0,"descriptor":"P","pitchSequence":{"@type":"pitch_class_sequence","name":null,"members":[5,4,3],"transformation":{"transposition":0,"inversion":false,"retrograde":false,"multiplication":1},"descriptor":"P"}},{"name":null,"columnIndex":1,"rowIndex":0,"descriptor":"P","pitchSequence":{"@type":"pitch_class_sequence","name":null,"members":[9,8,7,6],"transformation":{"transposition":0,"inversion":false,"retrograde":false,"multiplication":1},"descriptor":"P"}},{"name":null,"columnIndex":0,"rowIndex":0,"descriptor":"P","pitchSequence":{"@type":"pitch_class_sequence","name":null,"members":[2,1,0,11,10],"transformation":{"transposition":0,"inversion":false,"retrograde":false,"multiplication":1},"descriptor":"P"}},{"name":null,"columnIndex":2,"rowIndex":1,"descriptor":"P","pitchSequence":{"@type":"pitch_class_sequence","name":null,"members":[9,8,7,6],"transformation":{"transposition":0,"inversion":false,"retrograde":false,"multiplication":1},"descriptor":"P"}},{"name":null,"columnIndex":1,"rowIndex":1,"descriptor":"P","pitchSequence":{"@type":"pitch_class_sequence","name":null,"members":[2,1,0,11,10],"transformation":{"transposition":0,"inversion":false,"retrograde":false,"multiplication":1},"descriptor":"P"}},{"name":null,"columnIndex":0,"rowIndex":1,"descriptor":"P","pitchSequence":{"@type":"pitch_class_sequence","name":null,"members":[5,4,3],"transformation":{"transposition":0,"inversion":false,"retrograde":false,"multiplication":1},"descriptor":"P"}},{"name":null,"columnIndex":2,"rowIndex":2,"descriptor":"P","pitchSequence":{"@type":"pitch_class_sequence","name":null,"members":[2,1,0,11,10],"transformation":{"transposition":0,"inversion":false,"retrograde":false,"multiplication":1},"descriptor":"P"}},{"name":null,"columnIndex":1,"rowIndex":2,"descriptor":"P","pitchSequence":{"@type":"pitch_class_sequence","name":null,"members":[5,4,3],"transformation":{"transposition":0,"inversion":false,"retrograde":false,"multiplication":1},"descriptor":"P"}},{"name":null,"columnIndex":0,"rowIndex":2,"descriptor":"P","pitchSequence":{"@type":"pitch_class_sequence","name":null,"members":[9,8,7,6],"transformation":{"transposition":0,"inversion":false,"retrograde":false,"multiplication":1},"descriptor":"P"}}]}
CompositionMatrix retrograde transposition 4 toJsonString():
{"descriptor":"","name":"","segments":[{"name":null,"columnIndex":2,"rowIndex":0,"descriptor":"P","pitchSequence":{"@type":"pitch_class_sequence","name":null,"members":[6,5,4],"transformation":{"transposition":0,"inversion":false,"retrograde":false,"multiplication":1},"descriptor":"P"}},{"name":null,"columnIndex":1,"rowIndex":0,"descriptor":"P","pitchSequence":{"@type":"pitch_class_sequence","name":null,"members":[10,9,8,7],"transformation":{"transposition":0,"inversion":false,"retrograde":false,"multiplication":1},"descriptor":"P"}},{"name":null,"columnIndex":0,"rowIndex":0,"descriptor":"P","pitchSequence":{"@type":"pitch_class_sequence","name":null,"members":[3,2,1,0,11],"transformation":{"transposition":0,"inversion":false,"retrograde":false,"multiplication":1},"descriptor":"P"}},{"name":null,"columnIndex":2,"rowIndex":1,"descriptor":"P","pitchSequence":{"@type":"pitch_class_sequence","name":null,"members":[10,9,8,7],"transformation":{"transposition":0,"inversion":false,"retrograde":false,"multiplication":1},"descriptor":"P"}},{"name":null,"columnIndex":1,"rowIndex":1,"descriptor":"P","pitchSequence":{"@type":"pitch_class_sequence","name":null,"members":[3,2,1,0,11],"transformation":{"transposition":0,"inversion":false,"retrograde":false,"multiplication":1},"descriptor":"P"}},{"name":null,"columnIndex":0,"rowIndex":1,"descriptor":"P","pitchSequence":{"@type":"pitch_class_sequence","name":null,"members":[6,5,4],"transformation":{"transposition":0,"inversion":false,"retrograde":false,"multiplication":1},"descriptor":"P"}},{"name":null,"columnIndex":2,"rowIndex":2,"descriptor":"P","pitchSequence":{"@type":"pitch_class_sequence","name":null,"members":[3,2,1,0,11],"transformation":{"transposition":0,"inversion":false,"retrograde":false,"multiplication":1},"descriptor":"P"}},{"name":null,"columnIndex":1,"rowIndex":2,"descriptor":"P","pitchSequence":{"@type":"pitch_class_sequence","name":null,"members":[6,5,4],"transformation":{"transposition":0,"inversion":false,"retrograde":false,"multiplication":1},"descriptor":"P"}},{"name":null,"columnIndex":0,"rowIndex":2,"descriptor":"P","pitchSequence":{"@type":"pitch_class_sequence","name":null,"members":[10,9,8,7],"transformation":{"transposition":0,"inversion":false,"retrograde":false,"multiplication":1},"descriptor":"P"}}]}
CompositionMatrix retrograde transposition 5 toJsonString():
{"descriptor":"","name":"","segments":[{"name":null,"columnIndex":2,"rowIndex":0,"descriptor":"P","pitchSequence":{"@type":"pitch_class_sequence","name":null,"members":[7,6,5],"transformation":{"transposition":0,"inversion":false,"retrograde":false,"multiplication":1},"descriptor":"P"}},{"name":null,"columnIndex":1,"rowIndex":0,"descriptor":"P","pitchSequence":{"@type":"pitch_class_sequence","name":null,"members":[11,10,9,8],"transformation":{"transposition":0,"inversion":false,"retrograde":false,"multiplication":1},"descriptor":"P"}},{"name":null,"columnIndex":0,"rowIndex":0,"descriptor":"P","pitchSequence":{"@type":"pitch_class_sequence","name":null,"members":[4,3,2,1,0],"transformation":{"transposition":0,"inversion":false,"retrograde":false,"multiplication":1},"descriptor":"P"}},{"name":null,"columnIndex":2,"rowIndex":1,"descriptor":"P","pitchSequence":{"@type":"pitch_class_sequence","name":null,"members":[11,10,9,8],"transformation":{"transposition":0,"inversion":false,"retrograde":false,"multiplication":1},"descriptor":"P"}},{"name":null,"columnIndex":1,"rowIndex":1,"descriptor":"P","pitchSequence":{"@type":"pitch_class_sequence","name":null,"members":[4,3,2,1,0],"transformation":{"transposition":0,"inversion":false,"retrograde":false,"multiplication":1},"descriptor":"P"}},{"name":null,"columnIndex":0,"rowIndex":1,"descriptor":"P","pitchSequence":{"@type":"pitch_class_sequence","name":null,"members":[7,6,5],"transformation":{"transposition":0,"inversion":false,"retrograde":false,"multiplication":1},"descriptor":"P"}},{"name":null,"columnIndex":2,"rowIndex":2,"descriptor":"P","pitchSequence":{"@type":"pitch_class_sequence","name":null,"members":[4,3,2,1,0],"transformation":{"transposition":0,"inversion":false,"retrograde":false,"multiplication":1},"descriptor":"P"}},{"name":null,"columnIndex":1,"rowIndex":2,"descriptor":"P","pitchSequence":{"@type":"pitch_class_sequence","name":null,"members":[7,6,5],"transformation":{"transposition":0,"inversion":false,"retrograde":false,"multiplication":1},"descriptor":"P"}},{"name":null,"columnIndex":0,"rowIndex":2,"descriptor":"P","pitchSequence":{"@type":"pitch_class_sequence","name":null,"members":[11,10,9,8],"transformation":{"transposition":0,"inversion":false,"retrograde":false,"multiplication":1},"descriptor":"P"}}]}
CompositionMatrix retrograde transposition 6 toJsonString():
{"descriptor":"","name":"","segments":[{"name":null,"columnIndex":2,"rowIndex":0,"descriptor":"P","pitchSequence":{"@type":"pitch_class_sequence","name":null,"members":[8,7,6],"transformation":{"transposition":0,"inversion":false,"retrograde":false,"multiplication":1},"descriptor":"P"}},{"name":null,"columnIndex":1,"rowIndex":0,"descriptor":"P","pitchSequence":{"@type":"pitch_class_sequence","name":null,"members":[0,11,10,9],"transformation":{"transposition":0,"inversion":false,"retrograde":false,"multiplication":1},"descriptor":"P"}},{"name":null,"columnIndex":0,"rowIndex":0,"descriptor":"P","pitchSequence":{"@type":"pitch_class_sequence","name":null,"members":[5,4,3,2,1],"transformation":{"transposition":0,"inversion":false,"retrograde":false,"multiplication":1},"descriptor":"P"}},{"name":null,"columnIndex":2,"rowIndex":1,"descriptor":"P","pitchSequence":{"@type":"pitch_class_sequence","name":null,"members":[0,11,10,9],"transformation":{"transposition":0,"inversion":false,"retrograde":false,"multiplication":1},"descriptor":"P"}},{"name":null,"columnIndex":1,"rowIndex":1,"descriptor":"P","pitchSequence":{"@type":"pitch_class_sequence","name":null,"members":[5,4,3,2,1],"transformation":{"transposition":0,"inversion":false,"retrograde":false,"multiplication":1},"descriptor":"P"}},{"name":null,"columnIndex":0,"rowIndex":1,"descriptor":"P","pitchSequence":{"@type":"pitch_class_sequence","name":null,"members":[8,7,6],"transformation":{"transposition":0,"inversion":false,"retrograde":false,"multiplication":1},"descriptor":"P"}},{"name":null,"columnIndex":2,"rowIndex":2,"descriptor":"P","pitchSequence":{"@type":"pitch_class_sequence","name":null,"members":[5,4,3,2,1],"transformation":{"transposition":0,"inversion":false,"retrograde":false,"multiplication":1},"descriptor":"P"}},{"name":null,"columnIndex":1,"rowIndex":2,"descriptor":"P","pitchSequence":{"@type":"pitch_class_sequence","name":null,"members":[8,7,6],"transformation":{"transposition":0,"inversion":false,"retrograde":false,"multiplication":1},"descriptor":"P"}},{"name":null,"columnIndex":0,"rowIndex":2,"descriptor":"P","pitchSequence":{"@type":"pitch_class_sequence","name":null,"members":[0,11,10,9],"transformation":{"transposition":0,"inversion":false,"retrograde":false,"multiplication":1},"descriptor":"P"}}]}
CompositionMatrix retrograde transposition 7 toJsonString():
{"descriptor":"","name":"","segments":[{"name":null,"columnIndex":2,"rowIndex":0,"descriptor":"P","pitchSequence":{"@type":"pitch_class_sequence","name":null,"members":[9,8,7],"transformation":{"transposition":0,"inversion":false,"retrograde":false,"multiplication":1},"descriptor":"P"}},{"name":null,"columnIndex":1,"rowIndex":0,"descriptor":"P","pitchSequence":{"@type":"pitch_class_sequence","name":null,"members":[1,0,11,10],"transformation":{"transposition":0,"inversion":false,"retrograde":false,"multiplication":1},"descriptor":"P"}},{"name":null,"columnIndex":0,"rowIndex":0,"descriptor":"P","pitchSequence":{"@type":"pitch_class_sequence","name":null,"members":[6,5,4,3,2],"transformation":{"transposition":0,"inversion":false,"retrograde":false,"multiplication":1},"descriptor":"P"}},{"name":null,"columnIndex":2,"rowIndex":1,"descriptor":"P","pitchSequence":{"@type":"pitch_class_sequence","name":null,"members":[1,0,11,10],"transformation":{"transposition":0,"inversion":false,"retrograde":false,"multiplication":1},"descriptor":"P"}},{"name":null,"columnIndex":1,"rowIndex":1,"descriptor":"P","pitchSequence":{"@type":"pitch_class_sequence","name":null,"members":[6,5,4,3,2],"transformation":{"transposition":0,"inversion":false,"retrograde":false,"multiplication":1},"descriptor":"P"}},{"name":null,"columnIndex":0,"rowIndex":1,"descriptor":"P","pitchSequence":{"@type":"pitch_class_sequence","name":null,"members":[9,8,7],"transformation":{"transposition":0,"inversion":false,"retrograde":false,"multiplication":1},"descriptor":"P"}},{"name":null,"columnIndex":2,"rowIndex":2,"descriptor":"P","pitchSequence":{"@type":"pitch_class_sequence","name":null,"members":[6,5,4,3,2],"transformation":{"transposition":0,"inversion":false,"retrograde":false,"multiplication":1},"descriptor":"P"}},{"name":null,"columnIndex":1,"rowIndex":2,"descriptor":"P","pitchSequence":{"@type":"pitch_class_sequence","name":null,"members":[9,8,7],"transformation":{"transposition":0,"inversion":false,"retrograde":false,"multiplication":1},"descriptor":"P"}},{"name":null,"columnIndex":0,"rowIndex":2,"descriptor":"P","pitchSequence":{"@type":"pitch_class_sequence","name":null,"members":[1,0,11,10],"transformation":{"transposition":0,"inversion":false,"retrograde":false,"multiplication":1},"descriptor":"P"}}]}
CompositionMatrix retrograde transposition 8 toJsonString():
{"descriptor":"","name":"","segments":[{"name":null,"columnIndex":2,"rowIndex":0,"descriptor":"P","pitchSequence":{"@type":"pitch_class_sequence","name":null,"members":[10,9,8],"transformation":{"transposition":0,"inversion":false,"retrograde":false,"multiplication":1},"descriptor":"P"}},{"name":null,"columnIndex":1,"rowIndex":0,"descriptor":"P","pitchSequence":{"@type":"pitch_class_sequence","name":null,"members":[2,1,0,11],"transformation":{"transposition":0,"inversion":false,"retrograde":false,"multiplication":1},"descriptor":"P"}},{"name":null,"columnIndex":0,"rowIndex":0,"descriptor":"P","pitchSequence":{"@type":"pitch_class_sequence","name":null,"members":[7,6,5,4,3],"transformation":{"transposition":0,"inversion":false,"retrograde":false,"multiplication":1},"descriptor":"P"}},{"name":null,"columnIndex":2,"rowIndex":1,"descriptor":"P","pitchSequence":{"@type":"pitch_class_sequence","name":null,"members":[2,1,0,11],"transformation":{"transposition":0,"inversion":false,"retrograde":false,"multiplication":1},"descriptor":"P"}},{"name":null,"columnIndex":1,"rowIndex":1,"descriptor":"P","pitchSequence":{"@type":"pitch_class_sequence","name":null,"members":[7,6,5,4,3],"transformation":{"transposition":0,"inversion":false,"retrograde":false,"multiplication":1},"descriptor":"P"}},{"name":null,"columnIndex":0,"rowIndex":1,"descriptor":"P","pitchSequence":{"@type":"pitch_class_sequence","name":null,"members":[10,9,8],"transformation":{"transposition":0,"inversion":false,"retrograde":false,"multiplication":1},"descriptor":"P"}},{"name":null,"columnIndex":2,"rowIndex":2,"descriptor":"P","pitchSequence":{"@type":"pitch_class_sequence","name":null,"members":[7,6,5,4,3],"transformation":{"transposition":0,"inversion":false,"retrograde":false,"multiplication":1},"descriptor":"P"}},{"name":null,"columnIndex":1,"rowIndex":2,"descriptor":"P","pitchSequence":{"@type":"pitch_class_sequence","name":null,"members":[10,9,8],"transformation":{"transposition":0,"inversion":false,"retrograde":false,"multiplication":1},"descriptor":"P"}},{"name":null,"columnIndex":0,"rowIndex":2,"descriptor":"P","pitchSequence":{"@type":"pitch_class_sequence","name":null,"members":[2,1,0,11],"transformation":{"transposition":0,"inversion":false,"retrograde":false,"multiplication":1},"descriptor":"P"}}]}
CompositionMatrix retrograde transposition 9 toJsonString():
{"descriptor":"","name":"","segments":[{"name":null,"columnIndex":2,"rowIndex":0,"descriptor":"P","pitchSequence":{"@type":"pitch_class_sequence","name":null,"members":[11,10,9],"transformation":{"transposition":0,"inversion":false,"retrograde":false,"multiplication":1},"descriptor":"P"}},{"name":null,"columnIndex":1,"rowIndex":0,"descriptor":"P","pitchSequence":{"@type":"pitch_class_sequence","name":null,"members":[3,2,1,0],"transformation":{"transposition":0,"inversion":false,"retrograde":false,"multiplication":1},"descriptor":"P"}},{"name":null,"columnIndex":0,"rowIndex":0,"descriptor":"P","pitchSequence":{"@type":"pitch_class_sequence","name":null,"members":[8,7,6,5,4],"transformation":{"transposition":0,"inversion":false,"retrograde":false,"multiplication":1},"descriptor":"P"}},{"name":null,"columnIndex":2,"rowIndex":1,"descriptor":"P","pitchSequence":{"@type":"pitch_class_sequence","name":null,"members":[3,2,1,0],"transformation":{"transposition":0,"inversion":false,"retrograde":false,"multiplication":1},"descriptor":"P"}},{"name":null,"columnIndex":1,"rowIndex":1,"descriptor":"P","pitchSequence":{"@type":"pitch_class_sequence","name":null,"members":[8,7,6,5,4],"transformation":{"transposition":0,"inversion":false,"retrograde":false,"multiplication":1},"descriptor":"P"}},{"name":null,"columnIndex":0,"rowIndex":1,"descriptor":"P","pitchSequence":{"@type":"pitch_class_sequence","name":null,"members":[11,10,9],"transformation":{"transposition":0,"inversion":false,"retrograde":false,"multiplication":1},"descriptor":"P"}},{"name":null,"columnIndex":2,"rowIndex":2,"descriptor":"P","pitchSequence":{"@type":"pitch_class_sequence","name":null,"members":[8,7,6,5,4],"transformation":{"transposition":0,"inversion":false,"retrograde":false,"multiplication":1},"descriptor":"P"}},{"name":null,"columnIndex":1,"rowIndex":2,"descriptor":"P","pitchSequence":{"@type":"pitch_class_sequence","name":null,"members":[11,10,9],"transformation":{"transposition":0,"inversion":false,"retrograde":false,"multiplication":1},"descriptor":"P"}},{"name":null,"columnIndex":0,"rowIndex":2,"descriptor":"P","pitchSequence":{"@type":"pitch_class_sequence","name":null,"members":[3,2,1,0],"transformation":{"transposition":0,"inversion":false,"retrograde":false,"multiplication":1},"descriptor":"P"}}]}
CompositionMatrix retrograde transposition 10 toJsonString():
{"descriptor":"","name":"","segments":[{"name":null,"columnIndex":2,"rowIndex":0,"descriptor":"P","pitchSequence":{"@type":"pitch_class_sequence","name":null,"members":[0,11,10],"transformation":{"transposition":0,"inversion":false,"retrograde":false,"multiplication":1},"descriptor":"P"}},{"name":null,"columnIndex":1,"rowIndex":0,"descriptor":"P","pitchSequence":{"@type":"pitch_class_sequence","name":null,"members":[4,3,2,1],"transformation":{"transposition":0,"inversion":false,"retrograde":false,"multiplication":1},"descriptor":"P"}},{"name":null,"columnIndex":0,"rowIndex":0,"descriptor":"P","pitchSequence":{"@type":"pitch_class_sequence","name":null,"members":[9,8,7,6,5],"transformation":{"transposition":0,"inversion":false,"retrograde":false,"multiplication":1},"descriptor":"P"}},{"name":null,"columnIndex":2,"rowIndex":1,"descriptor":"P","pitchSequence":{"@type":"pitch_class_sequence","name":null,"members":[4,3,2,1],"transformation":{"transposition":0,"inversion":false,"retrograde":false,"multiplication":1},"descriptor":"P"}},{"name":null,"columnIndex":1,"rowIndex":1,"descriptor":"P","pitchSequence":{"@type":"pitch_class_sequence","name":null,"members":[9,8,7,6,5],"transformation":{"transposition":0,"inversion":false,"retrograde":false,"multiplication":1},"descriptor":"P"}},{"name":null,"columnIndex":0,"rowIndex":1,"descriptor":"P","pitchSequence":{"@type":"pitch_class_sequence","name":null,"members":[0,11,10],"transformation":{"transposition":0,"inversion":false,"retrograde":false,"multiplication":1},"descriptor":"P"}},{"name":null,"columnIndex":2,"rowIndex":2,"descriptor":"P","pitchSequence":{"@type":"pitch_class_sequence","name":null,"members":[9,8,7,6,5],"transformation":{"transposition":0,"inversion":false,"retrograde":false,"multiplication":1},"descriptor":"P"}},{"name":null,"columnIndex":1,"rowIndex":2,"descriptor":"P","pitchSequence":{"@type":"pitch_class_sequence","name":null,"members":[0,11,10],"transformation":{"transposition":0,"inversion":false,"retrograde":false,"multiplication":1},"descriptor":"P"}},{"name":null,"columnIndex":0,"rowIndex":2,"descriptor":"P","pitchSequence":{"@type":"pitch_class_sequence","name":null,"members":[4,3,2,1],"transformation":{"transposition":0,"inversion":false,"retrograde":false,"multiplication":1},"descriptor":"P"}}]}
CompositionMatrix retrograde transposition 11 toJsonString():
{"descriptor":"","name":"","segments":[{"name":null,"columnIndex":2,"rowIndex":0,"descriptor":"P","pitchSequence":{"@type":"pitch_class_sequence","name":null,"members":[1,0,11],"transformation":{"transposition":0,"inversion":false,"retrograde":false,"multiplication":1},"descriptor":"P"}},{"name":null,"columnIndex":1,"rowIndex":0,"descriptor":"P","pitchSequence":{"@type":"pitch_class_sequence","name":null,"members":[5,4,3,2],"transformation":{"transposition":0,"inversion":false,"retrograde":false,"multiplication":1},"descriptor":"P"}},{"name":null,"columnIndex":0,"rowIndex":0,"descriptor":"P","pitchSequence":{"@type":"pitch_class_sequence","name":null,"members":[10,9,8,7,6],"transformation":{"transposition":0,"inversion":false,"retrograde":false,"multiplication":1},"descriptor":"P"}},{"name":null,"columnIndex":2,"rowIndex":1,"descriptor":"P","pitchSequence":{"@type":"pitch_class_sequence","name":null,"members":[5,4,3,2],"transformation":{"transposition":0,"inversion":false,"retrograde":false,"multiplication":1},"descriptor":"P"}},{"name":null,"columnIndex":1,"rowIndex":1,"descriptor":"P","pitchSequence":{"@type":"pitch_class_sequence","name":null,"members":[10,9,8,7,6],"transformation":{"transposition":0,"inversion":false,"retrograde":false,"multiplication":1},"descriptor":"P"}},{"name":null,"columnIndex":0,"rowIndex":1,"descriptor":"P","pitchSequence":{"@type":"pitch_class_sequence","name":null,"members":[1,0,11],"transformation":{"transposition":0,"inversion":false,"retrograde":false,"multiplication":1},"descriptor":"P"}},{"name":null,"columnIndex":2,"rowIndex":2,"descriptor":"P","pitchSequence":{"@type":"pitch_class_sequence","name":null,"members":[10,9,8,7,6],"transformation":{"transposition":0,"inversion":false,"retrograde":false,"multiplication":1},"descriptor":"P"}},{"name":null,"columnIndex":1,"rowIndex":2,"descriptor":"P","pitchSequence":{"@type":"pitch_class_sequence","name":null,"members":[1,0,11],"transformation":{"transposition":0,"inversion":false,"retrograde":false,"multiplication":1},"descriptor":"P"}},{"name":null,"columnIndex":0,"rowIndex":2,"descriptor":"P","pitchSequence":{"@type":"pitch_class_sequence","name":null,"members":[5,4,3,2],"transformation":{"transposition":0,"inversion":false,"retrograde":false,"multiplication":1},"descriptor":"P"}}]}
]]></system-out>
  </testcase>
  <testcase name="testCompositionMatrix2x2PitchClassSequence" classname="org.paulmarquardt.setTheory.TestCompositionMatrix" time="0.0">
    <system-out><![CDATA[<0 1 2 3 4 5>|<6 7 8 9 A B>
<B A 9 8 7 6>|<5 4 3 2 1 0>

]]></system-out>
  </testcase>
  <testcase name="testCompositionMatrixFromPitchClassSequenceAndSizeMatrix" classname="org.paulmarquardt.setTheory.TestCompositionMatrix" time="0.001">
    <system-out><![CDATA[<0 1 2>    |<3 4 5 6>  |<7 8 9 A B>
<3 4 5 6>  |<7 8 9 A B>|<0 1 2>    
<7 8 9 A B>|<0 1 2>    |<3 4 5 6>  

<0 1 2 3 4 5 6 7 8 9 A B>|<>                       |<>                       
<>                       |<3 4 5 6 7 8 9 A B 0 1 2>|<>                       
<>                       |<>                       |<7 8 9 A B 0 1 2 3 4 5 6>

]]></system-out>
  </testcase>
  <testcase name="testCompositionMatrix2x2PitchSequence" classname="org.paulmarquardt.setTheory.TestCompositionMatrix" time="0.003">
    <system-out><![CDATA[seq00
seq01
seq10
seq11
seq00       : <0 1 2 3 4 5>  |<6 7 8 9 10 11>
seq10       : <11 10 9 8 7 6>|<5 4 3 2 1 0>  

]]></system-out>
  </testcase>
</testsuite>