<?xml version="1.0" encoding="UTF-8"?>
<testsuite xmlns:xsi="http://www.w3.org/2001/XMLSchema-instance" xsi:noNamespaceSchemaLocation="https://maven.apache.org/surefire/maven-surefire-plugin/xsd/surefire-test-report-3.0.xsd" version="3.0" name="org.paulmarquardt.setTheory.TestContour" time="0.001" tests="3" errors="0" skipped="0" failures="0">
  <properties>
[...]
</properties>
  <testcase name="testContourOperations" classname="org.paulmarquardt.setTheory.TestContour" time="0.0">
    <system-out><![CDATA[Contour complexContourNoDuplicates: Contour :[ 7, 3, 13, 25, 0, 6, 8, 2 ]
inversion of Contour complexContourNoDuplicates: Contour :[ 0, 4, -6, -18, 7, 1, -1, 5 ]
inversion of inversion of Contour complexContourNoDuplicates: Contour :[ 7, 3, 13, 25, 0, 6, 8, 2 ]
Contour complexContourWithDuplicates: Contour :[ 18, 11, 5, 15, 16, 19, 21, 16, 0, 9, 4 ]
inversion of Contour complexContourWithDuplicates: Contour :[ -8, -1, 5, -5, -6, -9, -11, -6, 10, 1, 6 ]
inversion of inversion of Contour complexContourWithDuplicates: Contour :[ 18, 11, 5, 15, 16, 19, 21, 16, 0, 9, 4 ]
]]></system-out>
  </testcase>
  <testcase name="testContourConstructors" classname="org.paulmarquardt.setTheory.TestContour" time="0.0"/>
  <testcase name="testBasicContourOperations" classname="org.paulmarquardt.setTheory.TestContour" time="0.0">
    <system-out><![CDATA[Contour complexContourNoDuplicates: Contour :[ 7, 3, 13, 25, 0, 6, 8, 2 ]
inversion of Contour complexContourNoDuplicates: Contour :[ 0, 4, -6, -18, 7, 1, -1, 5 ]
inversion of inversion of Contour complexContourNoDuplicates: Contour :[ 7, 3, 13, 25, 0, 6, 8, 2 ]
Contour complexContourWithDuplicates: Contour :[ 18, 11, 5, 15, 16, 19, 21, 16, 0, 9, 4 ]
inversion of Contour complexContourWithDuplicates: Contour :[ -8, -1, 5, -5, -6, -9, -11, -6, 10, 1, 6 ]
inversion of inversion of Contour complexContourWithDuplicates: Contour :[ 18, 11, 5, 15, 16, 19, 21, 16, 0, 9, 4 ]
]]></system-out>
  </testcase>
</testsuite>