<?xml version="1.0" encoding="UTF-8"?>
<testsuite xmlns:xsi="http://www.w3.org/2001/XMLSchema-instance" xsi:noNamespaceSchemaLocation="https://maven.apache.org/surefire/maven-surefire-plugin/xsd/surefire-test-report-3.0.xsd" version="3.0" name="org.paulmarquardt.setTheory.TestPitchClassSequenceTransformation" time="15.829" tests="7" errors="0" skipped="0" failures="0">
  <properties>
[...]
</properties>
  <testcase name="testPitchClassSequenceFromTransformationString" classname="org.paulmarquardt.setTheory.TestPitchClassSequenceTransformation" time="9.03">
    <system-out><![CDATA[Testing 500 unique random PitchClassSequences
Testing 500 non-unique random PitchClassSequences
]]></system-out>
  </testcase>
  <testcase name="testPitchClassSequenceTransformationIterator" classname="org.paulmarquardt.setTheory.TestPitchClassSequenceTransformation" time="0.002">
    <system-out><![CDATA[T[0]
RT[0]
T[0]M[B]
RT[0]M[B]
T[0]M[5]
RT[0]M[5]
T[0]M[7]
RT[0]M[7]
T[1]
RT[1]
T[1]M[B]
RT[1]M[B]
T[1]M[5]
RT[1]M[5]
T[1]M[7]
RT[1]M[7]
T[2]
RT[2]
T[2]M[B]
RT[2]M[B]
T[2]M[5]
RT[2]M[5]
T[2]M[7]
RT[2]M[7]
T[3]
RT[3]
T[3]M[B]
RT[3]M[B]
T[3]M[5]
RT[3]M[5]
T[3]M[7]
RT[3]M[7]
T[4]
RT[4]
T[4]M[B]
RT[4]M[B]
T[4]M[5]
RT[4]M[5]
T[4]M[7]
RT[4]M[7]
T[5]
RT[5]
T[5]M[B]
RT[5]M[B]
T[5]M[5]
RT[5]M[5]
T[5]M[7]
RT[5]M[7]
T[6]
RT[6]
T[6]M[B]
RT[6]M[B]
T[6]M[5]
RT[6]M[5]
T[6]M[7]
RT[6]M[7]
T[7]
RT[7]
T[7]M[B]
RT[7]M[B]
T[7]M[5]
RT[7]M[5]
T[7]M[7]
RT[7]M[7]
T[8]
RT[8]
T[8]M[B]
RT[8]M[B]
T[8]M[5]
RT[8]M[5]
T[8]M[7]
RT[8]M[7]
T[9]
RT[9]
T[9]M[B]
RT[9]M[B]
T[9]M[5]
RT[9]M[5]
T[9]M[7]
RT[9]M[7]
T[A]
RT[A]
T[A]M[B]
RT[A]M[B]
T[A]M[5]
RT[A]M[5]
T[A]M[7]
RT[A]M[7]
T[B]
RT[B]
T[B]M[B]
RT[B]M[B]
T[B]M[5]
RT[B]M[5]
T[B]M[7]
RT[B]M[7]
]]></system-out>
  </testcase>
  <testcase name="testPitchClassSequenceTransformationR" classname="org.paulmarquardt.setTheory.TestPitchClassSequenceTransformation" time="0.235">
    <system-out><![CDATA[Testing 1000 unique random PitchClassSequences
Testing 1000 non-unique random PitchClassSequences
]]></system-out>
  </testcase>
  <testcase name="testPitchClassSequenceFromTransformation" classname="org.paulmarquardt.setTheory.TestPitchClassSequenceTransformation" time="2.589">
    <system-out><![CDATA[Testing 500 unique random PitchClassSequences
]]></system-out>
  </testcase>
  <testcase name="testPitchClassSequenceTransformationInverse" classname="org.paulmarquardt.setTheory.TestPitchClassSequenceTransformation" time="1.354">
    <system-out><![CDATA[Testing getTransformationInverse
]]></system-out>
  </testcase>
  <testcase name="testPitchClassSequenceFromTransformationList" classname="org.paulmarquardt.setTheory.TestPitchClassSequenceTransformation" time="2.617">
    <system-out><![CDATA[Testing getTransformationFromList
]]></system-out>
  </testcase>
  <testcase name="testPitchClassSequenceTransformation" classname="org.paulmarquardt.setTheory.TestPitchClassSequenceTransformation" time="0.0"/>
</testsuite>