<?xml version="1.0" encoding="UTF-8"?>
<testsuite xmlns:xsi="http://www.w3.org/2001/XMLSchema-instance" xsi:noNamespaceSchemaLocation="https://maven.apache.org/surefire/maven-surefire-plugin/xsd/surefire-test-report-3.0.xsd" version="3.0" name="org.paulmarquardt.setTheory.TestCompositionMatrix" time="0.244" tests="9" errors="0" skipped="0" failures="0">
  <properties>
[...]
</properties>
  <testcase name="testCompositionMatrixTransformationIterator" classname="org.paulmarquardt.setTheory.TestCompositionMatrix" time="0.03">
    <system-out><![CDATA[5 4 0 9 7 2|8 1 3 6 a b
a b 3 6 8 1|7 2 0 9 5 4

Printing CompositionMatrix transformations from transformationIterator...
T[0]:
5 4 0 9 7 2|8 1 3 6 a b
a b 3 6 8 1|7 2 0 9 5 4

RT[0]:
b a 6 3 1 8|2 7 9 0 4 5
4 5 9 0 2 7|1 8 6 3 b a

T[0]I:
7 8 0 3 5 a|4 b 9 6 2 1
2 1 9 6 4 b|5 a 0 3 7 8

RT[0]I:
1 2 6 9 b 4|a 5 3 0 8 7
8 7 3 0 a 5|b 4 6 9 1 2

T[0]M[5]:
1 8 0 9 b a|4 5 3 6 2 7
2 7 3 6 4 5|b a 0 9 1 8

RT[0]M[5]:
7 2 6 3 5 4|a b 9 0 8 1
8 1 9 0 a b|5 4 6 3 7 2

T[0]M[7]:
b 4 0 3 1 2|8 7 9 6 a 5
a 5 9 6 8 7|1 2 0 3 b 4

RT[0]M[7]:
5 a 6 9 7 8|2 1 3 0 4 b
4 b 3 0 2 1|7 8 6 9 5 a

T[1]:
6 5 1 a 8 3|9 2 4 7 b 0
b 0 4 7 9 2|8 3 1 a 6 5

RT[1]:
0 b 7 4 2 9|3 8 a 1 5 6
5 6 a 1 3 8|2 9 7 4 0 b

T[1]I:
8 9 1 4 6 b|5 0 a 7 3 2
3 2 a 7 5 0|6 b 1 4 8 9

RT[1]I:
2 3 7 a 0 5|b 6 4 1 9 8
9 8 4 1 b 6|0 5 7 a 2 3

T[1]M[5]:
2 9 1 a 0 b|5 6 4 7 3 8
3 8 4 7 5 6|0 b 1 a 2 9

RT[1]M[5]:
8 3 7 4 6 5|b 0 a 1 9 2
9 2 a 1 b 0|6 5 7 4 8 3

T[1]M[7]:
0 5 1 4 2 3|9 8 a 7 b 6
b 6 a 7 9 8|2 3 1 4 0 5

RT[1]M[7]:
6 b 7 a 8 9|3 2 4 1 5 0
5 0 4 1 3 2|8 9 7 a 6 b

T[2]:
7 6 2 b 9 4|a 3 5 8 0 1
0 1 5 8 a 3|9 4 2 b 7 6

RT[2]:
1 0 8 5 3 a|4 9 b 2 6 7
6 7 b 2 4 9|3 a 8 5 1 0

T[2]I:
9 a 2 5 7 0|6 1 b 8 4 3
4 3 b 8 6 1|7 0 2 5 9 a

RT[2]I:
3 4 8 b 1 6|0 7 5 2 a 9
a 9 5 2 0 7|1 6 8 b 3 4

T[2]M[5]:
3 a 2 b 1 0|6 7 5 8 4 9
4 9 5 8 6 7|1 0 2 b 3 a

RT[2]M[5]:
9 4 8 5 7 6|0 1 b 2 a 3
a 3 b 2 0 1|7 6 8 5 9 4

T[2]M[7]:
1 6 2 5 3 4|a 9 b 8 0 7
0 7 b 8 a 9|3 4 2 5 1 6

RT[2]M[7]:
7 0 8 b 9 a|4 3 5 2 6 1
6 1 5 2 4 3|9 a 8 b 7 0

T[3]:
8 7 3 0 a 5|b 4 6 9 1 2
1 2 6 9 b 4|a 5 3 0 8 7

RT[3]:
2 1 9 6 4 b|5 a 0 3 7 8
7 8 0 3 5 a|4 b 9 6 2 1

T[3]I:
a b 3 6 8 1|7 2 0 9 5 4
5 4 0 9 7 2|8 1 3 6 a b

RT[3]I:
4 5 9 0 2 7|1 8 6 3 b a
b a 6 3 1 8|2 7 9 0 4 5

T[3]M[5]:
4 b 3 0 2 1|7 8 6 9 5 a
5 a 6 9 7 8|2 1 3 0 4 b

RT[3]M[5]:
a 5 9 6 8 7|1 2 0 3 b 4
b 4 0 3 1 2|8 7 9 6 a 5

T[3]M[7]:
2 7 3 6 4 5|b a 0 9 1 8
1 8 0 9 b a|4 5 3 6 2 7

RT[3]M[7]:
8 1 9 0 a b|5 4 6 3 7 2
7 2 6 3 5 4|a b 9 0 8 1

T[4]:
9 8 4 1 b 6|0 5 7 a 2 3
2 3 7 a 0 5|b 6 4 1 9 8

RT[4]:
3 2 a 7 5 0|6 b 1 4 8 9
8 9 1 4 6 b|5 0 a 7 3 2

T[4]I:
b 0 4 7 9 2|8 3 1 a 6 5
6 5 1 a 8 3|9 2 4 7 b 0

RT[4]I:
5 6 a 1 3 8|2 9 7 4 0 b
0 b 7 4 2 9|3 8 a 1 5 6

T[4]M[5]:
5 0 4 1 3 2|8 9 7 a 6 b
6 b 7 a 8 9|3 2 4 1 5 0

RT[4]M[5]:
b 6 a 7 9 8|2 3 1 4 0 5
0 5 1 4 2 3|9 8 a 7 b 6

T[4]M[7]:
3 8 4 7 5 6|0 b 1 a 2 9
2 9 1 a 0 b|5 6 4 7 3 8

RT[4]M[7]:
9 2 a 1 b 0|6 5 7 4 8 3
8 3 7 4 6 5|b 0 a 1 9 2

T[5]:
a 9 5 2 0 7|1 6 8 b 3 4
3 4 8 b 1 6|0 7 5 2 a 9

RT[5]:
4 3 b 8 6 1|7 0 2 5 9 a
9 a 2 5 7 0|6 1 b 8 4 3

T[5]I:
0 1 5 8 a 3|9 4 2 b 7 6
7 6 2 b 9 4|a 3 5 8 0 1

RT[5]I:
6 7 b 2 4 9|3 a 8 5 1 0
1 0 8 5 3 a|4 9 b 2 6 7

T[5]M[5]:
6 1 5 2 4 3|9 a 8 b 7 0
7 0 8 b 9 a|4 3 5 2 6 1

RT[5]M[5]:
0 7 b 8 a 9|3 4 2 5 1 6
1 6 2 5 3 4|a 9 b 8 0 7

T[5]M[7]:
4 9 5 8 6 7|1 0 2 b 3 a
3 a 2 b 1 0|6 7 5 8 4 9

RT[5]M[7]:
a 3 b 2 0 1|7 6 8 5 9 4
9 4 8 5 7 6|0 1 b 2 a 3

T[6]:
b a 6 3 1 8|2 7 9 0 4 5
4 5 9 0 2 7|1 8 6 3 b a

RT[6]:
5 4 0 9 7 2|8 1 3 6 a b
a b 3 6 8 1|7 2 0 9 5 4

T[6]I:
1 2 6 9 b 4|a 5 3 0 8 7
8 7 3 0 a 5|b 4 6 9 1 2

RT[6]I:
7 8 0 3 5 a|4 b 9 6 2 1
2 1 9 6 4 b|5 a 0 3 7 8

T[6]M[5]:
7 2 6 3 5 4|a b 9 0 8 1
8 1 9 0 a b|5 4 6 3 7 2

RT[6]M[5]:
1 8 0 9 b a|4 5 3 6 2 7
2 7 3 6 4 5|b a 0 9 1 8

T[6]M[7]:
5 a 6 9 7 8|2 1 3 0 4 b
4 b 3 0 2 1|7 8 6 9 5 a

RT[6]M[7]:
b 4 0 3 1 2|8 7 9 6 a 5
a 5 9 6 8 7|1 2 0 3 b 4

T[7]:
0 b 7 4 2 9|3 8 a 1 5 6
5 6 a 1 3 8|2 9 7 4 0 b

RT[7]:
6 5 1 a 8 3|9 2 4 7 b 0
b 0 4 7 9 2|8 3 1 a 6 5

T[7]I:
2 3 7 a 0 5|b 6 4 1 9 8
9 8 4 1 b 6|0 5 7 a 2 3

RT[7]I:
8 9 1 4 6 b|5 0 a 7 3 2
3 2 a 7 5 0|6 b 1 4 8 9

T[7]M[5]:
8 3 7 4 6 5|b 0 a 1 9 2
9 2 a 1 b 0|6 5 7 4 8 3

RT[7]M[5]:
2 9 1 a 0 b|5 6 4 7 3 8
3 8 4 7 5 6|0 b 1 a 2 9

T[7]M[7]:
6 b 7 a 8 9|3 2 4 1 5 0
5 0 4 1 3 2|8 9 7 a 6 b

RT[7]M[7]:
0 5 1 4 2 3|9 8 a 7 b 6
b 6 a 7 9 8|2 3 1 4 0 5

T[8]:
1 0 8 5 3 a|4 9 b 2 6 7
6 7 b 2 4 9|3 a 8 5 1 0

RT[8]:
7 6 2 b 9 4|a 3 5 8 0 1
0 1 5 8 a 3|9 4 2 b 7 6

T[8]I:
3 4 8 b 1 6|0 7 5 2 a 9
a 9 5 2 0 7|1 6 8 b 3 4

RT[8]I:
9 a 2 5 7 0|6 1 b 8 4 3
4 3 b 8 6 1|7 0 2 5 9 a

T[8]M[5]:
9 4 8 5 7 6|0 1 b 2 a 3
a 3 b 2 0 1|7 6 8 5 9 4

RT[8]M[5]:
3 a 2 b 1 0|6 7 5 8 4 9
4 9 5 8 6 7|1 0 2 b 3 a

T[8]M[7]:
7 0 8 b 9 a|4 3 5 2 6 1
6 1 5 2 4 3|9 a 8 b 7 0

RT[8]M[7]:
1 6 2 5 3 4|a 9 b 8 0 7
0 7 b 8 a 9|3 4 2 5 1 6

T[9]:
2 1 9 6 4 b|5 a 0 3 7 8
7 8 0 3 5 a|4 b 9 6 2 1

RT[9]:
8 7 3 0 a 5|b 4 6 9 1 2
1 2 6 9 b 4|a 5 3 0 8 7

T[9]I:
4 5 9 0 2 7|1 8 6 3 b a
b a 6 3 1 8|2 7 9 0 4 5

RT[9]I:
a b 3 6 8 1|7 2 0 9 5 4
5 4 0 9 7 2|8 1 3 6 a b

T[9]M[5]:
a 5 9 6 8 7|1 2 0 3 b 4
b 4 0 3 1 2|8 7 9 6 a 5

RT[9]M[5]:
4 b 3 0 2 1|7 8 6 9 5 a
5 a 6 9 7 8|2 1 3 0 4 b

T[9]M[7]:
8 1 9 0 a b|5 4 6 3 7 2
7 2 6 3 5 4|a b 9 0 8 1

RT[9]M[7]:
2 7 3 6 4 5|b a 0 9 1 8
1 8 0 9 b a|4 5 3 6 2 7

T[10]:
3 2 a 7 5 0|6 b 1 4 8 9
8 9 1 4 6 b|5 0 a 7 3 2

RT[10]:
9 8 4 1 b 6|0 5 7 a 2 3
2 3 7 a 0 5|b 6 4 1 9 8

T[10]I:
5 6 a 1 3 8|2 9 7 4 0 b
0 b 7 4 2 9|3 8 a 1 5 6

RT[10]I:
b 0 4 7 9 2|8 3 1 a 6 5
6 5 1 a 8 3|9 2 4 7 b 0

T[10]M[5]:
b 6 a 7 9 8|2 3 1 4 0 5
0 5 1 4 2 3|9 8 a 7 b 6

RT[10]M[5]:
5 0 4 1 3 2|8 9 7 a 6 b
6 b 7 a 8 9|3 2 4 1 5 0

T[10]M[7]:
9 2 a 1 b 0|6 5 7 4 8 3
8 3 7 4 6 5|b 0 a 1 9 2

RT[10]M[7]:
3 8 4 7 5 6|0 b 1 a 2 9
2 9 1 a 0 b|5 6 4 7 3 8

T[11]:
4 3 b 8 6 1|7 0 2 5 9 a
9 a 2 5 7 0|6 1 b 8 4 3

RT[11]:
a 9 5 2 0 7|1 6 8 b 3 4
3 4 8 b 1 6|0 7 5 2 a 9

T[11]I:
6 7 b 2 4 9|3 a 8 5 1 0
1 0 8 5 3 a|4 9 b 2 6 7

RT[11]I:
0 1 5 8 a 3|9 4 2 b 7 6
7 6 2 b 9 4|a 3 5 8 0 1

T[11]M[5]:
0 7 b 8 a 9|3 4 2 5 1 6
1 6 2 5 3 4|a 9 b 8 0 7

RT[11]M[5]:
6 1 5 2 4 3|9 a 8 b 7 0
7 0 8 b 9 a|4 3 5 2 6 1

T[11]M[7]:
a 3 b 2 0 1|7 6 8 5 9 4
9 4 8 5 7 6|0 1 b 2 a 3

RT[11]M[7]:
4 9 5 8 6 7|1 0 2 b 3 a
3 a 2 b 1 0|6 7 5 8 4 9

]]></system-out>
  </testcase>
  <testcase name="testCompositionMatrixNewSimplePitchSequence" classname="org.paulmarquardt.setTheory.TestCompositionMatrix" time="0.0">
    <system-out><![CDATA[<0 1 2 3 4 5>|<6 7 8 9 10 11>

]]></system-out>
  </testcase>
  <testcase name="testCompositionMatrixTransformations" classname="org.paulmarquardt.setTheory.TestCompositionMatrix" time="0.001">
    <system-out><![CDATA[5 4 0 9 7 2|8 1 3 6 a b
a b 3 6 8 1|7 2 0 9 5 4

Printing CompositionMatrix transformations...
CompositionMatrix transposition 0:
5 4 0 9 7 2|8 1 3 6 a b
a b 3 6 8 1|7 2 0 9 5 4

CompositionMatrix transposition 1:
6 5 1 a 8 3|9 2 4 7 b 0
b 0 4 7 9 2|8 3 1 a 6 5

CompositionMatrix transposition 2:
7 6 2 b 9 4|a 3 5 8 0 1
0 1 5 8 a 3|9 4 2 b 7 6

CompositionMatrix transposition 3:
8 7 3 0 a 5|b 4 6 9 1 2
1 2 6 9 b 4|a 5 3 0 8 7

CompositionMatrix transposition 4:
9 8 4 1 b 6|0 5 7 a 2 3
2 3 7 a 0 5|b 6 4 1 9 8

CompositionMatrix transposition 5:
a 9 5 2 0 7|1 6 8 b 3 4
3 4 8 b 1 6|0 7 5 2 a 9

CompositionMatrix transposition 6:
b a 6 3 1 8|2 7 9 0 4 5
4 5 9 0 2 7|1 8 6 3 b a

CompositionMatrix transposition 7:
0 b 7 4 2 9|3 8 a 1 5 6
5 6 a 1 3 8|2 9 7 4 0 b

CompositionMatrix transposition 8:
1 0 8 5 3 a|4 9 b 2 6 7
6 7 b 2 4 9|3 a 8 5 1 0

CompositionMatrix transposition 9:
2 1 9 6 4 b|5 a 0 3 7 8
7 8 0 3 5 a|4 b 9 6 2 1

CompositionMatrix transposition 10:
3 2 a 7 5 0|6 b 1 4 8 9
8 9 1 4 6 b|5 0 a 7 3 2

CompositionMatrix transposition 11:
4 3 b 8 6 1|7 0 2 5 9 a
9 a 2 5 7 0|6 1 b 8 4 3

===========================
5 4 0 9 7 2|8 1 3 6 a b
a b 3 6 8 1|7 2 0 9 5 4

CompositionMatrix retrograde transposition 0:
b a 6 3 1 8|2 7 9 0 4 5
4 5 9 0 2 7|1 8 6 3 b a

CompositionMatrix retrograde transposition 1:
0 b 7 4 2 9|3 8 a 1 5 6
5 6 a 1 3 8|2 9 7 4 0 b

CompositionMatrix retrograde transposition 2:
1 0 8 5 3 a|4 9 b 2 6 7
6 7 b 2 4 9|3 a 8 5 1 0

CompositionMatrix retrograde transposition 3:
2 1 9 6 4 b|5 a 0 3 7 8
7 8 0 3 5 a|4 b 9 6 2 1

CompositionMatrix retrograde transposition 4:
3 2 a 7 5 0|6 b 1 4 8 9
8 9 1 4 6 b|5 0 a 7 3 2

CompositionMatrix retrograde transposition 5:
4 3 b 8 6 1|7 0 2 5 9 a
9 a 2 5 7 0|6 1 b 8 4 3

CompositionMatrix retrograde transposition 6:
5 4 0 9 7 2|8 1 3 6 a b
a b 3 6 8 1|7 2 0 9 5 4

CompositionMatrix retrograde transposition 7:
6 5 1 a 8 3|9 2 4 7 b 0
b 0 4 7 9 2|8 3 1 a 6 5

CompositionMatrix retrograde transposition 8:
7 6 2 b 9 4|a 3 5 8 0 1
0 1 5 8 a 3|9 4 2 b 7 6

CompositionMatrix retrograde transposition 9:
8 7 3 0 a 5|b 4 6 9 1 2
1 2 6 9 b 4|a 5 3 0 8 7

CompositionMatrix retrograde transposition 10:
9 8 4 1 b 6|0 5 7 a 2 3
2 3 7 a 0 5|b 6 4 1 9 8

CompositionMatrix retrograde transposition 11:
a 9 5 2 0 7|1 6 8 b 3 4
3 4 8 b 1 6|0 7 5 2 a 9

]]></system-out>
  </testcase>
  <testcase name="testCompositionMatrixNewSimplePitchClassSequence" classname="org.paulmarquardt.setTheory.TestCompositionMatrix" time="0.0">
    <system-out><![CDATA[0 1 2 3 4 5|6 7 8 9 a b

]]></system-out>
  </testcase>
  <testcase name="testCompositionMatrixIsCanonical" classname="org.paulmarquardt.setTheory.TestCompositionMatrix" time="0.0">
    <system-out><![CDATA[0 1 2 3 4 5|6 7 8 9 a b
6 7 8 9 a b|0 1 2 3 4 5

Testing known canonical CM...
6 1 2 3 4 5|6 7 8 9 a b
0 1 2 3 4 5|0 7 8 9 a b

Testing known non-canonical CM...
]]></system-out>
  </testcase>
  <testcase name="testCompositionMatrix3x3PitchClassSequence" classname="org.paulmarquardt.setTheory.TestCompositionMatrix" time="0.178">
    <system-out><![CDATA[0 1 2    |3 4 5 6  |7 8 9 a b
3 4 5 6  |7 8 9 a b|0 1 2    
7 8 9 a b|0 1 2    |3 4 5 6  

0 1 2    |3 4 5 6  |7 8 9 a b
3 4 5 6  |7 8 9 a b|0 1 2    
7 8 9 a b|0 1 2    |3 4 5 6  

Printing CompositionMatrix transformations toJsopnString()...
CompositionMatrix transposition 0 toJsonString():
{"descriptor":"","name":"","segments":[{"name":null,"columnIndex":0,"rowIndex":0,"descriptor":"P","pitchSequence":{"@type":"pitch_class_sequence","name":null,"members":[0,1,2],"transformation":{"transposition":0,"inversion":false,"retrograde":false,"multiplication":1},"descriptor":"P"}},{"name":null,"columnIndex":1,"rowIndex":0,"descriptor":"P","pitchSequence":{"@type":"pitch_class_sequence","name":null,"members":[3,4,5,6],"transformation":{"transposition":0,"inversion":false,"retrograde":false,"multiplication":1},"descriptor":"P"}},{"name":null,"columnIndex":2,"rowIndex":0,"descriptor":"P","pitchSequence":{"@type":"pitch_class_sequence","name":null,"members":[7,8,9,10,11],"transformation":{"transposition":0,"inversion":false,"retrograde":false,"multiplication":1},"descriptor":"P"}},{"name":null,"columnIndex":0,"rowIndex":1,"descriptor":"P","pitchSequence":{"@type":"pitch_class_sequence","name":null,"members":[3,4,5,6],"transformation":{"transposition":0,"inversion":false,"retrograde":false,"multiplication":1},"descriptor":"P"}},{"name":null,"columnIndex":1,"rowIndex":1,"descriptor":"P","pitchSequence":{"@type":"pitch_class_sequence","name":null,"members":[7,8,9,10,11],"transformation":{"transposition":0,"inversion":false,"retrograde":false,"multiplication":1},"descriptor":"P"}},{"name":null,"columnIndex":2,"rowIndex":1,"descriptor":"P","pitchSequence":{"@type":"pitch_class_sequence","name":null,"members":[0,1,2],"transformation":{"transposition":0,"inversion":false,"retrograde":false,"multiplication":1},"descriptor":"P"}},{"name":null,"columnIndex":0,"rowIndex":2,"descriptor":"P","pitchSequence":{"@type":"pitch_class_sequence","name":null,"members":[7,8,9,10,11],"transformation":{"transposition":0,"inversion":false,"retrograde":false,"multiplication":1},"descriptor":"P"}},{"name":null,"columnIndex":1,"rowIndex":2,"descriptor":"P","pitchSequence":{"@type":"pitch_class_sequence","name":null,"members":[0,1,2],"transformation":{"transposition":0,"inversion":false,"retrograde":false,"multiplication":1},"descriptor":"P"}},{"name":null,"columnIndex":2,"rowIndex":2,"descriptor":"P","pitchSequence":{"@type":"pitch_class_sequence","name":null,"members":[3,4,5,6],"transformation":{"transposition":0,"inversion":false,"retrograde":false,"multiplication":1},"descriptor":"P"}}]}
CompositionMatrix transposition 1 toJsonString():
{"descriptor":"","name":"","segments":[{"name":null,"columnIndex":0,"rowIndex":0,"descriptor":"P","pitchSequence":{"@type":"pitch_class_sequence","name":null,"members":[1,2,3],"transformation":{"transposition":0,"inversion":false,"retrograde":false,"multiplication":1},"descriptor":"P"}},{"name":null,"columnIndex":1,"rowIndex":0,"descriptor":"P","pitchSequence":{"@type":"pitch_class_sequence","name":null,"members":[4,5,6,7],"transformation":{"transposition":0,"inversion":false,"retrograde":false,"multiplication":1},"descriptor":"P"}},{"name":null,"columnIndex":2,"rowIndex":0,"descriptor":"P","pitchSequence":{"@type":"pitch_class_sequence","name":null,"members":[8,9,10,11,0],"transformation":{"transposition":0,"inversion":false,"retrograde":false,"multiplication":1},"descriptor":"P"}},{"name":null,"columnIndex":0,"rowIndex":1,"descriptor":"P","pitchSequence":{"@type":"pitch_class_sequence","name":null,"members":[4,5,6,7],"transformation":{"transposition":0,"inversion":false,"retrograde":false,"multiplication":1},"descriptor":"P"}},{"name":null,"columnIndex":1,"rowIndex":1,"descriptor":"P","pitchSequence":{"@type":"pitch_class_sequence","name":null,"members":[8,9,10,11,0],"transformation":{"transposition":0,"inversion":false,"retrograde":false,"multiplication":1},"descriptor":"P"}},{"name":null,"columnIndex":2,"rowIndex":1,"descriptor":"P","pitchSequence":{"@type":"pitch_class_sequence","name":null,"members":[1,2,3],"transformation":{"transposition":0,"inversion":false,"retrograde":false,"multiplication":1},"descriptor":"P"}},{"name":null,"columnIndex":0,"rowIndex":2,"descriptor":"P","pitchSequence":{"@type":"pitch_class_sequence","name":null,"members":[8,9,10,11,0],"transformation":{"transposition":0,"inversion":false,"retrograde":false,"multiplication":1},"descriptor":"P"}},{"name":null,"columnIndex":1,"rowIndex":2,"descriptor":"P","pitchSequence":{"@type":"pitch_class_sequence","name":null,"members":[1,2,3],"transformation":{"transposition":0,"inversion":false,"retrograde":false,"multiplication":1},"descriptor":"P"}},{"name":null,"columnIndex":2,"rowIndex":2,"descriptor":"P","pitchSequence":{"@type":"pitch_class_sequence","name":null,"members":[4,5,6,7],"transformation":{"transposition":0,"inversion":false,"retrograde":false,"multiplication":1},"descriptor":"P"}}]}
CompositionMatrix transposition 2 toJsonString():
{"descriptor":"","name":"","segments":[{"name":null,"columnIndex":0,"rowIndex":0,"descriptor":"P","pitchSequence":{"@type":"pitch_class_sequence","name":null,"members":[2,3,4],"transformation":{"transposition":0,"inversion":false,"retrograde":false,"multiplication":1},"descriptor":"P"}},{"name":null,"columnIndex":1,"rowIndex":0,"descriptor":"P","pitchSequence":{"@type":"pitch_class_sequence","name":null,"members":[5,6,7,8],"transformation":{"transposition":0,"inversion":false,"retrograde":false,"multiplication":1},"descriptor":"P"}},{"name":null,"columnIndex":2,"rowIndex":0,"descriptor":"P","pitchSequence":{"@type":"pitch_class_sequence","name":null,"members":[9,10,11,0,1],"transformation":{"transposition":0,"inversion":false,"retrograde":false,"multiplication":1},"descriptor":"P"}},{"name":null,"columnIndex":0,"rowIndex":1,"descriptor":"P","pitchSequence":{"@type":"pitch_class_sequence","name":null,"members":[5,6,7,8],"transformation":{"transposition":0,"inversion":false,"retrograde":false,"multiplication":1},"descriptor":"P"}},{"name":null,"columnIndex":1,"rowIndex":1,"descriptor":"P","pitchSequence":{"@type":"pitch_class_sequence","name":null,"members":[9,10,11,0,1],"transformation":{"transposition":0,"inversion":false,"retrograde":false,"multiplication":1},"descriptor":"P"}},{"name":null,"columnIndex":2,"rowIndex":1,"descriptor":"P","pitchSequence":{"@type":"pitch_class_sequence","name":null,"members":[2,3,4],"transformation":{"transposition":0,"inversion":false,"retrograde":false,"multiplication":1},"descriptor":"P"}},{"name":null,"columnIndex":0,"rowIndex":2,"descriptor":"P","pitchSequence":{"@type":"pitch_class_sequence","name":null,"members":[9,10,11,0,1],"transformation":{"transposition":0,"inversion":false,"retrograde":false,"multiplication":1},"descriptor":"P"}},{"name":null,"columnIndex":1,"rowIndex":2,"descriptor":"P","pitchSequence":{"@type":"pitch_class_sequence","name":null,"members":[2,3,4],"transformation":{"transposition":0,"inversion":false,"retrograde":false,"multiplication":1},"descriptor":"P"}},{"name":null,"columnIndex":2,"rowIndex":2,"descriptor":"P","pitchSequence":{"@type":"pitch_class_sequence","name":null,"members":[5,6,7,8],"transformation":{"transposition":0,"inversion":false,"retrograde":false,"multiplication":1},"descriptor":"P"}}]}
CompositionMatrix transposition 3 toJsonString():
{"descriptor":"","name":"","segments":[{"name":null,"columnIndex":0,"rowIndex":0,"descriptor":"P","pitchSequence":{"@type":"pitch_class_sequence","name":null,"members":[3,4,5],"transformation":{"transposition":0,"inversion":false,"retrograde":false,"multiplication":1},"descriptor":"P"}},{"name":null,"columnIndex":1,"rowIndex":0,"descriptor":"P","pitchSequence":{"@type":"pitch_class_sequence","name":null,"members":[6,7,8,9],"transformation":{"transposition":0,"inversion":false,"retrograde":false,"multiplication":1},"descriptor":"P"}},{"name":null,"columnIndex":2,"rowIndex":0,"descriptor":"P","pitchSequence":{"@type":"pitch_class_sequence","name":null,"members":[10,11,0,1,2],"transformation":{"transposition":0,"inversion":false,"retrograde":false,"multiplication":1},"descriptor":"P"}},{"name":null,"columnIndex":0,"rowIndex":1,"descriptor":"P","pitchSequence":{"@type":"pitch_class_sequence","name":null,"members":[6,7,8,9],"transformation":{"transposition":0,"inversion":false,"retrograde":false,"multiplication":1},"descriptor":"P"}},{"name":null,"columnIndex":1,"rowIndex":1,"descriptor":"P","pitchSequence":{"@type":"pitch_class_sequence","name":null,"members":[10,11,0,1,2],"transformation":{"transposition":0,"inversion":false,"retrograde":false,"multiplication":1},"descriptor":"P"}},{"name":null,"columnIndex":2,"rowIndex":1,"descriptor":"P","pitchSequence":{"@type":"pitch_class_sequence","name":null,"members":[3,4,5],"transformation":{"transposition":0,"inversion":false,"retrograde":false,"multiplication":1},"descriptor":"P"}},{"name":null,"columnIndex":0,"rowIndex":2,"descriptor":"P","pitchSequence":{"@type":"pitch_class_sequence","name":null,"members":[10,11,0,1,2],"transformation":{"transposition":0,"inversion":false,"retrograde":false,"multiplication":1},"descriptor":"P"}},{"name":null,"columnIndex":1,"rowIndex":2,"descriptor":"P","pitchSequence":{"@type":"pitch_class_sequence","name":null,"members":[3,4,5],"transformation":{"transposition":0,"inversion":false,"retrograde":false,"multiplication":1},"descriptor":"P"}},{"name":null,"columnIndex":2,"rowIndex":2,"descriptor":"P","pitchSequence":{"@type":"pitch_class_sequence","name":null,"members":[6,7,8,9],"transformation":{"transposition":0,"inversion":false,"retrograde":false,"multiplication":1},"descriptor":"P"}}]}
CompositionMatrix transposition 4 toJsonString():
{"descriptor":"","name":"","segments":[{"name":null,"columnIndex":0,"rowIndex":0,"descriptor":"P","pitchSequence":{"@type":"pitch_class_sequence","name":null,"members":[4,5,6],"transformation":{"transposition":0,"inversion":false,"retrograde":false,"multiplication":1},"descriptor":"P"}},{"name":null,"columnIndex":1,"rowIndex":0,"descriptor":"P","pitchSequence":{"@type":"pitch_class_sequence","name":null,"members":[7,8,9,10],"transformation":{"transposition":0,"inversion":false,"retrograde":false,"multiplication":1},"descriptor":"P"}},{"name":null,"columnIndex":2,"rowIndex":0,"descriptor":"P","pitchSequence":{"@type":"pitch_class_sequence","name":null,"members":[11,0,1,2,3],"transformation":{"transposition":0,"inversion":false,"retrograde":false,"multiplication":1},"descriptor":"P"}},{"name":null,"columnIndex":0,"rowIndex":1,"descriptor":"P","pitchSequence":{"@type":"pitch_class_sequence","name":null,"members":[7,8,9,10],"transformation":{"transposition":0,"inversion":false,"retrograde":false,"multiplication":1},"descriptor":"P"}},{"name":null,"columnIndex":1,"rowIndex":1,"descriptor":"P","pitchSequence":{"@type":"pitch_class_sequence","name":null,"members":[11,0,1,2,3],"transformation":{"transposition":0,"inversion":false,"retrograde":false,"multiplication":1},"descriptor":"P"}},{"name":null,"columnIndex":2,"rowIndex":1,"descriptor":"P","pitchSequence":{"@type":"pitch_class_sequence","name":null,"members":[4,5,6],"transformation":{"transposition":0,"inversion":false,"retrograde":false,"multiplication":1},"descriptor":"P"}},{"name":null,"columnIndex":0,"rowIndex":2,"descriptor":"P","pitchSequence":{"@type":"pitch_class_sequence","name":null,"members":[11,0,1,2,3],"transformation":{"transposition":0,"inversion":false,"retrograde":false,"multiplication":1},"descriptor":"P"}},{"name":null,"columnIndex":1,"rowIndex":2,"descriptor":"P","pitchSequence":{"@type":"pitch_class_sequence","name":null,"members":[4,5,6],"transformation":{"transposition":0,"inversion":false,"retrograde":false,"multiplication":1},"descriptor":"P"}},{"name":null,"columnIndex":2,"rowIndex":2,"descriptor":"P","pitchSequence":{"@type":"pitch_class_sequence","name":null,"members":[7,8,9,10],"transformation":{"transposition":0,"inversion":false,"retrograde":false,"multiplication":1},"descriptor":"P"}}]}
CompositionMatrix transposition 5 toJsonString():
{"descriptor":"","name":"","segments":[{"name":null,"columnIndex":0,"rowIndex":0,"descriptor":"P","pitchSequence":{"@type":"pitch_class_sequence","name":null,"members":[5,6,7],"transformation":{"transposition":0,"inversion":false,"retrograde":false,"multiplication":1},"descriptor":"P"}},{"name":null,"columnIndex":1,"rowIndex":0,"descriptor":"P","pitchSequence":{"@type":"pitch_class_sequence","name":null,"members":[8,9,10,11],"transformation":{"transposition":0,"inversion":false,"retrograde":false,"multiplication":1},"descriptor":"P"}},{"name":null,"columnIndex":2,"rowIndex":0,"descriptor":"P","pitchSequence":{"@type":"pitch_class_sequence","name":null,"members":[0,1,2,3,4],"transformation":{"transposition":0,"inversion":false,"retrograde":false,"multiplication":1},"descriptor":"P"}},{"name":null,"columnIndex":0,"rowIndex":1,"descriptor":"P","pitchSequence":{"@type":"pitch_class_sequence","name":null,"members":[8,9,10,11],"transformation":{"transposition":0,"inversion":false,"retrograde":false,"multiplication":1},"descriptor":"P"}},{"name":null,"columnIndex":1,"rowIndex":1,"descriptor":"P","pitchSequence":{"@type":"pitch_class_sequence","name":null,"members":[0,1,2,3,4],"transformation":{"transposition":0,"inversion":false,"retrograde":false,"multiplication":1},"descriptor":"P"}},{"name":null,"columnIndex":2,"rowIndex":1,"descriptor":"P","pitchSequence":{"@type":"pitch_class_sequence","name":null,"members":[5,6,7],"transformation":{"transposition":0,"inversion":false,"retrograde":false,"multiplication":1},"descriptor":"P"}},{"name":null,"columnIndex":0,"rowIndex":2,"descriptor":"P","pitchSequence":{"@type":"pitch_class_sequence","name":null,"members":[0,1,2,3,4],"transformation":{"transposition":0,"inversion":false,"retrograde":false,"multiplication":1},"descriptor":"P"}},{"name":null,"columnIndex":1,"rowIndex":2,"descriptor":"P","pitchSequence":{"@type":"pitch_class_sequence","name":null,"members":[5,6,7],"transformation":{"transposition":0,"inversion":false,"retrograde":false,"multiplication":1},"descriptor":"P"}},{"name":null,"columnIndex":2,"rowIndex":2,"descriptor":"P","pitchSequence":{"@type":"pitch_class_sequence","name":null,"members":[8,9,10,11],"transformation":{"transposition":0,"inversion":false,"retrograde":false,"multiplication":1},"descriptor":"P"}}]}
CompositionMatrix transposition 6 toJsonString():
{"descriptor":"","name":"","segments":[{"name":null,"columnIndex":0,"rowIndex":0,"descriptor":"P","pitchSequence":{"@type":"pitch_class_sequence","name":null,"members":[6,7,8],"transformation":{"transposition":0,"inversion":false,"retrograde":false,"multiplication":1},"descriptor":"P"}},{"name":null,"columnIndex":1,"rowIndex":0,"descriptor":"P","pitchSequence":{"@type":"pitch_class_sequence","name":null,"members":[9,10,11,0],"transformation":{"transposition":0,"inversion":false,"retrograde":false,"multiplication":1},"descriptor":"P"}},{"name":null,"columnIndex":2,"rowIndex":0,"descriptor":"P","pitchSequence":{"@type":"pitch_class_sequence","name":null,"members":[1,2,3,4,5],"transformation":{"transposition":0,"inversion":false,"retrograde":false,"multiplication":1},"descriptor":"P"}},{"name":null,"columnIndex":0,"rowIndex":1,"descriptor":"P","pitchSequence":{"@type":"pitch_class_sequence","name":null,"members":[9,10,11,0],"transformation":{"transposition":0,"inversion":false,"retrograde":false,"multiplication":1},"descriptor":"P"}},{"name":null,"columnIndex":1,"rowIndex":1,"descriptor":"P","pitchSequence":{"@type":"pitch_class_sequence","name":null,"members":[1,2,3,4,5],"transformation":{"transposition":0,"inversion":false,"retrograde":false,"multiplication":1},"descriptor":"P"}},{"name":null,"columnIndex":2,"rowIndex":1,"descriptor":"P","pitchSequence":{"@type":"pitch_class_sequence","name":null,"members":[6,7,8],"transformation":{"transposition":0,"inversion":false,"retrograde":false,"multiplication":1},"descriptor":"P"}},{"name":null,"columnIndex":0,"rowIndex":2,"descriptor":"P","pitchSequence":{"@type":"pitch_class_sequence","name":null,"members":[1,2,3,4,5],"transformation":{"transposition":0,"inversion":false,"retrograde":false,"multiplication":1},"descriptor":"P"}},{"name":null,"columnIndex":1,"rowIndex":2,"descriptor":"P","pitchSequence":{"@type":"pitch_class_sequence","name":null,"members":[6,7,8],"transformation":{"transposition":0,"inversion":false,"retrograde":false,"multiplication":1},"descriptor":"P"}},{"name":null,"columnIndex":2,"rowIndex":2,"descriptor":"P","pitchSequence":{"@type":"pitch_class_sequence","name":null,"members":[9,10,11,0],"transformation":{"transposition":0,"inversion":false,"retrograde":false,"multiplication":1},"descriptor":"P"}}]}
CompositionMatrix transposition 7 toJsonString():
{"descriptor":"","name":"","segments":[{"name":null,"columnIndex":0,"rowIndex":0,"descriptor":"P","pitchSequence":{"@type":"pitch_class_sequence","name":null,"members":[7,8,9],"transformation":{"transposition":0,"inversion":false,"retrograde":false,"multiplication":1},"descriptor":"P"}},{"name":null,"columnIndex":1,"rowIndex":0,"descriptor":"P","pitchSequence":{"@type":"pitch_class_sequence","name":null,"members":[10,11,0,1],"transformation":{"transposition":0,"inversion":false,"retrograde":false,"multiplication":1},"descriptor":"P"}},{"name":null,"columnIndex":2,"rowIndex":0,"descriptor":"P","pitchSequence":{"@type":"pitch_class_sequence","name":null,"members":[2,3,4,5,6],"transformation":{"transposition":0,"inversion":false,"retrograde":false,"multiplication":1},"descriptor":"P"}},{"name":null,"columnIndex":0,"rowIndex":1,"descriptor":"P","pitchSequence":{"@type":"pitch_class_sequence","name":null,"members":[10,11,0,1],"transformation":{"transposition":0,"inversion":false,"retrograde":false,"multiplication":1},"descriptor":"P"}},{"name":null,"columnIndex":1,"rowIndex":1,"descriptor":"P","pitchSequence":{"@type":"pitch_class_sequence","name":null,"members":[2,3,4,5,6],"transformation":{"transposition":0,"inversion":false,"retrograde":false,"multiplication":1},"descriptor":"P"}},{"name":null,"columnIndex":2,"rowIndex":1,"descriptor":"P","pitchSequence":{"@type":"pitch_class_sequence","name":null,"members":[7,8,9],"transformation":{"transposition":0,"inversion":false,"retrograde":false,"multiplication":1},"descriptor":"P"}},{"name":null,"columnIndex":0,"rowIndex":2,"descriptor":"P","pitchSequence":{"@type":"pitch_class_sequence","name":null,"members":[2,3,4,5,6],"transformation":{"transposition":0,"inversion":false,"retrograde":false,"multiplication":1},"descriptor":"P"}},{"name":null,"columnIndex":1,"rowIndex":2,"descriptor":"P","pitchSequence":{"@type":"pitch_class_sequence","name":null,"members":[7,8,9],"transformation":{"transposition":0,"inversion":false,"retrograde":false,"multiplication":1},"descriptor":"P"}},{"name":null,"columnIndex":2,"rowIndex":2,"descriptor":"P","pitchSequence":{"@type":"pitch_class_sequence","name":null,"members":[10,11,0,1],"transformation":{"transposition":0,"inversion":false,"retrograde":false,"multiplication":1},"descriptor":"P"}}]}
CompositionMatrix transposition 8 toJsonString():
{"descriptor":"","name":"","segments":[{"name":null,"columnIndex":0,"rowIndex":0,"descriptor":"P","pitchSequence":{"@type":"pitch_class_sequence","name":null,"members":[8,9,10],"transformation":{"transposition":0,"inversion":false,"retrograde":false,"multiplication":1},"descriptor":"P"}},{"name":null,"columnIndex":1,"rowIndex":0,"descriptor":"P","pitchSequence":{"@type":"pitch_class_sequence","name":null,"members":[11,0,1,2],"transformation":{"transposition":0,"inversion":false,"retrograde":false,"multiplication":1},"descriptor":"P"}},{"name":null,"columnIndex":2,"rowIndex":0,"descriptor":"P","pitchSequence":{"@type":"pitch_class_sequence","name":null,"members":[3,4,5,6,7],"transformation":{"transposition":0,"inversion":false,"retrograde":false,"multiplication":1},"descriptor":"P"}},{"name":null,"columnIndex":0,"rowIndex":1,"descriptor":"P","pitchSequence":{"@type":"pitch_class_sequence","name":null,"members":[11,0,1,2],"transformation":{"transposition":0,"inversion":false,"retrograde":false,"multiplication":1},"descriptor":"P"}},{"name":null,"columnIndex":1,"rowIndex":1,"descriptor":"P","pitchSequence":{"@type":"pitch_class_sequence","name":null,"members":[3,4,5,6,7],"transformation":{"transposition":0,"inversion":false,"retrograde":false,"multiplication":1},"descriptor":"P"}},{"name":null,"columnIndex":2,"rowIndex":1,"descriptor":"P","pitchSequence":{"@type":"pitch_class_sequence","name":null,"members":[8,9,10],"transformation":{"transposition":0,"inversion":false,"retrograde":false,"multiplication":1},"descriptor":"P"}},{"name":null,"columnIndex":0,"rowIndex":2,"descriptor":"P","pitchSequence":{"@type":"pitch_class_sequence","name":null,"members":[3,4,5,6,7],"transformation":{"transposition":0,"inversion":false,"retrograde":false,"multiplication":1},"descriptor":"P"}},{"name":null,"columnIndex":1,"rowIndex":2,"descriptor":"P","pitchSequence":{"@type":"pitch_class_sequence","name":null,"members":[8,9,10],"transformation":{"transposition":0,"inversion":false,"retrograde":false,"multiplication":1},"descriptor":"P"}},{"name":null,"columnIndex":2,"rowIndex":2,"descriptor":"P","pitchSequence":{"@type":"pitch_class_sequence","name":null,"members":[11,0,1,2],"transformation":{"transposition":0,"inversion":false,"retrograde":false,"multiplication":1},"descriptor":"P"}}]}
CompositionMatrix transposition 9 toJsonString():
{"descriptor":"","name":"","segments":[{"name":null,"columnIndex":0,"rowIndex":0,"descriptor":"P","pitchSequence":{"@type":"pitch_class_sequence","name":null,"members":[9,10,11],"transformation":{"transposition":0,"inversion":false,"retrograde":false,"multiplication":1},"descriptor":"P"}},{"name":null,"columnIndex":1,"rowIndex":0,"descriptor":"P","pitchSequence":{"@type":"pitch_class_sequence","name":null,"members":[0,1,2,3],"transformation":{"transposition":0,"inversion":false,"retrograde":false,"multiplication":1},"descriptor":"P"}},{"name":null,"columnIndex":2,"rowIndex":0,"descriptor":"P","pitchSequence":{"@type":"pitch_class_sequence","name":null,"members":[4,5,6,7,8],"transformation":{"transposition":0,"inversion":false,"retrograde":false,"multiplication":1},"descriptor":"P"}},{"name":null,"columnIndex":0,"rowIndex":1,"descriptor":"P","pitchSequence":{"@type":"pitch_class_sequence","name":null,"members":[0,1,2,3],"transformation":{"transposition":0,"inversion":false,"retrograde":false,"multiplication":1},"descriptor":"P"}},{"name":null,"columnIndex":1,"rowIndex":1,"descriptor":"P","pitchSequence":{"@type":"pitch_class_sequence","name":null,"members":[4,5,6,7,8],"transformation":{"transposition":0,"inversion":false,"retrograde":false,"multiplication":1},"descriptor":"P"}},{"name":null,"columnIndex":2,"rowIndex":1,"descriptor":"P","pitchSequence":{"@type":"pitch_class_sequence","name":null,"members":[9,10,11],"transformation":{"transposition":0,"inversion":false,"retrograde":false,"multiplication":1},"descriptor":"P"}},{"name":null,"columnIndex":0,"rowIndex":2,"descriptor":"P","pitchSequence":{"@type":"pitch_class_sequence","name":null,"members":[4,5,6,7,8],"transformation":{"transposition":0,"inversion":false,"retrograde":false,"multiplication":1},"descriptor":"P"}},{"name":null,"columnIndex":1,"rowIndex":2,"descriptor":"P","pitchSequence":{"@type":"pitch_class_sequence","name":null,"members":[9,10,11],"transformation":{"transposition":0,"inversion":false,"retrograde":false,"multiplication":1},"descriptor":"P"}},{"name":null,"columnIndex":2,"rowIndex":2,"descriptor":"P","pitchSequence":{"@type":"pitch_class_sequence","name":null,"members":[0,1,2,3],"transformation":{"transposition":0,"inversion":false,"retrograde":false,"multiplication":1},"descriptor":"P"}}]}
CompositionMatrix transposition 10 toJsonString():
{"descriptor":"","name":"","segments":[{"name":null,"columnIndex":0,"rowIndex":0,"descriptor":"P","pitchSequence":{"@type":"pitch_class_sequence","name":null,"members":[10,11,0],"transformation":{"transposition":0,"inversion":false,"retrograde":false,"multiplication":1},"descriptor":"P"}},{"name":null,"columnIndex":1,"rowIndex":0,"descriptor":"P","pitchSequence":{"@type":"pitch_class_sequence","name":null,"members":[1,2,3,4],"transformation":{"transposition":0,"inversion":false,"retrograde":false,"multiplication":1},"descriptor":"P"}},{"name":null,"columnIndex":2,"rowIndex":0,"descriptor":"P","pitchSequence":{"@type":"pitch_class_sequence","name":null,"members":[5,6,7,8,9],"transformation":{"transposition":0,"inversion":false,"retrograde":false,"multiplication":1},"descriptor":"P"}},{"name":null,"columnIndex":0,"rowIndex":1,"descriptor":"P","pitchSequence":{"@type":"pitch_class_sequence","name":null,"members":[1,2,3,4],"transformation":{"transposition":0,"inversion":false,"retrograde":false,"multiplication":1},"descriptor":"P"}},{"name":null,"columnIndex":1,"rowIndex":1,"descriptor":"P","pitchSequence":{"@type":"pitch_class_sequence","name":null,"members":[5,6,7,8,9],"transformation":{"transposition":0,"inversion":false,"retrograde":false,"multiplication":1},"descriptor":"P"}},{"name":null,"columnIndex":2,"rowIndex":1,"descriptor":"P","pitchSequence":{"@type":"pitch_class_sequence","name":null,"members":[10,11,0],"transformation":{"transposition":0,"inversion":false,"retrograde":false,"multiplication":1},"descriptor":"P"}},{"name":null,"columnIndex":0,"rowIndex":2,"descriptor":"P","pitchSequence":{"@type":"pitch_class_sequence","name":null,"members":[5,6,7,8,9],"transformation":{"transposition":0,"inversion":false,"retrograde":false,"multiplication":1},"descriptor":"P"}},{"name":null,"columnIndex":1,"rowIndex":2,"descriptor":"P","pitchSequence":{"@type":"pitch_class_sequence","name":null,"members":[10,11,0],"transformation":{"transposition":0,"inversion":false,"retrograde":false,"multiplication":1},"descriptor":"P"}},{"name":null,"columnIndex":2,"rowIndex":2,"descriptor":"P","pitchSequence":{"@type":"pitch_class_sequence","name":null,"members":[1,2,3,4],"transformation":{"transposition":0,"inversion":false,"retrograde":false,"multiplication":1},"descriptor":"P"}}]}
CompositionMatrix transposition 11 toJsonString():
{"descriptor":"","name":"","segments":[{"name":null,"columnIndex":0,"rowIndex":0,"descriptor":"P","pitchSequence":{"@type":"pitch_class_sequence","name":null,"members":[11,0,1],"transformation":{"transposition":0,"inversion":false,"retrograde":false,"multiplication":1},"descriptor":"P"}},{"name":null,"columnIndex":1,"rowIndex":0,"descriptor":"P","pitchSequence":{"@type":"pitch_class_sequence","name":null,"members":[2,3,4,5],"transformation":{"transposition":0,"inversion":false,"retrograde":false,"multiplication":1},"descriptor":"P"}},{"name":null,"columnIndex":2,"rowIndex":0,"descriptor":"P","pitchSequence":{"@type":"pitch_class_sequence","name":null,"members":[6,7,8,9,10],"transformation":{"transposition":0,"inversion":false,"retrograde":false,"multiplication":1},"descriptor":"P"}},{"name":null,"columnIndex":0,"rowIndex":1,"descriptor":"P","pitchSequence":{"@type":"pitch_class_sequence","name":null,"members":[2,3,4,5],"transformation":{"transposition":0,"inversion":false,"retrograde":false,"multiplication":1},"descriptor":"P"}},{"name":null,"columnIndex":1,"rowIndex":1,"descriptor":"P","pitchSequence":{"@type":"pitch_class_sequence","name":null,"members":[6,7,8,9,10],"transformation":{"transposition":0,"inversion":false,"retrograde":false,"multiplication":1},"descriptor":"P"}},{"name":null,"columnIndex":2,"rowIndex":1,"descriptor":"P","pitchSequence":{"@type":"pitch_class_sequence","name":null,"members":[11,0,1],"transformation":{"transposition":0,"inversion":false,"retrograde":false,"multiplication":1},"descriptor":"P"}},{"name":null,"columnIndex":0,"rowIndex":2,"descriptor":"P","pitchSequence":{"@type":"pitch_class_sequence","name":null,"members":[6,7,8,9,10],"transformation":{"transposition":0,"inversion":false,"retrograde":false,"multiplication":1},"descriptor":"P"}},{"name":null,"columnIndex":1,"rowIndex":2,"descriptor":"P","pitchSequence":{"@type":"pitch_class_sequence","name":null,"members":[11,0,1],"transformation":{"transposition":0,"inversion":false,"retrograde":false,"multiplication":1},"descriptor":"P"}},{"name":null,"columnIndex":2,"rowIndex":2,"descriptor":"P","pitchSequence":{"@type":"pitch_class_sequence","name":null,"members":[2,3,4,5],"transformation":{"transposition":0,"inversion":false,"retrograde":false,"multiplication":1},"descriptor":"P"}}]}
===========================
0 1 2    |3 4 5 6  |7 8 9 a b
3 4 5 6  |7 8 9 a b|0 1 2    
7 8 9 a b|0 1 2    |3 4 5 6  

CompositionMatrix retrograde transposition 0 toJsonString():
{"descriptor":"","name":"","segments":[{"name":null,"columnIndex":2,"rowIndex":0,"descriptor":"P","pitchSequence":{"@type":"pitch_class_sequence","name":null,"members":[2,1,0],"transformation":{"transposition":0,"inversion":false,"retrograde":false,"multiplication":1},"descriptor":"P"}},{"name":null,"columnIndex":1,"rowIndex":0,"descriptor":"P","pitchSequence":{"@type":"pitch_class_sequence","name":null,"members":[6,5,4,3],"transformation":{"transposition":0,"inversion":false,"retrograde":false,"multiplication":1},"descriptor":"P"}},{"name":null,"columnIndex":0,"rowIndex":0,"descriptor":"P","pitchSequence":{"@type":"pitch_class_sequence","name":null,"members":[11,10,9,8,7],"transformation":{"transposition":0,"inversion":false,"retrograde":false,"multiplication":1},"descriptor":"P"}},{"name":null,"columnIndex":2,"rowIndex":1,"descriptor":"P","pitchSequence":{"@type":"pitch_class_sequence","name":null,"members":[6,5,4,3],"transformation":{"transposition":0,"inversion":false,"retrograde":false,"multiplication":1},"descriptor":"P"}},{"name":null,"columnIndex":1,"rowIndex":1,"descriptor":"P","pitchSequence":{"@type":"pitch_class_sequence","name":null,"members":[11,10,9,8,7],"transformation":{"transposition":0,"inversion":false,"retrograde":false,"multiplication":1},"descriptor":"P"}},{"name":null,"columnIndex":0,"rowIndex":1,"descriptor":"P","pitchSequence":{"@type":"pitch_class_sequence","name":null,"members":[2,1,0],"transformation":{"transposition":0,"inversion":false,"retrograde":false,"multiplication":1},"descriptor":"P"}},{"name":null,"columnIndex":2,"rowIndex":2,"descriptor":"P","pitchSequence":{"@type":"pitch_class_sequence","name":null,"members":[11,10,9,8,7],"transformation":{"transposition":0,"inversion":false,"retrograde":false,"multiplication":1},"descriptor":"P"}},{"name":null,"columnIndex":1,"rowIndex":2,"descriptor":"P","pitchSequence":{"@type":"pitch_class_sequence","name":null,"members":[2,1,0],"transformation":{"transposition":0,"inversion":false,"retrograde":false,"multiplication":1},"descriptor":"P"}},{"name":null,"columnIndex":0,"rowIndex":2,"descriptor":"P","pitchSequence":{"@type":"pitch_class_sequence","name":null,"members":[6,5,4,3],"transformation":{"transposition":0,"inversion":false,"retrograde":false,"multiplication":1},"descriptor":"P"}}]}
CompositionMatrix retrograde transposition 1 toJsonString():
{"descriptor":"","name":"","segments":[{"name":null,"columnIndex":2,"rowIndex":0,"descriptor":"P","pitchSequence":{"@type":"pitch_class_sequence","name":null,"members":[3,2,1],"transformation":{"transposition":0,"inversion":false,"retrograde":false,"multiplication":1},"descriptor":"P"}},{"name":null,"columnIndex":1,"rowIndex":0,"descriptor":"P","pitchSequence":{"@type":"pitch_class_sequence","name":null,"members":[7,6,5,4],"transformation":{"transposition":0,"inversion":false,"retrograde":false,"multiplication":1},"descriptor":"P"}},{"name":null,"columnIndex":0,"rowIndex":0,"descriptor":"P","pitchSequence":{"@type":"pitch_class_sequence","name":null,"members":[0,11,10,9,8],"transformation":{"transposition":0,"inversion":false,"retrograde":false,"multiplication":1},"descriptor":"P"}},{"name":null,"columnIndex":2,"rowIndex":1,"descriptor":"P","pitchSequence":{"@type":"pitch_class_sequence","name":null,"members":[7,6,5,4],"transformation":{"transposition":0,"inversion":false,"retrograde":false,"multiplication":1},"descriptor":"P"}},{"name":null,"columnIndex":1,"rowIndex":1,"descriptor":"P","pitchSequence":{"@type":"pitch_class_sequence","name":null,"members":[0,11,10,9,8],"transformation":{"transposition":0,"inversion":false,"retrograde":false,"multiplication":1},"descriptor":"P"}},{"name":null,"columnIndex":0,"rowIndex":1,"descriptor":"P","pitchSequence":{"@type":"pitch_class_sequence","name":null,"members":[3,2,1],"transformation":{"transposition":0,"inversion":false,"retrograde":false,"multiplication":1},"descriptor":"P"}},{"name":null,"columnIndex":2,"rowIndex":2,"descriptor":"P","pitchSequence":{"@type":"pitch_class_sequence","name":null,"members":[0,11,10,9,8],"transformation":{"transposition":0,"inversion":false,"retrograde":false,"multiplication":1},"descriptor":"P"}},{"name":null,"columnIndex":1,"rowIndex":2,"descriptor":"P","pitchSequence":{"@type":"pitch_class_sequence","name":null,"members":[3,2,1],"transformation":{"transposition":0,"inversion":false,"retrograde":false,"multiplication":1},"descriptor":"P"}},{"name":null,"columnIndex":0,"rowIndex":2,"descriptor":"P","pitchSequence":{"@type":"pitch_class_sequence","name":null,"members":[7,6,5,4],"transformation":{"transposition":0,"inversion":false,"retrograde":false,"multiplication":1},"descriptor":"P"}}]}
CompositionMatrix retrograde transposition 2 toJsonString():
{"descriptor":"","name":"","segments":[{"name":null,"columnIndex":2,"rowIndex":0,"descriptor":"P","pitchSequence":{"@type":"pitch_class_sequence","name":null,"members":[4,3,2],"transformation":{"transposition":0,"inversion":false,"retrograde":false,"multiplication":1},"descriptor":"P"}},{"name":null,"columnIndex":1,"rowIndex":0,"descriptor":"P","pitchSequence":{"@type":"pitch_class_sequence","name":null,"members":[8,7,6,5],"transformation":{"transposition":0,"inversion":false,"retrograde":false,"multiplication":1},"descriptor":"P"}},{"name":null,"columnIndex":0,"rowIndex":0,"descriptor":"P","pitchSequence":{"@type":"pitch_class_sequence","name":null,"members":[1,0,11,10,9],"transformation":{"transposition":0,"inversion":false,"retrograde":false,"multiplication":1},"descriptor":"P"}},{"name":null,"columnIndex":2,"rowIndex":1,"descriptor":"P","pitchSequence":{"@type":"pitch_class_sequence","name":null,"members":[8,7,6,5],"transformation":{"transposition":0,"inversion":false,"retrograde":false,"multiplication":1},"descriptor":"P"}},{"name":null,"columnIndex":1,"rowIndex":1,"descriptor":"P","pitchSequence":{"@type":"pitch_class_sequence","name":null,"members":[1,0,11,10,9],"transformation":{"transposition":0,"inversion":false,"retrograde":false,"multiplication":1},"descriptor":"P"}},{"name":null,"columnIndex":0,"rowIndex":1,"descriptor":"P","pitchSequence":{"@type":"pitch_class_sequence","name":null,"members":[4,3,2],"transformation":{"transposition":0,"inversion":false,"retrograde":false,"multiplication":1},"descriptor":"P"}},{"name":null,"columnIndex":2,"rowIndex":2,"descriptor":"P","pitchSequence":{"@type":"pitch_class_sequence","name":null,"members":[1,0,11,10,9],"transformation":{"transposition":0,"inversion":false,"retrograde":false,"multiplication":1},"descriptor":"P"}},{"name":null,"columnIndex":1,"rowIndex":2,"descriptor":"P","pitchSequence":{"@type":"pitch_class_sequence","name":null,"members":[4,3,2],"transformation":{"transposition":0,"inversion":false,"retrograde":false,"multiplication":1},"descriptor":"P"}},{"name":null,"columnIndex":0,"rowIndex":2,"descriptor":"P","pitchSequence":{"@type":"pitch_class_sequence","name":null,"members":[8,7,6,5],"transformation":{"transposition":0,"inversion":false,"retrograde":false,"multiplication":1},"descriptor":"P"}}]}
CompositionMatrix retrograde transposition 3 toJsonString():
{"descriptor":"","name":"","segments":[{"name":null,"columnIndex":2,"rowIndex":0,"descriptor":"P","pitchSequence":{"@type":"pitch_class_sequence","name":null,"members":[5,4,3],"transformation":{"transposition":0,"inversion":false,"retrograde":false,"multiplication":1},"descriptor":"P"}},{"name":null,"columnIndex":1,"rowIndex":0,"descriptor":"P","pitchSequence":{"@type":"pitch_class_sequence","name":null,"members":[9,8,7,6],"transformation":{"transposition":0,"inversion":false,"retrograde":false,"multiplication":1},"descriptor":"P"}},{"name":null,"columnIndex":0,"rowIndex":0,"descriptor":"P","pitchSequence":{"@type":"pitch_class_sequence","name":null,"members":[2,1,0,11,10],"transformation":{"transposition":0,"inversion":false,"retrograde":false,"multiplication":1},"descriptor":"P"}},{"name":null,"columnIndex":2,"rowIndex":1,"descriptor":"P","pitchSequence":{"@type":"pitch_class_sequence","name":null,"members":[9,8,7,6],"transformation":{"transposition":0,"inversion":false,"retrograde":false,"multiplication":1},"descriptor":"P"}},{"name":null,"columnIndex":1,"rowIndex":1,"descriptor":"P","pitchSequence":{"@type":"pitch_class_sequence","name":null,"members":[2,1,0,11,10],"transformation":{"transposition":0,"inversion":false,"retrograde":false,"multiplication":1},"descriptor":"P"}},{"name":null,"columnIndex":0,"rowIndex":1,"descriptor":"P","pitchSequence":{"@type":"pitch_class_sequence","name":null,"members":[5,4,3],"transformation":{"transposition":0,"inversion":false,"retrograde":false,"multiplication":1},"descriptor":"P"}},{"name":null,"columnIndex":2,"rowIndex":2,"descriptor":"P","pitchSequence":{"@type":"pitch_class_sequence","name":null,"members":[2,1,0,11,10],"transformation":{"transposition":0,"inversion":false,"retrograde":false,"multiplication":1},"descriptor":"P"}},{"name":null,"columnIndex":1,"rowIndex":2,"descriptor":"P","pitchSequence":{"@type":"pitch_class_sequence","name":null,"members":[5,4,3],"transformation":{"transposition":0,"inversion":false,"retrograde":false,"multiplication":1},"descriptor":"P"}},{"name":null,"columnIndex":0,"rowIndex":2,"descriptor":"P","pitchSequence":{"@type":"pitch_class_sequence","name":null,"members":[9,8,7,6],"transformation":{"transposition":0,"inversion":false,"retrograde":false,"multiplication":1},"descriptor":"P"}}]}
CompositionMatrix retrograde transposition 4 toJsonString():
{"descriptor":"","name":"","segments":[{"name":null,"columnIndex":2,"rowIndex":0,"descriptor":"P","pitchSequence":{"@type":"pitch_class_sequence","name":null,"members":[6,5,4],"transformation":{"transposition":0,"inversion":false,"retrograde":false,"multiplication":1},"descriptor":"P"}},{"name":null,"columnIndex":1,"rowIndex":0,"descriptor":"P","pitchSequence":{"@type":"pitch_class_sequence","name":null,"members":[10,9,8,7],"transformation":{"transposition":0,"inversion":false,"retrograde":false,"multiplication":1},"descriptor":"P"}},{"name":null,"columnIndex":0,"rowIndex":0,"descriptor":"P","pitchSequence":{"@type":"pitch_class_sequence","name":null,"members":[3,2,1,0,11],"transformation":{"transposition":0,"inversion":false,"retrograde":false,"multiplication":1},"descriptor":"P"}},{"name":null,"columnIndex":2,"rowIndex":1,"descriptor":"P","pitchSequence":{"@type":"pitch_class_sequence","name":null,"members":[10,9,8,7],"transformation":{"transposition":0,"inversion":false,"retrograde":false,"multiplication":1},"descriptor":"P"}},{"name":null,"columnIndex":1,"rowIndex":1,"descriptor":"P","pitchSequence":{"@type":"pitch_class_sequence","name":null,"members":[3,2,1,0,11],"transformation":{"transposition":0,"inversion":false,"retrograde":false,"multiplication":1},"descriptor":"P"}},{"name":null,"columnIndex":0,"rowIndex":1,"descriptor":"P","pitchSequence":{"@type":"pitch_class_sequence","name":null,"members":[6,5,4],"transformation":{"transposition":0,"inversion":false,"retrograde":false,"multiplication":1},"descriptor":"P"}},{"name":null,"columnIndex":2,"rowIndex":2,"descriptor":"P","pitchSequence":{"@type":"pitch_class_sequence","name":null,"members":[3,2,1,0,11],"transformation":{"transposition":0,"inversion":false,"retrograde":false,"multiplication":1},"descriptor":"P"}},{"name":null,"columnIndex":1,"rowIndex":2,"descriptor":"P","pitchSequence":{"@type":"pitch_class_sequence","name":null,"members":[6,5,4],"transformation":{"transposition":0,"inversion":false,"retrograde":false,"multiplication":1},"descriptor":"P"}},{"name":null,"columnIndex":0,"rowIndex":2,"descriptor":"P","pitchSequence":{"@type":"pitch_class_sequence","name":null,"members":[10,9,8,7],"transformation":{"transposition":0,"inversion":false,"retrograde":false,"multiplication":1},"descriptor":"P"}}]}
CompositionMatrix retrograde transposition 5 toJsonString():
{"descriptor":"","name":"","segments":[{"name":null,"columnIndex":2,"rowIndex":0,"descriptor":"P","pitchSequence":{"@type":"pitch_class_sequence","name":null,"members":[7,6,5],"transformation":{"transposition":0,"inversion":false,"retrograde":false,"multiplication":1},"descriptor":"P"}},{"name":null,"columnIndex":1,"rowIndex":0,"descriptor":"P","pitchSequence":{"@type":"pitch_class_sequence","name":null,"members":[11,10,9,8],"transformation":{"transposition":0,"inversion":false,"retrograde":false,"multiplication":1},"descriptor":"P"}},{"name":null,"columnIndex":0,"rowIndex":0,"descriptor":"P","pitchSequence":{"@type":"pitch_class_sequence","name":null,"members":[4,3,2,1,0],"transformation":{"transposition":0,"inversion":false,"retrograde":false,"multiplication":1},"descriptor":"P"}},{"name":null,"columnIndex":2,"rowIndex":1,"descriptor":"P","pitchSequence":{"@type":"pitch_class_sequence","name":null,"members":[11,10,9,8],"transformation":{"transposition":0,"inversion":false,"retrograde":false,"multiplication":1},"descriptor":"P"}},{"name":null,"columnIndex":1,"rowIndex":1,"descriptor":"P","pitchSequence":{"@type":"pitch_class_sequence","name":null,"members":[4,3,2,1,0],"transformation":{"transposition":0,"inversion":false,"retrograde":false,"multiplication":1},"descriptor":"P"}},{"name":null,"columnIndex":0,"rowIndex":1,"descriptor":"P","pitchSequence":{"@type":"pitch_class_sequence","name":null,"members":[7,6,5],"transformation":{"transposition":0,"inversion":false,"retrograde":false,"multiplication":1},"descriptor":"P"}},{"name":null,"columnIndex":2,"rowIndex":2,"descriptor":"P","pitchSequence":{"@type":"pitch_class_sequence","name":null,"members":[4,3,2,1,0],"transformation":{"transposition":0,"inversion":false,"retrograde":false,"multiplication":1},"descriptor":"P"}},{"name":null,"columnIndex":1,"rowIndex":2,"descriptor":"P","pitchSequence":{"@type":"pitch_class_sequence","name":null,"members":[7,6,5],"transformation":{"transposition":0,"inversion":false,"retrograde":false,"multiplication":1},"descriptor":"P"}},{"name":null,"columnIndex":0,"rowIndex":2,"descriptor":"P","pitchSequence":{"@type":"pitch_class_sequence","name":null,"members":[11,10,9,8],"transformation":{"transposition":0,"inversion":false,"retrograde":false,"multiplication":1},"descriptor":"P"}}]}
CompositionMatrix retrograde transposition 6 toJsonString():
{"descriptor":"","name":"","segments":[{"name":null,"columnIndex":2,"rowIndex":0,"descriptor":"P","pitchSequence":{"@type":"pitch_class_sequence","name":null,"members":[8,7,6],"transformation":{"transposition":0,"inversion":false,"retrograde":false,"multiplication":1},"descriptor":"P"}},{"name":null,"columnIndex":1,"rowIndex":0,"descriptor":"P","pitchSequence":{"@type":"pitch_class_sequence","name":null,"members":[0,11,10,9],"transformation":{"transposition":0,"inversion":false,"retrograde":false,"multiplication":1},"descriptor":"P"}},{"name":null,"columnIndex":0,"rowIndex":0,"descriptor":"P","pitchSequence":{"@type":"pitch_class_sequence","name":null,"members":[5,4,3,2,1],"transformation":{"transposition":0,"inversion":false,"retrograde":false,"multiplication":1},"descriptor":"P"}},{"name":null,"columnIndex":2,"rowIndex":1,"descriptor":"P","pitchSequence":{"@type":"pitch_class_sequence","name":null,"members":[0,11,10,9],"transformation":{"transposition":0,"inversion":false,"retrograde":false,"multiplication":1},"descriptor":"P"}},{"name":null,"columnIndex":1,"rowIndex":1,"descriptor":"P","pitchSequence":{"@type":"pitch_class_sequence","name":null,"members":[5,4,3,2,1],"transformation":{"transposition":0,"inversion":false,"retrograde":false,"multiplication":1},"descriptor":"P"}},{"name":null,"columnIndex":0,"rowIndex":1,"descriptor":"P","pitchSequence":{"@type":"pitch_class_sequence","name":null,"members":[8,7,6],"transformation":{"transposition":0,"inversion":false,"retrograde":false,"multiplication":1},"descriptor":"P"}},{"name":null,"columnIndex":2,"rowIndex":2,"descriptor":"P","pitchSequence":{"@type":"pitch_class_sequence","name":null,"members":[5,4,3,2,1],"transformation":{"transposition":0,"inversion":false,"retrograde":false,"multiplication":1},"descriptor":"P"}},{"name":null,"columnIndex":1,"rowIndex":2,"descriptor":"P","pitchSequence":{"@type":"pitch_class_sequence","name":null,"members":[8,7,6],"transformation":{"transposition":0,"inversion":false,"retrograde":false,"multiplication":1},"descriptor":"P"}},{"name":null,"columnIndex":0,"rowIndex":2,"descriptor":"P","pitchSequence":{"@type":"pitch_class_sequence","name":null,"members":[0,11,10,9],"transformation":{"transposition":0,"inversion":false,"retrograde":false,"multiplication":1},"descriptor":"P"}}]}
CompositionMatrix retrograde transposition 7 toJsonString():
{"descriptor":"","name":"","segments":[{"name":null,"columnIndex":2,"rowIndex":0,"descriptor":"P","pitchSequence":{"@type":"pitch_class_sequence","name":null,"members":[9,8,7],"transformation":{"transposition":0,"inversion":false,"retrograde":false,"multiplication":1},"descriptor":"P"}},{"name":null,"columnIndex":1,"rowIndex":0,"descriptor":"P","pitchSequence":{"@type":"pitch_class_sequence","name":null,"members":[1,0,11,10],"transformation":{"transposition":0,"inversion":false,"retrograde":false,"multiplication":1},"descriptor":"P"}},{"name":null,"columnIndex":0,"rowIndex":0,"descriptor":"P","pitchSequence":{"@type":"pitch_class_sequence","name":null,"members":[6,5,4,3,2],"transformation":{"transposition":0,"inversion":false,"retrograde":false,"multiplication":1},"descriptor":"P"}},{"name":null,"columnIndex":2,"rowIndex":1,"descriptor":"P","pitchSequence":{"@type":"pitch_class_sequence","name":null,"members":[1,0,11,10],"transformation":{"transposition":0,"inversion":false,"retrograde":false,"multiplication":1},"descriptor":"P"}},{"name":null,"columnIndex":1,"rowIndex":1,"descriptor":"P","pitchSequence":{"@type":"pitch_class_sequence","name":null,"members":[6,5,4,3,2],"transformation":{"transposition":0,"inversion":false,"retrograde":false,"multiplication":1},"descriptor":"P"}},{"name":null,"columnIndex":0,"rowIndex":1,"descriptor":"P","pitchSequence":{"@type":"pitch_class_sequence","name":null,"members":[9,8,7],"transformation":{"transposition":0,"inversion":false,"retrograde":false,"multiplication":1},"descriptor":"P"}},{"name":null,"columnIndex":2,"rowIndex":2,"descriptor":"P","pitchSequence":{"@type":"pitch_class_sequence","name":null,"members":[6,5,4,3,2],"transformation":{"transposition":0,"inversion":false,"retrograde":false,"multiplication":1},"descriptor":"P"}},{"name":null,"columnIndex":1,"rowIndex":2,"descriptor":"P","pitchSequence":{"@type":"pitch_class_sequence","name":null,"members":[9,8,7],"transformation":{"transposition":0,"inversion":false,"retrograde":false,"multiplication":1},"descriptor":"P"}},{"name":null,"columnIndex":0,"rowIndex":2,"descriptor":"P","pitchSequence":{"@type":"pitch_class_sequence","name":null,"members":[1,0,11,10],"transformation":{"transposition":0,"inversion":false,"retrograde":false,"multiplication":1},"descriptor":"P"}}]}
CompositionMatrix retrograde transposition 8 toJsonString():
{"descriptor":"","name":"","segments":[{"name":null,"columnIndex":2,"rowIndex":0,"descriptor":"P","pitchSequence":{"@type":"pitch_class_sequence","name":null,"members":[10,9,8],"transformation":{"transposition":0,"inversion":false,"retrograde":false,"multiplication":1},"descriptor":"P"}},{"name":null,"columnIndex":1,"rowIndex":0,"descriptor":"P","pitchSequence":{"@type":"pitch_class_sequence","name":null,"members":[2,1,0,11],"transformation":{"transposition":0,"inversion":false,"retrograde":false,"multiplication":1},"descriptor":"P"}},{"name":null,"columnIndex":0,"rowIndex":0,"descriptor":"P","pitchSequence":{"@type":"pitch_class_sequence","name":null,"members":[7,6,5,4,3],"transformation":{"transposition":0,"inversion":false,"retrograde":false,"multiplication":1},"descriptor":"P"}},{"name":null,"columnIndex":2,"rowIndex":1,"descriptor":"P","pitchSequence":{"@type":"pitch_class_sequence","name":null,"members":[2,1,0,11],"transformation":{"transposition":0,"inversion":false,"retrograde":false,"multiplication":1},"descriptor":"P"}},{"name":null,"columnIndex":1,"rowIndex":1,"descriptor":"P","pitchSequence":{"@type":"pitch_class_sequence","name":null,"members":[7,6,5,4,3],"transformation":{"transposition":0,"inversion":false,"retrograde":false,"multiplication":1},"descriptor":"P"}},{"name":null,"columnIndex":0,"rowIndex":1,"descriptor":"P","pitchSequence":{"@type":"pitch_class_sequence","name":null,"members":[10,9,8],"transformation":{"transposition":0,"inversion":false,"retrograde":false,"multiplication":1},"descriptor":"P"}},{"name":null,"columnIndex":2,"rowIndex":2,"descriptor":"P","pitchSequence":{"@type":"pitch_class_sequence","name":null,"members":[7,6,5,4,3],"transformation":{"transposition":0,"inversion":false,"retrograde":false,"multiplication":1},"descriptor":"P"}},{"name":null,"columnIndex":1,"rowIndex":2,"descriptor":"P","pitchSequence":{"@type":"pitch_class_sequence","name":null,"members":[10,9,8],"transformation":{"transposition":0,"inversion":false,"retrograde":false,"multiplication":1},"descriptor":"P"}},{"name":null,"columnIndex":0,"rowIndex":2,"descriptor":"P","pitchSequence":{"@type":"pitch_class_sequence","name":null,"members":[2,1,0,11],"transformation":{"transposition":0,"inversion":false,"retrograde":false,"multiplication":1},"descriptor":"P"}}]}
CompositionMatrix retrograde transposition 9 toJsonString():
{"descriptor":"","name":"","segments":[{"name":null,"columnIndex":2,"rowIndex":0,"descriptor":"P","pitchSequence":{"@type":"pitch_class_sequence","name":null,"members":[11,10,9],"transformation":{"transposition":0,"inversion":false,"retrograde":false,"multiplication":1},"descriptor":"P"}},{"name":null,"columnIndex":1,"rowIndex":0,"descriptor":"P","pitchSequence":{"@type":"pitch_class_sequence","name":null,"members":[3,2,1,0],"transformation":{"transposition":0,"inversion":false,"retrograde":false,"multiplication":1},"descriptor":"P"}},{"name":null,"columnIndex":0,"rowIndex":0,"descriptor":"P","pitchSequence":{"@type":"pitch_class_sequence","name":null,"members":[8,7,6,5,4],"transformation":{"transposition":0,"inversion":false,"retrograde":false,"multiplication":1},"descriptor":"P"}},{"name":null,"columnIndex":2,"rowIndex":1,"descriptor":"P","pitchSequence":{"@type":"pitch_class_sequence","name":null,"members":[3,2,1,0],"transformation":{"transposition":0,"inversion":false,"retrograde":false,"multiplication":1},"descriptor":"P"}},{"name":null,"columnIndex":1,"rowIndex":1,"descriptor":"P","pitchSequence":{"@type":"pitch_class_sequence","name":null,"members":[8,7,6,5,4],"transformation":{"transposition":0,"inversion":false,"retrograde":false,"multiplication":1},"descriptor":"P"}},{"name":null,"columnIndex":0,"rowIndex":1,"descriptor":"P","pitchSequence":{"@type":"pitch_class_sequence","name":null,"members":[11,10,9],"transformation":{"transposition":0,"inversion":false,"retrograde":false,"multiplication":1},"descriptor":"P"}},{"name":null,"columnIndex":2,"rowIndex":2,"descriptor":"P","pitchSequence":{"@type":"pitch_class_sequence","name":null,"members":[8,7,6,5,4],"transformation":{"transposition":0,"inversion":false,"retrograde":false,"multiplication":1},"descriptor":"P"}},{"name":null,"columnIndex":1,"rowIndex":2,"descriptor":"P","pitchSequence":{"@type":"pitch_class_sequence","name":null,"members":[11,10,9],"transformation":{"transposition":0,"inversion":false,"retrograde":false,"multiplication":1},"descriptor":"P"}},{"name":null,"columnIndex":0,"rowIndex":2,"descriptor":"P","pitchSequence":{"@type":"pitch_class_sequence","name":null,"members":[3,2,1,0],"transformation":{"transposition":0,"inversion":false,"retrograde":false,"multiplication":1},"descriptor":"P"}}]}
CompositionMatrix retrograde transposition 10 toJsonString():
{"descriptor":"","name":"","segments":[{"name":null,"columnIndex":2,"rowIndex":0,"descriptor":"P","pitchSequence":{"@type":"pitch_class_sequence","name":null,"members":[0,11,10],"transformation":{"transposition":0,"inversion":false,"retrograde":false,"multiplication":1},"descriptor":"P"}},{"name":null,"columnIndex":1,"rowIndex":0,"descriptor":"P","pitchSequence":{"@type":"pitch_class_sequence","name":null,"members":[4,3,2,1],"transformation":{"transposition":0,"inversion":false,"retrograde":false,"multiplication":1},"descriptor":"P"}},{"name":null,"columnIndex":0,"rowIndex":0,"descriptor":"P","pitchSequence":{"@type":"pitch_class_sequence","name":null,"members":[9,8,7,6,5],"transformation":{"transposition":0,"inversion":false,"retrograde":false,"multiplication":1},"descriptor":"P"}},{"name":null,"columnIndex":2,"rowIndex":1,"descriptor":"P","pitchSequence":{"@type":"pitch_class_sequence","name":null,"members":[4,3,2,1],"transformation":{"transposition":0,"inversion":false,"retrograde":false,"multiplication":1},"descriptor":"P"}},{"name":null,"columnIndex":1,"rowIndex":1,"descriptor":"P","pitchSequence":{"@type":"pitch_class_sequence","name":null,"members":[9,8,7,6,5],"transformation":{"transposition":0,"inversion":false,"retrograde":false,"multiplication":1},"descriptor":"P"}},{"name":null,"columnIndex":0,"rowIndex":1,"descriptor":"P","pitchSequence":{"@type":"pitch_class_sequence","name":null,"members":[0,11,10],"transformation":{"transposition":0,"inversion":false,"retrograde":false,"multiplication":1},"descriptor":"P"}},{"name":null,"columnIndex":2,"rowIndex":2,"descriptor":"P","pitchSequence":{"@type":"pitch_class_sequence","name":null,"members":[9,8,7,6,5],"transformation":{"transposition":0,"inversion":false,"retrograde":false,"multiplication":1},"descriptor":"P"}},{"name":null,"columnIndex":1,"rowIndex":2,"descriptor":"P","pitchSequence":{"@type":"pitch_class_sequence","name":null,"members":[0,11,10],"transformation":{"transposition":0,"inversion":false,"retrograde":false,"multiplication":1},"descriptor":"P"}},{"name":null,"columnIndex":0,"rowIndex":2,"descriptor":"P","pitchSequence":{"@type":"pitch_class_sequence","name":null,"members":[4,3,2,1],"transformation":{"transposition":0,"inversion":false,"retrograde":false,"multiplication":1},"descriptor":"P"}}]}
CompositionMatrix retrograde transposition 11 toJsonString():
{"descriptor":"","name":"","segments":[{"name":null,"columnIndex":2,"rowIndex":0,"descriptor":"P","pitchSequence":{"@type":"pitch_class_sequence","name":null,"members":[1,0,11],"transformation":{"transposition":0,"inversion":false,"retrograde":false,"multiplication":1},"descriptor":"P"}},{"name":null,"columnIndex":1,"rowIndex":0,"descriptor":"P","pitchSequence":{"@type":"pitch_class_sequence","name":null,"members":[5,4,3,2],"transformation":{"transposition":0,"inversion":false,"retrograde":false,"multiplication":1},"descriptor":"P"}},{"name":null,"columnIndex":0,"rowIndex":0,"descriptor":"P","pitchSequence":{"@type":"pitch_class_sequence","name":null,"members":[10,9,8,7,6],"transformation":{"transposition":0,"inversion":false,"retrograde":false,"multiplication":1},"descriptor":"P"}},{"name":null,"columnIndex":2,"rowIndex":1,"descriptor":"P","pitchSequence":{"@type":"pitch_class_sequence","name":null,"members":[5,4,3,2],"transformation":{"transposition":0,"inversion":false,"retrograde":false,"multiplication":1},"descriptor":"P"}},{"name":null,"columnIndex":1,"rowIndex":1,"descriptor":"P","pitchSequence":{"@type":"pitch_class_sequence","name":null,"members":[10,9,8,7,6],"transformation":{"transposition":0,"inversion":false,"retrograde":false,"multiplication":1},"descriptor":"P"}},{"name":null,"columnIndex":0,"rowIndex":1,"descriptor":"P","pitchSequence":{"@type":"pitch_class_sequence","name":null,"members":[1,0,11],"transformation":{"transposition":0,"inversion":false,"retrograde":false,"multiplication":1},"descriptor":"P"}},{"name":null,"columnIndex":2,"rowIndex":2,"descriptor":"P","pitchSequence":{"@type":"pitch_class_sequence","name":null,"members":[10,9,8,7,6],"transformation":{"transposition":0,"inversion":false,"retrograde":false,"multiplication":1},"descriptor":"P"}},{"name":null,"columnIndex":1,"rowIndex":2,"descriptor":"P","pitchSequence":{"@type":"pitch_class_sequence","name":null,"members":[1,0,11],"transformation":{"transposition":0,"inversion":false,"retrograde":false,"multiplication":1},"descriptor":"P"}},{"name":null,"columnIndex":0,"rowIndex":2,"descriptor":"P","pitchSequence":{"@type":"pitch_class_sequence","name":null,"members":[5,4,3,2],"transformation":{"transposition":0,"inversion":false,"retrograde":false,"multiplication":1},"descriptor":"P"}}]}
]]></system-out>
  </testcase>
  <testcase name="testCompositionMatrix2x2PitchClassSequence" classname="org.paulmarquardt.setTheory.TestCompositionMatrix" time="0.0">
    <system-out><![CDATA[0 1 2 3 4 5|6 7 8 9 a b
b a 9 8 7 6|5 4 3 2 1 0

]]></system-out>
  </testcase>
  <testcase name="testCompositionMatrixFromPitchClassSequenceAndSizeMatrix" classname="org.paulmarquardt.setTheory.TestCompositionMatrix" time="0.0">
    <system-out><![CDATA[0 1 2    |3 4 5 6  |7 8 9 a b
3 4 5 6  |7 8 9 a b|0 1 2    
7 8 9 a b|0 1 2    |3 4 5 6  

0 1 2 3 4 5 6 7 8 9 a b|                       |                       
                       |3 4 5 6 7 8 9 a b 0 1 2|                       
                       |                       |7 8 9 a b 0 1 2 3 4 5 6

]]></system-out>
  </testcase>
  <testcase name="testCompositionMatrix2x2PitchSequence" classname="org.paulmarquardt.setTheory.TestCompositionMatrix" time="0.001">
    <system-out><![CDATA[seq00
seq01
seq10
seq11
seq00       : <0 1 2 3 4 5>  |<6 7 8 9 10 11>
seq10       : <11 10 9 8 7 6>|<5 4 3 2 1 0>  

]]></system-out>
  </testcase>
</testsuite>